<?xml version="1.0" encoding="UTF-8"?>
<!-- Generated by org.testng.reporters.JUnitReportReporter -->
<testsuite hostname="LT-jiangxm" name="com.llwallet.interfaces.test.api.test.other.ThreeFactorsPayTest" tests="1" failures="0" timestamp="13 Dec 2017 07:25:11 GMT" time="1.521" errors="0">
  <testcase name="threeFactorsPay" time="1.521" classname="com.llwallet.interfaces.test.api.test.other.ThreeFactorsPayTest"/>
</testsuite> <!-- com.llwallet.interfaces.test.api.test.other.ThreeFactorsPayTest -->
