<?xml version="1.0" encoding="UTF-8"?>
<!-- Generated by org.testng.reporters.JUnitReportReporter -->
<testsuite hostname="LT-jiangxm" name="com.account.interfaces.test.FeePayTest" tests="31" failures="0" timestamp="21 Dec 2016 02:22:40 GMT" time="34.963" errors="0">
  <testcase name="feePay" time="1.122" classname="com.account.interfaces.test.FeePayTest"/>
  <testcase name="feePay" time="1.173" classname="com.account.interfaces.test.FeePayTest"/>
  <testcase name="feePay" time="1.086" classname="com.account.interfaces.test.FeePayTest"/>
  <testcase name="feePay" time="1.078" classname="com.account.interfaces.test.FeePayTest"/>
  <testcase name="feePay" time="1.063" classname="com.account.interfaces.test.FeePayTest"/>
  <testcase name="feePay" time="1.421" classname="com.account.interfaces.test.FeePayTest"/>
  <testcase name="feePay" time="1.399" classname="com.account.interfaces.test.FeePayTest"/>
  <testcase name="feePay" time="1.074" classname="com.account.interfaces.test.FeePayTest"/>
  <testcase name="feePay" time="1.036" classname="com.account.interfaces.test.FeePayTest"/>
  <testcase name="feePay" time="1.038" classname="com.account.interfaces.test.FeePayTest"/>
  <testcase name="feePay" time="1.105" classname="com.account.interfaces.test.FeePayTest"/>
  <testcase name="feePay" time="1.165" classname="com.account.interfaces.test.FeePayTest"/>
  <testcase name="feePay" time="1.067" classname="com.account.interfaces.test.FeePayTest"/>
  <testcase name="feePay" time="1.078" classname="com.account.interfaces.test.FeePayTest"/>
  <testcase name="feePay" time="1.042" classname="com.account.interfaces.test.FeePayTest"/>
  <testcase name="feePay" time="1.057" classname="com.account.interfaces.test.FeePayTest"/>
  <testcase name="feePay" time="1.108" classname="com.account.interfaces.test.FeePayTest"/>
  <testcase name="feePay" time="1.063" classname="com.account.interfaces.test.FeePayTest"/>
  <testcase name="feePay" time="1.241" classname="com.account.interfaces.test.FeePayTest"/>
  <testcase name="feePay" time="1.037" classname="com.account.interfaces.test.FeePayTest"/>
  <testcase name="feePay" time="1.155" classname="com.account.interfaces.test.FeePayTest"/>
  <testcase name="feePay" time="1.037" classname="com.account.interfaces.test.FeePayTest"/>
  <testcase name="feePay" time="1.048" classname="com.account.interfaces.test.FeePayTest"/>
  <testcase name="feePay" time="1.045" classname="com.account.interfaces.test.FeePayTest"/>
  <testcase name="feePay" time="1.071" classname="com.account.interfaces.test.FeePayTest"/>
  <testcase name="feePay" time="1.045" classname="com.account.interfaces.test.FeePayTest"/>
  <testcase name="feePay" time="1.091" classname="com.account.interfaces.test.FeePayTest"/>
  <testcase name="feePay" time="1.164" classname="com.account.interfaces.test.FeePayTest"/>
  <testcase name="feePay" time="1.084" classname="com.account.interfaces.test.FeePayTest"/>
  <testcase name="feePay" time="1.086" classname="com.account.interfaces.test.FeePayTest"/>
  <testcase name="feePay" time="1.684" classname="com.account.interfaces.test.FeePayTest"/>
</testsuite> <!-- com.account.interfaces.test.FeePayTest -->
