<?xml version="1.0" encoding="UTF-8"?>
<!-- Generated by org.testng.reporters.JUnitReportReporter -->
<testsuite hostname="LT-jiangxm" name="com.llwallet.interfaces.test.api.online.custom.DirectOpenUserOnlineTest" tests="1" failures="0" timestamp="15 Dec 2017 14:24:23 GMT" time="2.693" errors="0">
  <testcase name="directOpenUser" time="2.693" classname="com.llwallet.interfaces.test.api.online.custom.DirectOpenUserOnlineTest"/>
</testsuite> <!-- com.llwallet.interfaces.test.api.online.custom.DirectOpenUserOnlineTest -->
