<?xml version="1.0" encoding="UTF-8"?>
<!-- Generated by org.testng.reporters.JUnitReportReporter -->
<testsuite name="com.llwallet.interfaces.test.api.online.personal.BankCardQrPrepayTest" tests="1" time="2.596" ignored="0" failures="0" timestamp="10 三月 2017 07:54:46 GMT" skipped="0" hostname="LT-jiangxm" errors="0">
  <testcase name="bankCardQrPrepay" time="2.596" classname="com.llwallet.interfaces.test.api.online.personal.BankCardQrPrepayTest"/>
</testsuite> <!-- com.llwallet.interfaces.test.api.online.personal.BankCardQrPrepayTest -->
