<?xml version="1.0" encoding="UTF-8"?>
<!-- Generated by org.testng.reporters.JUnitReportReporter -->
<testsuite hostname="LT-jiangxm" name="com.llwallet.interfaces.test.api.online.UploadUnitPhotoTest" tests="1" failures="0" timestamp="21 Dec 2016 11:53:52 GMT" time="2.883" errors="0">
  <testcase name="uploadUnitPhoto" time="2.883" classname="com.llwallet.interfaces.test.api.online.UploadUnitPhotoTest"/>
</testsuite> <!-- com.llwallet.interfaces.test.api.online.UploadUnitPhotoTest -->
