<?xml version="1.0" encoding="UTF-8"?>
<!-- Generated by org.testng.reporters.JUnitReportReporter -->
<testsuite hostname="LT-jiangxm" name="com.llwallet.interfaces.test.api.online.personal.BankCardAuthVerfyOnlineTest" tests="1" failures="0" timestamp="25 Oct 2017 15:23:05 GMT" time="0.906" errors="0">
  <testcase name="bankCardAuthVerfy" time="0.906" classname="com.llwallet.interfaces.test.api.online.personal.BankCardAuthVerfyOnlineTest"/>
</testsuite> <!-- com.llwallet.interfaces.test.api.online.personal.BankCardAuthVerfyOnlineTest -->
