<?xml version="1.0" encoding="UTF-8"?>
<!-- Generated by org.testng.reporters.JUnitReportReporter -->
<testsuite hostname="LT-jiangxm" name="com.llwallet.interfaces.test.api.online.combination.CombinationQueryOnlineTest" tests="1" failures="0" timestamp="13 Nov 2017 17:28:06 GMT" time="3.582" errors="0">
  <testcase name="combinationQuery" time="3.582" classname="com.llwallet.interfaces.test.api.online.combination.CombinationQueryOnlineTest"/>
</testsuite> <!-- com.llwallet.interfaces.test.api.online.combination.CombinationQueryOnlineTest -->
