<?xml version="1.0" encoding="UTF-8"?>
<!-- Generated by org.testng.reporters.JUnitReportReporter -->
<testsuite hostname="LT-jiangxm" name="com.llwallet.interfaces.test.api.test.enterprise.OrderQueryTest" tests="3" failures="0" timestamp="14 Dec 2017 07:44:28 GMT" time="0.965" errors="0">
  <testcase name="test1" time="0.739" classname="com.llwallet.interfaces.test.api.test.enterprise.OrderQueryTest"/>
  <testcase name="test1" time="0.110" classname="com.llwallet.interfaces.test.api.test.enterprise.OrderQueryTest"/>
  <testcase name="test1" time="0.116" classname="com.llwallet.interfaces.test.api.test.enterprise.OrderQueryTest"/>
</testsuite> <!-- com.llwallet.interfaces.test.api.test.enterprise.OrderQueryTest -->
