<?xml version="1.0" encoding="UTF-8"?>
<!-- Generated by org.testng.reporters.JUnitReportReporter -->
<testsuite hostname="LT-jiangxm" name="com.account.interfaces.test.dubbo.AccountsQryTest" tests="2" failures="0" timestamp="8 Dec 2017 02:47:01 GMT" time="0.031" errors="2">
  <testcase name="accountsQry" time="0.009" classname="com.account.interfaces.test.dubbo.AccountsQryTest">
    <error type="com.alibaba.dubbo.rpc.RpcException" message="Forbid consumer 192.168.56.1 access service com.yintong.llwallet.accounts.service.ILLwalletAccountsService from registry 192.168.110.22:2181 use dubbo version 2.5.3, Please check registry access list (whitelist/blacklist).">
      <![CDATA[com.alibaba.dubbo.rpc.RpcException: Forbid consumer 192.168.56.1 access service com.yintong.llwallet.accounts.service.ILLwalletAccountsService from registry 192.168.110.22:2181 use dubbo version 2.5.3, Please check registry access list (whitelist/blacklist).
	at com.alibaba.dubbo.registry.integration.RegistryDirectory.doList(RegistryDirectory.java:579)
	at com.alibaba.dubbo.rpc.cluster.directory.AbstractDirectory.list(AbstractDirectory.java:73)
	at com.alibaba.dubbo.rpc.cluster.support.AbstractClusterInvoker.list(AbstractClusterInvoker.java:260)
	at com.alibaba.dubbo.rpc.cluster.support.AbstractClusterInvoker.invoke(AbstractClusterInvoker.java:219)
	at com.alibaba.dubbo.rpc.cluster.support.wrapper.MockClusterInvoker.invoke(MockClusterInvoker.java:72)
	at com.alibaba.dubbo.rpc.proxy.InvokerInvocationHandler.invoke(InvokerInvocationHandler.java:52)
	at com.alibaba.dubbo.common.bytecode.proxy0.accountsQry(proxy0.java)
	at com.account.interfaces.test.dubbo.AccountsQryTest.accountsQry(AccountsQryTest.java:34)
	at sun.reflect.NativeMethodAccessorImpl.invoke0(Native Method)
	at sun.reflect.NativeMethodAccessorImpl.invoke(Unknown Source)
	at sun.reflect.DelegatingMethodAccessorImpl.invoke(Unknown Source)
	at java.lang.reflect.Method.invoke(Unknown Source)
	at org.testng.internal.MethodInvocationHelper.invokeMethod(MethodInvocationHelper.java:85)
	at org.testng.internal.MethodInvocationHelper$1.runTestMethod(MethodInvocationHelper.java:196)
	at org.springframework.test.context.testng.AbstractTestNGSpringContextTests.run(AbstractTestNGSpringContextTests.java:140)
	at org.testng.internal.MethodInvocationHelper.invokeHookable(MethodInvocationHelper.java:208)
	at org.testng.internal.InvokeMethodRunnable.runOne(InvokeMethodRunnable.java:56)
	at org.testng.internal.InvokeMethodRunnable.run(InvokeMethodRunnable.java:44)
	at java.util.concurrent.Executors$RunnableAdapter.call(Unknown Source)
	at java.util.concurrent.FutureTask.run(Unknown Source)
	at java.util.concurrent.ThreadPoolExecutor.runWorker(Unknown Source)
	at java.util.concurrent.ThreadPoolExecutor$Worker.run(Unknown Source)
	at java.lang.Thread.run(Unknown Source)
]]>
    </error>
  </testcase> <!-- accountsQry -->
  <testcase name="accountsQry" time="0.022" classname="com.account.interfaces.test.dubbo.AccountsQryTest">
    <error type="com.alibaba.dubbo.rpc.RpcException" message="Forbid consumer 192.168.56.1 access service com.yintong.llwallet.accounts.service.ILLwalletAccountsService from registry 192.168.110.22:2181 use dubbo version 2.5.3, Please check registry access list (whitelist/blacklist).">
      <![CDATA[com.alibaba.dubbo.rpc.RpcException: Forbid consumer 192.168.56.1 access service com.yintong.llwallet.accounts.service.ILLwalletAccountsService from registry 192.168.110.22:2181 use dubbo version 2.5.3, Please check registry access list (whitelist/blacklist).
	at com.alibaba.dubbo.registry.integration.RegistryDirectory.doList(RegistryDirectory.java:579)
	at com.alibaba.dubbo.rpc.cluster.directory.AbstractDirectory.list(AbstractDirectory.java:73)
	at com.alibaba.dubbo.rpc.cluster.support.AbstractClusterInvoker.list(AbstractClusterInvoker.java:260)
	at com.alibaba.dubbo.rpc.cluster.support.AbstractClusterInvoker.invoke(AbstractClusterInvoker.java:219)
	at com.alibaba.dubbo.rpc.cluster.support.wrapper.MockClusterInvoker.invoke(MockClusterInvoker.java:72)
	at com.alibaba.dubbo.rpc.proxy.InvokerInvocationHandler.invoke(InvokerInvocationHandler.java:52)
	at com.alibaba.dubbo.common.bytecode.proxy0.accountsQry(proxy0.java)
	at com.account.interfaces.test.dubbo.AccountsQryTest.accountsQry(AccountsQryTest.java:34)
	at sun.reflect.NativeMethodAccessorImpl.invoke0(Native Method)
	at sun.reflect.NativeMethodAccessorImpl.invoke(Unknown Source)
	at sun.reflect.DelegatingMethodAccessorImpl.invoke(Unknown Source)
	at java.lang.reflect.Method.invoke(Unknown Source)
	at org.testng.internal.MethodInvocationHelper.invokeMethod(MethodInvocationHelper.java:85)
	at org.testng.internal.MethodInvocationHelper$1.runTestMethod(MethodInvocationHelper.java:196)
	at org.springframework.test.context.testng.AbstractTestNGSpringContextTests.run(AbstractTestNGSpringContextTests.java:140)
	at org.testng.internal.MethodInvocationHelper.invokeHookable(MethodInvocationHelper.java:208)
	at org.testng.internal.InvokeMethodRunnable.runOne(InvokeMethodRunnable.java:56)
	at org.testng.internal.InvokeMethodRunnable.run(InvokeMethodRunnable.java:44)
	at java.util.concurrent.Executors$RunnableAdapter.call(Unknown Source)
	at java.util.concurrent.FutureTask.run(Unknown Source)
	at java.util.concurrent.ThreadPoolExecutor.runWorker(Unknown Source)
	at java.util.concurrent.ThreadPoolExecutor$Worker.run(Unknown Source)
	at java.lang.Thread.run(Unknown Source)
]]>
    </error>
  </testcase> <!-- accountsQry -->
</testsuite> <!-- com.account.interfaces.test.dubbo.AccountsQryTest -->
