<?xml version="1.0" encoding="UTF-8"?>
<!-- Generated by org.testng.reporters.JUnitReportReporter -->
<testsuite hostname="LT-jiangxm" name="com.llwallet.interfaces.test.dubbo.balancepaybusiservice.QueryWalletBalancePayLimitTest" tests="10" failures="0" timestamp="20 Feb 2017 01:25:39 GMT" time="0.707" errors="0">
  <testcase name="queryWalletBalancePayLimit" time="0.094" classname="com.llwallet.interfaces.test.dubbo.balancepaybusiservice.QueryWalletBalancePayLimitTest"/>
  <testcase name="queryWalletBalancePayLimit" time="0.111" classname="com.llwallet.interfaces.test.dubbo.balancepaybusiservice.QueryWalletBalancePayLimitTest"/>
  <testcase name="queryWalletBalancePayLimit" time="0.096" classname="com.llwallet.interfaces.test.dubbo.balancepaybusiservice.QueryWalletBalancePayLimitTest"/>
  <testcase name="queryWalletBalancePayLimit" time="0.053" classname="com.llwallet.interfaces.test.dubbo.balancepaybusiservice.QueryWalletBalancePayLimitTest"/>
  <testcase name="queryWalletBalancePayLimit" time="0.024" classname="com.llwallet.interfaces.test.dubbo.balancepaybusiservice.QueryWalletBalancePayLimitTest"/>
  <testcase name="queryWalletBalancePayLimit" time="0.133" classname="com.llwallet.interfaces.test.dubbo.balancepaybusiservice.QueryWalletBalancePayLimitTest"/>
  <testcase name="queryWalletBalancePayLimit" time="0.048" classname="com.llwallet.interfaces.test.dubbo.balancepaybusiservice.QueryWalletBalancePayLimitTest"/>
  <testcase name="queryWalletBalancePayLimit" time="0.015" classname="com.llwallet.interfaces.test.dubbo.balancepaybusiservice.QueryWalletBalancePayLimitTest"/>
  <testcase name="queryWalletBalancePayLimit" time="0.025" classname="com.llwallet.interfaces.test.dubbo.balancepaybusiservice.QueryWalletBalancePayLimitTest"/>
  <testcase name="queryWalletBalancePayLimit" time="0.108" classname="com.llwallet.interfaces.test.dubbo.balancepaybusiservice.QueryWalletBalancePayLimitTest"/>
</testsuite> <!-- com.llwallet.interfaces.test.dubbo.balancepaybusiservice.QueryWalletBalancePayLimitTest -->
