<?xml version="1.0" encoding="UTF-8"?>
<!-- Generated by org.testng.reporters.JUnitReportReporter -->
<testsuite hostname="LT-jiangxm" name="com.lianpay.interfaces.test.DirectOpenUserTest" tests="3" failures="0" timestamp="28 Sep 2016 09:09:18 GMT" time="1.869" errors="0">
  <testcase name="directOpenUser" time="0.413" classname="com.lianpay.interfaces.test.DirectOpenUserTest"/>
  <testcase name="directOpenUser" time="0.433" classname="com.lianpay.interfaces.test.DirectOpenUserTest"/>
  <testcase name="directOpenUser" time="1.023" classname="com.lianpay.interfaces.test.DirectOpenUserTest"/>
</testsuite> <!-- com.lianpay.interfaces.test.DirectOpenUserTest -->
