<?xml version="1.0" encoding="UTF-8"?>
<!-- Generated by org.testng.reporters.JUnitReportReporter -->
<testsuite hostname="LT-jiangxm" name="com.llwallet.interfaces.test.api.test.personal.UploadCardPhotoTest" tests="1" failures="0" timestamp="12 Dec 2017 03:16:51 GMT" time="0.831" errors="0">
  <testcase name="uploadCardPhoto" time="0.831" classname="com.llwallet.interfaces.test.api.test.personal.UploadCardPhotoTest"/>
</testsuite> <!-- com.llwallet.interfaces.test.api.test.personal.UploadCardPhotoTest -->
