<?xml version="1.0" encoding="UTF-8"?>
<!-- Generated by org.testng.reporters.JUnitReportReporter -->
<testsuite name="com.llwallet.interfaces.test.api.online.enterprise.UploadUnitPhotoTest" tests="1" time="2.052" ignored="0" failures="0" timestamp="09 三月 2017 08:40:20 GMT" skipped="0" hostname="LT-jiangxm" errors="0">
  <testcase name="uploadUnitPhoto" time="2.052" classname="com.llwallet.interfaces.test.api.online.enterprise.UploadUnitPhotoTest"/>
</testsuite> <!-- com.llwallet.interfaces.test.api.online.enterprise.UploadUnitPhotoTest -->
