<?xml version="1.0" encoding="UTF-8"?>
<!-- Generated by org.testng.reporters.JUnitReportReporter -->
<testsuite hostname="LT-jiangxm" name="com.llwallet.interfaces.test.api.online.custom.AddUserVbAccountOnlineTest" tests="1" failures="0" timestamp="15 Dec 2017 14:43:54 GMT" time="1.287" errors="0">
  <testcase name="addUserVbAccount" time="1.287" classname="com.llwallet.interfaces.test.api.online.custom.AddUserVbAccountOnlineTest"/>
</testsuite> <!-- com.llwallet.interfaces.test.api.online.custom.AddUserVbAccountOnlineTest -->
