<?xml version="1.0" encoding="UTF-8"?>
<!-- Generated by org.testng.reporters.JUnitReportReporter -->
<testsuite hostname="LT-jiangxm" name="com.llwallet.interfaces.test.api.test.BalancePwdPayTest" tests="1" failures="0" timestamp="26 Dec 2016 01:21:20 GMT" time="2.919" errors="0">
  <testcase name="balancePwdPay" time="2.919" classname="com.llwallet.interfaces.test.api.test.BalancePwdPayTest"/>
</testsuite> <!-- com.llwallet.interfaces.test.api.test.BalancePwdPayTest -->
