<?xml version="1.0" encoding="UTF-8"?>
<!-- Generated by org.testng.reporters.JUnitReportReporter -->
<testsuite hostname="LT-jiangxm" name="com.llwallet.interfaces.test.api.online.personal.CombinePayOnlineTest" tests="1" failures="0" timestamp="27 Nov 2017 16:06:14 GMT" time="1.395" errors="0">
  <testcase name="combinePay" time="1.395" classname="com.llwallet.interfaces.test.api.online.personal.CombinePayOnlineTest"/>
</testsuite> <!-- com.llwallet.interfaces.test.api.online.personal.CombinePayOnlineTest -->
