<?xml version="1.0" encoding="UTF-8"?>
<!-- Generated by org.testng.reporters.JUnitReportReporter -->
<testsuite hostname="LT-jiangxm" name="com.llwallet.interfaces.test.api.online.enterprise.SingleUserQueryOnlineTest" tests="1" failures="0" timestamp="24 May 2017 17:25:38 GMT" time="0.982" errors="0">
  <testcase name="singleUserQuery" time="0.982" classname="com.llwallet.interfaces.test.api.online.enterprise.SingleUserQueryOnlineTest"/>
</testsuite> <!-- com.llwallet.interfaces.test.api.online.enterprise.SingleUserQueryOnlineTest -->
