<?xml version="1.0" encoding="UTF-8"?>
<!-- Generated by org.testng.reporters.JUnitReportReporter -->
<testsuite hostname="LT-jiangxm" name="com.llwallet.interfaces.test.dubbo.payQueryService" tests="1" failures="0" timestamp="5 Dec 2017 02:35:40 GMT" time="0.433" errors="0">
  <testcase name="test" time="0.433" classname="com.llwallet.interfaces.test.dubbo.payQueryService"/>
</testsuite> <!-- com.llwallet.interfaces.test.dubbo.payQueryService -->
