<?xml version="1.0" encoding="UTF-8"?>
<!-- Generated by org.testng.reporters.JUnitReportReporter -->
<testsuite hostname="LT-jiangxm" name="com.lianpay.interfaces.test.web.RechargeTest" tests="1" failures="0" timestamp="26 Sep 2016 09:11:42 GMT" time="0.000" errors="1">
  <testcase name="recharge" time="0.000" classname="com.lianpay.interfaces.test.web.RechargeTest">
    <error type="java.lang.RuntimeException" message="org.apache.poi.hssf.record.RecordFormatException: Unable to construct record instance">
      <![CDATA[java.lang.RuntimeException: org.apache.poi.hssf.record.RecordFormatException: Unable to construct record instance
	at org.testng.internal.MethodInvocationHelper.invokeMethodNoCheckedException(MethodInvocationHelper.java:45)
	at org.testng.internal.MethodInvocationHelper.invokeDataProvider(MethodInvocationHelper.java:113)
	at org.testng.internal.Parameters.handleParameters(Parameters.java:429)
	at org.testng.internal.Invoker.handleParameters(Invoker.java:1240)
	at org.testng.internal.Invoker.createParameters(Invoker.java:980)
	at org.testng.internal.Invoker.invokeTestMethods(Invoker.java:1070)
	at org.testng.internal.TestMethodWorker.invokeTestMethods(TestMethodWorker.java:129)
	at org.testng.internal.TestMethodWorker.run(TestMethodWorker.java:112)
	at org.testng.TestRunner.privateRun(TestRunner.java:746)
	at org.testng.TestRunner.run(TestRunner.java:600)
	at org.testng.SuiteRunner.runTest(SuiteRunner.java:366)
	at org.testng.SuiteRunner.runSequentially(SuiteRunner.java:361)
	at org.testng.SuiteRunner.privateRun(SuiteRunner.java:319)
	at org.testng.SuiteRunner.run(SuiteRunner.java:268)
	at org.testng.SuiteRunnerWorker.runSuite(SuiteRunnerWorker.java:52)
	at org.testng.SuiteRunnerWorker.run(SuiteRunnerWorker.java:86)
	at org.testng.TestNG.runSuitesSequentially(TestNG.java:1264)
	at org.testng.TestNG.runSuitesLocally(TestNG.java:1189)
	at org.testng.TestNG.runSuites(TestNG.java:1104)
	at org.testng.TestNG.run(TestNG.java:1076)
	at org.testng.remote.AbstractRemoteTestNG.run(AbstractRemoteTestNG.java:126)
	at org.testng.remote.RemoteTestNG.initAndRun(RemoteTestNG.java:152)
	at org.testng.remote.RemoteTestNG.main(RemoteTestNG.java:57)
Caused by: org.apache.poi.hssf.record.RecordFormatException: Unable to construct record instance
	at org.apache.poi.hssf.record.RecordFactory$ReflectionRecordCreator.create(RecordFactory.java:64)
	at org.apache.poi.hssf.record.RecordFactory.createSingleRecord(RecordFactory.java:263)
	at org.apache.poi.hssf.record.RecordFactoryInputStream.readNextRecord(RecordFactoryInputStream.java:270)
	at org.apache.poi.hssf.record.RecordFactoryInputStream.nextRecord(RecordFactoryInputStream.java:236)
	at org.apache.poi.hssf.record.RecordFactory.createRecords(RecordFactory.java:392)
	at org.apache.poi.hssf.usermodel.HSSFWorkbook.<init>(HSSFWorkbook.java:276)
	at org.apache.poi.hssf.usermodel.HSSFWorkbook.<init>(HSSFWorkbook.java:201)
	at org.apache.poi.hssf.usermodel.HSSFWorkbook.<init>(HSSFWorkbook.java:183)
	at com.lianpay.tools.dataprovider.ExcelProvider.openSheet(ExcelProvider.java:257)
	at com.lianpay.tools.dataprovider.ExcelProvider.<init>(ExcelProvider.java:95)
	at com.lianpay.tools.dataprovider.ExcelProvider.<init>(ExcelProvider.java:113)
	at com.lianpay.interfaces.test.web.RechargeTest.data4recharge(RechargeTest.java:105)
	at sun.reflect.NativeMethodAccessorImpl.invoke0(Native Method)
	at sun.reflect.NativeMethodAccessorImpl.invoke(Unknown Source)
	at sun.reflect.DelegatingMethodAccessorImpl.invoke(Unknown Source)
	at java.lang.reflect.Method.invoke(Unknown Source)
	at org.testng.internal.MethodInvocationHelper.invokeMethod(MethodInvocationHelper.java:100)
	at org.testng.internal.MethodInvocationHelper.invokeMethod(MethodInvocationHelper.java:51)
	at org.testng.internal.MethodInvocationHelper.invokeMethodNoCheckedException(MethodInvocationHelper.java:41)
	... 22 more
Caused by: java.lang.IllegalStateException: Should never be called before end of current record
	at org.apache.poi.hssf.record.RecordInputStream.isContinueNext(RecordInputStream.java:413)
	at org.apache.poi.hssf.record.RecordInputStream.readStringCommon(RecordInputStream.java:345)
	at org.apache.poi.hssf.record.RecordInputStream.readUnicodeLEString(RecordInputStream.java:301)
	at org.apache.poi.hssf.record.UnicodeString.<init>(UnicodeString.java:208)
	at org.apache.poi.hssf.record.SSTDeserializer.manufactureStrings(SSTDeserializer.java:49)
	at org.apache.poi.hssf.record.SSTRecord.<init>(SSTRecord.java:249)
	at sun.reflect.NativeConstructorAccessorImpl.newInstance0(Native Method)
	at sun.reflect.NativeConstructorAccessorImpl.newInstance(Unknown Source)
	at sun.reflect.DelegatingConstructorAccessorImpl.newInstance(Unknown Source)
	at java.lang.reflect.Constructor.newInstance(Unknown Source)
	at org.apache.poi.hssf.record.RecordFactory$ReflectionRecordCreator.create(RecordFactory.java:56)
	... 40 more
]]>
    </error>
  </testcase> <!-- recharge -->
</testsuite> <!-- com.lianpay.interfaces.test.web.RechargeTest -->
