<?xml version="1.0" encoding="UTF-8"?>
<!-- Generated by org.testng.reporters.JUnitReportReporter -->
<testsuite hostname="LT-jiangxm" name="com.llwallet.interfaces.test.dubbo.coreservice.GetWalletUserInfoTest" tests="12" failures="0" timestamp="20 Jun 2017 03:40:55 GMT" time="1.252" errors="0">
  <testcase name="getWalletUserInfo" time="0.082" classname="com.llwallet.interfaces.test.dubbo.coreservice.GetWalletUserInfoTest"/>
  <testcase name="getWalletUserInfo" time="0.467" classname="com.llwallet.interfaces.test.dubbo.coreservice.GetWalletUserInfoTest"/>
  <testcase name="getWalletUserInfo" time="0.088" classname="com.llwallet.interfaces.test.dubbo.coreservice.GetWalletUserInfoTest"/>
  <testcase name="getWalletUserInfo" time="0.095" classname="com.llwallet.interfaces.test.dubbo.coreservice.GetWalletUserInfoTest"/>
  <testcase name="getWalletUserInfo" time="0.023" classname="com.llwallet.interfaces.test.dubbo.coreservice.GetWalletUserInfoTest"/>
  <testcase name="getWalletUserInfo" time="0.034" classname="com.llwallet.interfaces.test.dubbo.coreservice.GetWalletUserInfoTest"/>
  <testcase name="getWalletUserInfo" time="0.118" classname="com.llwallet.interfaces.test.dubbo.coreservice.GetWalletUserInfoTest"/>
  <testcase name="getWalletUserInfo" time="0.081" classname="com.llwallet.interfaces.test.dubbo.coreservice.GetWalletUserInfoTest"/>
  <testcase name="getWalletUserInfo" time="0.076" classname="com.llwallet.interfaces.test.dubbo.coreservice.GetWalletUserInfoTest"/>
  <testcase name="getWalletUserInfo" time="0.104" classname="com.llwallet.interfaces.test.dubbo.coreservice.GetWalletUserInfoTest"/>
  <testcase name="getWalletUserInfo" time="0.067" classname="com.llwallet.interfaces.test.dubbo.coreservice.GetWalletUserInfoTest"/>
  <testcase name="getWalletUserInfo" time="0.017" classname="com.llwallet.interfaces.test.dubbo.coreservice.GetWalletUserInfoTest"/>
</testsuite> <!-- com.llwallet.interfaces.test.dubbo.coreservice.GetWalletUserInfoTest -->
