<?xml version="1.0" encoding="UTF-8"?>
<!-- Generated by org.testng.reporters.JUnitReportReporter -->
<testsuite hostname="LT-jiangxm" name="com.llwallet.interfaces.test.api.test.custom.QueryVbAccountTest" tests="13" failures="0" timestamp="11 Dec 2017 11:58:35 GMT" time="4.826" errors="0">
  <testcase name="queryVbAccount" time="0.268" classname="com.llwallet.interfaces.test.api.test.custom.QueryVbAccountTest"/>
  <testcase name="queryVbAccount" time="0.377" classname="com.llwallet.interfaces.test.api.test.custom.QueryVbAccountTest"/>
  <testcase name="queryVbAccount" time="0.985" classname="com.llwallet.interfaces.test.api.test.custom.QueryVbAccountTest"/>
  <testcase name="queryVbAccount" time="0.302" classname="com.llwallet.interfaces.test.api.test.custom.QueryVbAccountTest"/>
  <testcase name="queryVbAccount" time="0.289" classname="com.llwallet.interfaces.test.api.test.custom.QueryVbAccountTest"/>
  <testcase name="queryVbAccount" time="0.311" classname="com.llwallet.interfaces.test.api.test.custom.QueryVbAccountTest"/>
  <testcase name="queryVbAccount" time="0.304" classname="com.llwallet.interfaces.test.api.test.custom.QueryVbAccountTest"/>
  <testcase name="queryVbAccount" time="0.318" classname="com.llwallet.interfaces.test.api.test.custom.QueryVbAccountTest"/>
  <testcase name="queryVbAccount" time="0.409" classname="com.llwallet.interfaces.test.api.test.custom.QueryVbAccountTest"/>
  <testcase name="queryVbAccount" time="0.278" classname="com.llwallet.interfaces.test.api.test.custom.QueryVbAccountTest"/>
  <testcase name="queryVbAccount" time="0.316" classname="com.llwallet.interfaces.test.api.test.custom.QueryVbAccountTest"/>
  <testcase name="queryVbAccount" time="0.332" classname="com.llwallet.interfaces.test.api.test.custom.QueryVbAccountTest"/>
  <testcase name="queryVbAccount" time="0.337" classname="com.llwallet.interfaces.test.api.test.custom.QueryVbAccountTest"/>
</testsuite> <!-- com.llwallet.interfaces.test.api.test.custom.QueryVbAccountTest -->
