<?xml version="1.0" encoding="UTF-8"?>
<!-- Generated by org.testng.reporters.JUnitReportReporter -->
<testsuite hostname="LT-jiangxm" name="com.lianpay.interfaces.test.SmsSendTest" tests="32" failures="0" timestamp="21 Sep 2016 11:55:24 GMT" time="8.842" errors="0">
  <testcase name="smsSend" time="0.089" classname="com.lianpay.interfaces.test.SmsSendTest"/>
  <testcase name="smsSend" time="0.098" classname="com.lianpay.interfaces.test.SmsSendTest"/>
  <testcase name="smsSend" time="0.090" classname="com.lianpay.interfaces.test.SmsSendTest"/>
  <testcase name="smsSend" time="0.171" classname="com.lianpay.interfaces.test.SmsSendTest"/>
  <testcase name="smsSend" time="0.197" classname="com.lianpay.interfaces.test.SmsSendTest"/>
  <testcase name="smsSend" time="0.134" classname="com.lianpay.interfaces.test.SmsSendTest"/>
  <testcase name="smsSend" time="0.106" classname="com.lianpay.interfaces.test.SmsSendTest"/>
  <testcase name="smsSend" time="0.116" classname="com.lianpay.interfaces.test.SmsSendTest"/>
  <testcase name="smsSend" time="0.130" classname="com.lianpay.interfaces.test.SmsSendTest"/>
  <testcase name="smsSend" time="0.154" classname="com.lianpay.interfaces.test.SmsSendTest"/>
  <testcase name="smsSend" time="0.093" classname="com.lianpay.interfaces.test.SmsSendTest"/>
  <testcase name="smsSend" time="0.187" classname="com.lianpay.interfaces.test.SmsSendTest"/>
  <testcase name="smsSend" time="0.095" classname="com.lianpay.interfaces.test.SmsSendTest"/>
  <testcase name="smsSend" time="0.113" classname="com.lianpay.interfaces.test.SmsSendTest"/>
  <testcase name="smsSend" time="0.097" classname="com.lianpay.interfaces.test.SmsSendTest"/>
  <testcase name="smsSend" time="0.143" classname="com.lianpay.interfaces.test.SmsSendTest"/>
  <testcase name="smsSend" time="0.164" classname="com.lianpay.interfaces.test.SmsSendTest"/>
  <testcase name="smsSend" time="0.136" classname="com.lianpay.interfaces.test.SmsSendTest"/>
  <testcase name="smsSend" time="0.113" classname="com.lianpay.interfaces.test.SmsSendTest"/>
  <testcase name="smsSend" time="0.180" classname="com.lianpay.interfaces.test.SmsSendTest"/>
  <testcase name="smsSend" time="0.169" classname="com.lianpay.interfaces.test.SmsSendTest"/>
  <testcase name="smsSend" time="0.124" classname="com.lianpay.interfaces.test.SmsSendTest"/>
  <testcase name="smsSend" time="0.092" classname="com.lianpay.interfaces.test.SmsSendTest"/>
  <testcase name="smsSend" time="0.098" classname="com.lianpay.interfaces.test.SmsSendTest"/>
  <testcase name="smsSend" time="0.218" classname="com.lianpay.interfaces.test.SmsSendTest"/>
  <testcase name="smsSend" time="0.122" classname="com.lianpay.interfaces.test.SmsSendTest"/>
  <testcase name="smsSend" time="0.093" classname="com.lianpay.interfaces.test.SmsSendTest"/>
  <testcase name="smsSend" time="0.120" classname="com.lianpay.interfaces.test.SmsSendTest"/>
  <testcase name="smsSend" time="4.846" classname="com.lianpay.interfaces.test.SmsSendTest"/>
  <testcase name="smsSend" time="0.102" classname="com.lianpay.interfaces.test.SmsSendTest"/>
  <testcase name="smsSend" time="0.139" classname="com.lianpay.interfaces.test.SmsSendTest"/>
  <testcase name="smsSend" time="0.113" classname="com.lianpay.interfaces.test.SmsSendTest"/>
</testsuite> <!-- com.lianpay.interfaces.test.SmsSendTest -->
