<?xml version="1.0" encoding="UTF-8"?>
<!-- Generated by org.testng.reporters.JUnitReportReporter -->
<testsuite hostname="LT-jiangxm" name="com.llwallet.interfaces.test.api.online.personal.SecpayRefundOnlineTest" tests="1" failures="0" timestamp="1 Dec 2017 08:23:13 GMT" time="2.007" errors="0">
  <testcase name="secpayRefund" time="2.007" classname="com.llwallet.interfaces.test.api.online.personal.SecpayRefundOnlineTest"/>
</testsuite> <!-- com.llwallet.interfaces.test.api.online.personal.SecpayRefundOnlineTest -->
