<?xml version="1.0" encoding="UTF-8"?>
<!-- Generated by org.testng.reporters.JUnitReportReporter -->
<testsuite hostname="LT-jiangxm" name="com.llwallet.interfaces.test.api.test.personal.BankPayPwdSetTest" tests="1" failures="0" timestamp="2 Nov 2017 13:27:27 GMT" time="1.531" errors="0">
  <testcase name="bankPayPwdSet" time="1.531" classname="com.llwallet.interfaces.test.api.test.personal.BankPayPwdSetTest"/>
</testsuite> <!-- com.llwallet.interfaces.test.api.test.personal.BankPayPwdSetTest -->
