<?xml version="1.0" encoding="UTF-8"?>
<!-- Generated by org.testng.reporters.JUnitReportReporter -->
<testsuite hostname="LT-jiangxm" name="com.llwallet.interfaces.test.api.online.personal.BankPayPwdSetOnlineTest" tests="1" failures="0" timestamp="5 Jul 2017 12:20:59 GMT" time="1.081" errors="0">
  <testcase name="bankPayPwdSet" time="1.081" classname="com.llwallet.interfaces.test.api.online.personal.BankPayPwdSetOnlineTest"/>
</testsuite> <!-- com.llwallet.interfaces.test.api.online.personal.BankPayPwdSetOnlineTest -->
