<?xml version="1.0" encoding="UTF-8"?>
<!-- Generated by org.testng.reporters.JUnitReportReporter -->
<testsuite name="com.llwallet.interfaces.test.api.test.secured.BalanceSecuredPrepayTest" tests="1" time="1.557" ignored="0" failures="0" timestamp="12 四月 2017 08:37:46 GMT" skipped="0" hostname="LT-jiangxm" errors="1">
  <testcase name="balanceSecuredPrepay" time="1.557" classname="com.llwallet.interfaces.test.api.test.secured.BalanceSecuredPrepayTest">
    <error type="java.lang.IllegalArgumentException" message="host parameter is null">
      <![CDATA[java.lang.IllegalArgumentException: host parameter is null
	at org.apache.commons.httpclient.HttpConnection.<init>(Unknown Source)
	at org.apache.commons.httpclient.HttpConnection.<init>(Unknown Source)
	at org.apache.commons.httpclient.SimpleHttpConnectionManager.getConnectionWithTimeout(Unknown Source)
	at org.apache.commons.httpclient.HttpMethodDirector.executeMethod(Unknown Source)
	at org.apache.commons.httpclient.HttpClient.executeMethod(Unknown Source)
	at org.apache.commons.httpclient.HttpClient.executeMethod(Unknown Source)
	at com.tools.http.HttpFixture.Post(HttpFixture.java:277)
	at com.llwallet.interfaces.test.api.test.secured.BalanceSecuredPrepayTest.balanceSecuredPrepay(BalanceSecuredPrepayTest.java:80)
	at sun.reflect.NativeMethodAccessorImpl.invoke0(Native Method)
	at sun.reflect.NativeMethodAccessorImpl.invoke(Unknown Source)
	at sun.reflect.DelegatingMethodAccessorImpl.invoke(Unknown Source)
	at java.lang.reflect.Method.invoke(Unknown Source)
	at org.testng.internal.MethodInvocationHelper.invokeMethod(MethodInvocationHelper.java:104)
	at org.testng.internal.InvokeMethodRunnable.runOne(InvokeMethodRunnable.java:54)
	at org.testng.internal.InvokeMethodRunnable.run(InvokeMethodRunnable.java:44)
	at java.util.concurrent.Executors$RunnableAdapter.call(Unknown Source)
	at java.util.concurrent.FutureTask.run(Unknown Source)
	at java.util.concurrent.ThreadPoolExecutor.runWorker(Unknown Source)
	at java.util.concurrent.ThreadPoolExecutor$Worker.run(Unknown Source)
	at java.lang.Thread.run(Unknown Source)
]]>
    </error>
  </testcase> <!-- balanceSecuredPrepay -->
</testsuite> <!-- com.llwallet.interfaces.test.api.test.secured.BalanceSecuredPrepayTest -->
