<?xml version="1.0" encoding="UTF-8"?>
<!-- Generated by org.testng.reporters.JUnitReportReporter -->
<testsuite hostname="LT-jiangxm" name="com.spay.interfaces.test.PrePayTest" tests="10" failures="0" timestamp="6 Dec 2016 09:59:00 GMT" time="0.435" errors="10">
  <testcase name="prePay" time="0.018" classname="com.spay.interfaces.test.PrePayTest">
    <error type="java.lang.IllegalArgumentException" message="host parameter is null">
      <![CDATA[java.lang.IllegalArgumentException: host parameter is null
	at org.apache.commons.httpclient.HttpConnection.<init>(Unknown Source)
	at org.apache.commons.httpclient.HttpConnection.<init>(Unknown Source)
	at org.apache.commons.httpclient.SimpleHttpConnectionManager.getConnectionWithTimeout(Unknown Source)
	at org.apache.commons.httpclient.HttpMethodDirector.executeMethod(Unknown Source)
	at org.apache.commons.httpclient.HttpClient.executeMethod(Unknown Source)
	at org.apache.commons.httpclient.HttpClient.executeMethod(Unknown Source)
	at com.tools.http.HttpFixture.Post(HttpFixture.java:277)
	at com.spay.interfaces.test.PrePayTest.prePay(PrePayTest.java:77)
	at sun.reflect.NativeMethodAccessorImpl.invoke0(Native Method)
	at sun.reflect.NativeMethodAccessorImpl.invoke(Unknown Source)
	at sun.reflect.DelegatingMethodAccessorImpl.invoke(Unknown Source)
	at java.lang.reflect.Method.invoke(Unknown Source)
	at org.testng.internal.MethodInvocationHelper.invokeMethod(MethodInvocationHelper.java:100)
	at org.testng.internal.InvokeMethodRunnable.runOne(InvokeMethodRunnable.java:54)
	at org.testng.internal.InvokeMethodRunnable.run(InvokeMethodRunnable.java:44)
	at java.util.concurrent.Executors$RunnableAdapter.call(Unknown Source)
	at java.util.concurrent.FutureTask.run(Unknown Source)
	at java.util.concurrent.ThreadPoolExecutor.runWorker(Unknown Source)
	at java.util.concurrent.ThreadPoolExecutor$Worker.run(Unknown Source)
	at java.lang.Thread.run(Unknown Source)
]]>
    </error>
  </testcase> <!-- prePay -->
  <testcase name="prePay" time="0.010" classname="com.spay.interfaces.test.PrePayTest">
    <error type="java.lang.IllegalArgumentException" message="host parameter is null">
      <![CDATA[java.lang.IllegalArgumentException: host parameter is null
	at org.apache.commons.httpclient.HttpConnection.<init>(Unknown Source)
	at org.apache.commons.httpclient.HttpConnection.<init>(Unknown Source)
	at org.apache.commons.httpclient.SimpleHttpConnectionManager.getConnectionWithTimeout(Unknown Source)
	at org.apache.commons.httpclient.HttpMethodDirector.executeMethod(Unknown Source)
	at org.apache.commons.httpclient.HttpClient.executeMethod(Unknown Source)
	at org.apache.commons.httpclient.HttpClient.executeMethod(Unknown Source)
	at com.tools.http.HttpFixture.Post(HttpFixture.java:277)
	at com.spay.interfaces.test.PrePayTest.prePay(PrePayTest.java:77)
	at sun.reflect.NativeMethodAccessorImpl.invoke0(Native Method)
	at sun.reflect.NativeMethodAccessorImpl.invoke(Unknown Source)
	at sun.reflect.DelegatingMethodAccessorImpl.invoke(Unknown Source)
	at java.lang.reflect.Method.invoke(Unknown Source)
	at org.testng.internal.MethodInvocationHelper.invokeMethod(MethodInvocationHelper.java:100)
	at org.testng.internal.InvokeMethodRunnable.runOne(InvokeMethodRunnable.java:54)
	at org.testng.internal.InvokeMethodRunnable.run(InvokeMethodRunnable.java:44)
	at java.util.concurrent.Executors$RunnableAdapter.call(Unknown Source)
	at java.util.concurrent.FutureTask.run(Unknown Source)
	at java.util.concurrent.ThreadPoolExecutor.runWorker(Unknown Source)
	at java.util.concurrent.ThreadPoolExecutor$Worker.run(Unknown Source)
	at java.lang.Thread.run(Unknown Source)
]]>
    </error>
  </testcase> <!-- prePay -->
  <testcase name="prePay" time="0.010" classname="com.spay.interfaces.test.PrePayTest">
    <error type="java.lang.IllegalArgumentException" message="host parameter is null">
      <![CDATA[java.lang.IllegalArgumentException: host parameter is null
	at org.apache.commons.httpclient.HttpConnection.<init>(Unknown Source)
	at org.apache.commons.httpclient.HttpConnection.<init>(Unknown Source)
	at org.apache.commons.httpclient.SimpleHttpConnectionManager.getConnectionWithTimeout(Unknown Source)
	at org.apache.commons.httpclient.HttpMethodDirector.executeMethod(Unknown Source)
	at org.apache.commons.httpclient.HttpClient.executeMethod(Unknown Source)
	at org.apache.commons.httpclient.HttpClient.executeMethod(Unknown Source)
	at com.tools.http.HttpFixture.Post(HttpFixture.java:277)
	at com.spay.interfaces.test.PrePayTest.prePay(PrePayTest.java:77)
	at sun.reflect.NativeMethodAccessorImpl.invoke0(Native Method)
	at sun.reflect.NativeMethodAccessorImpl.invoke(Unknown Source)
	at sun.reflect.DelegatingMethodAccessorImpl.invoke(Unknown Source)
	at java.lang.reflect.Method.invoke(Unknown Source)
	at org.testng.internal.MethodInvocationHelper.invokeMethod(MethodInvocationHelper.java:100)
	at org.testng.internal.InvokeMethodRunnable.runOne(InvokeMethodRunnable.java:54)
	at org.testng.internal.InvokeMethodRunnable.run(InvokeMethodRunnable.java:44)
	at java.util.concurrent.Executors$RunnableAdapter.call(Unknown Source)
	at java.util.concurrent.FutureTask.run(Unknown Source)
	at java.util.concurrent.ThreadPoolExecutor.runWorker(Unknown Source)
	at java.util.concurrent.ThreadPoolExecutor$Worker.run(Unknown Source)
	at java.lang.Thread.run(Unknown Source)
]]>
    </error>
  </testcase> <!-- prePay -->
  <testcase name="prePay" time="0.328" classname="com.spay.interfaces.test.PrePayTest">
    <error type="java.lang.IllegalArgumentException" message="host parameter is null">
      <![CDATA[java.lang.IllegalArgumentException: host parameter is null
	at org.apache.commons.httpclient.HttpConnection.<init>(Unknown Source)
	at org.apache.commons.httpclient.HttpConnection.<init>(Unknown Source)
	at org.apache.commons.httpclient.SimpleHttpConnectionManager.getConnectionWithTimeout(Unknown Source)
	at org.apache.commons.httpclient.HttpMethodDirector.executeMethod(Unknown Source)
	at org.apache.commons.httpclient.HttpClient.executeMethod(Unknown Source)
	at org.apache.commons.httpclient.HttpClient.executeMethod(Unknown Source)
	at com.tools.http.HttpFixture.Post(HttpFixture.java:277)
	at com.spay.interfaces.test.PrePayTest.prePay(PrePayTest.java:77)
	at sun.reflect.NativeMethodAccessorImpl.invoke0(Native Method)
	at sun.reflect.NativeMethodAccessorImpl.invoke(Unknown Source)
	at sun.reflect.DelegatingMethodAccessorImpl.invoke(Unknown Source)
	at java.lang.reflect.Method.invoke(Unknown Source)
	at org.testng.internal.MethodInvocationHelper.invokeMethod(MethodInvocationHelper.java:100)
	at org.testng.internal.InvokeMethodRunnable.runOne(InvokeMethodRunnable.java:54)
	at org.testng.internal.InvokeMethodRunnable.run(InvokeMethodRunnable.java:44)
	at java.util.concurrent.Executors$RunnableAdapter.call(Unknown Source)
	at java.util.concurrent.FutureTask.run(Unknown Source)
	at java.util.concurrent.ThreadPoolExecutor.runWorker(Unknown Source)
	at java.util.concurrent.ThreadPoolExecutor$Worker.run(Unknown Source)
	at java.lang.Thread.run(Unknown Source)
]]>
    </error>
  </testcase> <!-- prePay -->
  <testcase name="prePay" time="0.007" classname="com.spay.interfaces.test.PrePayTest">
    <error type="java.lang.IllegalArgumentException" message="host parameter is null">
      <![CDATA[java.lang.IllegalArgumentException: host parameter is null
	at org.apache.commons.httpclient.HttpConnection.<init>(Unknown Source)
	at org.apache.commons.httpclient.HttpConnection.<init>(Unknown Source)
	at org.apache.commons.httpclient.SimpleHttpConnectionManager.getConnectionWithTimeout(Unknown Source)
	at org.apache.commons.httpclient.HttpMethodDirector.executeMethod(Unknown Source)
	at org.apache.commons.httpclient.HttpClient.executeMethod(Unknown Source)
	at org.apache.commons.httpclient.HttpClient.executeMethod(Unknown Source)
	at com.tools.http.HttpFixture.Post(HttpFixture.java:277)
	at com.spay.interfaces.test.PrePayTest.prePay(PrePayTest.java:77)
	at sun.reflect.NativeMethodAccessorImpl.invoke0(Native Method)
	at sun.reflect.NativeMethodAccessorImpl.invoke(Unknown Source)
	at sun.reflect.DelegatingMethodAccessorImpl.invoke(Unknown Source)
	at java.lang.reflect.Method.invoke(Unknown Source)
	at org.testng.internal.MethodInvocationHelper.invokeMethod(MethodInvocationHelper.java:100)
	at org.testng.internal.InvokeMethodRunnable.runOne(InvokeMethodRunnable.java:54)
	at org.testng.internal.InvokeMethodRunnable.run(InvokeMethodRunnable.java:44)
	at java.util.concurrent.Executors$RunnableAdapter.call(Unknown Source)
	at java.util.concurrent.FutureTask.run(Unknown Source)
	at java.util.concurrent.ThreadPoolExecutor.runWorker(Unknown Source)
	at java.util.concurrent.ThreadPoolExecutor$Worker.run(Unknown Source)
	at java.lang.Thread.run(Unknown Source)
]]>
    </error>
  </testcase> <!-- prePay -->
  <testcase name="prePay" time="0.026" classname="com.spay.interfaces.test.PrePayTest">
    <error type="java.lang.IllegalArgumentException" message="host parameter is null">
      <![CDATA[java.lang.IllegalArgumentException: host parameter is null
	at org.apache.commons.httpclient.HttpConnection.<init>(Unknown Source)
	at org.apache.commons.httpclient.HttpConnection.<init>(Unknown Source)
	at org.apache.commons.httpclient.SimpleHttpConnectionManager.getConnectionWithTimeout(Unknown Source)
	at org.apache.commons.httpclient.HttpMethodDirector.executeMethod(Unknown Source)
	at org.apache.commons.httpclient.HttpClient.executeMethod(Unknown Source)
	at org.apache.commons.httpclient.HttpClient.executeMethod(Unknown Source)
	at com.tools.http.HttpFixture.Post(HttpFixture.java:277)
	at com.spay.interfaces.test.PrePayTest.prePay(PrePayTest.java:77)
	at sun.reflect.NativeMethodAccessorImpl.invoke0(Native Method)
	at sun.reflect.NativeMethodAccessorImpl.invoke(Unknown Source)
	at sun.reflect.DelegatingMethodAccessorImpl.invoke(Unknown Source)
	at java.lang.reflect.Method.invoke(Unknown Source)
	at org.testng.internal.MethodInvocationHelper.invokeMethod(MethodInvocationHelper.java:100)
	at org.testng.internal.InvokeMethodRunnable.runOne(InvokeMethodRunnable.java:54)
	at org.testng.internal.InvokeMethodRunnable.run(InvokeMethodRunnable.java:44)
	at java.util.concurrent.Executors$RunnableAdapter.call(Unknown Source)
	at java.util.concurrent.FutureTask.run(Unknown Source)
	at java.util.concurrent.ThreadPoolExecutor.runWorker(Unknown Source)
	at java.util.concurrent.ThreadPoolExecutor$Worker.run(Unknown Source)
	at java.lang.Thread.run(Unknown Source)
]]>
    </error>
  </testcase> <!-- prePay -->
  <testcase name="prePay" time="0.010" classname="com.spay.interfaces.test.PrePayTest">
    <error type="java.lang.IllegalArgumentException" message="host parameter is null">
      <![CDATA[java.lang.IllegalArgumentException: host parameter is null
	at org.apache.commons.httpclient.HttpConnection.<init>(Unknown Source)
	at org.apache.commons.httpclient.HttpConnection.<init>(Unknown Source)
	at org.apache.commons.httpclient.SimpleHttpConnectionManager.getConnectionWithTimeout(Unknown Source)
	at org.apache.commons.httpclient.HttpMethodDirector.executeMethod(Unknown Source)
	at org.apache.commons.httpclient.HttpClient.executeMethod(Unknown Source)
	at org.apache.commons.httpclient.HttpClient.executeMethod(Unknown Source)
	at com.tools.http.HttpFixture.Post(HttpFixture.java:277)
	at com.spay.interfaces.test.PrePayTest.prePay(PrePayTest.java:77)
	at sun.reflect.NativeMethodAccessorImpl.invoke0(Native Method)
	at sun.reflect.NativeMethodAccessorImpl.invoke(Unknown Source)
	at sun.reflect.DelegatingMethodAccessorImpl.invoke(Unknown Source)
	at java.lang.reflect.Method.invoke(Unknown Source)
	at org.testng.internal.MethodInvocationHelper.invokeMethod(MethodInvocationHelper.java:100)
	at org.testng.internal.InvokeMethodRunnable.runOne(InvokeMethodRunnable.java:54)
	at org.testng.internal.InvokeMethodRunnable.run(InvokeMethodRunnable.java:44)
	at java.util.concurrent.Executors$RunnableAdapter.call(Unknown Source)
	at java.util.concurrent.FutureTask.run(Unknown Source)
	at java.util.concurrent.ThreadPoolExecutor.runWorker(Unknown Source)
	at java.util.concurrent.ThreadPoolExecutor$Worker.run(Unknown Source)
	at java.lang.Thread.run(Unknown Source)
]]>
    </error>
  </testcase> <!-- prePay -->
  <testcase name="prePay" time="0.009" classname="com.spay.interfaces.test.PrePayTest">
    <error type="java.lang.IllegalArgumentException" message="host parameter is null">
      <![CDATA[java.lang.IllegalArgumentException: host parameter is null
	at org.apache.commons.httpclient.HttpConnection.<init>(Unknown Source)
	at org.apache.commons.httpclient.HttpConnection.<init>(Unknown Source)
	at org.apache.commons.httpclient.SimpleHttpConnectionManager.getConnectionWithTimeout(Unknown Source)
	at org.apache.commons.httpclient.HttpMethodDirector.executeMethod(Unknown Source)
	at org.apache.commons.httpclient.HttpClient.executeMethod(Unknown Source)
	at org.apache.commons.httpclient.HttpClient.executeMethod(Unknown Source)
	at com.tools.http.HttpFixture.Post(HttpFixture.java:277)
	at com.spay.interfaces.test.PrePayTest.prePay(PrePayTest.java:77)
	at sun.reflect.NativeMethodAccessorImpl.invoke0(Native Method)
	at sun.reflect.NativeMethodAccessorImpl.invoke(Unknown Source)
	at sun.reflect.DelegatingMethodAccessorImpl.invoke(Unknown Source)
	at java.lang.reflect.Method.invoke(Unknown Source)
	at org.testng.internal.MethodInvocationHelper.invokeMethod(MethodInvocationHelper.java:100)
	at org.testng.internal.InvokeMethodRunnable.runOne(InvokeMethodRunnable.java:54)
	at org.testng.internal.InvokeMethodRunnable.run(InvokeMethodRunnable.java:44)
	at java.util.concurrent.Executors$RunnableAdapter.call(Unknown Source)
	at java.util.concurrent.FutureTask.run(Unknown Source)
	at java.util.concurrent.ThreadPoolExecutor.runWorker(Unknown Source)
	at java.util.concurrent.ThreadPoolExecutor$Worker.run(Unknown Source)
	at java.lang.Thread.run(Unknown Source)
]]>
    </error>
  </testcase> <!-- prePay -->
  <testcase name="prePay" time="0.005" classname="com.spay.interfaces.test.PrePayTest">
    <error type="java.lang.IllegalArgumentException" message="host parameter is null">
      <![CDATA[java.lang.IllegalArgumentException: host parameter is null
	at org.apache.commons.httpclient.HttpConnection.<init>(Unknown Source)
	at org.apache.commons.httpclient.HttpConnection.<init>(Unknown Source)
	at org.apache.commons.httpclient.SimpleHttpConnectionManager.getConnectionWithTimeout(Unknown Source)
	at org.apache.commons.httpclient.HttpMethodDirector.executeMethod(Unknown Source)
	at org.apache.commons.httpclient.HttpClient.executeMethod(Unknown Source)
	at org.apache.commons.httpclient.HttpClient.executeMethod(Unknown Source)
	at com.tools.http.HttpFixture.Post(HttpFixture.java:277)
	at com.spay.interfaces.test.PrePayTest.prePay(PrePayTest.java:77)
	at sun.reflect.NativeMethodAccessorImpl.invoke0(Native Method)
	at sun.reflect.NativeMethodAccessorImpl.invoke(Unknown Source)
	at sun.reflect.DelegatingMethodAccessorImpl.invoke(Unknown Source)
	at java.lang.reflect.Method.invoke(Unknown Source)
	at org.testng.internal.MethodInvocationHelper.invokeMethod(MethodInvocationHelper.java:100)
	at org.testng.internal.InvokeMethodRunnable.runOne(InvokeMethodRunnable.java:54)
	at org.testng.internal.InvokeMethodRunnable.run(InvokeMethodRunnable.java:44)
	at java.util.concurrent.Executors$RunnableAdapter.call(Unknown Source)
	at java.util.concurrent.FutureTask.run(Unknown Source)
	at java.util.concurrent.ThreadPoolExecutor.runWorker(Unknown Source)
	at java.util.concurrent.ThreadPoolExecutor$Worker.run(Unknown Source)
	at java.lang.Thread.run(Unknown Source)
]]>
    </error>
  </testcase> <!-- prePay -->
  <testcase name="prePay" time="0.012" classname="com.spay.interfaces.test.PrePayTest">
    <error type="java.lang.IllegalArgumentException" message="host parameter is null">
      <![CDATA[java.lang.IllegalArgumentException: host parameter is null
	at org.apache.commons.httpclient.HttpConnection.<init>(Unknown Source)
	at org.apache.commons.httpclient.HttpConnection.<init>(Unknown Source)
	at org.apache.commons.httpclient.SimpleHttpConnectionManager.getConnectionWithTimeout(Unknown Source)
	at org.apache.commons.httpclient.HttpMethodDirector.executeMethod(Unknown Source)
	at org.apache.commons.httpclient.HttpClient.executeMethod(Unknown Source)
	at org.apache.commons.httpclient.HttpClient.executeMethod(Unknown Source)
	at com.tools.http.HttpFixture.Post(HttpFixture.java:277)
	at com.spay.interfaces.test.PrePayTest.prePay(PrePayTest.java:77)
	at sun.reflect.NativeMethodAccessorImpl.invoke0(Native Method)
	at sun.reflect.NativeMethodAccessorImpl.invoke(Unknown Source)
	at sun.reflect.DelegatingMethodAccessorImpl.invoke(Unknown Source)
	at java.lang.reflect.Method.invoke(Unknown Source)
	at org.testng.internal.MethodInvocationHelper.invokeMethod(MethodInvocationHelper.java:100)
	at org.testng.internal.InvokeMethodRunnable.runOne(InvokeMethodRunnable.java:54)
	at org.testng.internal.InvokeMethodRunnable.run(InvokeMethodRunnable.java:44)
	at java.util.concurrent.Executors$RunnableAdapter.call(Unknown Source)
	at java.util.concurrent.FutureTask.run(Unknown Source)
	at java.util.concurrent.ThreadPoolExecutor.runWorker(Unknown Source)
	at java.util.concurrent.ThreadPoolExecutor$Worker.run(Unknown Source)
	at java.lang.Thread.run(Unknown Source)
]]>
    </error>
  </testcase> <!-- prePay -->
</testsuite> <!-- com.spay.interfaces.test.PrePayTest -->
