<?xml version="1.0" encoding="UTF-8"?>
<!-- Generated by org.testng.reporters.JUnitReportReporter -->
<testsuite hostname="LT-jiangxm" name="com.llwallet.interfaces.test.api.test.personal.BankCardOpenAuthTest" tests="6" failures="0" timestamp="2 Nov 2017 13:27:27 GMT" time="3.325" errors="0">
  <testcase name="bankCardOpenAuth" time="0.468" classname="com.llwallet.interfaces.test.api.test.personal.BankCardOpenAuthTest"/>
  <testcase name="bankCardOpenAuth" time="0.432" classname="com.llwallet.interfaces.test.api.test.personal.BankCardOpenAuthTest"/>
  <testcase name="bankCardOpenAuth" time="0.597" classname="com.llwallet.interfaces.test.api.test.personal.BankCardOpenAuthTest"/>
  <testcase name="bankCardOpenAuth" time="0.729" classname="com.llwallet.interfaces.test.api.test.personal.BankCardOpenAuthTest"/>
  <testcase name="bankCardOpenAuth" time="0.426" classname="com.llwallet.interfaces.test.api.test.personal.BankCardOpenAuthTest"/>
  <testcase name="bankCardOpenAuth" time="0.673" classname="com.llwallet.interfaces.test.api.test.personal.BankCardOpenAuthTest"/>
</testsuite> <!-- com.llwallet.interfaces.test.api.test.personal.BankCardOpenAuthTest -->
