<?xml version="1.0" encoding="UTF-8"?>
<!-- Generated by org.testng.reporters.JUnitReportReporter -->
<testsuite hostname="LT-jiangxm" name="com.llwallet.interfaces.test.api.online.personal.ThreeFactorsSignApplyOnlineTest" tests="1" failures="0" timestamp="17 Nov 2017 15:32:35 GMT" time="1.782" errors="0">
  <testcase name="threeFactorsSignApply" time="1.782" classname="com.llwallet.interfaces.test.api.online.personal.ThreeFactorsSignApplyOnlineTest"/>
</testsuite> <!-- com.llwallet.interfaces.test.api.online.personal.ThreeFactorsSignApplyOnlineTest -->
