<?xml version="1.0" encoding="UTF-8"?>
<!-- Generated by org.testng.reporters.JUnitReportReporter -->
<testsuite hostname="LT-jiangxm" name="com.llwallet.interfaces.test.api.test.custom.TraderUserPaymentTest" tests="66" failures="0" timestamp="27 Nov 2017 11:37:03 GMT" time="29.332" errors="2">
  <testcase name="traderUserPayment1" time="0.145" classname="com.llwallet.interfaces.test.api.test.custom.TraderUserPaymentTest"/>
  <testcase name="traderUserPayment1" time="0.084" classname="com.llwallet.interfaces.test.api.test.custom.TraderUserPaymentTest"/>
  <testcase name="traderUserPayment1" time="0.132" classname="com.llwallet.interfaces.test.api.test.custom.TraderUserPaymentTest"/>
  <testcase name="traderUserPayment1" time="0.120" classname="com.llwallet.interfaces.test.api.test.custom.TraderUserPaymentTest"/>
  <testcase name="traderUserPayment1" time="0.086" classname="com.llwallet.interfaces.test.api.test.custom.TraderUserPaymentTest"/>
  <testcase name="traderUserPayment1" time="0.355" classname="com.llwallet.interfaces.test.api.test.custom.TraderUserPaymentTest"/>
  <testcase name="traderUserPayment" time="0.526" classname="com.llwallet.interfaces.test.api.test.custom.TraderUserPaymentTest"/>
  <testcase name="traderUserPayment1" time="0.122" classname="com.llwallet.interfaces.test.api.test.custom.TraderUserPaymentTest"/>
  <testcase name="traderUserPayment" time="1.154" classname="com.llwallet.interfaces.test.api.test.custom.TraderUserPaymentTest"/>
  <testcase name="traderUserPayment1" time="0.101" classname="com.llwallet.interfaces.test.api.test.custom.TraderUserPaymentTest"/>
  <testcase name="traderUserPayment1" time="0.963" classname="com.llwallet.interfaces.test.api.test.custom.TraderUserPaymentTest"/>
  <testcase name="traderUserPayment1" time="0.131" classname="com.llwallet.interfaces.test.api.test.custom.TraderUserPaymentTest"/>
  <testcase name="traderUserPayment" time="0.605" classname="com.llwallet.interfaces.test.api.test.custom.TraderUserPaymentTest"/>
  <testcase name="traderUserPayment" time="0.679" classname="com.llwallet.interfaces.test.api.test.custom.TraderUserPaymentTest"/>
  <testcase name="traderUserPayment" time="0.106" classname="com.llwallet.interfaces.test.api.test.custom.TraderUserPaymentTest"/>
  <testcase name="traderUserPayment1" time="0.115" classname="com.llwallet.interfaces.test.api.test.custom.TraderUserPaymentTest"/>
  <testcase name="traderUserPayment1" time="0.090" classname="com.llwallet.interfaces.test.api.test.custom.TraderUserPaymentTest"/>
  <testcase name="traderUserPayment1" time="0.104" classname="com.llwallet.interfaces.test.api.test.custom.TraderUserPaymentTest"/>
  <testcase name="traderUserPayment1" time="0.096" classname="com.llwallet.interfaces.test.api.test.custom.TraderUserPaymentTest"/>
  <testcase name="traderUserPayment" time="0.732" classname="com.llwallet.interfaces.test.api.test.custom.TraderUserPaymentTest"/>
  <testcase name="traderUserPayment" time="0.594" classname="com.llwallet.interfaces.test.api.test.custom.TraderUserPaymentTest"/>
  <testcase name="traderUserPayment" time="0.107" classname="com.llwallet.interfaces.test.api.test.custom.TraderUserPaymentTest"/>
  <testcase name="traderUserPayment" time="0.631" classname="com.llwallet.interfaces.test.api.test.custom.TraderUserPaymentTest"/>
  <testcase name="traderUserPayment1" time="0.097" classname="com.llwallet.interfaces.test.api.test.custom.TraderUserPaymentTest"/>
  <testcase name="traderUserPayment" time="0.544" classname="com.llwallet.interfaces.test.api.test.custom.TraderUserPaymentTest"/>
  <testcase name="traderUserPayment1" time="1.248" classname="com.llwallet.interfaces.test.api.test.custom.TraderUserPaymentTest"/>
  <testcase name="traderUserPayment" time="0.526" classname="com.llwallet.interfaces.test.api.test.custom.TraderUserPaymentTest"/>
  <testcase name="traderUserPayment" time="0.590" classname="com.llwallet.interfaces.test.api.test.custom.TraderUserPaymentTest"/>
  <testcase name="traderUserPayment" time="0.727" classname="com.llwallet.interfaces.test.api.test.custom.TraderUserPaymentTest"/>
  <testcase name="traderUserPayment" time="0.110" classname="com.llwallet.interfaces.test.api.test.custom.TraderUserPaymentTest"/>
  <testcase name="traderUserPayment" time="0.645" classname="com.llwallet.interfaces.test.api.test.custom.TraderUserPaymentTest"/>
  <testcase name="traderUserPayment" time="0.110" classname="com.llwallet.interfaces.test.api.test.custom.TraderUserPaymentTest"/>
  <testcase name="traderUserPayment" time="0.524" classname="com.llwallet.interfaces.test.api.test.custom.TraderUserPaymentTest"/>
  <testcase name="traderUserPayment" time="0.528" classname="com.llwallet.interfaces.test.api.test.custom.TraderUserPaymentTest"/>
  <testcase name="traderUserPayment" time="0.182" classname="com.llwallet.interfaces.test.api.test.custom.TraderUserPaymentTest"/>
  <testcase name="traderUserPayment" time="0.583" classname="com.llwallet.interfaces.test.api.test.custom.TraderUserPaymentTest"/>
  <testcase name="traderUserPayment1" time="0.094" classname="com.llwallet.interfaces.test.api.test.custom.TraderUserPaymentTest"/>
  <testcase name="traderUserPayment1" time="0.381" classname="com.llwallet.interfaces.test.api.test.custom.TraderUserPaymentTest">
    <error type="java.lang.AssertionError">
      <![CDATA[java.lang.AssertionError
	at com.llwallet.interfaces.test.api.test.custom.TraderUserPaymentTest.traderUserPayment1(TraderUserPaymentTest.java:97)
	at sun.reflect.GeneratedMethodAccessor3.invoke(Unknown Source)
	at sun.reflect.DelegatingMethodAccessorImpl.invoke(Unknown Source)
	at java.lang.reflect.Method.invoke(Unknown Source)
	at org.testng.internal.MethodInvocationHelper.invokeMethod(MethodInvocationHelper.java:85)
	at org.testng.internal.InvokeMethodRunnable.runOne(InvokeMethodRunnable.java:46)
	at org.testng.internal.InvokeMethodRunnable.run(InvokeMethodRunnable.java:37)
	at java.util.concurrent.Executors$RunnableAdapter.call(Unknown Source)
	at java.util.concurrent.FutureTask.run(Unknown Source)
	at java.util.concurrent.ThreadPoolExecutor.runWorker(Unknown Source)
	at java.util.concurrent.ThreadPoolExecutor$Worker.run(Unknown Source)
	at java.lang.Thread.run(Unknown Source)
]]>
    </error>
  </testcase> <!-- traderUserPayment1 -->
  <testcase name="traderUserPayment" time="0.553" classname="com.llwallet.interfaces.test.api.test.custom.TraderUserPaymentTest"/>
  <testcase name="traderUserPayment" time="0.110" classname="com.llwallet.interfaces.test.api.test.custom.TraderUserPaymentTest"/>
  <testcase name="traderUserPayment" time="0.618" classname="com.llwallet.interfaces.test.api.test.custom.TraderUserPaymentTest"/>
  <testcase name="traderUserPayment1" time="0.221" classname="com.llwallet.interfaces.test.api.test.custom.TraderUserPaymentTest"/>
  <testcase name="traderUserPayment1" time="0.407" classname="com.llwallet.interfaces.test.api.test.custom.TraderUserPaymentTest">
    <error type="java.lang.AssertionError">
      <![CDATA[java.lang.AssertionError
	at com.llwallet.interfaces.test.api.test.custom.TraderUserPaymentTest.traderUserPayment1(TraderUserPaymentTest.java:97)
	at sun.reflect.GeneratedMethodAccessor3.invoke(Unknown Source)
	at sun.reflect.DelegatingMethodAccessorImpl.invoke(Unknown Source)
	at java.lang.reflect.Method.invoke(Unknown Source)
	at org.testng.internal.MethodInvocationHelper.invokeMethod(MethodInvocationHelper.java:85)
	at org.testng.internal.InvokeMethodRunnable.runOne(InvokeMethodRunnable.java:46)
	at org.testng.internal.InvokeMethodRunnable.run(InvokeMethodRunnable.java:37)
	at java.util.concurrent.Executors$RunnableAdapter.call(Unknown Source)
	at java.util.concurrent.FutureTask.run(Unknown Source)
	at java.util.concurrent.ThreadPoolExecutor.runWorker(Unknown Source)
	at java.util.concurrent.ThreadPoolExecutor$Worker.run(Unknown Source)
	at java.lang.Thread.run(Unknown Source)
]]>
    </error>
  </testcase> <!-- traderUserPayment1 -->
  <testcase name="traderUserPayment" time="2.648" classname="com.llwallet.interfaces.test.api.test.custom.TraderUserPaymentTest"/>
  <testcase name="traderUserPayment1" time="0.096" classname="com.llwallet.interfaces.test.api.test.custom.TraderUserPaymentTest"/>
  <testcase name="traderUserPayment1" time="0.113" classname="com.llwallet.interfaces.test.api.test.custom.TraderUserPaymentTest"/>
  <testcase name="traderUserPayment1" time="0.090" classname="com.llwallet.interfaces.test.api.test.custom.TraderUserPaymentTest"/>
  <testcase name="traderUserPayment" time="0.521" classname="com.llwallet.interfaces.test.api.test.custom.TraderUserPaymentTest"/>
  <testcase name="traderUserPayment" time="0.628" classname="com.llwallet.interfaces.test.api.test.custom.TraderUserPaymentTest"/>
  <testcase name="traderUserPayment1" time="0.536" classname="com.llwallet.interfaces.test.api.test.custom.TraderUserPaymentTest"/>
  <testcase name="traderUserPayment" time="0.814" classname="com.llwallet.interfaces.test.api.test.custom.TraderUserPaymentTest"/>
  <testcase name="traderUserPayment" time="0.649" classname="com.llwallet.interfaces.test.api.test.custom.TraderUserPaymentTest"/>
  <testcase name="traderUserPayment" time="0.539" classname="com.llwallet.interfaces.test.api.test.custom.TraderUserPaymentTest"/>
  <testcase name="traderUserPayment" time="0.624" classname="com.llwallet.interfaces.test.api.test.custom.TraderUserPaymentTest"/>
  <testcase name="traderUserPayment1" time="0.664" classname="com.llwallet.interfaces.test.api.test.custom.TraderUserPaymentTest"/>
  <testcase name="traderUserPayment" time="0.548" classname="com.llwallet.interfaces.test.api.test.custom.TraderUserPaymentTest"/>
  <testcase name="traderUserPayment1" time="0.083" classname="com.llwallet.interfaces.test.api.test.custom.TraderUserPaymentTest"/>
  <testcase name="traderUserPayment1" time="0.289" classname="com.llwallet.interfaces.test.api.test.custom.TraderUserPaymentTest"/>
  <testcase name="traderUserPayment" time="0.590" classname="com.llwallet.interfaces.test.api.test.custom.TraderUserPaymentTest"/>
  <testcase name="traderUserPayment" time="0.855" classname="com.llwallet.interfaces.test.api.test.custom.TraderUserPaymentTest"/>
  <testcase name="traderUserPayment1" time="0.270" classname="com.llwallet.interfaces.test.api.test.custom.TraderUserPaymentTest"/>
  <testcase name="traderUserPayment" time="0.772" classname="com.llwallet.interfaces.test.api.test.custom.TraderUserPaymentTest"/>
  <testcase name="traderUserPayment1" time="0.099" classname="com.llwallet.interfaces.test.api.test.custom.TraderUserPaymentTest"/>
  <testcase name="traderUserPayment" time="0.522" classname="com.llwallet.interfaces.test.api.test.custom.TraderUserPaymentTest"/>
  <testcase name="traderUserPayment" time="0.713" classname="com.llwallet.interfaces.test.api.test.custom.TraderUserPaymentTest"/>
  <testcase name="traderUserPayment1" time="0.093" classname="com.llwallet.interfaces.test.api.test.custom.TraderUserPaymentTest"/>
</testsuite> <!-- com.llwallet.interfaces.test.api.test.custom.TraderUserPaymentTest -->
