<?xml version="1.0" encoding="UTF-8"?>
<!-- Generated by org.testng.reporters.JUnitReportReporter -->
<testsuite hostname="LT-jiangxm" name="com.llwallet.interfaces.test.api.online.personal.CashoutNowApplyOnlineTest" tests="1" failures="0" timestamp="24 May 2017 12:56:34 GMT" time="3.356" errors="0">
  <testcase name="cashoutNowApply" time="3.356" classname="com.llwallet.interfaces.test.api.online.personal.CashoutNowApplyOnlineTest"/>
</testsuite> <!-- com.llwallet.interfaces.test.api.online.personal.CashoutNowApplyOnlineTest -->
