<?xml version="1.0" encoding="UTF-8"?>
<!-- Generated by org.testng.reporters.JUnitReportReporter -->
<testsuite hostname="LT-jiangxm" name="com.llwallet.interfaces.test.dubbo.transferaccountbusiservice.QueryTranseferAccountsLimitTest" tests="10" failures="0" timestamp="20 Feb 2017 01:25:39 GMT" time="0.670" errors="0">
  <testcase name="queryTranseferAccountsLimit" time="0.014" classname="com.llwallet.interfaces.test.dubbo.transferaccountbusiservice.QueryTranseferAccountsLimitTest"/>
  <testcase name="queryTranseferAccountsLimit" time="0.024" classname="com.llwallet.interfaces.test.dubbo.transferaccountbusiservice.QueryTranseferAccountsLimitTest"/>
  <testcase name="queryTranseferAccountsLimit" time="0.022" classname="com.llwallet.interfaces.test.dubbo.transferaccountbusiservice.QueryTranseferAccountsLimitTest"/>
  <testcase name="queryTranseferAccountsLimit" time="0.103" classname="com.llwallet.interfaces.test.dubbo.transferaccountbusiservice.QueryTranseferAccountsLimitTest"/>
  <testcase name="queryTranseferAccountsLimit" time="0.093" classname="com.llwallet.interfaces.test.dubbo.transferaccountbusiservice.QueryTranseferAccountsLimitTest"/>
  <testcase name="queryTranseferAccountsLimit" time="0.101" classname="com.llwallet.interfaces.test.dubbo.transferaccountbusiservice.QueryTranseferAccountsLimitTest"/>
  <testcase name="queryTranseferAccountsLimit" time="0.104" classname="com.llwallet.interfaces.test.dubbo.transferaccountbusiservice.QueryTranseferAccountsLimitTest"/>
  <testcase name="queryTranseferAccountsLimit" time="0.103" classname="com.llwallet.interfaces.test.dubbo.transferaccountbusiservice.QueryTranseferAccountsLimitTest"/>
  <testcase name="queryTranseferAccountsLimit" time="0.054" classname="com.llwallet.interfaces.test.dubbo.transferaccountbusiservice.QueryTranseferAccountsLimitTest"/>
  <testcase name="queryTranseferAccountsLimit" time="0.052" classname="com.llwallet.interfaces.test.dubbo.transferaccountbusiservice.QueryTranseferAccountsLimitTest"/>
</testsuite> <!-- com.llwallet.interfaces.test.dubbo.transferaccountbusiservice.QueryTranseferAccountsLimitTest -->
