<?xml version="1.0" encoding="UTF-8"?>
<!-- Generated by org.testng.reporters.JUnitReportReporter -->
<testsuite hostname="LT-jiangxm" name="com.llwallet.interfaces.test.api.online.personal.TraderPaymentOnlineTest" tests="1" failures="0" timestamp="28 Nov 2017 11:50:11 GMT" time="2.171" errors="0">
  <testcase name="traderPayment" time="2.171" classname="com.llwallet.interfaces.test.api.online.personal.TraderPaymentOnlineTest"/>
</testsuite> <!-- com.llwallet.interfaces.test.api.online.personal.TraderPaymentOnlineTest -->
