<?xml version="1.0" encoding="UTF-8"?>
<!-- Generated by org.testng.reporters.JUnitReportReporter -->
<testsuite hostname="LT-jiangxm" name="com.llwallet.interfaces.test.dubbo.coreservice.UpdateKYCTest" tests="15" failures="0" timestamp="20 Feb 2017 01:25:39 GMT" time="2.334" errors="0">
  <testcase name="updateKYC" time="0.074" classname="com.llwallet.interfaces.test.dubbo.coreservice.UpdateKYCTest"/>
  <testcase name="updateKYC" time="0.052" classname="com.llwallet.interfaces.test.dubbo.coreservice.UpdateKYCTest"/>
  <testcase name="updateKYC" time="0.035" classname="com.llwallet.interfaces.test.dubbo.coreservice.UpdateKYCTest"/>
  <testcase name="updateKYC" time="0.011" classname="com.llwallet.interfaces.test.dubbo.coreservice.UpdateKYCTest"/>
  <testcase name="updateKYC" time="0.140" classname="com.llwallet.interfaces.test.dubbo.coreservice.UpdateKYCTest"/>
  <testcase name="updateKYC" time="0.463" classname="com.llwallet.interfaces.test.dubbo.coreservice.UpdateKYCTest"/>
  <testcase name="updateKYC" time="0.121" classname="com.llwallet.interfaces.test.dubbo.coreservice.UpdateKYCTest"/>
  <testcase name="updateKYC" time="0.067" classname="com.llwallet.interfaces.test.dubbo.coreservice.UpdateKYCTest"/>
  <testcase name="updateKYC" time="0.444" classname="com.llwallet.interfaces.test.dubbo.coreservice.UpdateKYCTest"/>
  <testcase name="updateKYC" time="0.459" classname="com.llwallet.interfaces.test.dubbo.coreservice.UpdateKYCTest"/>
  <testcase name="updateKYC" time="0.116" classname="com.llwallet.interfaces.test.dubbo.coreservice.UpdateKYCTest"/>
  <testcase name="updateKYC" time="0.066" classname="com.llwallet.interfaces.test.dubbo.coreservice.UpdateKYCTest"/>
  <testcase name="updateKYC" time="0.112" classname="com.llwallet.interfaces.test.dubbo.coreservice.UpdateKYCTest"/>
  <testcase name="updateKYC" time="0.046" classname="com.llwallet.interfaces.test.dubbo.coreservice.UpdateKYCTest"/>
  <testcase name="updateKYC" time="0.128" classname="com.llwallet.interfaces.test.dubbo.coreservice.UpdateKYCTest"/>
</testsuite> <!-- com.llwallet.interfaces.test.dubbo.coreservice.UpdateKYCTest -->
