<?xml version="1.0" encoding="UTF-8"?>
<!-- Generated by org.testng.reporters.JUnitReportReporter -->
<testsuite hostname="LT-jiangxm" name="com.llwallet.interfaces.test.dubbo.bankcardpayservice.QueryWalletBankCardPayTypeTest" tests="10" failures="0" timestamp="20 Feb 2017 01:25:39 GMT" time="0.628" errors="0">
  <testcase name="queryWalletBankCardPayType" time="0.084" classname="com.llwallet.interfaces.test.dubbo.bankcardpayservice.QueryWalletBankCardPayTypeTest"/>
  <testcase name="queryWalletBankCardPayType" time="0.103" classname="com.llwallet.interfaces.test.dubbo.bankcardpayservice.QueryWalletBankCardPayTypeTest"/>
  <testcase name="queryWalletBankCardPayType" time="0.088" classname="com.llwallet.interfaces.test.dubbo.bankcardpayservice.QueryWalletBankCardPayTypeTest"/>
  <testcase name="queryWalletBankCardPayType" time="0.034" classname="com.llwallet.interfaces.test.dubbo.bankcardpayservice.QueryWalletBankCardPayTypeTest"/>
  <testcase name="queryWalletBankCardPayType" time="0.023" classname="com.llwallet.interfaces.test.dubbo.bankcardpayservice.QueryWalletBankCardPayTypeTest"/>
  <testcase name="queryWalletBankCardPayType" time="0.021" classname="com.llwallet.interfaces.test.dubbo.bankcardpayservice.QueryWalletBankCardPayTypeTest"/>
  <testcase name="queryWalletBankCardPayType" time="0.094" classname="com.llwallet.interfaces.test.dubbo.bankcardpayservice.QueryWalletBankCardPayTypeTest"/>
  <testcase name="queryWalletBankCardPayType" time="0.053" classname="com.llwallet.interfaces.test.dubbo.bankcardpayservice.QueryWalletBankCardPayTypeTest"/>
  <testcase name="queryWalletBankCardPayType" time="0.044" classname="com.llwallet.interfaces.test.dubbo.bankcardpayservice.QueryWalletBankCardPayTypeTest"/>
  <testcase name="queryWalletBankCardPayType" time="0.084" classname="com.llwallet.interfaces.test.dubbo.bankcardpayservice.QueryWalletBankCardPayTypeTest"/>
</testsuite> <!-- com.llwallet.interfaces.test.dubbo.bankcardpayservice.QueryWalletBankCardPayTypeTest -->
