<?xml version="1.0" encoding="UTF-8"?>
<!-- Generated by org.testng.reporters.JUnitReportReporter -->
<testsuite hostname="LT-jiangxm" name="com.llwallet.interfaces.test.api.online.custom.AccountCancellationOnlineTest" tests="1" failures="0" timestamp="15 Dec 2017 14:34:21 GMT" time="1.075" errors="0">
  <testcase name="test" time="1.075" classname="com.llwallet.interfaces.test.api.online.custom.AccountCancellationOnlineTest"/>
</testsuite> <!-- com.llwallet.interfaces.test.api.online.custom.AccountCancellationOnlineTest -->
