<?xml version="1.0" encoding="UTF-8"?>
<!-- Generated by org.testng.reporters.JUnitReportReporter -->
<testsuite hostname="LT-jiangxm" name="com.llwallet.interfaces.test.api.test.personal.BankCardPrepay1Test" tests="257" failures="1" timestamp="4 Nov 2017 06:28:18 GMT" time="217.266" errors="13">
  <testcase name="bankCardPrepay1" time="0.297" classname="com.llwallet.interfaces.test.api.test.personal.BankCardPrepay1Test"/>
  <testcase name="bankCardPrepay3" time="0.366" classname="com.llwallet.interfaces.test.api.test.personal.BankCardPrepay1Test"/>
  <testcase name="bankCardPrepay" time="1.185" classname="com.llwallet.interfaces.test.api.test.personal.BankCardPrepay1Test"/>
  <testcase name="bankCardPrepay" time="0.478" classname="com.llwallet.interfaces.test.api.test.personal.BankCardPrepay1Test"/>
  <testcase name="bankCardPrepay3" time="0.184" classname="com.llwallet.interfaces.test.api.test.personal.BankCardPrepay1Test"/>
  <testcase name="bankCardPrepay1" time="0.164" classname="com.llwallet.interfaces.test.api.test.personal.BankCardPrepay1Test"/>
  <testcase name="bankCardPrepay1" time="0.514" classname="com.llwallet.interfaces.test.api.test.personal.BankCardPrepay1Test">
    <error type="java.lang.AssertionError">
      <![CDATA[java.lang.AssertionError
	at com.llwallet.interfaces.test.api.test.personal.BankCardPrepay1Test.bankCardPrepay1(BankCardPrepay1Test.java:230)
	at sun.reflect.GeneratedMethodAccessor7.invoke(Unknown Source)
	at sun.reflect.DelegatingMethodAccessorImpl.invoke(Unknown Source)
	at java.lang.reflect.Method.invoke(Unknown Source)
	at org.testng.internal.MethodInvocationHelper.invokeMethod(MethodInvocationHelper.java:85)
	at org.testng.internal.InvokeMethodRunnable.runOne(InvokeMethodRunnable.java:46)
	at org.testng.internal.InvokeMethodRunnable.run(InvokeMethodRunnable.java:37)
	at java.util.concurrent.Executors$RunnableAdapter.call(Unknown Source)
	at java.util.concurrent.FutureTask.run(Unknown Source)
	at java.util.concurrent.ThreadPoolExecutor.runWorker(Unknown Source)
	at java.util.concurrent.ThreadPoolExecutor$Worker.run(Unknown Source)
	at java.lang.Thread.run(Unknown Source)
]]>
    </error>
  </testcase> <!-- bankCardPrepay1 -->
  <testcase name="bankCardPrepay" time="1.098" classname="com.llwallet.interfaces.test.api.test.personal.BankCardPrepay1Test"/>
  <testcase name="bankCardPrepay3" time="0.827" classname="com.llwallet.interfaces.test.api.test.personal.BankCardPrepay1Test"/>
  <testcase name="bankCardPrepay3" time="0.197" classname="com.llwallet.interfaces.test.api.test.personal.BankCardPrepay1Test"/>
  <testcase name="bankCardPrepay3" time="2.421" classname="com.llwallet.interfaces.test.api.test.personal.BankCardPrepay1Test"/>
  <testcase name="bankCardPrepay2" time="0.317" classname="com.llwallet.interfaces.test.api.test.personal.BankCardPrepay1Test"/>
  <testcase name="bankCardPrepay3" time="0.145" classname="com.llwallet.interfaces.test.api.test.personal.BankCardPrepay1Test"/>
  <testcase name="bankCardPrepay" time="1.397" classname="com.llwallet.interfaces.test.api.test.personal.BankCardPrepay1Test"/>
  <testcase name="bankCardPrepay1" time="0.134" classname="com.llwallet.interfaces.test.api.test.personal.BankCardPrepay1Test"/>
  <testcase name="bankCardPrepay1" time="0.147" classname="com.llwallet.interfaces.test.api.test.personal.BankCardPrepay1Test"/>
  <testcase name="bankCardPrepay" time="0.912" classname="com.llwallet.interfaces.test.api.test.personal.BankCardPrepay1Test"/>
  <testcase name="bankCardPrepay1" time="0.281" classname="com.llwallet.interfaces.test.api.test.personal.BankCardPrepay1Test"/>
  <testcase name="bankCardPrepay2" time="0.325" classname="com.llwallet.interfaces.test.api.test.personal.BankCardPrepay1Test"/>
  <testcase name="bankCardPrepay3" time="0.357" classname="com.llwallet.interfaces.test.api.test.personal.BankCardPrepay1Test"/>
  <testcase name="bankCardPrepay2" time="0.269" classname="com.llwallet.interfaces.test.api.test.personal.BankCardPrepay1Test"/>
  <testcase name="bankCardPrepay2" time="0.986" classname="com.llwallet.interfaces.test.api.test.personal.BankCardPrepay1Test"/>
  <testcase name="bankCardPrepay3" time="1.454" classname="com.llwallet.interfaces.test.api.test.personal.BankCardPrepay1Test"/>
  <testcase name="bankCardPrepay1" time="0.207" classname="com.llwallet.interfaces.test.api.test.personal.BankCardPrepay1Test"/>
  <testcase name="smoke" time="0.044" classname="com.llwallet.interfaces.test.api.test.personal.BankCardPrepay1Test">
    <failure type="java.lang.NullPointerException">
      <![CDATA[java.lang.NullPointerException
	at com.tools.dataprovider.ExcelProvider.next(ExcelProvider.java:218)
	at com.tools.dataprovider.ExcelProvider.next(ExcelProvider.java:1)
	at org.testng.internal.Invoker.invokeTestMethods(Invoker.java:1183)
	at org.testng.internal.TestMethodWorker.invokeTestMethods(TestMethodWorker.java:124)
	at org.testng.internal.TestMethodWorker.run(TestMethodWorker.java:108)
	at org.testng.TestRunner.privateRun(TestRunner.java:767)
	at org.testng.TestRunner.run(TestRunner.java:617)
	at org.testng.SuiteRunner.runTest(SuiteRunner.java:348)
	at org.testng.SuiteRunner.runSequentially(SuiteRunner.java:343)
	at org.testng.SuiteRunner.privateRun(SuiteRunner.java:305)
	at org.testng.SuiteRunner.run(SuiteRunner.java:254)
	at org.testng.SuiteRunnerWorker.runSuite(SuiteRunnerWorker.java:52)
	at org.testng.SuiteRunnerWorker.run(SuiteRunnerWorker.java:86)
	at org.testng.TestNG.runSuitesSequentially(TestNG.java:1224)
	at org.testng.TestNG.runSuitesLocally(TestNG.java:1149)
	at org.testng.TestNG.run(TestNG.java:1057)
	at org.testng.remote.RemoteTestNG.run(RemoteTestNG.java:111)
	at org.testng.remote.RemoteTestNG.initAndRun(RemoteTestNG.java:204)
	at org.testng.remote.RemoteTestNG.main(RemoteTestNG.java:175)
]]>
    </failure>
  </testcase> <!-- smoke -->
  <testcase name="bankCardPrepay" time="2.215" classname="com.llwallet.interfaces.test.api.test.personal.BankCardPrepay1Test"/>
  <testcase name="bankCardPrepay2" time="0.247" classname="com.llwallet.interfaces.test.api.test.personal.BankCardPrepay1Test"/>
  <testcase name="bankCardPrepay3" time="1.245" classname="com.llwallet.interfaces.test.api.test.personal.BankCardPrepay1Test"/>
  <testcase name="bankCardPrepay3" time="0.151" classname="com.llwallet.interfaces.test.api.test.personal.BankCardPrepay1Test"/>
  <testcase name="bankCardPrepay3" time="1.766" classname="com.llwallet.interfaces.test.api.test.personal.BankCardPrepay1Test"/>
  <testcase name="bankCardPrepay2" time="0.168" classname="com.llwallet.interfaces.test.api.test.personal.BankCardPrepay1Test"/>
  <testcase name="bankCardPrepay2" time="0.265" classname="com.llwallet.interfaces.test.api.test.personal.BankCardPrepay1Test"/>
  <testcase name="bankCardPrepay1" time="1.161" classname="com.llwallet.interfaces.test.api.test.personal.BankCardPrepay1Test"/>
  <testcase name="bankCardPrepay3" time="0.321" classname="com.llwallet.interfaces.test.api.test.personal.BankCardPrepay1Test"/>
  <testcase name="bankCardPrepay" time="1.203" classname="com.llwallet.interfaces.test.api.test.personal.BankCardPrepay1Test"/>
  <testcase name="bankCardPrepay3" time="0.183" classname="com.llwallet.interfaces.test.api.test.personal.BankCardPrepay1Test"/>
  <testcase name="bankCardPrepay2" time="0.163" classname="com.llwallet.interfaces.test.api.test.personal.BankCardPrepay1Test"/>
  <testcase name="bankCardPrepay1" time="0.136" classname="com.llwallet.interfaces.test.api.test.personal.BankCardPrepay1Test"/>
  <testcase name="bankCardPrepay1" time="2.000" classname="com.llwallet.interfaces.test.api.test.personal.BankCardPrepay1Test"/>
  <testcase name="bankCardPrepay1" time="0.150" classname="com.llwallet.interfaces.test.api.test.personal.BankCardPrepay1Test"/>
  <testcase name="bankCardPrepay3" time="1.155" classname="com.llwallet.interfaces.test.api.test.personal.BankCardPrepay1Test"/>
  <testcase name="bankCardPrepay2" time="1.164" classname="com.llwallet.interfaces.test.api.test.personal.BankCardPrepay1Test"/>
  <testcase name="bankCardPrepay3" time="0.340" classname="com.llwallet.interfaces.test.api.test.personal.BankCardPrepay1Test"/>
  <testcase name="bankCardPrepay1" time="1.286" classname="com.llwallet.interfaces.test.api.test.personal.BankCardPrepay1Test"/>
  <testcase name="bankCardPrepay2" time="1.777" classname="com.llwallet.interfaces.test.api.test.personal.BankCardPrepay1Test"/>
  <testcase name="bankCardPrepay1" time="1.478" classname="com.llwallet.interfaces.test.api.test.personal.BankCardPrepay1Test"/>
  <testcase name="bankCardPrepay1" time="0.140" classname="com.llwallet.interfaces.test.api.test.personal.BankCardPrepay1Test"/>
  <testcase name="bankCardPrepay1" time="1.206" classname="com.llwallet.interfaces.test.api.test.personal.BankCardPrepay1Test"/>
  <testcase name="bankCardPrepay2" time="0.622" classname="com.llwallet.interfaces.test.api.test.personal.BankCardPrepay1Test"/>
  <testcase name="bankCardPrepay1" time="0.166" classname="com.llwallet.interfaces.test.api.test.personal.BankCardPrepay1Test"/>
  <testcase name="bankCardPrepay" time="1.535" classname="com.llwallet.interfaces.test.api.test.personal.BankCardPrepay1Test"/>
  <testcase name="bankCardPrepay" time="0.151" classname="com.llwallet.interfaces.test.api.test.personal.BankCardPrepay1Test"/>
  <testcase name="bankCardPrepay3" time="4.183" classname="com.llwallet.interfaces.test.api.test.personal.BankCardPrepay1Test"/>
  <testcase name="bankCardPrepay2" time="1.435" classname="com.llwallet.interfaces.test.api.test.personal.BankCardPrepay1Test">
    <error type="java.lang.AssertionError">
      <![CDATA[java.lang.AssertionError
	at com.llwallet.interfaces.test.api.test.personal.BankCardPrepay1Test.bankCardPrepay2(BankCardPrepay1Test.java:331)
	at sun.reflect.GeneratedMethodAccessor8.invoke(Unknown Source)
	at sun.reflect.DelegatingMethodAccessorImpl.invoke(Unknown Source)
	at java.lang.reflect.Method.invoke(Unknown Source)
	at org.testng.internal.MethodInvocationHelper.invokeMethod(MethodInvocationHelper.java:85)
	at org.testng.internal.InvokeMethodRunnable.runOne(InvokeMethodRunnable.java:46)
	at org.testng.internal.InvokeMethodRunnable.run(InvokeMethodRunnable.java:37)
	at java.util.concurrent.Executors$RunnableAdapter.call(Unknown Source)
	at java.util.concurrent.FutureTask.run(Unknown Source)
	at java.util.concurrent.ThreadPoolExecutor.runWorker(Unknown Source)
	at java.util.concurrent.ThreadPoolExecutor$Worker.run(Unknown Source)
	at java.lang.Thread.run(Unknown Source)
]]>
    </error>
  </testcase> <!-- bankCardPrepay2 -->
  <testcase name="bankCardPrepay3" time="0.274" classname="com.llwallet.interfaces.test.api.test.personal.BankCardPrepay1Test"/>
  <testcase name="bankCardPrepay" time="1.656" classname="com.llwallet.interfaces.test.api.test.personal.BankCardPrepay1Test"/>
  <testcase name="bankCardPrepay1" time="0.315" classname="com.llwallet.interfaces.test.api.test.personal.BankCardPrepay1Test"/>
  <testcase name="bankCardPrepay3" time="0.384" classname="com.llwallet.interfaces.test.api.test.personal.BankCardPrepay1Test">
    <error type="java.lang.AssertionError">
      <![CDATA[java.lang.AssertionError
	at com.llwallet.interfaces.test.api.test.personal.BankCardPrepay1Test.bankCardPrepay3(BankCardPrepay1Test.java:432)
	at sun.reflect.GeneratedMethodAccessor9.invoke(Unknown Source)
	at sun.reflect.DelegatingMethodAccessorImpl.invoke(Unknown Source)
	at java.lang.reflect.Method.invoke(Unknown Source)
	at org.testng.internal.MethodInvocationHelper.invokeMethod(MethodInvocationHelper.java:85)
	at org.testng.internal.InvokeMethodRunnable.runOne(InvokeMethodRunnable.java:46)
	at org.testng.internal.InvokeMethodRunnable.run(InvokeMethodRunnable.java:37)
	at java.util.concurrent.Executors$RunnableAdapter.call(Unknown Source)
	at java.util.concurrent.FutureTask.run(Unknown Source)
	at java.util.concurrent.ThreadPoolExecutor.runWorker(Unknown Source)
	at java.util.concurrent.ThreadPoolExecutor$Worker.run(Unknown Source)
	at java.lang.Thread.run(Unknown Source)
]]>
    </error>
  </testcase> <!-- bankCardPrepay3 -->
  <testcase name="bankCardPrepay" time="0.963" classname="com.llwallet.interfaces.test.api.test.personal.BankCardPrepay1Test"/>
  <testcase name="bankCardPrepay" time="1.140" classname="com.llwallet.interfaces.test.api.test.personal.BankCardPrepay1Test"/>
  <testcase name="bankCardPrepay1" time="1.060" classname="com.llwallet.interfaces.test.api.test.personal.BankCardPrepay1Test"/>
  <testcase name="bankCardPrepay1" time="1.176" classname="com.llwallet.interfaces.test.api.test.personal.BankCardPrepay1Test">
    <error type="java.lang.AssertionError">
      <![CDATA[java.lang.AssertionError
	at com.llwallet.interfaces.test.api.test.personal.BankCardPrepay1Test.bankCardPrepay1(BankCardPrepay1Test.java:230)
	at sun.reflect.GeneratedMethodAccessor7.invoke(Unknown Source)
	at sun.reflect.DelegatingMethodAccessorImpl.invoke(Unknown Source)
	at java.lang.reflect.Method.invoke(Unknown Source)
	at org.testng.internal.MethodInvocationHelper.invokeMethod(MethodInvocationHelper.java:85)
	at org.testng.internal.InvokeMethodRunnable.runOne(InvokeMethodRunnable.java:46)
	at org.testng.internal.InvokeMethodRunnable.run(InvokeMethodRunnable.java:37)
	at java.util.concurrent.Executors$RunnableAdapter.call(Unknown Source)
	at java.util.concurrent.FutureTask.run(Unknown Source)
	at java.util.concurrent.ThreadPoolExecutor.runWorker(Unknown Source)
	at java.util.concurrent.ThreadPoolExecutor$Worker.run(Unknown Source)
	at java.lang.Thread.run(Unknown Source)
]]>
    </error>
  </testcase> <!-- bankCardPrepay1 -->
  <testcase name="bankCardPrepay1" time="0.443" classname="com.llwallet.interfaces.test.api.test.personal.BankCardPrepay1Test">
    <error type="java.lang.AssertionError">
      <![CDATA[java.lang.AssertionError
	at com.llwallet.interfaces.test.api.test.personal.BankCardPrepay1Test.bankCardPrepay1(BankCardPrepay1Test.java:230)
	at sun.reflect.GeneratedMethodAccessor7.invoke(Unknown Source)
	at sun.reflect.DelegatingMethodAccessorImpl.invoke(Unknown Source)
	at java.lang.reflect.Method.invoke(Unknown Source)
	at org.testng.internal.MethodInvocationHelper.invokeMethod(MethodInvocationHelper.java:85)
	at org.testng.internal.InvokeMethodRunnable.runOne(InvokeMethodRunnable.java:46)
	at org.testng.internal.InvokeMethodRunnable.run(InvokeMethodRunnable.java:37)
	at java.util.concurrent.Executors$RunnableAdapter.call(Unknown Source)
	at java.util.concurrent.FutureTask.run(Unknown Source)
	at java.util.concurrent.ThreadPoolExecutor.runWorker(Unknown Source)
	at java.util.concurrent.ThreadPoolExecutor$Worker.run(Unknown Source)
	at java.lang.Thread.run(Unknown Source)
]]>
    </error>
  </testcase> <!-- bankCardPrepay1 -->
  <testcase name="bankCardPrepay1" time="0.154" classname="com.llwallet.interfaces.test.api.test.personal.BankCardPrepay1Test"/>
  <testcase name="bankCardPrepay2" time="0.163" classname="com.llwallet.interfaces.test.api.test.personal.BankCardPrepay1Test"/>
  <testcase name="bankCardPrepay1" time="1.483" classname="com.llwallet.interfaces.test.api.test.personal.BankCardPrepay1Test"/>
  <testcase name="bankCardPrepay3" time="0.351" classname="com.llwallet.interfaces.test.api.test.personal.BankCardPrepay1Test"/>
  <testcase name="bankCardPrepay1" time="1.616" classname="com.llwallet.interfaces.test.api.test.personal.BankCardPrepay1Test">
    <error type="java.lang.AssertionError">
      <![CDATA[java.lang.AssertionError
	at com.llwallet.interfaces.test.api.test.personal.BankCardPrepay1Test.bankCardPrepay1(BankCardPrepay1Test.java:230)
	at sun.reflect.NativeMethodAccessorImpl.invoke0(Native Method)
	at sun.reflect.NativeMethodAccessorImpl.invoke(Unknown Source)
	at sun.reflect.DelegatingMethodAccessorImpl.invoke(Unknown Source)
	at java.lang.reflect.Method.invoke(Unknown Source)
	at org.testng.internal.MethodInvocationHelper.invokeMethod(MethodInvocationHelper.java:85)
	at org.testng.internal.InvokeMethodRunnable.runOne(InvokeMethodRunnable.java:46)
	at org.testng.internal.InvokeMethodRunnable.run(InvokeMethodRunnable.java:37)
	at java.util.concurrent.Executors$RunnableAdapter.call(Unknown Source)
	at java.util.concurrent.FutureTask.run(Unknown Source)
	at java.util.concurrent.ThreadPoolExecutor.runWorker(Unknown Source)
	at java.util.concurrent.ThreadPoolExecutor$Worker.run(Unknown Source)
	at java.lang.Thread.run(Unknown Source)
]]>
    </error>
  </testcase> <!-- bankCardPrepay1 -->
  <testcase name="bankCardPrepay2" time="0.164" classname="com.llwallet.interfaces.test.api.test.personal.BankCardPrepay1Test"/>
  <testcase name="bankCardPrepay" time="1.015" classname="com.llwallet.interfaces.test.api.test.personal.BankCardPrepay1Test"/>
  <testcase name="bankCardPrepay3" time="2.382" classname="com.llwallet.interfaces.test.api.test.personal.BankCardPrepay1Test"/>
  <testcase name="bankCardPrepay" time="0.836" classname="com.llwallet.interfaces.test.api.test.personal.BankCardPrepay1Test"/>
  <testcase name="bankCardPrepay2" time="0.256" classname="com.llwallet.interfaces.test.api.test.personal.BankCardPrepay1Test"/>
  <testcase name="bankCardPrepay1" time="1.716" classname="com.llwallet.interfaces.test.api.test.personal.BankCardPrepay1Test"/>
  <testcase name="bankCardPrepay1" time="1.228" classname="com.llwallet.interfaces.test.api.test.personal.BankCardPrepay1Test"/>
  <testcase name="bankCardPrepay1" time="1.070" classname="com.llwallet.interfaces.test.api.test.personal.BankCardPrepay1Test"/>
  <testcase name="bankCardPrepay3" time="0.248" classname="com.llwallet.interfaces.test.api.test.personal.BankCardPrepay1Test"/>
  <testcase name="bankCardPrepay1" time="1.836" classname="com.llwallet.interfaces.test.api.test.personal.BankCardPrepay1Test"/>
  <testcase name="bankCardPrepay" time="1.467" classname="com.llwallet.interfaces.test.api.test.personal.BankCardPrepay1Test"/>
  <testcase name="bankCardPrepay3" time="0.246" classname="com.llwallet.interfaces.test.api.test.personal.BankCardPrepay1Test"/>
  <testcase name="bankCardPrepay1" time="0.559" classname="com.llwallet.interfaces.test.api.test.personal.BankCardPrepay1Test"/>
  <testcase name="bankCardPrepay3" time="0.199" classname="com.llwallet.interfaces.test.api.test.personal.BankCardPrepay1Test"/>
  <testcase name="bankCardPrepay3" time="0.905" classname="com.llwallet.interfaces.test.api.test.personal.BankCardPrepay1Test">
    <error type="java.lang.AssertionError">
      <![CDATA[java.lang.AssertionError
	at com.llwallet.interfaces.test.api.test.personal.BankCardPrepay1Test.bankCardPrepay3(BankCardPrepay1Test.java:432)
	at sun.reflect.GeneratedMethodAccessor9.invoke(Unknown Source)
	at sun.reflect.DelegatingMethodAccessorImpl.invoke(Unknown Source)
	at java.lang.reflect.Method.invoke(Unknown Source)
	at org.testng.internal.MethodInvocationHelper.invokeMethod(MethodInvocationHelper.java:85)
	at org.testng.internal.InvokeMethodRunnable.runOne(InvokeMethodRunnable.java:46)
	at org.testng.internal.InvokeMethodRunnable.run(InvokeMethodRunnable.java:37)
	at java.util.concurrent.Executors$RunnableAdapter.call(Unknown Source)
	at java.util.concurrent.FutureTask.run(Unknown Source)
	at java.util.concurrent.ThreadPoolExecutor.runWorker(Unknown Source)
	at java.util.concurrent.ThreadPoolExecutor$Worker.run(Unknown Source)
	at java.lang.Thread.run(Unknown Source)
]]>
    </error>
  </testcase> <!-- bankCardPrepay3 -->
  <testcase name="bankCardPrepay2" time="0.170" classname="com.llwallet.interfaces.test.api.test.personal.BankCardPrepay1Test"/>
  <testcase name="bankCardPrepay3" time="1.228" classname="com.llwallet.interfaces.test.api.test.personal.BankCardPrepay1Test"/>
  <testcase name="bankCardPrepay3" time="1.896" classname="com.llwallet.interfaces.test.api.test.personal.BankCardPrepay1Test"/>
  <testcase name="bankCardPrepay1" time="1.356" classname="com.llwallet.interfaces.test.api.test.personal.BankCardPrepay1Test"/>
  <testcase name="bankCardPrepay" time="1.362" classname="com.llwallet.interfaces.test.api.test.personal.BankCardPrepay1Test"/>
  <testcase name="bankCardPrepay3" time="1.132" classname="com.llwallet.interfaces.test.api.test.personal.BankCardPrepay1Test"/>
  <testcase name="bankCardPrepay1" time="2.008" classname="com.llwallet.interfaces.test.api.test.personal.BankCardPrepay1Test"/>
  <testcase name="bankCardPrepay1" time="0.139" classname="com.llwallet.interfaces.test.api.test.personal.BankCardPrepay1Test"/>
  <testcase name="bankCardPrepay3" time="0.162" classname="com.llwallet.interfaces.test.api.test.personal.BankCardPrepay1Test"/>
  <testcase name="bankCardPrepay" time="1.061" classname="com.llwallet.interfaces.test.api.test.personal.BankCardPrepay1Test"/>
  <testcase name="bankCardPrepay1" time="0.424" classname="com.llwallet.interfaces.test.api.test.personal.BankCardPrepay1Test">
    <error type="java.lang.AssertionError">
      <![CDATA[java.lang.AssertionError
	at com.llwallet.interfaces.test.api.test.personal.BankCardPrepay1Test.bankCardPrepay1(BankCardPrepay1Test.java:230)
	at sun.reflect.GeneratedMethodAccessor7.invoke(Unknown Source)
	at sun.reflect.DelegatingMethodAccessorImpl.invoke(Unknown Source)
	at java.lang.reflect.Method.invoke(Unknown Source)
	at org.testng.internal.MethodInvocationHelper.invokeMethod(MethodInvocationHelper.java:85)
	at org.testng.internal.InvokeMethodRunnable.runOne(InvokeMethodRunnable.java:46)
	at org.testng.internal.InvokeMethodRunnable.run(InvokeMethodRunnable.java:37)
	at java.util.concurrent.Executors$RunnableAdapter.call(Unknown Source)
	at java.util.concurrent.FutureTask.run(Unknown Source)
	at java.util.concurrent.ThreadPoolExecutor.runWorker(Unknown Source)
	at java.util.concurrent.ThreadPoolExecutor$Worker.run(Unknown Source)
	at java.lang.Thread.run(Unknown Source)
]]>
    </error>
  </testcase> <!-- bankCardPrepay1 -->
  <testcase name="bankCardPrepay3" time="0.275" classname="com.llwallet.interfaces.test.api.test.personal.BankCardPrepay1Test"/>
  <testcase name="bankCardPrepay1" time="0.269" classname="com.llwallet.interfaces.test.api.test.personal.BankCardPrepay1Test"/>
  <testcase name="bankCardPrepay3" time="0.166" classname="com.llwallet.interfaces.test.api.test.personal.BankCardPrepay1Test"/>
  <testcase name="bankCardPrepay3" time="1.169" classname="com.llwallet.interfaces.test.api.test.personal.BankCardPrepay1Test"/>
  <testcase name="bankCardPrepay3" time="1.752" classname="com.llwallet.interfaces.test.api.test.personal.BankCardPrepay1Test"/>
  <testcase name="bankCardPrepay" time="1.101" classname="com.llwallet.interfaces.test.api.test.personal.BankCardPrepay1Test"/>
  <testcase name="bankCardPrepay1" time="0.491" classname="com.llwallet.interfaces.test.api.test.personal.BankCardPrepay1Test"/>
  <testcase name="bankCardPrepay2" time="0.167" classname="com.llwallet.interfaces.test.api.test.personal.BankCardPrepay1Test"/>
  <testcase name="bankCardPrepay2" time="0.375" classname="com.llwallet.interfaces.test.api.test.personal.BankCardPrepay1Test"/>
  <testcase name="bankCardPrepay1" time="0.138" classname="com.llwallet.interfaces.test.api.test.personal.BankCardPrepay1Test"/>
  <testcase name="bankCardPrepay3" time="2.528" classname="com.llwallet.interfaces.test.api.test.personal.BankCardPrepay1Test"/>
  <testcase name="bankCardPrepay3" time="0.275" classname="com.llwallet.interfaces.test.api.test.personal.BankCardPrepay1Test"/>
  <testcase name="bankCardPrepay1" time="1.097" classname="com.llwallet.interfaces.test.api.test.personal.BankCardPrepay1Test"/>
  <testcase name="bankCardPrepay2" time="1.006" classname="com.llwallet.interfaces.test.api.test.personal.BankCardPrepay1Test"/>
  <testcase name="bankCardPrepay1" time="0.136" classname="com.llwallet.interfaces.test.api.test.personal.BankCardPrepay1Test"/>
  <testcase name="bankCardPrepay1" time="2.342" classname="com.llwallet.interfaces.test.api.test.personal.BankCardPrepay1Test"/>
  <testcase name="bankCardPrepay1" time="1.753" classname="com.llwallet.interfaces.test.api.test.personal.BankCardPrepay1Test"/>
  <testcase name="bankCardPrepay2" time="0.248" classname="com.llwallet.interfaces.test.api.test.personal.BankCardPrepay1Test"/>
  <testcase name="bankCardPrepay3" time="3.774" classname="com.llwallet.interfaces.test.api.test.personal.BankCardPrepay1Test"/>
  <testcase name="bankCardPrepay1" time="0.143" classname="com.llwallet.interfaces.test.api.test.personal.BankCardPrepay1Test"/>
  <testcase name="bankCardPrepay1" time="0.137" classname="com.llwallet.interfaces.test.api.test.personal.BankCardPrepay1Test"/>
  <testcase name="bankCardPrepay3" time="1.883" classname="com.llwallet.interfaces.test.api.test.personal.BankCardPrepay1Test"/>
  <testcase name="bankCardPrepay1" time="0.136" classname="com.llwallet.interfaces.test.api.test.personal.BankCardPrepay1Test"/>
  <testcase name="bankCardPrepay3" time="0.171" classname="com.llwallet.interfaces.test.api.test.personal.BankCardPrepay1Test"/>
  <testcase name="bankCardPrepay1" time="1.517" classname="com.llwallet.interfaces.test.api.test.personal.BankCardPrepay1Test"/>
  <testcase name="bankCardPrepay" time="1.294" classname="com.llwallet.interfaces.test.api.test.personal.BankCardPrepay1Test"/>
  <testcase name="bankCardPrepay3" time="0.342" classname="com.llwallet.interfaces.test.api.test.personal.BankCardPrepay1Test"/>
  <testcase name="bankCardPrepay3" time="1.176" classname="com.llwallet.interfaces.test.api.test.personal.BankCardPrepay1Test"/>
  <testcase name="bankCardPrepay3" time="0.165" classname="com.llwallet.interfaces.test.api.test.personal.BankCardPrepay1Test"/>
  <testcase name="bankCardPrepay3" time="0.380" classname="com.llwallet.interfaces.test.api.test.personal.BankCardPrepay1Test"/>
  <testcase name="bankCardPrepay3" time="0.856" classname="com.llwallet.interfaces.test.api.test.personal.BankCardPrepay1Test"/>
  <testcase name="bankCardPrepay3" time="0.155" classname="com.llwallet.interfaces.test.api.test.personal.BankCardPrepay1Test"/>
  <testcase name="bankCardPrepay1" time="1.197" classname="com.llwallet.interfaces.test.api.test.personal.BankCardPrepay1Test">
    <error type="java.lang.AssertionError">
      <![CDATA[java.lang.AssertionError
	at com.llwallet.interfaces.test.api.test.personal.BankCardPrepay1Test.bankCardPrepay1(BankCardPrepay1Test.java:230)
	at sun.reflect.NativeMethodAccessorImpl.invoke0(Native Method)
	at sun.reflect.NativeMethodAccessorImpl.invoke(Unknown Source)
	at sun.reflect.DelegatingMethodAccessorImpl.invoke(Unknown Source)
	at java.lang.reflect.Method.invoke(Unknown Source)
	at org.testng.internal.MethodInvocationHelper.invokeMethod(MethodInvocationHelper.java:85)
	at org.testng.internal.InvokeMethodRunnable.runOne(InvokeMethodRunnable.java:46)
	at org.testng.internal.InvokeMethodRunnable.run(InvokeMethodRunnable.java:37)
	at java.util.concurrent.Executors$RunnableAdapter.call(Unknown Source)
	at java.util.concurrent.FutureTask.run(Unknown Source)
	at java.util.concurrent.ThreadPoolExecutor.runWorker(Unknown Source)
	at java.util.concurrent.ThreadPoolExecutor$Worker.run(Unknown Source)
	at java.lang.Thread.run(Unknown Source)
]]>
    </error>
  </testcase> <!-- bankCardPrepay1 -->
  <testcase name="bankCardPrepay2" time="0.249" classname="com.llwallet.interfaces.test.api.test.personal.BankCardPrepay1Test"/>
  <testcase name="bankCardPrepay3" time="0.185" classname="com.llwallet.interfaces.test.api.test.personal.BankCardPrepay1Test"/>
  <testcase name="bankCardPrepay1" time="1.092" classname="com.llwallet.interfaces.test.api.test.personal.BankCardPrepay1Test"/>
  <testcase name="bankCardPrepay3" time="0.224" classname="com.llwallet.interfaces.test.api.test.personal.BankCardPrepay1Test"/>
  <testcase name="bankCardPrepay2" time="0.165" classname="com.llwallet.interfaces.test.api.test.personal.BankCardPrepay1Test"/>
  <testcase name="bankCardPrepay2" time="0.173" classname="com.llwallet.interfaces.test.api.test.personal.BankCardPrepay1Test"/>
  <testcase name="bankCardPrepay3" time="0.423" classname="com.llwallet.interfaces.test.api.test.personal.BankCardPrepay1Test"/>
  <testcase name="bankCardPrepay1" time="0.139" classname="com.llwallet.interfaces.test.api.test.personal.BankCardPrepay1Test"/>
  <testcase name="bankCardPrepay1" time="0.456" classname="com.llwallet.interfaces.test.api.test.personal.BankCardPrepay1Test"/>
  <testcase name="bankCardPrepay3" time="1.842" classname="com.llwallet.interfaces.test.api.test.personal.BankCardPrepay1Test"/>
  <testcase name="bankCardPrepay1" time="0.160" classname="com.llwallet.interfaces.test.api.test.personal.BankCardPrepay1Test"/>
  <testcase name="bankCardPrepay3" time="0.881" classname="com.llwallet.interfaces.test.api.test.personal.BankCardPrepay1Test"/>
  <testcase name="bankCardPrepay3" time="0.249" classname="com.llwallet.interfaces.test.api.test.personal.BankCardPrepay1Test"/>
  <testcase name="bankCardPrepay1" time="1.098" classname="com.llwallet.interfaces.test.api.test.personal.BankCardPrepay1Test"/>
  <testcase name="bankCardPrepay" time="1.078" classname="com.llwallet.interfaces.test.api.test.personal.BankCardPrepay1Test"/>
  <testcase name="bankCardPrepay1" time="0.217" classname="com.llwallet.interfaces.test.api.test.personal.BankCardPrepay1Test"/>
  <testcase name="bankCardPrepay1" time="0.149" classname="com.llwallet.interfaces.test.api.test.personal.BankCardPrepay1Test"/>
  <testcase name="bankCardPrepay1" time="0.578" classname="com.llwallet.interfaces.test.api.test.personal.BankCardPrepay1Test"/>
  <testcase name="bankCardPrepay3" time="1.113" classname="com.llwallet.interfaces.test.api.test.personal.BankCardPrepay1Test"/>
  <testcase name="bankCardPrepay3" time="0.147" classname="com.llwallet.interfaces.test.api.test.personal.BankCardPrepay1Test"/>
  <testcase name="bankCardPrepay2" time="1.549" classname="com.llwallet.interfaces.test.api.test.personal.BankCardPrepay1Test"/>
  <testcase name="bankCardPrepay" time="1.140" classname="com.llwallet.interfaces.test.api.test.personal.BankCardPrepay1Test"/>
  <testcase name="bankCardPrepay" time="1.715" classname="com.llwallet.interfaces.test.api.test.personal.BankCardPrepay1Test"/>
  <testcase name="bankCardPrepay1" time="0.131" classname="com.llwallet.interfaces.test.api.test.personal.BankCardPrepay1Test"/>
  <testcase name="bankCardPrepay3" time="0.241" classname="com.llwallet.interfaces.test.api.test.personal.BankCardPrepay1Test"/>
  <testcase name="bankCardPrepay2" time="0.186" classname="com.llwallet.interfaces.test.api.test.personal.BankCardPrepay1Test"/>
  <testcase name="bankCardPrepay3" time="1.305" classname="com.llwallet.interfaces.test.api.test.personal.BankCardPrepay1Test"/>
  <testcase name="bankCardPrepay3" time="2.179" classname="com.llwallet.interfaces.test.api.test.personal.BankCardPrepay1Test">
    <error type="java.lang.AssertionError">
      <![CDATA[java.lang.AssertionError
	at com.llwallet.interfaces.test.api.test.personal.BankCardPrepay1Test.bankCardPrepay3(BankCardPrepay1Test.java:432)
	at sun.reflect.NativeMethodAccessorImpl.invoke0(Native Method)
	at sun.reflect.NativeMethodAccessorImpl.invoke(Unknown Source)
	at sun.reflect.DelegatingMethodAccessorImpl.invoke(Unknown Source)
	at java.lang.reflect.Method.invoke(Unknown Source)
	at org.testng.internal.MethodInvocationHelper.invokeMethod(MethodInvocationHelper.java:85)
	at org.testng.internal.InvokeMethodRunnable.runOne(InvokeMethodRunnable.java:46)
	at org.testng.internal.InvokeMethodRunnable.run(InvokeMethodRunnable.java:37)
	at java.util.concurrent.Executors$RunnableAdapter.call(Unknown Source)
	at java.util.concurrent.FutureTask.run(Unknown Source)
	at java.util.concurrent.ThreadPoolExecutor.runWorker(Unknown Source)
	at java.util.concurrent.ThreadPoolExecutor$Worker.run(Unknown Source)
	at java.lang.Thread.run(Unknown Source)
]]>
    </error>
  </testcase> <!-- bankCardPrepay3 -->
  <testcase name="bankCardPrepay3" time="1.625" classname="com.llwallet.interfaces.test.api.test.personal.BankCardPrepay1Test"/>
  <testcase name="bankCardPrepay2" time="3.176" classname="com.llwallet.interfaces.test.api.test.personal.BankCardPrepay1Test"/>
  <testcase name="bankCardPrepay1" time="1.463" classname="com.llwallet.interfaces.test.api.test.personal.BankCardPrepay1Test"/>
  <testcase name="bankCardPrepay3" time="0.955" classname="com.llwallet.interfaces.test.api.test.personal.BankCardPrepay1Test"/>
  <testcase name="bankCardPrepay1" time="0.144" classname="com.llwallet.interfaces.test.api.test.personal.BankCardPrepay1Test"/>
  <testcase name="bankCardPrepay1" time="0.166" classname="com.llwallet.interfaces.test.api.test.personal.BankCardPrepay1Test"/>
  <testcase name="bankCardPrepay1" time="0.135" classname="com.llwallet.interfaces.test.api.test.personal.BankCardPrepay1Test"/>
  <testcase name="bankCardPrepay3" time="0.259" classname="com.llwallet.interfaces.test.api.test.personal.BankCardPrepay1Test"/>
  <testcase name="bankCardPrepay3" time="0.231" classname="com.llwallet.interfaces.test.api.test.personal.BankCardPrepay1Test"/>
  <testcase name="bankCardPrepay3" time="0.258" classname="com.llwallet.interfaces.test.api.test.personal.BankCardPrepay1Test"/>
  <testcase name="bankCardPrepay1" time="0.173" classname="com.llwallet.interfaces.test.api.test.personal.BankCardPrepay1Test"/>
  <testcase name="bankCardPrepay1" time="1.190" classname="com.llwallet.interfaces.test.api.test.personal.BankCardPrepay1Test"/>
  <testcase name="bankCardPrepay2" time="0.166" classname="com.llwallet.interfaces.test.api.test.personal.BankCardPrepay1Test"/>
  <testcase name="bankCardPrepay3" time="0.335" classname="com.llwallet.interfaces.test.api.test.personal.BankCardPrepay1Test"/>
  <testcase name="bankCardPrepay" time="0.898" classname="com.llwallet.interfaces.test.api.test.personal.BankCardPrepay1Test"/>
  <testcase name="bankCardPrepay1" time="1.252" classname="com.llwallet.interfaces.test.api.test.personal.BankCardPrepay1Test"/>
  <testcase name="bankCardPrepay2" time="1.035" classname="com.llwallet.interfaces.test.api.test.personal.BankCardPrepay1Test"/>
  <testcase name="bankCardPrepay2" time="0.160" classname="com.llwallet.interfaces.test.api.test.personal.BankCardPrepay1Test"/>
  <testcase name="bankCardPrepay2" time="0.268" classname="com.llwallet.interfaces.test.api.test.personal.BankCardPrepay1Test"/>
  <testcase name="bankCardPrepay3" time="0.254" classname="com.llwallet.interfaces.test.api.test.personal.BankCardPrepay1Test"/>
  <testcase name="bankCardPrepay3" time="1.534" classname="com.llwallet.interfaces.test.api.test.personal.BankCardPrepay1Test">
    <error type="java.lang.AssertionError">
      <![CDATA[java.lang.AssertionError
	at com.llwallet.interfaces.test.api.test.personal.BankCardPrepay1Test.bankCardPrepay3(BankCardPrepay1Test.java:432)
	at sun.reflect.NativeMethodAccessorImpl.invoke0(Native Method)
	at sun.reflect.NativeMethodAccessorImpl.invoke(Unknown Source)
	at sun.reflect.DelegatingMethodAccessorImpl.invoke(Unknown Source)
	at java.lang.reflect.Method.invoke(Unknown Source)
	at org.testng.internal.MethodInvocationHelper.invokeMethod(MethodInvocationHelper.java:85)
	at org.testng.internal.InvokeMethodRunnable.runOne(InvokeMethodRunnable.java:46)
	at org.testng.internal.InvokeMethodRunnable.run(InvokeMethodRunnable.java:37)
	at java.util.concurrent.Executors$RunnableAdapter.call(Unknown Source)
	at java.util.concurrent.FutureTask.run(Unknown Source)
	at java.util.concurrent.ThreadPoolExecutor.runWorker(Unknown Source)
	at java.util.concurrent.ThreadPoolExecutor$Worker.run(Unknown Source)
	at java.lang.Thread.run(Unknown Source)
]]>
    </error>
  </testcase> <!-- bankCardPrepay3 -->
  <testcase name="bankCardPrepay3" time="0.167" classname="com.llwallet.interfaces.test.api.test.personal.BankCardPrepay1Test"/>
  <testcase name="bankCardPrepay" time="0.831" classname="com.llwallet.interfaces.test.api.test.personal.BankCardPrepay1Test"/>
  <testcase name="bankCardPrepay" time="1.188" classname="com.llwallet.interfaces.test.api.test.personal.BankCardPrepay1Test"/>
  <testcase name="bankCardPrepay3" time="1.928" classname="com.llwallet.interfaces.test.api.test.personal.BankCardPrepay1Test"/>
  <testcase name="bankCardPrepay1" time="1.461" classname="com.llwallet.interfaces.test.api.test.personal.BankCardPrepay1Test"/>
  <testcase name="bankCardPrepay3" time="0.243" classname="com.llwallet.interfaces.test.api.test.personal.BankCardPrepay1Test"/>
  <testcase name="bankCardPrepay1" time="0.246" classname="com.llwallet.interfaces.test.api.test.personal.BankCardPrepay1Test"/>
  <testcase name="bankCardPrepay2" time="0.160" classname="com.llwallet.interfaces.test.api.test.personal.BankCardPrepay1Test"/>
  <testcase name="bankCardPrepay3" time="1.625" classname="com.llwallet.interfaces.test.api.test.personal.BankCardPrepay1Test"/>
  <testcase name="bankCardPrepay" time="1.272" classname="com.llwallet.interfaces.test.api.test.personal.BankCardPrepay1Test"/>
  <testcase name="bankCardPrepay2" time="0.180" classname="com.llwallet.interfaces.test.api.test.personal.BankCardPrepay1Test"/>
  <testcase name="bankCardPrepay2" time="0.160" classname="com.llwallet.interfaces.test.api.test.personal.BankCardPrepay1Test"/>
  <testcase name="bankCardPrepay" time="0.982" classname="com.llwallet.interfaces.test.api.test.personal.BankCardPrepay1Test"/>
  <testcase name="bankCardPrepay3" time="0.247" classname="com.llwallet.interfaces.test.api.test.personal.BankCardPrepay1Test"/>
  <testcase name="bankCardPrepay3" time="0.187" classname="com.llwallet.interfaces.test.api.test.personal.BankCardPrepay1Test"/>
  <testcase name="bankCardPrepay2" time="1.607" classname="com.llwallet.interfaces.test.api.test.personal.BankCardPrepay1Test"/>
  <testcase name="bankCardPrepay1" time="1.244" classname="com.llwallet.interfaces.test.api.test.personal.BankCardPrepay1Test"/>
  <testcase name="bankCardPrepay1" time="1.114" classname="com.llwallet.interfaces.test.api.test.personal.BankCardPrepay1Test"/>
  <testcase name="bankCardPrepay" time="2.978" classname="com.llwallet.interfaces.test.api.test.personal.BankCardPrepay1Test"/>
  <testcase name="bankCardPrepay3" time="0.171" classname="com.llwallet.interfaces.test.api.test.personal.BankCardPrepay1Test"/>
  <testcase name="bankCardPrepay1" time="0.151" classname="com.llwallet.interfaces.test.api.test.personal.BankCardPrepay1Test"/>
  <testcase name="bankCardPrepay1" time="0.150" classname="com.llwallet.interfaces.test.api.test.personal.BankCardPrepay1Test"/>
  <testcase name="bankCardPrepay" time="1.422" classname="com.llwallet.interfaces.test.api.test.personal.BankCardPrepay1Test"/>
  <testcase name="bankCardPrepay1" time="0.144" classname="com.llwallet.interfaces.test.api.test.personal.BankCardPrepay1Test"/>
  <testcase name="bankCardPrepay1" time="0.147" classname="com.llwallet.interfaces.test.api.test.personal.BankCardPrepay1Test"/>
  <testcase name="bankCardPrepay3" time="0.164" classname="com.llwallet.interfaces.test.api.test.personal.BankCardPrepay1Test"/>
  <testcase name="bankCardPrepay3" time="0.205" classname="com.llwallet.interfaces.test.api.test.personal.BankCardPrepay1Test"/>
  <testcase name="bankCardPrepay1" time="1.945" classname="com.llwallet.interfaces.test.api.test.personal.BankCardPrepay1Test"/>
  <testcase name="bankCardPrepay2" time="1.434" classname="com.llwallet.interfaces.test.api.test.personal.BankCardPrepay1Test"/>
  <testcase name="bankCardPrepay1" time="0.182" classname="com.llwallet.interfaces.test.api.test.personal.BankCardPrepay1Test"/>
  <testcase name="bankCardPrepay3" time="1.225" classname="com.llwallet.interfaces.test.api.test.personal.BankCardPrepay1Test"/>
  <testcase name="bankCardPrepay1" time="2.199" classname="com.llwallet.interfaces.test.api.test.personal.BankCardPrepay1Test"/>
  <testcase name="bankCardPrepay1" time="0.144" classname="com.llwallet.interfaces.test.api.test.personal.BankCardPrepay1Test"/>
  <testcase name="bankCardPrepay3" time="1.285" classname="com.llwallet.interfaces.test.api.test.personal.BankCardPrepay1Test"/>
  <testcase name="bankCardPrepay1" time="1.325" classname="com.llwallet.interfaces.test.api.test.personal.BankCardPrepay1Test"/>
  <testcase name="bankCardPrepay2" time="4.043" classname="com.llwallet.interfaces.test.api.test.personal.BankCardPrepay1Test"/>
  <testcase name="bankCardPrepay" time="1.073" classname="com.llwallet.interfaces.test.api.test.personal.BankCardPrepay1Test"/>
  <testcase name="bankCardPrepay" time="1.156" classname="com.llwallet.interfaces.test.api.test.personal.BankCardPrepay1Test"/>
  <testcase name="bankCardPrepay1" time="0.138" classname="com.llwallet.interfaces.test.api.test.personal.BankCardPrepay1Test"/>
  <testcase name="bankCardPrepay1" time="0.172" classname="com.llwallet.interfaces.test.api.test.personal.BankCardPrepay1Test"/>
  <testcase name="bankCardPrepay3" time="1.364" classname="com.llwallet.interfaces.test.api.test.personal.BankCardPrepay1Test"/>
  <testcase name="bankCardPrepay1" time="0.983" classname="com.llwallet.interfaces.test.api.test.personal.BankCardPrepay1Test"/>
  <testcase name="bankCardPrepay1" time="1.562" classname="com.llwallet.interfaces.test.api.test.personal.BankCardPrepay1Test"/>
  <testcase name="bankCardPrepay1" time="0.442" classname="com.llwallet.interfaces.test.api.test.personal.BankCardPrepay1Test"/>
  <testcase name="bankCardPrepay2" time="0.258" classname="com.llwallet.interfaces.test.api.test.personal.BankCardPrepay1Test"/>
  <testcase name="bankCardPrepay1" time="2.728" classname="com.llwallet.interfaces.test.api.test.personal.BankCardPrepay1Test"/>
  <testcase name="bankCardPrepay" time="1.096" classname="com.llwallet.interfaces.test.api.test.personal.BankCardPrepay1Test"/>
  <testcase name="bankCardPrepay1" time="1.047" classname="com.llwallet.interfaces.test.api.test.personal.BankCardPrepay1Test"/>
  <testcase name="bankCardPrepay3" time="1.569" classname="com.llwallet.interfaces.test.api.test.personal.BankCardPrepay1Test"/>
  <testcase name="bankCardPrepay2" time="1.772" classname="com.llwallet.interfaces.test.api.test.personal.BankCardPrepay1Test"/>
  <testcase name="bankCardPrepay3" time="0.242" classname="com.llwallet.interfaces.test.api.test.personal.BankCardPrepay1Test"/>
  <testcase name="bankCardPrepay3" time="0.505" classname="com.llwallet.interfaces.test.api.test.personal.BankCardPrepay1Test">
    <error type="java.lang.AssertionError">
      <![CDATA[java.lang.AssertionError
	at com.llwallet.interfaces.test.api.test.personal.BankCardPrepay1Test.bankCardPrepay3(BankCardPrepay1Test.java:432)
	at sun.reflect.NativeMethodAccessorImpl.invoke0(Native Method)
	at sun.reflect.NativeMethodAccessorImpl.invoke(Unknown Source)
	at sun.reflect.DelegatingMethodAccessorImpl.invoke(Unknown Source)
	at java.lang.reflect.Method.invoke(Unknown Source)
	at org.testng.internal.MethodInvocationHelper.invokeMethod(MethodInvocationHelper.java:85)
	at org.testng.internal.InvokeMethodRunnable.runOne(InvokeMethodRunnable.java:46)
	at org.testng.internal.InvokeMethodRunnable.run(InvokeMethodRunnable.java:37)
	at java.util.concurrent.Executors$RunnableAdapter.call(Unknown Source)
	at java.util.concurrent.FutureTask.run(Unknown Source)
	at java.util.concurrent.ThreadPoolExecutor.runWorker(Unknown Source)
	at java.util.concurrent.ThreadPoolExecutor$Worker.run(Unknown Source)
	at java.lang.Thread.run(Unknown Source)
]]>
    </error>
  </testcase> <!-- bankCardPrepay3 -->
  <testcase name="bankCardPrepay2" time="0.293" classname="com.llwallet.interfaces.test.api.test.personal.BankCardPrepay1Test"/>
  <testcase name="bankCardPrepay" time="1.173" classname="com.llwallet.interfaces.test.api.test.personal.BankCardPrepay1Test"/>
  <testcase name="bankCardPrepay3" time="0.241" classname="com.llwallet.interfaces.test.api.test.personal.BankCardPrepay1Test"/>
  <testcase name="bankCardPrepay" time="1.141" classname="com.llwallet.interfaces.test.api.test.personal.BankCardPrepay1Test"/>
  <testcase name="bankCardPrepay1" time="3.580" classname="com.llwallet.interfaces.test.api.test.personal.BankCardPrepay1Test"/>
  <testcase name="bankCardPrepay1" time="0.212" classname="com.llwallet.interfaces.test.api.test.personal.BankCardPrepay1Test"/>
  <testcase name="bankCardPrepay3" time="1.052" classname="com.llwallet.interfaces.test.api.test.personal.BankCardPrepay1Test"/>
  <testcase name="bankCardPrepay" time="1.111" classname="com.llwallet.interfaces.test.api.test.personal.BankCardPrepay1Test"/>
  <testcase name="bankCardPrepay3" time="0.168" classname="com.llwallet.interfaces.test.api.test.personal.BankCardPrepay1Test"/>
  <testcase name="bankCardPrepay3" time="0.283" classname="com.llwallet.interfaces.test.api.test.personal.BankCardPrepay1Test"/>
  <testcase name="bankCardPrepay1" time="0.153" classname="com.llwallet.interfaces.test.api.test.personal.BankCardPrepay1Test"/>
  <testcase name="bankCardPrepay1" time="0.356" classname="com.llwallet.interfaces.test.api.test.personal.BankCardPrepay1Test"/>
  <testcase name="bankCardPrepay3" time="3.447" classname="com.llwallet.interfaces.test.api.test.personal.BankCardPrepay1Test"/>
  <testcase name="bankCardPrepay2" time="0.254" classname="com.llwallet.interfaces.test.api.test.personal.BankCardPrepay1Test"/>
  <testcase name="bankCardPrepay3" time="1.522" classname="com.llwallet.interfaces.test.api.test.personal.BankCardPrepay1Test"/>
  <testcase name="bankCardPrepay3" time="0.198" classname="com.llwallet.interfaces.test.api.test.personal.BankCardPrepay1Test"/>
  <testcase name="bankCardPrepay" time="0.806" classname="com.llwallet.interfaces.test.api.test.personal.BankCardPrepay1Test"/>
  <testcase name="bankCardPrepay1" time="0.146" classname="com.llwallet.interfaces.test.api.test.personal.BankCardPrepay1Test"/>
  <testcase name="bankCardPrepay2" time="0.246" classname="com.llwallet.interfaces.test.api.test.personal.BankCardPrepay1Test"/>
  <testcase name="bankCardPrepay1" time="0.999" classname="com.llwallet.interfaces.test.api.test.personal.BankCardPrepay1Test"/>
  <testcase name="bankCardPrepay3" time="1.934" classname="com.llwallet.interfaces.test.api.test.personal.BankCardPrepay1Test"/>
  <testcase name="bankCardPrepay3" time="0.925" classname="com.llwallet.interfaces.test.api.test.personal.BankCardPrepay1Test"/>
  <testcase name="bankCardPrepay1" time="0.137" classname="com.llwallet.interfaces.test.api.test.personal.BankCardPrepay1Test"/>
  <testcase name="bankCardPrepay3" time="0.224" classname="com.llwallet.interfaces.test.api.test.personal.BankCardPrepay1Test"/>
  <testcase name="bankCardPrepay2" time="1.095" classname="com.llwallet.interfaces.test.api.test.personal.BankCardPrepay1Test"/>
  <testcase name="bankCardPrepay3" time="0.951" classname="com.llwallet.interfaces.test.api.test.personal.BankCardPrepay1Test">
    <error type="java.lang.AssertionError">
      <![CDATA[java.lang.AssertionError
	at com.llwallet.interfaces.test.api.test.personal.BankCardPrepay1Test.bankCardPrepay3(BankCardPrepay1Test.java:432)
	at sun.reflect.GeneratedMethodAccessor9.invoke(Unknown Source)
	at sun.reflect.DelegatingMethodAccessorImpl.invoke(Unknown Source)
	at java.lang.reflect.Method.invoke(Unknown Source)
	at org.testng.internal.MethodInvocationHelper.invokeMethod(MethodInvocationHelper.java:85)
	at org.testng.internal.InvokeMethodRunnable.runOne(InvokeMethodRunnable.java:46)
	at org.testng.internal.InvokeMethodRunnable.run(InvokeMethodRunnable.java:37)
	at java.util.concurrent.Executors$RunnableAdapter.call(Unknown Source)
	at java.util.concurrent.FutureTask.run(Unknown Source)
	at java.util.concurrent.ThreadPoolExecutor.runWorker(Unknown Source)
	at java.util.concurrent.ThreadPoolExecutor$Worker.run(Unknown Source)
	at java.lang.Thread.run(Unknown Source)
]]>
    </error>
  </testcase> <!-- bankCardPrepay3 -->
  <testcase name="bankCardPrepay" time="0.956" classname="com.llwallet.interfaces.test.api.test.personal.BankCardPrepay1Test"/>
  <testcase name="bankCardPrepay1" time="0.145" classname="com.llwallet.interfaces.test.api.test.personal.BankCardPrepay1Test"/>
  <testcase name="bankCardPrepay2" time="0.939" classname="com.llwallet.interfaces.test.api.test.personal.BankCardPrepay1Test"/>
</testsuite> <!-- com.llwallet.interfaces.test.api.test.personal.BankCardPrepay1Test -->
