<?xml version="1.0" encoding="UTF-8"?>
<!-- Generated by org.testng.reporters.JUnitReportReporter -->
<testsuite hostname="LT-jiangxm" name="com.llwallet.interfaces.test.api.online.personal.DirectOpenUserOnlineTest" tests="1" failures="0" timestamp="3 Nov 2017 09:20:49 GMT" time="2.925" errors="0">
  <testcase name="directOpenUser" time="2.925" classname="com.llwallet.interfaces.test.api.online.personal.DirectOpenUserOnlineTest"/>
</testsuite> <!-- com.llwallet.interfaces.test.api.online.personal.DirectOpenUserOnlineTest -->
