<?xml version="1.0" encoding="UTF-8"?>
<!-- Generated by org.testng.reporters.JUnitReportReporter -->
<testsuite hostname="LT-jiangxm" name="com.account.interfaces.test.ChargeUpTest" tests="1" failures="0" timestamp="19 Dec 2016 01:49:40 GMT" time="0.031" errors="1">
  <testcase name="chargeUp" time="0.031" classname="com.account.interfaces.test.ChargeUpTest">
    <error type="com.alibaba.dubbo.rpc.RpcException" message="Failed to invoke the method accountsQry in the service com.yintong.llwallet.accounts.service.ILLwalletAccountsService. No provider available for the service com.yintong.llwallet.accounts.service.ILLwalletAccountsService from registry 192.168.110.22:2181 on the consumer 10.20.41.24 using the dubbo version 2.5.3. Please check if the providers have been started and registered.">
      <![CDATA[com.alibaba.dubbo.rpc.RpcException: Failed to invoke the method accountsQry in the service com.yintong.llwallet.accounts.service.ILLwalletAccountsService. No provider available for the service com.yintong.llwallet.accounts.service.ILLwalletAccountsService from registry 192.168.110.22:2181 on the consumer 10.20.41.24 using the dubbo version 2.5.3. Please check if the providers have been started and registered.
	at com.alibaba.dubbo.rpc.cluster.support.AbstractClusterInvoker.checkInvokers(AbstractClusterInvoker.java:246)
	at com.alibaba.dubbo.rpc.cluster.support.FailoverClusterInvoker.doInvoke(FailoverClusterInvoker.java:55)
	at com.alibaba.dubbo.rpc.cluster.support.AbstractClusterInvoker.invoke(AbstractClusterInvoker.java:227)
	at com.alibaba.dubbo.rpc.cluster.support.wrapper.MockClusterInvoker.invoke(MockClusterInvoker.java:72)
	at com.alibaba.dubbo.rpc.proxy.InvokerInvocationHandler.invoke(InvokerInvocationHandler.java:52)
	at com.alibaba.dubbo.common.bytecode.proxy0.accountsQry(proxy0.java)
	at com.account.interfaces.test.ChargeUpTest.chargeUp(ChargeUpTest.java:48)
	at sun.reflect.NativeMethodAccessorImpl.invoke0(Native Method)
	at sun.reflect.NativeMethodAccessorImpl.invoke(Unknown Source)
	at sun.reflect.DelegatingMethodAccessorImpl.invoke(Unknown Source)
	at java.lang.reflect.Method.invoke(Unknown Source)
	at org.testng.internal.MethodInvocationHelper.invokeMethod(MethodInvocationHelper.java:100)
	at org.testng.internal.MethodInvocationHelper$1.runTestMethod(MethodInvocationHelper.java:189)
	at org.springframework.test.context.testng.AbstractTestNGSpringContextTests.run(AbstractTestNGSpringContextTests.java:140)
	at org.testng.internal.MethodInvocationHelper.invokeHookable(MethodInvocationHelper.java:201)
	at org.testng.internal.InvokeMethodRunnable.runOne(InvokeMethodRunnable.java:56)
	at org.testng.internal.InvokeMethodRunnable.run(InvokeMethodRunnable.java:44)
	at java.util.concurrent.Executors$RunnableAdapter.call(Unknown Source)
	at java.util.concurrent.FutureTask.run(Unknown Source)
	at java.util.concurrent.ThreadPoolExecutor.runWorker(Unknown Source)
	at java.util.concurrent.ThreadPoolExecutor$Worker.run(Unknown Source)
	at java.lang.Thread.run(Unknown Source)
]]>
    </error>
  </testcase> <!-- chargeUp -->
</testsuite> <!-- com.account.interfaces.test.ChargeUpTest -->
