<?xml version="1.0" encoding="UTF-8"?>
<!-- Generated by org.testng.reporters.JUnitReportReporter -->
<testsuite hostname="LT-jiangxm" name="com.llwallet.interfaces.test.api.online.personal.UserAuthQueryOnlineTest" tests="1" failures="0" timestamp="23 May 2017 02:09:21 GMT" time="0.880" errors="0">
  <testcase name="userAuthQuery" time="0.880" classname="com.llwallet.interfaces.test.api.online.personal.UserAuthQueryOnlineTest"/>
</testsuite> <!-- com.llwallet.interfaces.test.api.online.personal.UserAuthQueryOnlineTest -->
