<?xml version="1.0" encoding="UTF-8"?>
<!-- Generated by org.testng.reporters.JUnitReportReporter -->
<testsuite hostname="LT-jiangxm" name="com.account.interfaces.test.dubbo.CancelTest" tests="1" failures="1" timestamp="21 Dec 2016 08:24:29 GMT" time="1.479" errors="0">
  <testcase name="cancel" time="1.479" classname="com.account.interfaces.test.dubbo.CancelTest">
    <failure type="java.lang.AssertionError">
      <![CDATA[java.lang.AssertionError
	at com.account.interfaces.test.dubbo.CancelTest.cancel(CancelTest.java:40)
	at sun.reflect.NativeMethodAccessorImpl.invoke0(Native Method)
	at sun.reflect.NativeMethodAccessorImpl.invoke(Unknown Source)
	at sun.reflect.DelegatingMethodAccessorImpl.invoke(Unknown Source)
	at java.lang.reflect.Method.invoke(Unknown Source)
	at org.testng.internal.MethodInvocationHelper.invokeMethod(MethodInvocationHelper.java:100)
	at org.testng.internal.MethodInvocationHelper$1.runTestMethod(MethodInvocationHelper.java:189)
	at org.springframework.test.context.testng.AbstractTestNGSpringContextTests.run(AbstractTestNGSpringContextTests.java:140)
	at org.testng.internal.MethodInvocationHelper.invokeHookable(MethodInvocationHelper.java:201)
	at org.testng.internal.InvokeMethodRunnable.runOne(InvokeMethodRunnable.java:56)
	at org.testng.internal.InvokeMethodRunnable.run(InvokeMethodRunnable.java:44)
	at java.util.concurrent.Executors$RunnableAdapter.call(Unknown Source)
	at java.util.concurrent.FutureTask.run(Unknown Source)
	at java.util.concurrent.ThreadPoolExecutor.runWorker(Unknown Source)
	at java.util.concurrent.ThreadPoolExecutor$Worker.run(Unknown Source)
	at java.lang.Thread.run(Unknown Source)
]]>
    </failure>
  </testcase> <!-- cancel -->
</testsuite> <!-- com.account.interfaces.test.dubbo.CancelTest -->
