<?xml version="1.0" encoding="UTF-8"?>
<!-- Generated by org.testng.reporters.JUnitReportReporter -->
<testsuite hostname="LT-jiangxm" name="com.llwallet.interfaces.test.api.online.custom.TraderUserPaymentOnlineTest" tests="1" failures="0" timestamp="27 Nov 2017 11:50:13 GMT" time="1.203" errors="0">
  <testcase name="traderUserPayment" time="1.203" classname="com.llwallet.interfaces.test.api.online.custom.TraderUserPaymentOnlineTest"/>
</testsuite> <!-- com.llwallet.interfaces.test.api.online.custom.TraderUserPaymentOnlineTest -->
