<?xml version="1.0" encoding="UTF-8"?>
<!-- Generated by org.testng.reporters.JUnitReportReporter -->
<testsuite hostname="LT-jiangxm" name="com.llwallet.interfaces.test.api.online.personal.TraderPaymentTest" tests="1" failures="0" timestamp="22 Feb 2017 11:41:53 GMT" time="2.149" errors="0">
  <testcase name="traderPayment" time="2.149" classname="com.llwallet.interfaces.test.api.online.personal.TraderPaymentTest"/>
</testsuite> <!-- com.llwallet.interfaces.test.api.online.personal.TraderPaymentTest -->
