<?xml version="1.0" encoding="UTF-8"?>
<!-- Generated by org.testng.reporters.JUnitReportReporter -->
<testsuite name="com.llwallet.interfaces.test.api.online.enterprise.UnitCashOutOnlineTest" tests="1" time="2.396" ignored="0" failures="0" timestamp="05 四月 2017 11:20:54 GMT" skipped="0" hostname="LT-jiangxm" errors="0">
  <testcase name="unitCashout" time="2.396" classname="com.llwallet.interfaces.test.api.online.enterprise.UnitCashOutOnlineTest"/>
</testsuite> <!-- com.llwallet.interfaces.test.api.online.enterprise.UnitCashOutOnlineTest -->
