<?xml version="1.0" encoding="UTF-8"?>
<!-- Generated by org.testng.reporters.JUnitReportReporter -->
<testsuite hostname="LT-jiangxm" name="com.llwallet.interfaces.test.api.online.personal.SingleUserQueryOnlineTest" tests="1" failures="0" timestamp="8 Dec 2017 05:52:42 GMT" time="1.749" errors="0">
  <testcase name="singleUserQuery" time="1.749" classname="com.llwallet.interfaces.test.api.online.personal.SingleUserQueryOnlineTest"/>
</testsuite> <!-- com.llwallet.interfaces.test.api.online.personal.SingleUserQueryOnlineTest -->
