<?xml version="1.0" encoding="UTF-8"?>
<!-- Generated by org.testng.reporters.JUnitReportReporter -->
<testsuite hostname="LT-jiangxm" name="com.llwallet.interfaces.test.api.test.SmsSendTest" tests="1" failures="0" timestamp="23 Dec 2016 07:00:47 GMT" time="0.649" errors="0">
  <testcase name="smsSend" time="0.649" classname="com.llwallet.interfaces.test.api.test.SmsSendTest"/>
</testsuite> <!-- com.llwallet.interfaces.test.api.test.SmsSendTest -->
