<?xml version="1.0" encoding="UTF-8"?>
<!-- Generated by org.testng.reporters.JUnitReportReporter -->
<testsuite hostname="LT-jiangxm" name="com.llwallet.interfaces.test.api.test.pt.TraderPaymentTest" tests="1" failures="0" timestamp="26 Dec 2016 04:36:03 GMT" time="1.702" errors="0">
  <testcase name="traderPayment" time="1.702" classname="com.llwallet.interfaces.test.api.test.pt.TraderPaymentTest"/>
</testsuite> <!-- com.llwallet.interfaces.test.api.test.pt.TraderPaymentTest -->
