<?xml version="1.0" encoding="UTF-8"?>
<!-- Generated by org.testng.reporters.JUnitReportReporter -->
<testsuite hostname="LT-jiangxm" name="com.llwallet.interfaces.test.api.online.DirectOpenUserTest" tests="1" failures="0" timestamp="22 Dec 2016 09:30:38 GMT" time="3.836" errors="0">
  <testcase name="directOpenUser" time="3.836" classname="com.llwallet.interfaces.test.api.online.DirectOpenUserTest"/>
</testsuite> <!-- com.llwallet.interfaces.test.api.online.DirectOpenUserTest -->
