<?xml version="1.0" encoding="UTF-8"?>
<!-- Generated by org.testng.reporters.JUnitReportReporter -->
<testsuite name="com.llwallet.interfaces.test.api.online.enterprise.OpenUnitUserTest" tests="1" time="3.130" ignored="0" failures="0" timestamp="09 三月 2017 08:39:09 GMT" skipped="0" hostname="LT-jiangxm" errors="0">
  <testcase name="openUnitUser" time="3.130" classname="com.llwallet.interfaces.test.api.online.enterprise.OpenUnitUserTest"/>
</testsuite> <!-- com.llwallet.interfaces.test.api.online.enterprise.OpenUnitUserTest -->
