<?xml version="1.0" encoding="UTF-8"?>
<!-- Generated by org.testng.reporters.JUnitReportReporter -->
<testsuite hostname="LT-jiangxm" name="com.llwallet.interfaces.test.api.online.personal.UserRefundOnlineTest" tests="1" failures="0" timestamp="28 Aug 2017 11:08:23 GMT" time="3.358" errors="0">
  <testcase name="userRefund" time="3.358" classname="com.llwallet.interfaces.test.api.online.personal.UserRefundOnlineTest"/>
</testsuite> <!-- com.llwallet.interfaces.test.api.online.personal.UserRefundOnlineTest -->
