<?xml version="1.0" encoding="UTF-8"?>
<!-- Generated by org.testng.reporters.JUnitReportReporter -->
<testsuite hostname="LT-jiangxm" name="com.spay.interfaces.test.api.test.GetTN4spayTest" tests="1" failures="0" timestamp="29 Dec 2016 02:41:25 GMT" time="0.712" errors="0">
  <testcase name="getTN4spay" time="0.712" classname="com.spay.interfaces.test.api.test.GetTN4spayTest"/>
</testsuite> <!-- com.spay.interfaces.test.api.test.GetTN4spayTest -->
