<?xml version="1.0" encoding="UTF-8"?>
<!-- Generated by org.testng.reporters.JUnitReportReporter -->
<testsuite hostname="LT-jiangxm" name="com.llwallet.interfaces.test.api.online.personal.ModifyUserInfoTest" tests="1" failures="0" timestamp="13 Feb 2017 02:49:44 GMT" time="1.499" errors="0">
  <testcase name="modifyUserInfo" time="1.499" classname="com.llwallet.interfaces.test.api.online.personal.ModifyUserInfoTest"/>
</testsuite> <!-- com.llwallet.interfaces.test.api.online.personal.ModifyUserInfoTest -->
