<?xml version="1.0" encoding="UTF-8"?>
<!-- Generated by org.testng.reporters.JUnitReportReporter -->
<testsuite hostname="LT-jiangxm" name="com.llwallet.interfaces.test.api.online.personal.ModifyUserInfoOnlineTest" tests="1" failures="0" timestamp="20 Sep 2017 14:44:11 GMT" time="0.951" errors="0">
  <testcase name="modifyUserInfo" time="0.951" classname="com.llwallet.interfaces.test.api.online.personal.ModifyUserInfoOnlineTest"/>
</testsuite> <!-- com.llwallet.interfaces.test.api.online.personal.ModifyUserInfoOnlineTest -->
