<?xml version="1.0" encoding="UTF-8"?>
<!-- Generated by org.testng.reporters.JUnitReportReporter -->
<testsuite hostname="LT-jiangxm" name="com.llwallet.interfaces.test.api.online.personal.QueryVbAccountOnlineTest" tests="10" failures="0" timestamp="28 Jun 2017 17:03:45 GMT" time="1.668" errors="0">
  <testcase name="queryVbAccount" time="0.102" classname="com.llwallet.interfaces.test.api.online.personal.QueryVbAccountOnlineTest"/>
  <testcase name="queryVbAccount" time="0.136" classname="com.llwallet.interfaces.test.api.online.personal.QueryVbAccountOnlineTest"/>
  <testcase name="queryVbAccount" time="0.139" classname="com.llwallet.interfaces.test.api.online.personal.QueryVbAccountOnlineTest"/>
  <testcase name="queryVbAccount" time="0.101" classname="com.llwallet.interfaces.test.api.online.personal.QueryVbAccountOnlineTest"/>
  <testcase name="queryVbAccount" time="0.067" classname="com.llwallet.interfaces.test.api.online.personal.QueryVbAccountOnlineTest"/>
  <testcase name="queryVbAccount" time="0.739" classname="com.llwallet.interfaces.test.api.online.personal.QueryVbAccountOnlineTest"/>
  <testcase name="queryVbAccount" time="0.090" classname="com.llwallet.interfaces.test.api.online.personal.QueryVbAccountOnlineTest"/>
  <testcase name="queryVbAccount" time="0.079" classname="com.llwallet.interfaces.test.api.online.personal.QueryVbAccountOnlineTest"/>
  <testcase name="queryVbAccount" time="0.128" classname="com.llwallet.interfaces.test.api.online.personal.QueryVbAccountOnlineTest"/>
  <testcase name="queryVbAccount" time="0.087" classname="com.llwallet.interfaces.test.api.online.personal.QueryVbAccountOnlineTest"/>
</testsuite> <!-- com.llwallet.interfaces.test.api.online.personal.QueryVbAccountOnlineTest -->
