<?xml version="1.0" encoding="UTF-8"?>
<!-- Generated by org.testng.reporters.JUnitReportReporter -->
<testsuite hostname="LT-jiangxm" name="com.llwallet.interfaces.test.api.online.personal.UserPaymentOnlineTest" tests="1" failures="0" timestamp="15 Dec 2017 15:21:01 GMT" time="1.450" errors="0">
  <testcase name="userPayment" time="1.450" classname="com.llwallet.interfaces.test.api.online.personal.UserPaymentOnlineTest"/>
</testsuite> <!-- com.llwallet.interfaces.test.api.online.personal.UserPaymentOnlineTest -->
