<?xml version="1.0" encoding="UTF-8"?>
<!-- Generated by org.testng.reporters.JUnitReportReporter -->
<testsuite hostname="LT-jiangxm" name="com.llwallet.interfaces.test.api.online.enterprise.OpenUnactivedUnitUserOnlineTest" tests="1" failures="0" timestamp="24 May 2017 14:14:25 GMT" time="0.923" errors="0">
  <testcase name="openUnactivedUnitUser" time="0.923" classname="com.llwallet.interfaces.test.api.online.enterprise.OpenUnactivedUnitUserOnlineTest"/>
</testsuite> <!-- com.llwallet.interfaces.test.api.online.enterprise.OpenUnactivedUnitUserOnlineTest -->
