<?xml version="1.0" encoding="UTF-8"?>
<!-- Generated by org.testng.reporters.JUnitReportReporter -->
<testsuite hostname="LT-jiangxm" name="com.lianpay.interfaces.test.UploadUnitPhotoTest" tests="43" failures="0" timestamp="22 Sep 2016 03:19:46 GMT" time="15.155" errors="0">
  <testcase name="uploadUnitPhoto" time="0.050" classname="com.lianpay.interfaces.test.UploadUnitPhotoTest"/>
  <testcase name="uploadUnitPhoto" time="0.395" classname="com.lianpay.interfaces.test.UploadUnitPhotoTest"/>
  <testcase name="uploadUnitPhoto" time="0.332" classname="com.lianpay.interfaces.test.UploadUnitPhotoTest"/>
  <testcase name="uploadUnitPhoto" time="0.088" classname="com.lianpay.interfaces.test.UploadUnitPhotoTest"/>
  <testcase name="uploadUnitPhoto" time="0.346" classname="com.lianpay.interfaces.test.UploadUnitPhotoTest"/>
  <testcase name="uploadUnitPhoto" time="0.050" classname="com.lianpay.interfaces.test.UploadUnitPhotoTest"/>
  <testcase name="uploadUnitPhoto" time="0.287" classname="com.lianpay.interfaces.test.UploadUnitPhotoTest"/>
  <testcase name="uploadUnitPhoto" time="0.182" classname="com.lianpay.interfaces.test.UploadUnitPhotoTest"/>
  <testcase name="uploadUnitPhoto" time="0.063" classname="com.lianpay.interfaces.test.UploadUnitPhotoTest"/>
  <testcase name="uploadUnitPhoto" time="0.296" classname="com.lianpay.interfaces.test.UploadUnitPhotoTest"/>
  <testcase name="uploadUnitPhoto" time="0.376" classname="com.lianpay.interfaces.test.UploadUnitPhotoTest"/>
  <testcase name="uploadUnitPhoto" time="0.320" classname="com.lianpay.interfaces.test.UploadUnitPhotoTest"/>
  <testcase name="uploadUnitPhoto" time="0.123" classname="com.lianpay.interfaces.test.UploadUnitPhotoTest"/>
  <testcase name="uploadUnitPhoto" time="0.056" classname="com.lianpay.interfaces.test.UploadUnitPhotoTest"/>
  <testcase name="uploadUnitPhoto" time="0.096" classname="com.lianpay.interfaces.test.UploadUnitPhotoTest"/>
  <testcase name="uploadUnitPhoto" time="0.445" classname="com.lianpay.interfaces.test.UploadUnitPhotoTest"/>
  <testcase name="uploadUnitPhoto" time="0.429" classname="com.lianpay.interfaces.test.UploadUnitPhotoTest"/>
  <testcase name="uploadUnitPhoto" time="0.102" classname="com.lianpay.interfaces.test.UploadUnitPhotoTest"/>
  <testcase name="uploadUnitPhoto" time="0.086" classname="com.lianpay.interfaces.test.UploadUnitPhotoTest"/>
  <testcase name="uploadUnitPhoto" time="0.090" classname="com.lianpay.interfaces.test.UploadUnitPhotoTest"/>
  <testcase name="uploadUnitPhoto" time="0.420" classname="com.lianpay.interfaces.test.UploadUnitPhotoTest"/>
  <testcase name="uploadUnitPhoto" time="0.115" classname="com.lianpay.interfaces.test.UploadUnitPhotoTest"/>
  <testcase name="uploadUnitPhoto" time="0.397" classname="com.lianpay.interfaces.test.UploadUnitPhotoTest"/>
  <testcase name="uploadUnitPhoto" time="0.110" classname="com.lianpay.interfaces.test.UploadUnitPhotoTest"/>
  <testcase name="uploadUnitPhoto" time="0.066" classname="com.lianpay.interfaces.test.UploadUnitPhotoTest"/>
  <testcase name="uploadUnitPhoto" time="0.627" classname="com.lianpay.interfaces.test.UploadUnitPhotoTest"/>
  <testcase name="uploadUnitPhoto" time="0.112" classname="com.lianpay.interfaces.test.UploadUnitPhotoTest"/>
  <testcase name="uploadUnitPhoto" time="0.110" classname="com.lianpay.interfaces.test.UploadUnitPhotoTest"/>
  <testcase name="uploadUnitPhoto" time="0.328" classname="com.lianpay.interfaces.test.UploadUnitPhotoTest"/>
  <testcase name="uploadUnitPhoto" time="0.599" classname="com.lianpay.interfaces.test.UploadUnitPhotoTest"/>
  <testcase name="uploadUnitPhoto" time="0.314" classname="com.lianpay.interfaces.test.UploadUnitPhotoTest"/>
  <testcase name="uploadUnitPhoto" time="0.160" classname="com.lianpay.interfaces.test.UploadUnitPhotoTest"/>
  <testcase name="uploadUnitPhoto" time="0.157" classname="com.lianpay.interfaces.test.UploadUnitPhotoTest"/>
  <testcase name="uploadUnitPhoto" time="0.110" classname="com.lianpay.interfaces.test.UploadUnitPhotoTest"/>
  <testcase name="uploadUnitPhoto" time="0.126" classname="com.lianpay.interfaces.test.UploadUnitPhotoTest"/>
  <testcase name="uploadUnitPhoto" time="0.351" classname="com.lianpay.interfaces.test.UploadUnitPhotoTest"/>
  <testcase name="uploadUnitPhoto" time="2.392" classname="com.lianpay.interfaces.test.UploadUnitPhotoTest"/>
  <testcase name="uploadUnitPhoto" time="0.052" classname="com.lianpay.interfaces.test.UploadUnitPhotoTest"/>
  <testcase name="uploadUnitPhoto" time="1.238" classname="com.lianpay.interfaces.test.UploadUnitPhotoTest"/>
  <testcase name="uploadUnitPhoto" time="0.049" classname="com.lianpay.interfaces.test.UploadUnitPhotoTest"/>
  <testcase name="uploadUnitPhoto" time="0.176" classname="com.lianpay.interfaces.test.UploadUnitPhotoTest"/>
  <testcase name="uploadUnitPhoto" time="0.105" classname="com.lianpay.interfaces.test.UploadUnitPhotoTest"/>
  <testcase name="uploadUnitPhoto" time="2.829" classname="com.lianpay.interfaces.test.UploadUnitPhotoTest"/>
</testsuite> <!-- com.lianpay.interfaces.test.UploadUnitPhotoTest -->
