<?xml version="1.0" encoding="UTF-8"?>
<!-- Generated by org.testng.reporters.JUnitReportReporter -->
<testsuite hostname="LT-jiangxm" name="com.llwallet.interfaces.test.api.test.personal.SecuredPayQueryTest" tests="17" failures="0" timestamp="2 Nov 2017 13:27:27 GMT" time="2.018" errors="0">
  <testcase name="securedPayQuery" time="0.030" classname="com.llwallet.interfaces.test.api.test.personal.SecuredPayQueryTest"/>
  <testcase name="securedPayQuery" time="0.095" classname="com.llwallet.interfaces.test.api.test.personal.SecuredPayQueryTest"/>
  <testcase name="securedPayQuery" time="0.028" classname="com.llwallet.interfaces.test.api.test.personal.SecuredPayQueryTest"/>
  <testcase name="securedPayQuery" time="0.017" classname="com.llwallet.interfaces.test.api.test.personal.SecuredPayQueryTest"/>
  <testcase name="securedPayQuery" time="0.096" classname="com.llwallet.interfaces.test.api.test.personal.SecuredPayQueryTest"/>
  <testcase name="securedPayQuery" time="0.391" classname="com.llwallet.interfaces.test.api.test.personal.SecuredPayQueryTest"/>
  <testcase name="securedPayQuery" time="0.032" classname="com.llwallet.interfaces.test.api.test.personal.SecuredPayQueryTest"/>
  <testcase name="securedPayQuery" time="0.030" classname="com.llwallet.interfaces.test.api.test.personal.SecuredPayQueryTest"/>
  <testcase name="securedPayQuery" time="0.036" classname="com.llwallet.interfaces.test.api.test.personal.SecuredPayQueryTest"/>
  <testcase name="securedPayQuery" time="0.040" classname="com.llwallet.interfaces.test.api.test.personal.SecuredPayQueryTest"/>
  <testcase name="securedPayQuery" time="0.044" classname="com.llwallet.interfaces.test.api.test.personal.SecuredPayQueryTest"/>
  <testcase name="securedPayQuery" time="0.648" classname="com.llwallet.interfaces.test.api.test.personal.SecuredPayQueryTest"/>
  <testcase name="securedPayQuery" time="0.066" classname="com.llwallet.interfaces.test.api.test.personal.SecuredPayQueryTest"/>
  <testcase name="securedPayQuery" time="0.035" classname="com.llwallet.interfaces.test.api.test.personal.SecuredPayQueryTest"/>
  <testcase name="securedPayQuery" time="0.250" classname="com.llwallet.interfaces.test.api.test.personal.SecuredPayQueryTest"/>
  <testcase name="securedPayQuery" time="0.094" classname="com.llwallet.interfaces.test.api.test.personal.SecuredPayQueryTest"/>
  <testcase name="securedPayQuery" time="0.086" classname="com.llwallet.interfaces.test.api.test.personal.SecuredPayQueryTest"/>
</testsuite> <!-- com.llwallet.interfaces.test.api.test.personal.SecuredPayQueryTest -->
