<?xml version="1.0" encoding="UTF-8"?>
<!-- Generated by org.testng.reporters.JUnitReportReporter -->
<testsuite hostname="LT-jiangxm" name="com.llwallet.interfaces.test.api.test.enterprise.UnitCashOutTest" tests="36" failures="0" timestamp="2 Jun 2017 08:46:46 GMT" time="7.992" errors="0">
  <testcase name="unitCashout" time="0.880" classname="com.llwallet.interfaces.test.api.test.enterprise.UnitCashOutTest"/>
  <testcase name="unitCashout" time="0.136" classname="com.llwallet.interfaces.test.api.test.enterprise.UnitCashOutTest"/>
  <testcase name="unitCashout" time="0.134" classname="com.llwallet.interfaces.test.api.test.enterprise.UnitCashOutTest"/>
  <testcase name="unitCashout" time="0.128" classname="com.llwallet.interfaces.test.api.test.enterprise.UnitCashOutTest"/>
  <testcase name="unitCashout" time="0.509" classname="com.llwallet.interfaces.test.api.test.enterprise.UnitCashOutTest"/>
  <testcase name="unitCashout" time="0.124" classname="com.llwallet.interfaces.test.api.test.enterprise.UnitCashOutTest"/>
  <testcase name="unitCashout" time="0.137" classname="com.llwallet.interfaces.test.api.test.enterprise.UnitCashOutTest"/>
  <testcase name="unitCashout" time="0.337" classname="com.llwallet.interfaces.test.api.test.enterprise.UnitCashOutTest"/>
  <testcase name="unitCashout" time="0.142" classname="com.llwallet.interfaces.test.api.test.enterprise.UnitCashOutTest"/>
  <testcase name="unitCashout" time="0.138" classname="com.llwallet.interfaces.test.api.test.enterprise.UnitCashOutTest"/>
  <testcase name="unitCashout" time="0.166" classname="com.llwallet.interfaces.test.api.test.enterprise.UnitCashOutTest"/>
  <testcase name="unitCashout" time="0.132" classname="com.llwallet.interfaces.test.api.test.enterprise.UnitCashOutTest"/>
  <testcase name="unitCashout" time="0.134" classname="com.llwallet.interfaces.test.api.test.enterprise.UnitCashOutTest"/>
  <testcase name="unitCashout" time="0.126" classname="com.llwallet.interfaces.test.api.test.enterprise.UnitCashOutTest"/>
  <testcase name="unitCashout" time="0.318" classname="com.llwallet.interfaces.test.api.test.enterprise.UnitCashOutTest"/>
  <testcase name="unitCashout" time="0.255" classname="com.llwallet.interfaces.test.api.test.enterprise.UnitCashOutTest"/>
  <testcase name="unitCashout" time="0.140" classname="com.llwallet.interfaces.test.api.test.enterprise.UnitCashOutTest"/>
  <testcase name="unitCashout" time="0.526" classname="com.llwallet.interfaces.test.api.test.enterprise.UnitCashOutTest"/>
  <testcase name="unitCashout" time="0.132" classname="com.llwallet.interfaces.test.api.test.enterprise.UnitCashOutTest"/>
  <testcase name="unitCashout" time="0.125" classname="com.llwallet.interfaces.test.api.test.enterprise.UnitCashOutTest"/>
  <testcase name="unitCashout" time="0.129" classname="com.llwallet.interfaces.test.api.test.enterprise.UnitCashOutTest"/>
  <testcase name="unitCashout" time="0.266" classname="com.llwallet.interfaces.test.api.test.enterprise.UnitCashOutTest"/>
  <testcase name="unitCashout" time="0.128" classname="com.llwallet.interfaces.test.api.test.enterprise.UnitCashOutTest"/>
  <testcase name="unitCashout" time="0.127" classname="com.llwallet.interfaces.test.api.test.enterprise.UnitCashOutTest"/>
  <testcase name="unitCashout" time="0.130" classname="com.llwallet.interfaces.test.api.test.enterprise.UnitCashOutTest"/>
  <testcase name="unitCashout" time="0.411" classname="com.llwallet.interfaces.test.api.test.enterprise.UnitCashOutTest"/>
  <testcase name="unitCashout" time="0.139" classname="com.llwallet.interfaces.test.api.test.enterprise.UnitCashOutTest"/>
  <testcase name="unitCashout" time="0.269" classname="com.llwallet.interfaces.test.api.test.enterprise.UnitCashOutTest"/>
  <testcase name="unitCashout" time="0.130" classname="com.llwallet.interfaces.test.api.test.enterprise.UnitCashOutTest"/>
  <testcase name="unitCashout" time="0.137" classname="com.llwallet.interfaces.test.api.test.enterprise.UnitCashOutTest"/>
  <testcase name="unitCashout" time="0.284" classname="com.llwallet.interfaces.test.api.test.enterprise.UnitCashOutTest"/>
  <testcase name="unitCashout" time="0.134" classname="com.llwallet.interfaces.test.api.test.enterprise.UnitCashOutTest"/>
  <testcase name="unitCashout" time="0.126" classname="com.llwallet.interfaces.test.api.test.enterprise.UnitCashOutTest"/>
  <testcase name="unitCashout" time="0.131" classname="com.llwallet.interfaces.test.api.test.enterprise.UnitCashOutTest"/>
  <testcase name="unitCashout" time="0.155" classname="com.llwallet.interfaces.test.api.test.enterprise.UnitCashOutTest"/>
  <testcase name="unitCashout" time="0.577" classname="com.llwallet.interfaces.test.api.test.enterprise.UnitCashOutTest"/>
</testsuite> <!-- com.llwallet.interfaces.test.api.test.enterprise.UnitCashOutTest -->
