<?xml version="1.0" encoding="UTF-8"?>
<!-- Generated by org.testng.reporters.JUnitReportReporter -->
<testsuite name="com.llwallet.interfaces.test.api.online.personal.BalancePayVerifyOnlineTest" tests="1" time="1.056" ignored="0" failures="0" timestamp="22 三月 2017 18:00:05 GMT" skipped="0" hostname="LT-jiangxm" errors="0">
  <testcase name="balancePayVerify1" time="1.056" classname="com.llwallet.interfaces.test.api.online.personal.BalancePayVerifyOnlineTest"/>
</testsuite> <!-- com.llwallet.interfaces.test.api.online.personal.BalancePayVerifyOnlineTest -->
