<?xml version="1.0" encoding="UTF-8"?>
<!-- Generated by org.testng.reporters.JUnitReportReporter -->
<testsuite hostname="LT-jiangxm" name="com.llwallet.interfaces.test.api.online.combination.CombinationRefundOnlineTest" tests="1" failures="0" timestamp="20 Dec 2017 14:23:05 GMT" time="1.639" errors="0">
  <testcase name="combinationRefund" time="1.639" classname="com.llwallet.interfaces.test.api.online.combination.CombinationRefundOnlineTest"/>
</testsuite> <!-- com.llwallet.interfaces.test.api.online.combination.CombinationRefundOnlineTest -->
