<?xml version="1.0" encoding="UTF-8"?>
<!-- Generated by org.testng.reporters.JUnitReportReporter -->
<testsuite hostname="LT-jiangxm" name="com.llwallet.interfaces.test.api.online.personal.Balance2OtherBankCardOnlineTest" tests="1" failures="0" timestamp="21 Sep 2017 05:12:30 GMT" time="0.963" errors="0">
  <testcase name="balance2OtherBankCard" time="0.963" classname="com.llwallet.interfaces.test.api.online.personal.Balance2OtherBankCardOnlineTest"/>
</testsuite> <!-- com.llwallet.interfaces.test.api.online.personal.Balance2OtherBankCardOnlineTest -->
