<?xml version="1.0" encoding="UTF-8"?>
<!-- Generated by org.testng.reporters.JUnitReportReporter -->
<testsuite name="com.llwallet.interfaces.test.api.online.personal.CashoutT1ApplyOnlineTest" tests="1" time="2.649" ignored="0" failures="0" timestamp="05 四月 2017 11:14:58 GMT" skipped="0" hostname="LT-jiangxm" errors="0">
  <testcase name="cashoutT1Apply" time="2.649" classname="com.llwallet.interfaces.test.api.online.personal.CashoutT1ApplyOnlineTest"/>
</testsuite> <!-- com.llwallet.interfaces.test.api.online.personal.CashoutT1ApplyOnlineTest -->
