<?xml version="1.0" encoding="UTF-8"?>
<!-- Generated by org.testng.reporters.JUnitReportReporter -->
<testsuite hostname="LT-jiangxm" name="com.llwallet.interfaces.test.dubbo.coreservice.TrustAuthTest" tests="1" failures="0" timestamp="20 Feb 2017 01:25:39 GMT" time="3.110" errors="0">
  <testcase name="trustAuth" time="3.110" classname="com.llwallet.interfaces.test.dubbo.coreservice.TrustAuthTest"/>
</testsuite> <!-- com.llwallet.interfaces.test.dubbo.coreservice.TrustAuthTest -->
