<?xml version="1.0" encoding="UTF-8"?>
<!-- Generated by org.testng.reporters.JUnitReportReporter -->
<testsuite hostname="LT-jiangxm" name="com.llwallet.interfaces.test.api.online.personal.AuthUserOnlineTest" tests="1" failures="0" timestamp="23 May 2017 01:44:34 GMT" time="6.027" errors="0">
  <testcase name="authUser" time="6.027" classname="com.llwallet.interfaces.test.api.online.personal.AuthUserOnlineTest"/>
</testsuite> <!-- com.llwallet.interfaces.test.api.online.personal.AuthUserOnlineTest -->
