<?xml version="1.0" encoding="UTF-8"?>
<!-- Generated by org.testng.reporters.JUnitReportReporter -->
<testsuite hostname="LT-jiangxm" name="com.llwallet.interfaces.test.api.online.personal.CashOutCardBindOnlineTest" tests="1" failures="0" timestamp="8 Sep 2017 07:01:35 GMT" time="1.398" errors="0">
  <testcase name="cashOutCardBind" time="1.398" classname="com.llwallet.interfaces.test.api.online.personal.CashOutCardBindOnlineTest"/>
</testsuite> <!-- com.llwallet.interfaces.test.api.online.personal.CashOutCardBindOnlineTest -->
