<?xml version="1.0" encoding="UTF-8"?>
<!-- Generated by org.testng.reporters.JUnitReportReporter -->
<testsuite hostname="LT-jiangxm" name="com.llwallet.interfaces.test.api.test.personal.CashoutCombineApplyTest" tests="2" failures="0" timestamp="20 Dec 2017 05:47:05 GMT" time="2.271" errors="0">
  <testcase name="cashoutCombineApply" time="1.735" classname="com.llwallet.interfaces.test.api.test.personal.CashoutCombineApplyTest"/>
  <testcase name="cashoutCombineApply1" time="0.536" classname="com.llwallet.interfaces.test.api.test.personal.CashoutCombineApplyTest"/>
</testsuite> <!-- com.llwallet.interfaces.test.api.test.personal.CashoutCombineApplyTest -->
