<?xml version="1.0" encoding="UTF-8"?>
<!-- Generated by org.testng.reporters.JUnitReportReporter -->
<testsuite name="com.llwallet.interfaces.test.api.online.enterprise.UnitCashoutT1ApplyOnlineTest" tests="1" time="2.471" ignored="0" failures="0" timestamp="05 四月 2017 11:22:25 GMT" skipped="0" hostname="LT-jiangxm" errors="0">
  <testcase name="unitCashoutT1Apply" time="2.471" classname="com.llwallet.interfaces.test.api.online.enterprise.UnitCashoutT1ApplyOnlineTest"/>
</testsuite> <!-- com.llwallet.interfaces.test.api.online.enterprise.UnitCashoutT1ApplyOnlineTest -->
