<?xml version="1.0" encoding="UTF-8"?>
<!-- Generated by org.testng.reporters.JUnitReportReporter -->
<testsuite hostname="LT-jiangxm" name="com.llwallet.interfaces.test.api.online.custom.ActiveAcctOnlineTest" tests="1" failures="0" timestamp="17 Nov 2017 14:30:00 GMT" time="1.435" errors="0">
  <testcase name="activeAcct" time="1.435" classname="com.llwallet.interfaces.test.api.online.custom.ActiveAcctOnlineTest"/>
</testsuite> <!-- com.llwallet.interfaces.test.api.online.custom.ActiveAcctOnlineTest -->
