<?xml version="1.0" encoding="UTF-8"?>
<!-- Generated by org.testng.reporters.JUnitReportReporter -->
<testsuite hostname="LT-jiangxm" name="com.llwallet.interfaces.test.dubbo.balancepaybusiservice.UpdateWalletBalancePayLimitTest" tests="10" failures="0" timestamp="20 Feb 2017 01:25:39 GMT" time="0.740" errors="0">
  <testcase name="updateWalletBalancePayLimit" time="0.118" classname="com.llwallet.interfaces.test.dubbo.balancepaybusiservice.UpdateWalletBalancePayLimitTest"/>
  <testcase name="updateWalletBalancePayLimit" time="0.048" classname="com.llwallet.interfaces.test.dubbo.balancepaybusiservice.UpdateWalletBalancePayLimitTest"/>
  <testcase name="updateWalletBalancePayLimit" time="0.063" classname="com.llwallet.interfaces.test.dubbo.balancepaybusiservice.UpdateWalletBalancePayLimitTest"/>
  <testcase name="updateWalletBalancePayLimit" time="0.126" classname="com.llwallet.interfaces.test.dubbo.balancepaybusiservice.UpdateWalletBalancePayLimitTest"/>
  <testcase name="updateWalletBalancePayLimit" time="0.019" classname="com.llwallet.interfaces.test.dubbo.balancepaybusiservice.UpdateWalletBalancePayLimitTest"/>
  <testcase name="updateWalletBalancePayLimit" time="0.127" classname="com.llwallet.interfaces.test.dubbo.balancepaybusiservice.UpdateWalletBalancePayLimitTest"/>
  <testcase name="updateWalletBalancePayLimit" time="0.094" classname="com.llwallet.interfaces.test.dubbo.balancepaybusiservice.UpdateWalletBalancePayLimitTest"/>
  <testcase name="updateWalletBalancePayLimit" time="0.025" classname="com.llwallet.interfaces.test.dubbo.balancepaybusiservice.UpdateWalletBalancePayLimitTest"/>
  <testcase name="updateWalletBalancePayLimit" time="0.100" classname="com.llwallet.interfaces.test.dubbo.balancepaybusiservice.UpdateWalletBalancePayLimitTest"/>
  <testcase name="updateWalletBalancePayLimit" time="0.020" classname="com.llwallet.interfaces.test.dubbo.balancepaybusiservice.UpdateWalletBalancePayLimitTest"/>
</testsuite> <!-- com.llwallet.interfaces.test.dubbo.balancepaybusiservice.UpdateWalletBalancePayLimitTest -->
