<?xml version="1.0" encoding="UTF-8"?>
<!-- Generated by org.testng.reporters.JUnitReportReporter -->
<testsuite hostname="LT-jiangxm" name="com.spay.interfaces.test.OrderQueryTest" tests="6" failures="0" timestamp="20 Dec 2016 09:35:01 GMT" time="0.213" errors="0">
  <testcase name="orderQuery" time="0.008" classname="com.spay.interfaces.test.OrderQueryTest"/>
  <testcase name="orderQuery" time="0.013" classname="com.spay.interfaces.test.OrderQueryTest"/>
  <testcase name="orderQuery" time="0.069" classname="com.spay.interfaces.test.OrderQueryTest"/>
  <testcase name="orderQuery" time="0.049" classname="com.spay.interfaces.test.OrderQueryTest"/>
  <testcase name="orderQuery" time="0.063" classname="com.spay.interfaces.test.OrderQueryTest"/>
  <testcase name="orderQuery" time="0.011" classname="com.spay.interfaces.test.OrderQueryTest"/>
</testsuite> <!-- com.spay.interfaces.test.OrderQueryTest -->
