<?xml version="1.0" encoding="UTF-8"?>
<!-- Generated by org.testng.reporters.JUnitReportReporter -->
<testsuite hostname="LT-jiangxm" name="com.llwallet.interfaces.test.SmsSendTest" tests="1" failures="0" timestamp="9 Dec 2016 08:28:29 GMT" time="0.636" errors="0">
  <testcase name="smsSend" time="0.636" classname="com.llwallet.interfaces.test.SmsSendTest"/>
</testsuite> <!-- com.llwallet.interfaces.test.SmsSendTest -->
