<?xml version="1.0" encoding="UTF-8"?>
<!-- Generated by org.testng.reporters.JUnitReportReporter -->
<testsuite hostname="LT-jiangxm" name="com.llwallet.interfaces.test.api.online.enterprise.OpenUnactivedUnitUserTest" tests="1" failures="0" timestamp="15 Feb 2017 16:15:01 GMT" time="1.018" errors="0">
  <testcase name="openUnactivedUnitUser" time="1.018" classname="com.llwallet.interfaces.test.api.online.enterprise.OpenUnactivedUnitUserTest"/>
</testsuite> <!-- com.llwallet.interfaces.test.api.online.enterprise.OpenUnactivedUnitUserTest -->
