<?xml version="1.0" encoding="UTF-8"?>
<!-- Generated by org.testng.reporters.JUnitReportReporter -->
<testsuite name="com.llwallet.interfaces.test.api.online.qrcode.RecogniseQrcodeTest" tests="9" time="1.197" ignored="0" failures="0" timestamp="10 三月 2017 07:43:05 GMT" skipped="0" hostname="LT-jiangxm" errors="0">
  <testcase name="recogniseQrcode" time="0.151" classname="com.llwallet.interfaces.test.api.online.qrcode.RecogniseQrcodeTest"/>
  <testcase name="recogniseQrcode" time="0.122" classname="com.llwallet.interfaces.test.api.online.qrcode.RecogniseQrcodeTest"/>
  <testcase name="recogniseQrcode" time="0.137" classname="com.llwallet.interfaces.test.api.online.qrcode.RecogniseQrcodeTest"/>
  <testcase name="recogniseQrcode" time="0.108" classname="com.llwallet.interfaces.test.api.online.qrcode.RecogniseQrcodeTest"/>
  <testcase name="recogniseQrcode" time="0.131" classname="com.llwallet.interfaces.test.api.online.qrcode.RecogniseQrcodeTest"/>
  <testcase name="recogniseQrcode" time="0.131" classname="com.llwallet.interfaces.test.api.online.qrcode.RecogniseQrcodeTest"/>
  <testcase name="recogniseQrcode" time="0.150" classname="com.llwallet.interfaces.test.api.online.qrcode.RecogniseQrcodeTest"/>
  <testcase name="recogniseQrcode" time="0.117" classname="com.llwallet.interfaces.test.api.online.qrcode.RecogniseQrcodeTest"/>
  <testcase name="recogniseQrcode" time="0.150" classname="com.llwallet.interfaces.test.api.online.qrcode.RecogniseQrcodeTest"/>
</testsuite> <!-- com.llwallet.interfaces.test.api.online.qrcode.RecogniseQrcodeTest -->
