<?xml version="1.0" encoding="UTF-8"?>
<!-- Generated by org.testng.reporters.JUnitReportReporter -->
<testsuite hostname="LT-jiangxm" name="com.llwallet.interfaces.test.dubbo.rechargebusiservice.UpdateRechargeLimitedTest" tests="10" failures="0" timestamp="20 Feb 2017 01:25:39 GMT" time="0.884" errors="0">
  <testcase name="updateRechargeLimited" time="0.071" classname="com.llwallet.interfaces.test.dubbo.rechargebusiservice.UpdateRechargeLimitedTest"/>
  <testcase name="updateRechargeLimited" time="0.110" classname="com.llwallet.interfaces.test.dubbo.rechargebusiservice.UpdateRechargeLimitedTest"/>
  <testcase name="updateRechargeLimited" time="0.096" classname="com.llwallet.interfaces.test.dubbo.rechargebusiservice.UpdateRechargeLimitedTest"/>
  <testcase name="updateRechargeLimited" time="0.149" classname="com.llwallet.interfaces.test.dubbo.rechargebusiservice.UpdateRechargeLimitedTest"/>
  <testcase name="updateRechargeLimited" time="0.052" classname="com.llwallet.interfaces.test.dubbo.rechargebusiservice.UpdateRechargeLimitedTest"/>
  <testcase name="updateRechargeLimited" time="0.016" classname="com.llwallet.interfaces.test.dubbo.rechargebusiservice.UpdateRechargeLimitedTest"/>
  <testcase name="updateRechargeLimited" time="0.262" classname="com.llwallet.interfaces.test.dubbo.rechargebusiservice.UpdateRechargeLimitedTest"/>
  <testcase name="updateRechargeLimited" time="0.026" classname="com.llwallet.interfaces.test.dubbo.rechargebusiservice.UpdateRechargeLimitedTest"/>
  <testcase name="updateRechargeLimited" time="0.012" classname="com.llwallet.interfaces.test.dubbo.rechargebusiservice.UpdateRechargeLimitedTest"/>
  <testcase name="updateRechargeLimited" time="0.090" classname="com.llwallet.interfaces.test.dubbo.rechargebusiservice.UpdateRechargeLimitedTest"/>
</testsuite> <!-- com.llwallet.interfaces.test.dubbo.rechargebusiservice.UpdateRechargeLimitedTest -->
