<?xml version="1.0" encoding="UTF-8"?>
<!-- Generated by org.testng.reporters.JUnitReportReporter -->
<testsuite hostname="LT-jiangxm" name="com.account.interfaces.test.dubbo.OrderSingleQryTest" tests="2" failures="0" timestamp="21 Dec 2016 08:20:38 GMT" time="0.442" errors="0">
  <testcase name="orderSingleQry" time="0.421" classname="com.account.interfaces.test.dubbo.OrderSingleQryTest"/>
  <testcase name="orderSingleQry" time="0.021" classname="com.account.interfaces.test.dubbo.OrderSingleQryTest"/>
</testsuite> <!-- com.account.interfaces.test.dubbo.OrderSingleQryTest -->
