<?xml version="1.0" encoding="UTF-8"?>
<!-- Generated by org.testng.reporters.JUnitReportReporter -->
<testsuite hostname="LT-jiangxm" name="com.llwallet.interfaces.test.api.test.enterprise.UnitCashoutT1ApplyTest" tests="36" failures="0" timestamp="2 Jun 2017 08:46:46 GMT" time="8.390" errors="0">
  <testcase name="unitCashoutT1Apply" time="0.136" classname="com.llwallet.interfaces.test.api.test.enterprise.UnitCashoutT1ApplyTest"/>
  <testcase name="unitCashoutT1Apply" time="0.136" classname="com.llwallet.interfaces.test.api.test.enterprise.UnitCashoutT1ApplyTest"/>
  <testcase name="unitCashoutT1Apply" time="0.129" classname="com.llwallet.interfaces.test.api.test.enterprise.UnitCashoutT1ApplyTest"/>
  <testcase name="unitCashoutT1Apply" time="0.128" classname="com.llwallet.interfaces.test.api.test.enterprise.UnitCashoutT1ApplyTest"/>
  <testcase name="unitCashoutT1Apply" time="0.673" classname="com.llwallet.interfaces.test.api.test.enterprise.UnitCashoutT1ApplyTest"/>
  <testcase name="unitCashoutT1Apply" time="0.685" classname="com.llwallet.interfaces.test.api.test.enterprise.UnitCashoutT1ApplyTest"/>
  <testcase name="unitCashoutT1Apply" time="0.164" classname="com.llwallet.interfaces.test.api.test.enterprise.UnitCashoutT1ApplyTest"/>
  <testcase name="unitCashoutT1Apply" time="0.140" classname="com.llwallet.interfaces.test.api.test.enterprise.UnitCashoutT1ApplyTest"/>
  <testcase name="unitCashoutT1Apply" time="0.138" classname="com.llwallet.interfaces.test.api.test.enterprise.UnitCashoutT1ApplyTest"/>
  <testcase name="unitCashoutT1Apply" time="0.130" classname="com.llwallet.interfaces.test.api.test.enterprise.UnitCashoutT1ApplyTest"/>
  <testcase name="unitCashoutT1Apply" time="0.130" classname="com.llwallet.interfaces.test.api.test.enterprise.UnitCashoutT1ApplyTest"/>
  <testcase name="unitCashoutT1Apply" time="0.167" classname="com.llwallet.interfaces.test.api.test.enterprise.UnitCashoutT1ApplyTest"/>
  <testcase name="unitCashoutT1Apply" time="0.220" classname="com.llwallet.interfaces.test.api.test.enterprise.UnitCashoutT1ApplyTest"/>
  <testcase name="unitCashoutT1Apply" time="0.133" classname="com.llwallet.interfaces.test.api.test.enterprise.UnitCashoutT1ApplyTest"/>
  <testcase name="unitCashoutT1Apply" time="0.692" classname="com.llwallet.interfaces.test.api.test.enterprise.UnitCashoutT1ApplyTest"/>
  <testcase name="unitCashoutT1Apply" time="0.133" classname="com.llwallet.interfaces.test.api.test.enterprise.UnitCashoutT1ApplyTest"/>
  <testcase name="unitCashoutT1Apply" time="0.286" classname="com.llwallet.interfaces.test.api.test.enterprise.UnitCashoutT1ApplyTest"/>
  <testcase name="unitCashoutT1Apply" time="0.132" classname="com.llwallet.interfaces.test.api.test.enterprise.UnitCashoutT1ApplyTest"/>
  <testcase name="unitCashoutT1Apply" time="0.132" classname="com.llwallet.interfaces.test.api.test.enterprise.UnitCashoutT1ApplyTest"/>
  <testcase name="unitCashoutT1Apply" time="0.129" classname="com.llwallet.interfaces.test.api.test.enterprise.UnitCashoutT1ApplyTest"/>
  <testcase name="unitCashoutT1Apply" time="0.130" classname="com.llwallet.interfaces.test.api.test.enterprise.UnitCashoutT1ApplyTest"/>
  <testcase name="unitCashoutT1Apply" time="0.316" classname="com.llwallet.interfaces.test.api.test.enterprise.UnitCashoutT1ApplyTest"/>
  <testcase name="unitCashoutT1Apply" time="0.145" classname="com.llwallet.interfaces.test.api.test.enterprise.UnitCashoutT1ApplyTest"/>
  <testcase name="unitCashoutT1Apply" time="0.140" classname="com.llwallet.interfaces.test.api.test.enterprise.UnitCashoutT1ApplyTest"/>
  <testcase name="unitCashoutT1Apply" time="0.133" classname="com.llwallet.interfaces.test.api.test.enterprise.UnitCashoutT1ApplyTest"/>
  <testcase name="unitCashoutT1Apply" time="0.141" classname="com.llwallet.interfaces.test.api.test.enterprise.UnitCashoutT1ApplyTest"/>
  <testcase name="unitCashoutT1Apply" time="0.130" classname="com.llwallet.interfaces.test.api.test.enterprise.UnitCashoutT1ApplyTest"/>
  <testcase name="unitCashoutT1Apply" time="0.140" classname="com.llwallet.interfaces.test.api.test.enterprise.UnitCashoutT1ApplyTest"/>
  <testcase name="unitCashoutT1Apply" time="0.363" classname="com.llwallet.interfaces.test.api.test.enterprise.UnitCashoutT1ApplyTest"/>
  <testcase name="unitCashoutT1Apply" time="0.333" classname="com.llwallet.interfaces.test.api.test.enterprise.UnitCashoutT1ApplyTest"/>
  <testcase name="unitCashoutT1Apply" time="0.141" classname="com.llwallet.interfaces.test.api.test.enterprise.UnitCashoutT1ApplyTest"/>
  <testcase name="unitCashoutT1Apply" time="0.130" classname="com.llwallet.interfaces.test.api.test.enterprise.UnitCashoutT1ApplyTest"/>
  <testcase name="unitCashoutT1Apply" time="0.318" classname="com.llwallet.interfaces.test.api.test.enterprise.UnitCashoutT1ApplyTest"/>
  <testcase name="unitCashoutT1Apply" time="0.144" classname="com.llwallet.interfaces.test.api.test.enterprise.UnitCashoutT1ApplyTest"/>
  <testcase name="unitCashoutT1Apply" time="0.748" classname="com.llwallet.interfaces.test.api.test.enterprise.UnitCashoutT1ApplyTest"/>
  <testcase name="unitCashoutT1Apply" time="0.325" classname="com.llwallet.interfaces.test.api.test.enterprise.UnitCashoutT1ApplyTest"/>
</testsuite> <!-- com.llwallet.interfaces.test.api.test.enterprise.UnitCashoutT1ApplyTest -->
