<?xml version="1.0" encoding="UTF-8"?>
<!-- Generated by org.testng.reporters.JUnitReportReporter -->
<testsuite name="com.llwallet.interfaces.test.api.online.personal.TraderUserPaymentOnlineTest" tests="1" time="2.261" ignored="0" failures="0" timestamp="22 三月 2017 17:44:47 GMT" skipped="0" hostname="LT-jiangxm" errors="0">
  <testcase name="traderUserPayment" time="2.261" classname="com.llwallet.interfaces.test.api.online.personal.TraderUserPaymentOnlineTest"/>
</testsuite> <!-- com.llwallet.interfaces.test.api.online.personal.TraderUserPaymentOnlineTest -->
