<?xml version="1.0" encoding="UTF-8"?>
<!-- Generated by org.testng.reporters.JUnitReportReporter -->
<testsuite hostname="LT-jiangxm" name="com.llwallet.interfaces.test.api.test.DirectOpenUserTest" tests="1" failures="0" timestamp="22 Dec 2016 07:30:10 GMT" time="1.962" errors="0">
  <testcase name="directOpenUser" time="1.962" classname="com.llwallet.interfaces.test.api.test.DirectOpenUserTest"/>
</testsuite> <!-- com.llwallet.interfaces.test.api.test.DirectOpenUserTest -->
