<?xml version="1.0" encoding="UTF-8"?>
<!-- Generated by org.testng.reporters.JUnitReportReporter -->
<testsuite name="com.llwallet.interfaces.test.api.online.personal.UserTransAcctOnlineTest" tests="1" time="2.584" ignored="0" failures="0" timestamp="22 三月 2017 17:23:17 GMT" skipped="0" hostname="LT-jiangxm" errors="0">
  <testcase name="userTransAcct" time="2.584" classname="com.llwallet.interfaces.test.api.online.personal.UserTransAcctOnlineTest"/>
</testsuite> <!-- com.llwallet.interfaces.test.api.online.personal.UserTransAcctOnlineTest -->
