<?xml version="1.0" encoding="UTF-8"?>
<!-- Generated by org.testng.reporters.JUnitReportReporter -->
<testsuite hostname="LT-jiangxm" name="com.llwallet.interfaces.test.dubbo.rechargebusiservice.QueryOnlineBankRechargeLimitedTest" tests="10" failures="0" timestamp="20 Feb 2017 01:25:39 GMT" time="0.714" errors="0">
  <testcase name="queryOnlineBankRechargeLimited" time="0.147" classname="com.llwallet.interfaces.test.dubbo.rechargebusiservice.QueryOnlineBankRechargeLimitedTest"/>
  <testcase name="queryOnlineBankRechargeLimited" time="0.111" classname="com.llwallet.interfaces.test.dubbo.rechargebusiservice.QueryOnlineBankRechargeLimitedTest"/>
  <testcase name="queryOnlineBankRechargeLimited" time="0.094" classname="com.llwallet.interfaces.test.dubbo.rechargebusiservice.QueryOnlineBankRechargeLimitedTest"/>
  <testcase name="queryOnlineBankRechargeLimited" time="0.060" classname="com.llwallet.interfaces.test.dubbo.rechargebusiservice.QueryOnlineBankRechargeLimitedTest"/>
  <testcase name="queryOnlineBankRechargeLimited" time="0.016" classname="com.llwallet.interfaces.test.dubbo.rechargebusiservice.QueryOnlineBankRechargeLimitedTest"/>
  <testcase name="queryOnlineBankRechargeLimited" time="0.050" classname="com.llwallet.interfaces.test.dubbo.rechargebusiservice.QueryOnlineBankRechargeLimitedTest"/>
  <testcase name="queryOnlineBankRechargeLimited" time="0.028" classname="com.llwallet.interfaces.test.dubbo.rechargebusiservice.QueryOnlineBankRechargeLimitedTest"/>
  <testcase name="queryOnlineBankRechargeLimited" time="0.099" classname="com.llwallet.interfaces.test.dubbo.rechargebusiservice.QueryOnlineBankRechargeLimitedTest"/>
  <testcase name="queryOnlineBankRechargeLimited" time="0.010" classname="com.llwallet.interfaces.test.dubbo.rechargebusiservice.QueryOnlineBankRechargeLimitedTest"/>
  <testcase name="queryOnlineBankRechargeLimited" time="0.099" classname="com.llwallet.interfaces.test.dubbo.rechargebusiservice.QueryOnlineBankRechargeLimitedTest"/>
</testsuite> <!-- com.llwallet.interfaces.test.dubbo.rechargebusiservice.QueryOnlineBankRechargeLimitedTest -->
