<?xml version="1.0" encoding="UTF-8"?>
<!-- Generated by org.testng.reporters.JUnitReportReporter -->
<testsuite hostname="LT-jiangxm" name="com.llwallet.interfaces.test.dubbo.cashoutbusiservice.QueryCashOutTimesTest" tests="1" failures="0" timestamp="20 Feb 2017 01:25:39 GMT" time="6.915" errors="0">
  <testcase name="queryCashOutTimes" time="6.915" classname="com.llwallet.interfaces.test.dubbo.cashoutbusiservice.QueryCashOutTimesTest"/>
</testsuite> <!-- com.llwallet.interfaces.test.dubbo.cashoutbusiservice.QueryCashOutTimesTest -->
