<?xml version="1.0" encoding="UTF-8"?>
<!-- Generated by org.testng.reporters.JUnitReportReporter -->
<testsuite hostname="LT-jiangxm" name="com.llwallet.interfaces.test.api.test.custom.Balance2OtherBankCardTest" tests="65" failures="0" timestamp="19 Dec 2017 12:00:17 GMT" time="16.347" errors="0">
  <testcase name="test" time="0.771" classname="com.llwallet.interfaces.test.api.test.custom.Balance2OtherBankCardTest"/>
  <testcase name="test" time="0.174" classname="com.llwallet.interfaces.test.api.test.custom.Balance2OtherBankCardTest"/>
  <testcase name="test" time="0.103" classname="com.llwallet.interfaces.test.api.test.custom.Balance2OtherBankCardTest"/>
  <testcase name="test" time="0.523" classname="com.llwallet.interfaces.test.api.test.custom.Balance2OtherBankCardTest"/>
  <testcase name="test" time="0.204" classname="com.llwallet.interfaces.test.api.test.custom.Balance2OtherBankCardTest"/>
  <testcase name="test" time="0.123" classname="com.llwallet.interfaces.test.api.test.custom.Balance2OtherBankCardTest"/>
  <testcase name="test" time="0.129" classname="com.llwallet.interfaces.test.api.test.custom.Balance2OtherBankCardTest"/>
  <testcase name="test" time="0.141" classname="com.llwallet.interfaces.test.api.test.custom.Balance2OtherBankCardTest"/>
  <testcase name="test" time="0.200" classname="com.llwallet.interfaces.test.api.test.custom.Balance2OtherBankCardTest"/>
  <testcase name="test" time="0.156" classname="com.llwallet.interfaces.test.api.test.custom.Balance2OtherBankCardTest"/>
  <testcase name="test" time="0.175" classname="com.llwallet.interfaces.test.api.test.custom.Balance2OtherBankCardTest"/>
  <testcase name="test" time="0.157" classname="com.llwallet.interfaces.test.api.test.custom.Balance2OtherBankCardTest"/>
  <testcase name="test" time="0.478" classname="com.llwallet.interfaces.test.api.test.custom.Balance2OtherBankCardTest"/>
  <testcase name="test" time="0.125" classname="com.llwallet.interfaces.test.api.test.custom.Balance2OtherBankCardTest"/>
  <testcase name="test" time="0.516" classname="com.llwallet.interfaces.test.api.test.custom.Balance2OtherBankCardTest"/>
  <testcase name="test" time="0.408" classname="com.llwallet.interfaces.test.api.test.custom.Balance2OtherBankCardTest"/>
  <testcase name="test" time="0.090" classname="com.llwallet.interfaces.test.api.test.custom.Balance2OtherBankCardTest"/>
  <testcase name="test" time="0.273" classname="com.llwallet.interfaces.test.api.test.custom.Balance2OtherBankCardTest"/>
  <testcase name="test" time="0.106" classname="com.llwallet.interfaces.test.api.test.custom.Balance2OtherBankCardTest"/>
  <testcase name="test" time="0.126" classname="com.llwallet.interfaces.test.api.test.custom.Balance2OtherBankCardTest"/>
  <testcase name="test" time="0.161" classname="com.llwallet.interfaces.test.api.test.custom.Balance2OtherBankCardTest"/>
  <testcase name="test" time="0.198" classname="com.llwallet.interfaces.test.api.test.custom.Balance2OtherBankCardTest"/>
  <testcase name="test" time="0.107" classname="com.llwallet.interfaces.test.api.test.custom.Balance2OtherBankCardTest"/>
  <testcase name="test" time="0.223" classname="com.llwallet.interfaces.test.api.test.custom.Balance2OtherBankCardTest"/>
  <testcase name="test" time="0.124" classname="com.llwallet.interfaces.test.api.test.custom.Balance2OtherBankCardTest"/>
  <testcase name="test" time="0.456" classname="com.llwallet.interfaces.test.api.test.custom.Balance2OtherBankCardTest"/>
  <testcase name="test" time="0.271" classname="com.llwallet.interfaces.test.api.test.custom.Balance2OtherBankCardTest"/>
  <testcase name="test" time="0.133" classname="com.llwallet.interfaces.test.api.test.custom.Balance2OtherBankCardTest"/>
  <testcase name="test" time="0.175" classname="com.llwallet.interfaces.test.api.test.custom.Balance2OtherBankCardTest"/>
  <testcase name="test" time="0.366" classname="com.llwallet.interfaces.test.api.test.custom.Balance2OtherBankCardTest"/>
  <testcase name="test" time="0.168" classname="com.llwallet.interfaces.test.api.test.custom.Balance2OtherBankCardTest"/>
  <testcase name="test" time="0.111" classname="com.llwallet.interfaces.test.api.test.custom.Balance2OtherBankCardTest"/>
  <testcase name="test" time="0.128" classname="com.llwallet.interfaces.test.api.test.custom.Balance2OtherBankCardTest"/>
  <testcase name="test" time="0.467" classname="com.llwallet.interfaces.test.api.test.custom.Balance2OtherBankCardTest"/>
  <testcase name="test" time="0.102" classname="com.llwallet.interfaces.test.api.test.custom.Balance2OtherBankCardTest"/>
  <testcase name="test" time="0.215" classname="com.llwallet.interfaces.test.api.test.custom.Balance2OtherBankCardTest"/>
  <testcase name="test" time="0.099" classname="com.llwallet.interfaces.test.api.test.custom.Balance2OtherBankCardTest"/>
  <testcase name="test" time="0.174" classname="com.llwallet.interfaces.test.api.test.custom.Balance2OtherBankCardTest"/>
  <testcase name="test" time="0.160" classname="com.llwallet.interfaces.test.api.test.custom.Balance2OtherBankCardTest"/>
  <testcase name="test" time="0.133" classname="com.llwallet.interfaces.test.api.test.custom.Balance2OtherBankCardTest"/>
  <testcase name="test" time="0.167" classname="com.llwallet.interfaces.test.api.test.custom.Balance2OtherBankCardTest"/>
  <testcase name="test" time="0.116" classname="com.llwallet.interfaces.test.api.test.custom.Balance2OtherBankCardTest"/>
  <testcase name="test" time="0.244" classname="com.llwallet.interfaces.test.api.test.custom.Balance2OtherBankCardTest"/>
  <testcase name="test" time="0.164" classname="com.llwallet.interfaces.test.api.test.custom.Balance2OtherBankCardTest"/>
  <testcase name="test" time="0.295" classname="com.llwallet.interfaces.test.api.test.custom.Balance2OtherBankCardTest"/>
  <testcase name="test" time="0.303" classname="com.llwallet.interfaces.test.api.test.custom.Balance2OtherBankCardTest"/>
  <testcase name="test" time="0.119" classname="com.llwallet.interfaces.test.api.test.custom.Balance2OtherBankCardTest"/>
  <testcase name="test" time="0.121" classname="com.llwallet.interfaces.test.api.test.custom.Balance2OtherBankCardTest"/>
  <testcase name="test" time="1.515" classname="com.llwallet.interfaces.test.api.test.custom.Balance2OtherBankCardTest"/>
  <testcase name="test" time="0.098" classname="com.llwallet.interfaces.test.api.test.custom.Balance2OtherBankCardTest"/>
  <testcase name="test" time="0.175" classname="com.llwallet.interfaces.test.api.test.custom.Balance2OtherBankCardTest"/>
  <testcase name="test" time="0.163" classname="com.llwallet.interfaces.test.api.test.custom.Balance2OtherBankCardTest"/>
  <testcase name="test" time="0.236" classname="com.llwallet.interfaces.test.api.test.custom.Balance2OtherBankCardTest"/>
  <testcase name="test" time="0.125" classname="com.llwallet.interfaces.test.api.test.custom.Balance2OtherBankCardTest"/>
  <testcase name="test" time="0.172" classname="com.llwallet.interfaces.test.api.test.custom.Balance2OtherBankCardTest"/>
  <testcase name="test" time="0.134" classname="com.llwallet.interfaces.test.api.test.custom.Balance2OtherBankCardTest"/>
  <testcase name="test" time="0.105" classname="com.llwallet.interfaces.test.api.test.custom.Balance2OtherBankCardTest"/>
  <testcase name="test" time="0.545" classname="com.llwallet.interfaces.test.api.test.custom.Balance2OtherBankCardTest"/>
  <testcase name="test" time="0.105" classname="com.llwallet.interfaces.test.api.test.custom.Balance2OtherBankCardTest"/>
  <testcase name="test" time="0.181" classname="com.llwallet.interfaces.test.api.test.custom.Balance2OtherBankCardTest"/>
  <testcase name="test" time="1.393" classname="com.llwallet.interfaces.test.api.test.custom.Balance2OtherBankCardTest"/>
  <testcase name="test" time="0.118" classname="com.llwallet.interfaces.test.api.test.custom.Balance2OtherBankCardTest"/>
  <testcase name="test" time="0.211" classname="com.llwallet.interfaces.test.api.test.custom.Balance2OtherBankCardTest"/>
  <testcase name="test" time="0.127" classname="com.llwallet.interfaces.test.api.test.custom.Balance2OtherBankCardTest"/>
  <testcase name="test" time="0.466" classname="com.llwallet.interfaces.test.api.test.custom.Balance2OtherBankCardTest"/>
</testsuite> <!-- com.llwallet.interfaces.test.api.test.custom.Balance2OtherBankCardTest -->
