<?xml version="1.0" encoding="UTF-8"?>
<!-- Generated by org.testng.reporters.JUnitReportReporter -->
<testsuite hostname="LT-jiangxm" name="com.llwallet.interfaces.test.api.online.personal.BankCardUnbindOnlineTest" tests="1" failures="0" timestamp="12 Jun 2017 16:02:35 GMT" time="1.192" errors="0">
  <testcase name="bankCardUnbind" time="1.192" classname="com.llwallet.interfaces.test.api.online.personal.BankCardUnbindOnlineTest"/>
</testsuite> <!-- com.llwallet.interfaces.test.api.online.personal.BankCardUnbindOnlineTest -->
