<?xml version="1.0" encoding="UTF-8"?>
<!-- Generated by org.testng.reporters.JUnitReportReporter -->
<testsuite hostname="LT-jiangxm" name="com.llwallet.interfaces.test.api.test.enterprise.UnitCashoutNowApplyTest" tests="36" failures="0" timestamp="2 Jun 2017 08:46:46 GMT" time="8.596" errors="0">
  <testcase name="unitCashoutNowApply" time="0.142" classname="com.llwallet.interfaces.test.api.test.enterprise.UnitCashoutNowApplyTest"/>
  <testcase name="unitCashoutNowApply" time="0.155" classname="com.llwallet.interfaces.test.api.test.enterprise.UnitCashoutNowApplyTest"/>
  <testcase name="unitCashoutNowApply" time="0.147" classname="com.llwallet.interfaces.test.api.test.enterprise.UnitCashoutNowApplyTest"/>
  <testcase name="unitCashoutNowApply" time="0.135" classname="com.llwallet.interfaces.test.api.test.enterprise.UnitCashoutNowApplyTest"/>
  <testcase name="unitCashoutNowApply" time="0.143" classname="com.llwallet.interfaces.test.api.test.enterprise.UnitCashoutNowApplyTest"/>
  <testcase name="unitCashoutNowApply" time="0.138" classname="com.llwallet.interfaces.test.api.test.enterprise.UnitCashoutNowApplyTest"/>
  <testcase name="unitCashoutNowApply" time="0.147" classname="com.llwallet.interfaces.test.api.test.enterprise.UnitCashoutNowApplyTest"/>
  <testcase name="unitCashoutNowApply" time="0.131" classname="com.llwallet.interfaces.test.api.test.enterprise.UnitCashoutNowApplyTest"/>
  <testcase name="unitCashoutNowApply" time="0.190" classname="com.llwallet.interfaces.test.api.test.enterprise.UnitCashoutNowApplyTest"/>
  <testcase name="unitCashoutNowApply" time="0.137" classname="com.llwallet.interfaces.test.api.test.enterprise.UnitCashoutNowApplyTest"/>
  <testcase name="unitCashoutNowApply" time="0.128" classname="com.llwallet.interfaces.test.api.test.enterprise.UnitCashoutNowApplyTest"/>
  <testcase name="unitCashoutNowApply" time="0.140" classname="com.llwallet.interfaces.test.api.test.enterprise.UnitCashoutNowApplyTest"/>
  <testcase name="unitCashoutNowApply" time="0.149" classname="com.llwallet.interfaces.test.api.test.enterprise.UnitCashoutNowApplyTest"/>
  <testcase name="unitCashoutNowApply" time="0.568" classname="com.llwallet.interfaces.test.api.test.enterprise.UnitCashoutNowApplyTest"/>
  <testcase name="unitCashoutNowApply" time="0.140" classname="com.llwallet.interfaces.test.api.test.enterprise.UnitCashoutNowApplyTest"/>
  <testcase name="unitCashoutNowApply" time="0.165" classname="com.llwallet.interfaces.test.api.test.enterprise.UnitCashoutNowApplyTest"/>
  <testcase name="unitCashoutNowApply" time="0.266" classname="com.llwallet.interfaces.test.api.test.enterprise.UnitCashoutNowApplyTest"/>
  <testcase name="unitCashoutNowApply" time="0.128" classname="com.llwallet.interfaces.test.api.test.enterprise.UnitCashoutNowApplyTest"/>
  <testcase name="unitCashoutNowApply" time="0.128" classname="com.llwallet.interfaces.test.api.test.enterprise.UnitCashoutNowApplyTest"/>
  <testcase name="unitCashoutNowApply" time="0.141" classname="com.llwallet.interfaces.test.api.test.enterprise.UnitCashoutNowApplyTest"/>
  <testcase name="unitCashoutNowApply" time="0.139" classname="com.llwallet.interfaces.test.api.test.enterprise.UnitCashoutNowApplyTest"/>
  <testcase name="unitCashoutNowApply" time="0.157" classname="com.llwallet.interfaces.test.api.test.enterprise.UnitCashoutNowApplyTest"/>
  <testcase name="unitCashoutNowApply" time="0.254" classname="com.llwallet.interfaces.test.api.test.enterprise.UnitCashoutNowApplyTest"/>
  <testcase name="unitCashoutNowApply" time="0.529" classname="com.llwallet.interfaces.test.api.test.enterprise.UnitCashoutNowApplyTest"/>
  <testcase name="unitCashoutNowApply" time="0.138" classname="com.llwallet.interfaces.test.api.test.enterprise.UnitCashoutNowApplyTest"/>
  <testcase name="unitCashoutNowApply" time="0.164" classname="com.llwallet.interfaces.test.api.test.enterprise.UnitCashoutNowApplyTest"/>
  <testcase name="unitCashoutNowApply" time="0.161" classname="com.llwallet.interfaces.test.api.test.enterprise.UnitCashoutNowApplyTest"/>
  <testcase name="unitCashoutNowApply" time="0.470" classname="com.llwallet.interfaces.test.api.test.enterprise.UnitCashoutNowApplyTest"/>
  <testcase name="unitCashoutNowApply" time="0.461" classname="com.llwallet.interfaces.test.api.test.enterprise.UnitCashoutNowApplyTest"/>
  <testcase name="unitCashoutNowApply" time="0.133" classname="com.llwallet.interfaces.test.api.test.enterprise.UnitCashoutNowApplyTest"/>
  <testcase name="unitCashoutNowApply" time="0.133" classname="com.llwallet.interfaces.test.api.test.enterprise.UnitCashoutNowApplyTest"/>
  <testcase name="unitCashoutNowApply" time="0.554" classname="com.llwallet.interfaces.test.api.test.enterprise.UnitCashoutNowApplyTest"/>
  <testcase name="unitCashoutNowApply" time="0.151" classname="com.llwallet.interfaces.test.api.test.enterprise.UnitCashoutNowApplyTest"/>
  <testcase name="unitCashoutNowApply" time="0.298" classname="com.llwallet.interfaces.test.api.test.enterprise.UnitCashoutNowApplyTest"/>
  <testcase name="unitCashoutNowApply" time="1.167" classname="com.llwallet.interfaces.test.api.test.enterprise.UnitCashoutNowApplyTest"/>
  <testcase name="unitCashoutNowApply" time="0.269" classname="com.llwallet.interfaces.test.api.test.enterprise.UnitCashoutNowApplyTest"/>
</testsuite> <!-- com.llwallet.interfaces.test.api.test.enterprise.UnitCashoutNowApplyTest -->
