<?xml version="1.0" encoding="UTF-8"?>
<!-- Generated by org.testng.reporters.JUnitReportReporter -->
<testsuite hostname="LT-jiangxm" name="com.llwallet.interfaces.test.dubbo.cashoutbusiservice.UpdateCashOutTimesTest" tests="10" failures="0" timestamp="20 Feb 2017 01:25:39 GMT" time="2.695" errors="0">
  <testcase name="updateCashOutTimes" time="0.016" classname="com.llwallet.interfaces.test.dubbo.cashoutbusiservice.UpdateCashOutTimesTest"/>
  <testcase name="updateCashOutTimes" time="1.257" classname="com.llwallet.interfaces.test.dubbo.cashoutbusiservice.UpdateCashOutTimesTest"/>
  <testcase name="updateCashOutTimes" time="0.161" classname="com.llwallet.interfaces.test.dubbo.cashoutbusiservice.UpdateCashOutTimesTest"/>
  <testcase name="updateCashOutTimes" time="0.062" classname="com.llwallet.interfaces.test.dubbo.cashoutbusiservice.UpdateCashOutTimesTest"/>
  <testcase name="updateCashOutTimes" time="0.018" classname="com.llwallet.interfaces.test.dubbo.cashoutbusiservice.UpdateCashOutTimesTest"/>
  <testcase name="updateCashOutTimes" time="0.163" classname="com.llwallet.interfaces.test.dubbo.cashoutbusiservice.UpdateCashOutTimesTest"/>
  <testcase name="updateCashOutTimes" time="0.029" classname="com.llwallet.interfaces.test.dubbo.cashoutbusiservice.UpdateCashOutTimesTest"/>
  <testcase name="updateCashOutTimes" time="0.105" classname="com.llwallet.interfaces.test.dubbo.cashoutbusiservice.UpdateCashOutTimesTest"/>
  <testcase name="updateCashOutTimes" time="0.476" classname="com.llwallet.interfaces.test.dubbo.cashoutbusiservice.UpdateCashOutTimesTest"/>
  <testcase name="updateCashOutTimes" time="0.408" classname="com.llwallet.interfaces.test.dubbo.cashoutbusiservice.UpdateCashOutTimesTest"/>
</testsuite> <!-- com.llwallet.interfaces.test.dubbo.cashoutbusiservice.UpdateCashOutTimesTest -->
