<?xml version="1.0" encoding="UTF-8"?>
<!-- Generated by org.testng.reporters.JUnitReportReporter -->
<testsuite hostname="LT-jiangxm" name="com.llwallet.interfaces.test.api.test.personal.BankCardUnbindTest" tests="14" failures="0" timestamp="3 Nov 2017 02:30:38 GMT" time="16.976" errors="4">
  <testcase name="bankCardUnbind1" time="0.065" classname="com.llwallet.interfaces.test.api.test.personal.BankCardUnbindTest"/>
  <testcase name="bankCardUnbind" time="2.986" classname="com.llwallet.interfaces.test.api.test.personal.BankCardUnbindTest"/>
  <testcase name="bankCardUnbind1" time="0.066" classname="com.llwallet.interfaces.test.api.test.personal.BankCardUnbindTest">
    <error type="java.lang.AssertionError">
      <![CDATA[java.lang.AssertionError
	at com.llwallet.interfaces.test.api.test.personal.BankCardUnbindTest.bankCardUnbind1(BankCardUnbindTest.java:233)
	at sun.reflect.NativeMethodAccessorImpl.invoke0(Native Method)
	at sun.reflect.NativeMethodAccessorImpl.invoke(Unknown Source)
	at sun.reflect.DelegatingMethodAccessorImpl.invoke(Unknown Source)
	at java.lang.reflect.Method.invoke(Unknown Source)
	at org.testng.internal.MethodInvocationHelper.invokeMethod(MethodInvocationHelper.java:85)
	at org.testng.internal.InvokeMethodRunnable.runOne(InvokeMethodRunnable.java:46)
	at org.testng.internal.InvokeMethodRunnable.run(InvokeMethodRunnable.java:37)
	at java.util.concurrent.Executors$RunnableAdapter.call(Unknown Source)
	at java.util.concurrent.FutureTask.run(Unknown Source)
	at java.util.concurrent.ThreadPoolExecutor.runWorker(Unknown Source)
	at java.util.concurrent.ThreadPoolExecutor$Worker.run(Unknown Source)
	at java.lang.Thread.run(Unknown Source)
]]>
    </error>
  </testcase> <!-- bankCardUnbind1 -->
  <testcase name="bankCardUnbind1" time="0.343" classname="com.llwallet.interfaces.test.api.test.personal.BankCardUnbindTest"/>
  <testcase name="bankCardUnbind1" time="0.046" classname="com.llwallet.interfaces.test.api.test.personal.BankCardUnbindTest"/>
  <testcase name="bankCardUnbind" time="5.308" classname="com.llwallet.interfaces.test.api.test.personal.BankCardUnbindTest">
    <error type="java.lang.AssertionError">
      <![CDATA[java.lang.AssertionError
	at com.llwallet.interfaces.test.api.test.personal.BankCardUnbindTest.bankCardUnbind(BankCardUnbindTest.java:190)
	at sun.reflect.NativeMethodAccessorImpl.invoke0(Native Method)
	at sun.reflect.NativeMethodAccessorImpl.invoke(Unknown Source)
	at sun.reflect.DelegatingMethodAccessorImpl.invoke(Unknown Source)
	at java.lang.reflect.Method.invoke(Unknown Source)
	at org.testng.internal.MethodInvocationHelper.invokeMethod(MethodInvocationHelper.java:85)
	at org.testng.internal.InvokeMethodRunnable.runOne(InvokeMethodRunnable.java:46)
	at org.testng.internal.InvokeMethodRunnable.run(InvokeMethodRunnable.java:37)
	at java.util.concurrent.Executors$RunnableAdapter.call(Unknown Source)
	at java.util.concurrent.FutureTask.run(Unknown Source)
	at java.util.concurrent.ThreadPoolExecutor.runWorker(Unknown Source)
	at java.util.concurrent.ThreadPoolExecutor$Worker.run(Unknown Source)
	at java.lang.Thread.run(Unknown Source)
]]>
    </error>
  </testcase> <!-- bankCardUnbind -->
  <testcase name="bankCardUnbind1" time="0.048" classname="com.llwallet.interfaces.test.api.test.personal.BankCardUnbindTest"/>
  <testcase name="bankCardUnbind" time="2.909" classname="com.llwallet.interfaces.test.api.test.personal.BankCardUnbindTest">
    <error type="java.lang.AssertionError">
      <![CDATA[java.lang.AssertionError
	at com.llwallet.interfaces.test.api.test.personal.BankCardUnbindTest.bankCardUnbind(BankCardUnbindTest.java:190)
	at sun.reflect.NativeMethodAccessorImpl.invoke0(Native Method)
	at sun.reflect.NativeMethodAccessorImpl.invoke(Unknown Source)
	at sun.reflect.DelegatingMethodAccessorImpl.invoke(Unknown Source)
	at java.lang.reflect.Method.invoke(Unknown Source)
	at org.testng.internal.MethodInvocationHelper.invokeMethod(MethodInvocationHelper.java:85)
	at org.testng.internal.InvokeMethodRunnable.runOne(InvokeMethodRunnable.java:46)
	at org.testng.internal.InvokeMethodRunnable.run(InvokeMethodRunnable.java:37)
	at java.util.concurrent.Executors$RunnableAdapter.call(Unknown Source)
	at java.util.concurrent.FutureTask.run(Unknown Source)
	at java.util.concurrent.ThreadPoolExecutor.runWorker(Unknown Source)
	at java.util.concurrent.ThreadPoolExecutor$Worker.run(Unknown Source)
	at java.lang.Thread.run(Unknown Source)
]]>
    </error>
  </testcase> <!-- bankCardUnbind -->
  <testcase name="bankCardUnbind1" time="0.257" classname="com.llwallet.interfaces.test.api.test.personal.BankCardUnbindTest"/>
  <testcase name="bankCardUnbind1" time="0.068" classname="com.llwallet.interfaces.test.api.test.personal.BankCardUnbindTest"/>
  <testcase name="bankCardUnbind" time="4.728" classname="com.llwallet.interfaces.test.api.test.personal.BankCardUnbindTest">
    <error type="java.lang.AssertionError">
      <![CDATA[java.lang.AssertionError
	at com.llwallet.interfaces.test.api.test.personal.BankCardUnbindTest.bankCardUnbind(BankCardUnbindTest.java:190)
	at sun.reflect.NativeMethodAccessorImpl.invoke0(Native Method)
	at sun.reflect.NativeMethodAccessorImpl.invoke(Unknown Source)
	at sun.reflect.DelegatingMethodAccessorImpl.invoke(Unknown Source)
	at java.lang.reflect.Method.invoke(Unknown Source)
	at org.testng.internal.MethodInvocationHelper.invokeMethod(MethodInvocationHelper.java:85)
	at org.testng.internal.InvokeMethodRunnable.runOne(InvokeMethodRunnable.java:46)
	at org.testng.internal.InvokeMethodRunnable.run(InvokeMethodRunnable.java:37)
	at java.util.concurrent.Executors$RunnableAdapter.call(Unknown Source)
	at java.util.concurrent.FutureTask.run(Unknown Source)
	at java.util.concurrent.ThreadPoolExecutor.runWorker(Unknown Source)
	at java.util.concurrent.ThreadPoolExecutor$Worker.run(Unknown Source)
	at java.lang.Thread.run(Unknown Source)
]]>
    </error>
  </testcase> <!-- bankCardUnbind -->
  <testcase name="bankCardUnbind1" time="0.047" classname="com.llwallet.interfaces.test.api.test.personal.BankCardUnbindTest"/>
  <testcase name="bankCardUnbind1" time="0.049" classname="com.llwallet.interfaces.test.api.test.personal.BankCardUnbindTest"/>
  <testcase name="bankCardUnbind1" time="0.056" classname="com.llwallet.interfaces.test.api.test.personal.BankCardUnbindTest"/>
</testsuite> <!-- com.llwallet.interfaces.test.api.test.personal.BankCardUnbindTest -->
