<?xml version="1.0" encoding="UTF-8"?>
<!-- Generated by org.testng.reporters.JUnitReportReporter -->
<testsuite hostname="LT-jiangxm" name="com.llwallet.interfaces.test.api.online.personal.ThreeFactorsPayVerifyOnlineTest" tests="1" failures="0" timestamp="3 Nov 2017 10:42:31 GMT" time="8.702" errors="0">
  <testcase name="threeFactorsPayVerify" time="8.702" classname="com.llwallet.interfaces.test.api.online.personal.ThreeFactorsPayVerifyOnlineTest"/>
</testsuite> <!-- com.llwallet.interfaces.test.api.online.personal.ThreeFactorsPayVerifyOnlineTest -->
