<?xml version="1.0" encoding="UTF-8"?>
<!-- Generated by org.testng.reporters.JUnitReportReporter -->
<testsuite hostname="LT-jiangxm" name="com.llwallet.interfaces.test.api.online.personal.AddUserVbAccountOnlineTest" tests="21" failures="0" timestamp="28 Jun 2017 17:03:08 GMT" time="4.338" errors="0">
  <testcase name="addUserVbAccount" time="0.114" classname="com.llwallet.interfaces.test.api.online.personal.AddUserVbAccountOnlineTest"/>
  <testcase name="addUserVbAccount" time="0.255" classname="com.llwallet.interfaces.test.api.online.personal.AddUserVbAccountOnlineTest"/>
  <testcase name="addUserVbAccount" time="0.180" classname="com.llwallet.interfaces.test.api.online.personal.AddUserVbAccountOnlineTest"/>
  <testcase name="addUserVbAccount" time="0.329" classname="com.llwallet.interfaces.test.api.online.personal.AddUserVbAccountOnlineTest"/>
  <testcase name="addUserVbAccount" time="0.112" classname="com.llwallet.interfaces.test.api.online.personal.AddUserVbAccountOnlineTest"/>
  <testcase name="addUserVbAccount" time="0.128" classname="com.llwallet.interfaces.test.api.online.personal.AddUserVbAccountOnlineTest"/>
  <testcase name="addUserVbAccount" time="0.316" classname="com.llwallet.interfaces.test.api.online.personal.AddUserVbAccountOnlineTest"/>
  <testcase name="addUserVbAccount" time="0.280" classname="com.llwallet.interfaces.test.api.online.personal.AddUserVbAccountOnlineTest"/>
  <testcase name="addUserVbAccount" time="0.660" classname="com.llwallet.interfaces.test.api.online.personal.AddUserVbAccountOnlineTest"/>
  <testcase name="addUserVbAccount" time="0.077" classname="com.llwallet.interfaces.test.api.online.personal.AddUserVbAccountOnlineTest"/>
  <testcase name="addUserVbAccount" time="0.327" classname="com.llwallet.interfaces.test.api.online.personal.AddUserVbAccountOnlineTest"/>
  <testcase name="addUserVbAccount" time="0.340" classname="com.llwallet.interfaces.test.api.online.personal.AddUserVbAccountOnlineTest"/>
  <testcase name="addUserVbAccount" time="0.168" classname="com.llwallet.interfaces.test.api.online.personal.AddUserVbAccountOnlineTest"/>
  <testcase name="addUserVbAccount" time="0.124" classname="com.llwallet.interfaces.test.api.online.personal.AddUserVbAccountOnlineTest"/>
  <testcase name="addUserVbAccount" time="0.103" classname="com.llwallet.interfaces.test.api.online.personal.AddUserVbAccountOnlineTest"/>
  <testcase name="addUserVbAccount" time="0.148" classname="com.llwallet.interfaces.test.api.online.personal.AddUserVbAccountOnlineTest"/>
  <testcase name="addUserVbAccount" time="0.155" classname="com.llwallet.interfaces.test.api.online.personal.AddUserVbAccountOnlineTest"/>
  <testcase name="addUserVbAccount" time="0.200" classname="com.llwallet.interfaces.test.api.online.personal.AddUserVbAccountOnlineTest"/>
  <testcase name="addUserVbAccount" time="0.127" classname="com.llwallet.interfaces.test.api.online.personal.AddUserVbAccountOnlineTest"/>
  <testcase name="addUserVbAccount" time="0.111" classname="com.llwallet.interfaces.test.api.online.personal.AddUserVbAccountOnlineTest"/>
  <testcase name="addUserVbAccount" time="0.084" classname="com.llwallet.interfaces.test.api.online.personal.AddUserVbAccountOnlineTest"/>
</testsuite> <!-- com.llwallet.interfaces.test.api.online.personal.AddUserVbAccountOnlineTest -->
