<?xml version="1.0" encoding="UTF-8"?>
<!-- Generated by org.testng.reporters.JUnitReportReporter -->
<testsuite name="com.llwallet.interfaces.test.api.online.enterprise.PwdAuthOnlineTest" tests="1" time="0.922" ignored="0" failures="0" timestamp="05 四月 2017 12:07:13 GMT" skipped="0" hostname="LT-jiangxm" errors="0">
  <testcase name="pwdAuth" time="0.922" classname="com.llwallet.interfaces.test.api.online.enterprise.PwdAuthOnlineTest"/>
</testsuite> <!-- com.llwallet.interfaces.test.api.online.enterprise.PwdAuthOnlineTest -->
