<?xml version="1.0" encoding="UTF-8"?>
<!-- Generated by org.testng.reporters.JUnitReportReporter -->
<testsuite hostname="LT-jiangxm" name="com.llwallet.interfaces.test.api.test.personal.Balance2OtherBankCardTest" tests="55" failures="0" timestamp="6 Nov 2017 09:01:17 GMT" time="19.082" errors="1">
  <testcase name="balance2OtherBankCard" time="0.221" classname="com.llwallet.interfaces.test.api.test.personal.Balance2OtherBankCardTest"/>
  <testcase name="balance2OtherBankCard" time="0.208" classname="com.llwallet.interfaces.test.api.test.personal.Balance2OtherBankCardTest"/>
  <testcase name="balance2OtherBankCard" time="0.237" classname="com.llwallet.interfaces.test.api.test.personal.Balance2OtherBankCardTest"/>
  <testcase name="balance2OtherBankCard" time="0.329" classname="com.llwallet.interfaces.test.api.test.personal.Balance2OtherBankCardTest"/>
  <testcase name="balance2OtherBankCard" time="0.315" classname="com.llwallet.interfaces.test.api.test.personal.Balance2OtherBankCardTest"/>
  <testcase name="balance2OtherBankCard" time="0.204" classname="com.llwallet.interfaces.test.api.test.personal.Balance2OtherBankCardTest"/>
  <testcase name="balance2OtherBankCard" time="0.646" classname="com.llwallet.interfaces.test.api.test.personal.Balance2OtherBankCardTest"/>
  <testcase name="balance2OtherBankCard" time="1.026" classname="com.llwallet.interfaces.test.api.test.personal.Balance2OtherBankCardTest"/>
  <testcase name="balance2OtherBankCard" time="0.284" classname="com.llwallet.interfaces.test.api.test.personal.Balance2OtherBankCardTest"/>
  <testcase name="balance2OtherBankCard" time="0.262" classname="com.llwallet.interfaces.test.api.test.personal.Balance2OtherBankCardTest"/>
  <testcase name="balance2OtherBankCard" time="0.227" classname="com.llwallet.interfaces.test.api.test.personal.Balance2OtherBankCardTest"/>
  <testcase name="balance2OtherBankCard" time="0.611" classname="com.llwallet.interfaces.test.api.test.personal.Balance2OtherBankCardTest"/>
  <testcase name="balance2OtherBankCard" time="0.729" classname="com.llwallet.interfaces.test.api.test.personal.Balance2OtherBankCardTest"/>
  <testcase name="balance2OtherBankCard" time="1.555" classname="com.llwallet.interfaces.test.api.test.personal.Balance2OtherBankCardTest"/>
  <testcase name="balance2OtherBankCard" time="0.236" classname="com.llwallet.interfaces.test.api.test.personal.Balance2OtherBankCardTest"/>
  <testcase name="balance2OtherBankCard" time="0.243" classname="com.llwallet.interfaces.test.api.test.personal.Balance2OtherBankCardTest"/>
  <testcase name="balance2OtherBankCard" time="0.216" classname="com.llwallet.interfaces.test.api.test.personal.Balance2OtherBankCardTest"/>
  <testcase name="balance2OtherBankCard" time="0.678" classname="com.llwallet.interfaces.test.api.test.personal.Balance2OtherBankCardTest"/>
  <testcase name="balance2OtherBankCard" time="0.224" classname="com.llwallet.interfaces.test.api.test.personal.Balance2OtherBankCardTest"/>
  <testcase name="balance2OtherBankCard" time="0.632" classname="com.llwallet.interfaces.test.api.test.personal.Balance2OtherBankCardTest"/>
  <testcase name="balance2OtherBankCard" time="0.522" classname="com.llwallet.interfaces.test.api.test.personal.Balance2OtherBankCardTest"/>
  <testcase name="balance2OtherBankCard" time="0.384" classname="com.llwallet.interfaces.test.api.test.personal.Balance2OtherBankCardTest"/>
  <testcase name="balance2OtherBankCard" time="0.213" classname="com.llwallet.interfaces.test.api.test.personal.Balance2OtherBankCardTest"/>
  <testcase name="balance2OtherBankCard" time="0.211" classname="com.llwallet.interfaces.test.api.test.personal.Balance2OtherBankCardTest"/>
  <testcase name="balance2OtherBankCard" time="0.216" classname="com.llwallet.interfaces.test.api.test.personal.Balance2OtherBankCardTest"/>
  <testcase name="balance2OtherBankCard" time="0.352" classname="com.llwallet.interfaces.test.api.test.personal.Balance2OtherBankCardTest"/>
  <testcase name="balance2OtherBankCard" time="0.280" classname="com.llwallet.interfaces.test.api.test.personal.Balance2OtherBankCardTest"/>
  <testcase name="balance2OtherBankCard" time="0.210" classname="com.llwallet.interfaces.test.api.test.personal.Balance2OtherBankCardTest"/>
  <testcase name="balance2OtherBankCard" time="0.398" classname="com.llwallet.interfaces.test.api.test.personal.Balance2OtherBankCardTest"/>
  <testcase name="balance2OtherBankCard" time="0.240" classname="com.llwallet.interfaces.test.api.test.personal.Balance2OtherBankCardTest"/>
  <testcase name="balance2OtherBankCard" time="0.236" classname="com.llwallet.interfaces.test.api.test.personal.Balance2OtherBankCardTest"/>
  <testcase name="balance2OtherBankCard" time="0.210" classname="com.llwallet.interfaces.test.api.test.personal.Balance2OtherBankCardTest"/>
  <testcase name="balance2OtherBankCard" time="0.242" classname="com.llwallet.interfaces.test.api.test.personal.Balance2OtherBankCardTest"/>
  <testcase name="balance2OtherBankCard" time="0.214" classname="com.llwallet.interfaces.test.api.test.personal.Balance2OtherBankCardTest"/>
  <testcase name="balance2OtherBankCard" time="0.387" classname="com.llwallet.interfaces.test.api.test.personal.Balance2OtherBankCardTest">
    <error type="java.lang.AssertionError">
      <![CDATA[java.lang.AssertionError
	at com.llwallet.interfaces.test.api.test.personal.Balance2OtherBankCardTest.balance2OtherBankCard(Balance2OtherBankCardTest.java:96)
	at sun.reflect.NativeMethodAccessorImpl.invoke0(Native Method)
	at sun.reflect.NativeMethodAccessorImpl.invoke(Unknown Source)
	at sun.reflect.DelegatingMethodAccessorImpl.invoke(Unknown Source)
	at java.lang.reflect.Method.invoke(Unknown Source)
	at org.testng.internal.MethodInvocationHelper.invokeMethod(MethodInvocationHelper.java:85)
	at org.testng.internal.InvokeMethodRunnable.runOne(InvokeMethodRunnable.java:46)
	at org.testng.internal.InvokeMethodRunnable.run(InvokeMethodRunnable.java:37)
	at java.util.concurrent.Executors$RunnableAdapter.call(Unknown Source)
	at java.util.concurrent.FutureTask.run(Unknown Source)
	at java.util.concurrent.ThreadPoolExecutor.runWorker(Unknown Source)
	at java.util.concurrent.ThreadPoolExecutor$Worker.run(Unknown Source)
	at java.lang.Thread.run(Unknown Source)
]]>
    </error>
  </testcase> <!-- balance2OtherBankCard -->
  <testcase name="balance2OtherBankCard" time="0.237" classname="com.llwallet.interfaces.test.api.test.personal.Balance2OtherBankCardTest"/>
  <testcase name="balance2OtherBankCard" time="0.241" classname="com.llwallet.interfaces.test.api.test.personal.Balance2OtherBankCardTest"/>
  <testcase name="balance2OtherBankCard" time="0.247" classname="com.llwallet.interfaces.test.api.test.personal.Balance2OtherBankCardTest"/>
  <testcase name="balance2OtherBankCard" time="0.388" classname="com.llwallet.interfaces.test.api.test.personal.Balance2OtherBankCardTest"/>
  <testcase name="balance2OtherBankCard" time="0.298" classname="com.llwallet.interfaces.test.api.test.personal.Balance2OtherBankCardTest"/>
  <testcase name="balance2OtherBankCard" time="0.296" classname="com.llwallet.interfaces.test.api.test.personal.Balance2OtherBankCardTest"/>
  <testcase name="balance2OtherBankCard" time="0.680" classname="com.llwallet.interfaces.test.api.test.personal.Balance2OtherBankCardTest"/>
  <testcase name="balance2OtherBankCard" time="0.209" classname="com.llwallet.interfaces.test.api.test.personal.Balance2OtherBankCardTest"/>
  <testcase name="balance2OtherBankCard" time="0.222" classname="com.llwallet.interfaces.test.api.test.personal.Balance2OtherBankCardTest"/>
  <testcase name="balance2OtherBankCard" time="0.211" classname="com.llwallet.interfaces.test.api.test.personal.Balance2OtherBankCardTest"/>
  <testcase name="balance2OtherBankCard" time="0.232" classname="com.llwallet.interfaces.test.api.test.personal.Balance2OtherBankCardTest"/>
  <testcase name="balance2OtherBankCard" time="0.405" classname="com.llwallet.interfaces.test.api.test.personal.Balance2OtherBankCardTest"/>
  <testcase name="balance2OtherBankCard" time="0.212" classname="com.llwallet.interfaces.test.api.test.personal.Balance2OtherBankCardTest"/>
  <testcase name="balance2OtherBankCard" time="0.223" classname="com.llwallet.interfaces.test.api.test.personal.Balance2OtherBankCardTest"/>
  <testcase name="balance2OtherBankCard" time="0.238" classname="com.llwallet.interfaces.test.api.test.personal.Balance2OtherBankCardTest"/>
  <testcase name="balance2OtherBankCard" time="0.234" classname="com.llwallet.interfaces.test.api.test.personal.Balance2OtherBankCardTest"/>
  <testcase name="balance2OtherBankCard" time="0.290" classname="com.llwallet.interfaces.test.api.test.personal.Balance2OtherBankCardTest"/>
  <testcase name="balance2OtherBankCard" time="0.382" classname="com.llwallet.interfaces.test.api.test.personal.Balance2OtherBankCardTest"/>
  <testcase name="balance2OtherBankCard" time="0.220" classname="com.llwallet.interfaces.test.api.test.personal.Balance2OtherBankCardTest"/>
  <testcase name="balance2OtherBankCard" time="0.219" classname="com.llwallet.interfaces.test.api.test.personal.Balance2OtherBankCardTest"/>
</testsuite> <!-- com.llwallet.interfaces.test.api.test.personal.Balance2OtherBankCardTest -->
