<?xml version="1.0" encoding="UTF-8"?>
<!-- Generated by org.testng.reporters.JUnitReportReporter -->
<testsuite hostname="LT-jiangxm" name="com.lianpay.interfaces.test.SmsCheckTest" tests="1" failures="0" timestamp="21 Sep 2016 10:26:54 GMT" time="0.840" errors="0">
  <testcase name="smsCheck1" time="0.840" classname="com.lianpay.interfaces.test.SmsCheckTest"/>
</testsuite> <!-- com.lianpay.interfaces.test.SmsCheckTest -->
