<?xml version="1.0" encoding="UTF-8"?>
<!-- Generated by org.testng.reporters.JUnitReportReporter -->
<testsuite hostname="LT-jiangxm" name="com.llwallet.interfaces.test.SingleUserQueryTest" tests="6" failures="0" timestamp="16 Dec 2016 07:11:03 GMT" time="3.651" errors="0">
  <testcase name="singleUserQuery" time="0.354" classname="com.llwallet.interfaces.test.SingleUserQueryTest"/>
  <testcase name="singleUserQuery" time="0.870" classname="com.llwallet.interfaces.test.SingleUserQueryTest"/>
  <testcase name="singleUserQuery" time="0.611" classname="com.llwallet.interfaces.test.SingleUserQueryTest"/>
  <testcase name="singleUserQuery" time="0.617" classname="com.llwallet.interfaces.test.SingleUserQueryTest"/>
  <testcase name="singleUserQuery" time="0.061" classname="com.llwallet.interfaces.test.SingleUserQueryTest"/>
  <testcase name="singleUserQuery" time="1.138" classname="com.llwallet.interfaces.test.SingleUserQueryTest"/>
</testsuite> <!-- com.llwallet.interfaces.test.SingleUserQueryTest -->
