<?xml version="1.0" encoding="UTF-8"?>
<!-- Generated by org.testng.reporters.JUnitReportReporter -->
<testsuite hostname="LT-jiangxm" name="com.spay.interfaces.test.api.online.SpayInitTest" tests="40" failures="1" timestamp="29 Dec 2016 02:04:32 GMT" time="4.811" errors="0">
  <testcase name="spayInit" time="0.095" classname="com.spay.interfaces.test.api.online.SpayInitTest"/>
  <testcase name="spayInit" time="0.074" classname="com.spay.interfaces.test.api.online.SpayInitTest"/>
  <testcase name="spayInit" time="0.178" classname="com.spay.interfaces.test.api.online.SpayInitTest"/>
  <testcase name="spayInit" time="0.071" classname="com.spay.interfaces.test.api.online.SpayInitTest"/>
  <testcase name="spayInit" time="0.100" classname="com.spay.interfaces.test.api.online.SpayInitTest"/>
  <testcase name="spayInit" time="0.079" classname="com.spay.interfaces.test.api.online.SpayInitTest"/>
  <testcase name="spayInit" time="0.094" classname="com.spay.interfaces.test.api.online.SpayInitTest"/>
  <testcase name="spayInit" time="0.102" classname="com.spay.interfaces.test.api.online.SpayInitTest"/>
  <testcase name="spayInit" time="0.158" classname="com.spay.interfaces.test.api.online.SpayInitTest"/>
  <testcase name="spayInit" time="0.080" classname="com.spay.interfaces.test.api.online.SpayInitTest"/>
  <testcase name="spayInit" time="0.054" classname="com.spay.interfaces.test.api.online.SpayInitTest"/>
  <testcase name="spayInit" time="0.103" classname="com.spay.interfaces.test.api.online.SpayInitTest"/>
  <testcase name="spayInit" time="0.094" classname="com.spay.interfaces.test.api.online.SpayInitTest"/>
  <testcase name="spayInit" time="0.130" classname="com.spay.interfaces.test.api.online.SpayInitTest"/>
  <testcase name="spayInit" time="0.063" classname="com.spay.interfaces.test.api.online.SpayInitTest"/>
  <testcase name="spayInit" time="0.102" classname="com.spay.interfaces.test.api.online.SpayInitTest"/>
  <testcase name="spayInit" time="0.093" classname="com.spay.interfaces.test.api.online.SpayInitTest"/>
  <testcase name="spayInit" time="0.135" classname="com.spay.interfaces.test.api.online.SpayInitTest"/>
  <testcase name="spayInit" time="0.148" classname="com.spay.interfaces.test.api.online.SpayInitTest"/>
  <testcase name="spayInit" time="0.167" classname="com.spay.interfaces.test.api.online.SpayInitTest"/>
  <testcase name="spayInit" time="0.096" classname="com.spay.interfaces.test.api.online.SpayInitTest"/>
  <testcase name="spayInit" time="0.074" classname="com.spay.interfaces.test.api.online.SpayInitTest"/>
  <testcase name="spayInit" time="0.097" classname="com.spay.interfaces.test.api.online.SpayInitTest"/>
  <testcase name="spayInit" time="0.077" classname="com.spay.interfaces.test.api.online.SpayInitTest"/>
  <testcase name="spayInit" time="0.064" classname="com.spay.interfaces.test.api.online.SpayInitTest"/>
  <testcase name="spayInit" time="0.058" classname="com.spay.interfaces.test.api.online.SpayInitTest"/>
  <testcase name="spayInit" time="0.086" classname="com.spay.interfaces.test.api.online.SpayInitTest"/>
  <testcase name="spayInit" time="0.116" classname="com.spay.interfaces.test.api.online.SpayInitTest">
    <failure type="java.lang.AssertionError">
      <![CDATA[java.lang.AssertionError
	at com.spay.interfaces.test.api.online.SpayInitTest.spayInit(SpayInitTest.java:141)
	at sun.reflect.GeneratedMethodAccessor2.invoke(Unknown Source)
	at sun.reflect.DelegatingMethodAccessorImpl.invoke(Unknown Source)
	at java.lang.reflect.Method.invoke(Unknown Source)
	at org.testng.internal.MethodInvocationHelper.invokeMethod(MethodInvocationHelper.java:100)
	at org.testng.internal.InvokeMethodRunnable.runOne(InvokeMethodRunnable.java:54)
	at org.testng.internal.InvokeMethodRunnable.run(InvokeMethodRunnable.java:44)
	at java.util.concurrent.Executors$RunnableAdapter.call(Unknown Source)
	at java.util.concurrent.FutureTask.run(Unknown Source)
	at java.util.concurrent.ThreadPoolExecutor.runWorker(Unknown Source)
	at java.util.concurrent.ThreadPoolExecutor$Worker.run(Unknown Source)
	at java.lang.Thread.run(Unknown Source)
]]>
    </failure>
  </testcase> <!-- spayInit -->
  <testcase name="spayInit" time="0.065" classname="com.spay.interfaces.test.api.online.SpayInitTest"/>
  <testcase name="spayInit" time="0.114" classname="com.spay.interfaces.test.api.online.SpayInitTest"/>
  <testcase name="spayInit" time="0.085" classname="com.spay.interfaces.test.api.online.SpayInitTest"/>
  <testcase name="spayInit" time="0.071" classname="com.spay.interfaces.test.api.online.SpayInitTest"/>
  <testcase name="spayInit" time="0.126" classname="com.spay.interfaces.test.api.online.SpayInitTest"/>
  <testcase name="spayInit" time="0.132" classname="com.spay.interfaces.test.api.online.SpayInitTest"/>
  <testcase name="spayInit" time="0.135" classname="com.spay.interfaces.test.api.online.SpayInitTest"/>
  <testcase name="spayInit" time="0.087" classname="com.spay.interfaces.test.api.online.SpayInitTest"/>
  <testcase name="spayInit" time="0.131" classname="com.spay.interfaces.test.api.online.SpayInitTest"/>
  <testcase name="spayInit" time="0.085" classname="com.spay.interfaces.test.api.online.SpayInitTest"/>
  <testcase name="spayInit" time="0.160" classname="com.spay.interfaces.test.api.online.SpayInitTest"/>
  <testcase name="spayInit" time="0.832" classname="com.spay.interfaces.test.api.online.SpayInitTest"/>
</testsuite> <!-- com.spay.interfaces.test.api.online.SpayInitTest -->
