<?xml version="1.0" encoding="UTF-8"?>
<!-- Generated by org.testng.reporters.JUnitReportReporter -->
<testsuite hostname="LT-jiangxm" name="com.lianpay.interfaces.test.SimpleOpenUserTest" tests="32" failures="0" timestamp="28 Sep 2016 08:59:22 GMT" time="8.066" errors="0">
  <testcase name="simpleOpenUser" time="0.152" classname="com.lianpay.interfaces.test.SimpleOpenUserTest"/>
  <testcase name="simpleOpenUser" time="0.177" classname="com.lianpay.interfaces.test.SimpleOpenUserTest"/>
  <testcase name="simpleOpenUser" time="0.165" classname="com.lianpay.interfaces.test.SimpleOpenUserTest"/>
  <testcase name="simpleOpenUser" time="0.147" classname="com.lianpay.interfaces.test.SimpleOpenUserTest"/>
  <testcase name="simpleOpenUser" time="0.146" classname="com.lianpay.interfaces.test.SimpleOpenUserTest"/>
  <testcase name="simpleOpenUser" time="0.146" classname="com.lianpay.interfaces.test.SimpleOpenUserTest"/>
  <testcase name="simpleOpenUser" time="0.155" classname="com.lianpay.interfaces.test.SimpleOpenUserTest"/>
  <testcase name="simpleOpenUser" time="1.098" classname="com.lianpay.interfaces.test.SimpleOpenUserTest"/>
  <testcase name="simpleOpenUser1" time="0.518" classname="com.lianpay.interfaces.test.SimpleOpenUserTest"/>
  <testcase name="simpleOpenUser" time="0.186" classname="com.lianpay.interfaces.test.SimpleOpenUserTest"/>
  <testcase name="simpleOpenUser" time="0.173" classname="com.lianpay.interfaces.test.SimpleOpenUserTest"/>
  <testcase name="simpleOpenUser" time="0.141" classname="com.lianpay.interfaces.test.SimpleOpenUserTest"/>
  <testcase name="simpleOpenUser" time="0.169" classname="com.lianpay.interfaces.test.SimpleOpenUserTest"/>
  <testcase name="simpleOpenUser" time="0.130" classname="com.lianpay.interfaces.test.SimpleOpenUserTest"/>
  <testcase name="simpleOpenUser" time="0.165" classname="com.lianpay.interfaces.test.SimpleOpenUserTest"/>
  <testcase name="simpleOpenUser" time="0.352" classname="com.lianpay.interfaces.test.SimpleOpenUserTest"/>
  <testcase name="simpleOpenUser" time="0.348" classname="com.lianpay.interfaces.test.SimpleOpenUserTest"/>
  <testcase name="simpleOpenUser" time="0.171" classname="com.lianpay.interfaces.test.SimpleOpenUserTest"/>
  <testcase name="simpleOpenUser" time="0.228" classname="com.lianpay.interfaces.test.SimpleOpenUserTest"/>
  <testcase name="simpleOpenUser1" time="0.460" classname="com.lianpay.interfaces.test.SimpleOpenUserTest"/>
  <testcase name="simpleOpenUser" time="0.161" classname="com.lianpay.interfaces.test.SimpleOpenUserTest"/>
  <testcase name="simpleOpenUser" time="0.156" classname="com.lianpay.interfaces.test.SimpleOpenUserTest"/>
  <testcase name="simpleOpenUser" time="0.353" classname="com.lianpay.interfaces.test.SimpleOpenUserTest"/>
  <testcase name="simpleOpenUser" time="0.153" classname="com.lianpay.interfaces.test.SimpleOpenUserTest"/>
  <testcase name="simpleOpenUser" time="0.143" classname="com.lianpay.interfaces.test.SimpleOpenUserTest"/>
  <testcase name="simpleOpenUser1" time="0.684" classname="com.lianpay.interfaces.test.SimpleOpenUserTest"/>
  <testcase name="simpleOpenUser" time="0.134" classname="com.lianpay.interfaces.test.SimpleOpenUserTest"/>
  <testcase name="simpleOpenUser" time="0.378" classname="com.lianpay.interfaces.test.SimpleOpenUserTest"/>
  <testcase name="simpleOpenUser" time="0.182" classname="com.lianpay.interfaces.test.SimpleOpenUserTest"/>
  <testcase name="simpleOpenUser" time="0.214" classname="com.lianpay.interfaces.test.SimpleOpenUserTest"/>
  <testcase name="simpleOpenUser" time="0.159" classname="com.lianpay.interfaces.test.SimpleOpenUserTest"/>
  <testcase name="simpleOpenUser" time="0.122" classname="com.lianpay.interfaces.test.SimpleOpenUserTest"/>
</testsuite> <!-- com.lianpay.interfaces.test.SimpleOpenUserTest -->
