<?xml version="1.0" encoding="UTF-8"?>
<!-- Generated by org.testng.reporters.JUnitReportReporter -->
<testsuite hostname="LT-jiangxm" name="com.llwallet.interfaces.test.api.test.personal.CashOutCardBindTest" tests="1" failures="0" timestamp="2 Nov 2017 13:27:28 GMT" time="0.754" errors="0">
  <testcase name="cashOutCardBind" time="0.754" classname="com.llwallet.interfaces.test.api.test.personal.CashOutCardBindTest"/>
</testsuite> <!-- com.llwallet.interfaces.test.api.test.personal.CashOutCardBindTest -->
