<?xml version="1.0" encoding="UTF-8"?>
<!-- Generated by org.testng.reporters.JUnitReportReporter -->
<testsuite hostname="LT-jiangxm" name="com.account.interfaces.test.BalanceQueryTest" tests="16" failures="0" timestamp="21 Dec 2016 02:22:40 GMT" time="1.583" errors="0">
  <testcase name="balanceQuery" time="0.271" classname="com.account.interfaces.test.BalanceQueryTest"/>
  <testcase name="balanceQuery" time="0.092" classname="com.account.interfaces.test.BalanceQueryTest"/>
  <testcase name="balanceQuery" time="0.079" classname="com.account.interfaces.test.BalanceQueryTest"/>
  <testcase name="balanceQuery" time="0.063" classname="com.account.interfaces.test.BalanceQueryTest"/>
  <testcase name="balanceQuery" time="0.115" classname="com.account.interfaces.test.BalanceQueryTest"/>
  <testcase name="balanceQuery" time="0.073" classname="com.account.interfaces.test.BalanceQueryTest"/>
  <testcase name="balanceQuery" time="0.108" classname="com.account.interfaces.test.BalanceQueryTest"/>
  <testcase name="balanceQuery" time="0.063" classname="com.account.interfaces.test.BalanceQueryTest"/>
  <testcase name="balanceQuery" time="0.067" classname="com.account.interfaces.test.BalanceQueryTest"/>
  <testcase name="balanceQuery" time="0.067" classname="com.account.interfaces.test.BalanceQueryTest"/>
  <testcase name="balanceQuery" time="0.058" classname="com.account.interfaces.test.BalanceQueryTest"/>
  <testcase name="balanceQuery" time="0.074" classname="com.account.interfaces.test.BalanceQueryTest"/>
  <testcase name="balanceQuery" time="0.110" classname="com.account.interfaces.test.BalanceQueryTest"/>
  <testcase name="balanceQuery" time="0.064" classname="com.account.interfaces.test.BalanceQueryTest"/>
  <testcase name="balanceQuery" time="0.227" classname="com.account.interfaces.test.BalanceQueryTest"/>
  <testcase name="balanceQuery" time="0.052" classname="com.account.interfaces.test.BalanceQueryTest"/>
</testsuite> <!-- com.account.interfaces.test.BalanceQueryTest -->
