<?xml version="1.0" encoding="UTF-8"?>
<!-- Generated by org.testng.reporters.JUnitReportReporter -->
<testsuite hostname="LT-jiangxm" name="com.account.interfaces.test.TraderPaymentTest" tests="1" failures="0" timestamp="21 Dec 2016 02:22:40 GMT" time="2.279" errors="0">
  <testcase name="traderPayment" time="2.279" classname="com.account.interfaces.test.TraderPaymentTest"/>
</testsuite> <!-- com.account.interfaces.test.TraderPaymentTest -->
