<?xml version="1.0" encoding="UTF-8"?>
<!-- Generated by org.testng.reporters.JUnitReportReporter -->
<testsuite hostname="LT-jiangxm" name="com.llwallet.interfaces.test.api.online.personal.UploadCardPhotoOnlineTest" tests="1" failures="0" timestamp="29 Nov 2017 13:42:08 GMT" time="1.116" errors="0">
  <testcase name="uploadCardPhoto" time="1.116" classname="com.llwallet.interfaces.test.api.online.personal.UploadCardPhotoOnlineTest"/>
</testsuite> <!-- com.llwallet.interfaces.test.api.online.personal.UploadCardPhotoOnlineTest -->
