<?xml version="1.0" encoding="UTF-8"?>
<!-- Generated by org.testng.reporters.JUnitReportReporter -->
<testsuite hostname="LT-jiangxm" name="com.llwallet.interfaces.test.api.test.other.CombinePayTest" tests="1" failures="0" timestamp="6 Dec 2017 09:43:57 GMT" time="1.696" errors="0">
  <testcase name="combinePay" time="1.696" classname="com.llwallet.interfaces.test.api.test.other.CombinePayTest"/>
</testsuite> <!-- com.llwallet.interfaces.test.api.test.other.CombinePayTest -->
