<?xml version="1.0" encoding="UTF-8"?>
<!-- Generated by org.testng.reporters.JUnitReportReporter -->
<testsuite hostname="LT-jiangxm" name="com.llwallet.interfaces.test.SimpleOpenUserTest" tests="2" failures="0" timestamp="16 Dec 2016 02:07:15 GMT" time="2.688" errors="0">
  <testcase name="simpleOpenUser1" time="1.681" classname="com.llwallet.interfaces.test.SimpleOpenUserTest"/>
  <testcase name="simpleOpenUser" time="1.007" classname="com.llwallet.interfaces.test.SimpleOpenUserTest"/>
</testsuite> <!-- com.llwallet.interfaces.test.SimpleOpenUserTest -->
