<?xml version="1.0" encoding="UTF-8"?>
<!-- Generated by org.testng.reporters.JUnitReportReporter -->
<testsuite hostname="LT-jiangxm" name="com.llwallet.interfaces.test.api.test.VerifySignTest" tests="6" failures="0" timestamp="29 Nov 2017 09:14:10 GMT" time="0.168" errors="0">
  <testcase name="verifySign" time="0.004" classname="com.llwallet.interfaces.test.api.test.VerifySignTest"/>
  <testcase name="verifySign" time="0.127" classname="com.llwallet.interfaces.test.api.test.VerifySignTest"/>
  <testcase name="verifySign" time="0.022" classname="com.llwallet.interfaces.test.api.test.VerifySignTest"/>
  <testcase name="verifySign" time="0.005" classname="com.llwallet.interfaces.test.api.test.VerifySignTest"/>
  <testcase name="verifySign" time="0.005" classname="com.llwallet.interfaces.test.api.test.VerifySignTest"/>
  <testcase name="verifySign" time="0.005" classname="com.llwallet.interfaces.test.api.test.VerifySignTest"/>
</testsuite> <!-- com.llwallet.interfaces.test.api.test.VerifySignTest -->
