<?xml version="1.0" encoding="UTF-8"?>
<!-- Generated by org.testng.reporters.JUnitReportReporter -->
<testsuite hostname="LT-jiangxm" name="com.llwallet.interfaces.test.api.test.combination.CombinationQueryTest" tests="35" failures="0" timestamp="15 Nov 2017 11:54:18 GMT" time="31.815" errors="1">
  <testcase name="combinationQuery" time="0.047" classname="com.llwallet.interfaces.test.api.test.combination.CombinationQueryTest"/>
  <testcase name="combinationQuery1" time="1.256" classname="com.llwallet.interfaces.test.api.test.combination.CombinationQueryTest">
    <error type="java.lang.AssertionError">
      <![CDATA[java.lang.AssertionError
	at com.llwallet.interfaces.test.api.test.combination.CombinationQueryTest.combinationQuery1(CombinationQueryTest.java:205)
	at sun.reflect.NativeMethodAccessorImpl.invoke0(Native Method)
	at sun.reflect.NativeMethodAccessorImpl.invoke(Unknown Source)
	at sun.reflect.DelegatingMethodAccessorImpl.invoke(Unknown Source)
	at java.lang.reflect.Method.invoke(Unknown Source)
	at org.testng.internal.MethodInvocationHelper.invokeMethod(MethodInvocationHelper.java:85)
	at org.testng.internal.InvokeMethodRunnable.runOne(InvokeMethodRunnable.java:46)
	at org.testng.internal.InvokeMethodRunnable.run(InvokeMethodRunnable.java:37)
	at java.util.concurrent.Executors$RunnableAdapter.call(Unknown Source)
	at java.util.concurrent.FutureTask.run(Unknown Source)
	at java.util.concurrent.ThreadPoolExecutor.runWorker(Unknown Source)
	at java.util.concurrent.ThreadPoolExecutor$Worker.run(Unknown Source)
	at java.lang.Thread.run(Unknown Source)
]]>
    </error>
  </testcase> <!-- combinationQuery1 -->
  <testcase name="combinationQuery1" time="1.613" classname="com.llwallet.interfaces.test.api.test.combination.CombinationQueryTest"/>
  <testcase name="combinationQuery1" time="2.011" classname="com.llwallet.interfaces.test.api.test.combination.CombinationQueryTest"/>
  <testcase name="combinationQuery" time="0.046" classname="com.llwallet.interfaces.test.api.test.combination.CombinationQueryTest"/>
  <testcase name="combinationQuery" time="0.039" classname="com.llwallet.interfaces.test.api.test.combination.CombinationQueryTest"/>
  <testcase name="combinationQuery1" time="2.829" classname="com.llwallet.interfaces.test.api.test.combination.CombinationQueryTest"/>
  <testcase name="combinationQuery1" time="0.761" classname="com.llwallet.interfaces.test.api.test.combination.CombinationQueryTest"/>
  <testcase name="combinationQuery" time="0.097" classname="com.llwallet.interfaces.test.api.test.combination.CombinationQueryTest"/>
  <testcase name="combinationQuery" time="0.050" classname="com.llwallet.interfaces.test.api.test.combination.CombinationQueryTest"/>
  <testcase name="combinationQuery" time="0.098" classname="com.llwallet.interfaces.test.api.test.combination.CombinationQueryTest"/>
  <testcase name="combinationQuery1" time="1.070" classname="com.llwallet.interfaces.test.api.test.combination.CombinationQueryTest"/>
  <testcase name="combinationQuery" time="0.040" classname="com.llwallet.interfaces.test.api.test.combination.CombinationQueryTest"/>
  <testcase name="combinationQuery1" time="1.435" classname="com.llwallet.interfaces.test.api.test.combination.CombinationQueryTest"/>
  <testcase name="combinationQuery1" time="0.948" classname="com.llwallet.interfaces.test.api.test.combination.CombinationQueryTest"/>
  <testcase name="combinationQuery" time="0.053" classname="com.llwallet.interfaces.test.api.test.combination.CombinationQueryTest"/>
  <testcase name="combinationQuery1" time="1.142" classname="com.llwallet.interfaces.test.api.test.combination.CombinationQueryTest"/>
  <testcase name="combinationQuery1" time="1.530" classname="com.llwallet.interfaces.test.api.test.combination.CombinationQueryTest"/>
  <testcase name="combinationQuery1" time="1.172" classname="com.llwallet.interfaces.test.api.test.combination.CombinationQueryTest"/>
  <testcase name="combinationQuery" time="0.764" classname="com.llwallet.interfaces.test.api.test.combination.CombinationQueryTest"/>
  <testcase name="combinationQuery1" time="1.062" classname="com.llwallet.interfaces.test.api.test.combination.CombinationQueryTest"/>
  <testcase name="combinationQuery1" time="2.435" classname="com.llwallet.interfaces.test.api.test.combination.CombinationQueryTest"/>
  <testcase name="combinationQuery" time="0.046" classname="com.llwallet.interfaces.test.api.test.combination.CombinationQueryTest"/>
  <testcase name="combinationQuery1" time="1.742" classname="com.llwallet.interfaces.test.api.test.combination.CombinationQueryTest"/>
  <testcase name="combinationQuery" time="0.046" classname="com.llwallet.interfaces.test.api.test.combination.CombinationQueryTest"/>
  <testcase name="combinationQuery" time="0.103" classname="com.llwallet.interfaces.test.api.test.combination.CombinationQueryTest"/>
  <testcase name="combinationQuery" time="0.043" classname="com.llwallet.interfaces.test.api.test.combination.CombinationQueryTest"/>
  <testcase name="combinationQuery1" time="1.682" classname="com.llwallet.interfaces.test.api.test.combination.CombinationQueryTest"/>
  <testcase name="combinationQuery" time="0.058" classname="com.llwallet.interfaces.test.api.test.combination.CombinationQueryTest"/>
  <testcase name="combinationQuery1" time="2.245" classname="com.llwallet.interfaces.test.api.test.combination.CombinationQueryTest"/>
  <testcase name="combinationQuery1" time="2.003" classname="com.llwallet.interfaces.test.api.test.combination.CombinationQueryTest"/>
  <testcase name="combinationQuery1" time="1.321" classname="com.llwallet.interfaces.test.api.test.combination.CombinationQueryTest"/>
  <testcase name="combinationQuery1" time="1.232" classname="com.llwallet.interfaces.test.api.test.combination.CombinationQueryTest"/>
  <testcase name="combinationQuery1" time="0.731" classname="com.llwallet.interfaces.test.api.test.combination.CombinationQueryTest"/>
  <testcase name="combinationQuery" time="0.065" classname="com.llwallet.interfaces.test.api.test.combination.CombinationQueryTest"/>
</testsuite> <!-- com.llwallet.interfaces.test.api.test.combination.CombinationQueryTest -->
