<?xml version="1.0" encoding="UTF-8"?>
<!-- Generated by org.testng.reporters.JUnitReportReporter -->
<testsuite hostname="LT-jiangxm" name="com.llwallet.interfaces.test.api.test.enterprise.UploadUnitPhotoTest" tests="1" failures="0" timestamp="11 Dec 2017 03:32:28 GMT" time="1.432" errors="0">
  <testcase name="uploadUnitPhoto" time="1.432" classname="com.llwallet.interfaces.test.api.test.enterprise.UploadUnitPhotoTest"/>
</testsuite> <!-- com.llwallet.interfaces.test.api.test.enterprise.UploadUnitPhotoTest -->
