<?xml version="1.0" encoding="UTF-8"?>
<!-- Generated by org.testng.reporters.JUnitReportReporter -->
<testsuite name="com.llwallet.interfaces.test.api.test.secured.BankCardPayTest" tests="1" time="5.103" ignored="0" failures="0" timestamp="07 三月 2017 08:44:15 GMT" skipped="0" hostname="LT-jiangxm" errors="0">
  <testcase name="bankCardPay" time="5.103" classname="com.llwallet.interfaces.test.api.test.secured.BankCardPayTest"/>
</testsuite> <!-- com.llwallet.interfaces.test.api.test.secured.BankCardPayTest -->
