<?xml version="1.0" encoding="UTF-8"?>
<!-- Generated by org.testng.reporters.JUnitReportReporter -->
<testsuite hostname="LT-jiangxm" name="com.llwallet.interfaces.test.api.online.personal.OpenUnactivedUserOnlineTest" tests="1" failures="0" timestamp="20 Sep 2017 15:59:06 GMT" time="2.128" errors="0">
  <testcase name="openUnactivedUser" time="2.128" classname="com.llwallet.interfaces.test.api.online.personal.OpenUnactivedUserOnlineTest"/>
</testsuite> <!-- com.llwallet.interfaces.test.api.online.personal.OpenUnactivedUserOnlineTest -->
