<?xml version="1.0" encoding="UTF-8"?>
<!-- Generated by org.testng.reporters.JUnitReportReporter -->
<testsuite hostname="LT-jiangxm" name="com.llwallet.interfaces.test.api.test.personal.CashoutApplyTest" tests="80" failures="0" timestamp="4 Nov 2017 07:53:26 GMT" time="29.637" errors="1">
  <testcase name="cashoutApply" time="0.140" classname="com.llwallet.interfaces.test.api.test.personal.CashoutApplyTest"/>
  <testcase name="cashoutApply" time="0.142" classname="com.llwallet.interfaces.test.api.test.personal.CashoutApplyTest"/>
  <testcase name="cashoutApply" time="0.153" classname="com.llwallet.interfaces.test.api.test.personal.CashoutApplyTest"/>
  <testcase name="cashoutApply" time="0.613" classname="com.llwallet.interfaces.test.api.test.personal.CashoutApplyTest"/>
  <testcase name="cashoutApply" time="0.539" classname="com.llwallet.interfaces.test.api.test.personal.CashoutApplyTest"/>
  <testcase name="cashoutApply" time="0.151" classname="com.llwallet.interfaces.test.api.test.personal.CashoutApplyTest"/>
  <testcase name="cashoutApply" time="0.146" classname="com.llwallet.interfaces.test.api.test.personal.CashoutApplyTest"/>
  <testcase name="cashoutApply" time="0.148" classname="com.llwallet.interfaces.test.api.test.personal.CashoutApplyTest"/>
  <testcase name="cashoutApply" time="0.144" classname="com.llwallet.interfaces.test.api.test.personal.CashoutApplyTest"/>
  <testcase name="cashoutApply" time="0.168" classname="com.llwallet.interfaces.test.api.test.personal.CashoutApplyTest"/>
  <testcase name="cashoutApply" time="0.475" classname="com.llwallet.interfaces.test.api.test.personal.CashoutApplyTest"/>
  <testcase name="cashoutApply" time="0.564" classname="com.llwallet.interfaces.test.api.test.personal.CashoutApplyTest"/>
  <testcase name="cashoutApply" time="0.442" classname="com.llwallet.interfaces.test.api.test.personal.CashoutApplyTest"/>
  <testcase name="cashoutApply" time="0.449" classname="com.llwallet.interfaces.test.api.test.personal.CashoutApplyTest"/>
  <testcase name="cashoutApply" time="0.475" classname="com.llwallet.interfaces.test.api.test.personal.CashoutApplyTest"/>
  <testcase name="cashoutApply" time="0.138" classname="com.llwallet.interfaces.test.api.test.personal.CashoutApplyTest"/>
  <testcase name="cashoutApply" time="0.145" classname="com.llwallet.interfaces.test.api.test.personal.CashoutApplyTest"/>
  <testcase name="cashoutApply" time="0.148" classname="com.llwallet.interfaces.test.api.test.personal.CashoutApplyTest"/>
  <testcase name="cashoutApply" time="0.448" classname="com.llwallet.interfaces.test.api.test.personal.CashoutApplyTest"/>
  <testcase name="cashoutApply" time="0.323" classname="com.llwallet.interfaces.test.api.test.personal.CashoutApplyTest"/>
  <testcase name="cashoutApply" time="0.152" classname="com.llwallet.interfaces.test.api.test.personal.CashoutApplyTest"/>
  <testcase name="cashoutApply" time="0.321" classname="com.llwallet.interfaces.test.api.test.personal.CashoutApplyTest"/>
  <testcase name="cashoutApply" time="0.146" classname="com.llwallet.interfaces.test.api.test.personal.CashoutApplyTest"/>
  <testcase name="cashoutApply" time="0.141" classname="com.llwallet.interfaces.test.api.test.personal.CashoutApplyTest"/>
  <testcase name="cashoutApply" time="0.327" classname="com.llwallet.interfaces.test.api.test.personal.CashoutApplyTest"/>
  <testcase name="cashoutApply" time="0.144" classname="com.llwallet.interfaces.test.api.test.personal.CashoutApplyTest"/>
  <testcase name="cashoutApply" time="0.509" classname="com.llwallet.interfaces.test.api.test.personal.CashoutApplyTest"/>
  <testcase name="cashoutApply" time="0.143" classname="com.llwallet.interfaces.test.api.test.personal.CashoutApplyTest"/>
  <testcase name="cashoutApply" time="2.197" classname="com.llwallet.interfaces.test.api.test.personal.CashoutApplyTest"/>
  <testcase name="cashoutApply" time="0.155" classname="com.llwallet.interfaces.test.api.test.personal.CashoutApplyTest"/>
  <testcase name="cashoutApply" time="0.507" classname="com.llwallet.interfaces.test.api.test.personal.CashoutApplyTest"/>
  <testcase name="cashoutApply" time="0.150" classname="com.llwallet.interfaces.test.api.test.personal.CashoutApplyTest"/>
  <testcase name="cashoutApply" time="0.392" classname="com.llwallet.interfaces.test.api.test.personal.CashoutApplyTest"/>
  <testcase name="cashoutApply" time="0.138" classname="com.llwallet.interfaces.test.api.test.personal.CashoutApplyTest"/>
  <testcase name="cashoutApply" time="0.557" classname="com.llwallet.interfaces.test.api.test.personal.CashoutApplyTest"/>
  <testcase name="cashoutApply" time="0.332" classname="com.llwallet.interfaces.test.api.test.personal.CashoutApplyTest">
    <error type="java.lang.AssertionError">
      <![CDATA[java.lang.AssertionError
	at com.llwallet.interfaces.test.api.test.personal.CashoutApplyTest.cashoutApply(CashoutApplyTest.java:106)
	at sun.reflect.GeneratedMethodAccessor8.invoke(Unknown Source)
	at sun.reflect.DelegatingMethodAccessorImpl.invoke(Unknown Source)
	at java.lang.reflect.Method.invoke(Unknown Source)
	at org.testng.internal.MethodInvocationHelper.invokeMethod(MethodInvocationHelper.java:85)
	at org.testng.internal.InvokeMethodRunnable.runOne(InvokeMethodRunnable.java:46)
	at org.testng.internal.InvokeMethodRunnable.run(InvokeMethodRunnable.java:37)
	at java.util.concurrent.Executors$RunnableAdapter.call(Unknown Source)
	at java.util.concurrent.FutureTask.run(Unknown Source)
	at java.util.concurrent.ThreadPoolExecutor.runWorker(Unknown Source)
	at java.util.concurrent.ThreadPoolExecutor$Worker.run(Unknown Source)
	at java.lang.Thread.run(Unknown Source)
]]>
    </error>
  </testcase> <!-- cashoutApply -->
  <testcase name="cashoutApply" time="0.574" classname="com.llwallet.interfaces.test.api.test.personal.CashoutApplyTest"/>
  <testcase name="cashoutApply" time="0.142" classname="com.llwallet.interfaces.test.api.test.personal.CashoutApplyTest"/>
  <testcase name="cashoutApply" time="0.134" classname="com.llwallet.interfaces.test.api.test.personal.CashoutApplyTest"/>
  <testcase name="cashoutApply" time="0.587" classname="com.llwallet.interfaces.test.api.test.personal.CashoutApplyTest"/>
  <testcase name="cashoutApply" time="1.185" classname="com.llwallet.interfaces.test.api.test.personal.CashoutApplyTest"/>
  <testcase name="cashoutApply" time="0.136" classname="com.llwallet.interfaces.test.api.test.personal.CashoutApplyTest"/>
  <testcase name="cashoutApply" time="0.135" classname="com.llwallet.interfaces.test.api.test.personal.CashoutApplyTest"/>
  <testcase name="cashoutApply" time="1.143" classname="com.llwallet.interfaces.test.api.test.personal.CashoutApplyTest"/>
  <testcase name="cashoutApply" time="0.145" classname="com.llwallet.interfaces.test.api.test.personal.CashoutApplyTest"/>
  <testcase name="cashoutApply" time="0.140" classname="com.llwallet.interfaces.test.api.test.personal.CashoutApplyTest"/>
  <testcase name="cashoutApply" time="0.169" classname="com.llwallet.interfaces.test.api.test.personal.CashoutApplyTest"/>
  <testcase name="cashoutApply" time="0.482" classname="com.llwallet.interfaces.test.api.test.personal.CashoutApplyTest"/>
  <testcase name="cashoutApply" time="0.159" classname="com.llwallet.interfaces.test.api.test.personal.CashoutApplyTest"/>
  <testcase name="cashoutApply" time="0.483" classname="com.llwallet.interfaces.test.api.test.personal.CashoutApplyTest"/>
  <testcase name="cashoutApply" time="1.323" classname="com.llwallet.interfaces.test.api.test.personal.CashoutApplyTest"/>
  <testcase name="cashoutApply" time="0.151" classname="com.llwallet.interfaces.test.api.test.personal.CashoutApplyTest"/>
  <testcase name="cashoutApply" time="0.144" classname="com.llwallet.interfaces.test.api.test.personal.CashoutApplyTest"/>
  <testcase name="cashoutApply" time="0.157" classname="com.llwallet.interfaces.test.api.test.personal.CashoutApplyTest"/>
  <testcase name="cashoutApply" time="0.138" classname="com.llwallet.interfaces.test.api.test.personal.CashoutApplyTest"/>
  <testcase name="cashoutApply" time="1.241" classname="com.llwallet.interfaces.test.api.test.personal.CashoutApplyTest"/>
  <testcase name="cashoutApply" time="1.446" classname="com.llwallet.interfaces.test.api.test.personal.CashoutApplyTest"/>
  <testcase name="cashoutApply" time="0.158" classname="com.llwallet.interfaces.test.api.test.personal.CashoutApplyTest"/>
  <testcase name="cashoutApply" time="0.139" classname="com.llwallet.interfaces.test.api.test.personal.CashoutApplyTest"/>
  <testcase name="cashoutApply" time="1.431" classname="com.llwallet.interfaces.test.api.test.personal.CashoutApplyTest"/>
  <testcase name="cashoutApply" time="0.343" classname="com.llwallet.interfaces.test.api.test.personal.CashoutApplyTest"/>
  <testcase name="cashoutApply" time="0.142" classname="com.llwallet.interfaces.test.api.test.personal.CashoutApplyTest"/>
  <testcase name="cashoutApply" time="0.151" classname="com.llwallet.interfaces.test.api.test.personal.CashoutApplyTest"/>
  <testcase name="cashoutApply" time="0.141" classname="com.llwallet.interfaces.test.api.test.personal.CashoutApplyTest"/>
  <testcase name="cashoutApply" time="0.136" classname="com.llwallet.interfaces.test.api.test.personal.CashoutApplyTest"/>
  <testcase name="cashoutApply" time="0.601" classname="com.llwallet.interfaces.test.api.test.personal.CashoutApplyTest"/>
  <testcase name="cashoutApply" time="0.142" classname="com.llwallet.interfaces.test.api.test.personal.CashoutApplyTest"/>
  <testcase name="cashoutApply" time="0.670" classname="com.llwallet.interfaces.test.api.test.personal.CashoutApplyTest"/>
  <testcase name="cashoutApply" time="0.565" classname="com.llwallet.interfaces.test.api.test.personal.CashoutApplyTest"/>
  <testcase name="cashoutApply" time="0.148" classname="com.llwallet.interfaces.test.api.test.personal.CashoutApplyTest"/>
  <testcase name="cashoutApply" time="0.158" classname="com.llwallet.interfaces.test.api.test.personal.CashoutApplyTest"/>
  <testcase name="cashoutApply" time="0.153" classname="com.llwallet.interfaces.test.api.test.personal.CashoutApplyTest"/>
  <testcase name="cashoutApply" time="0.145" classname="com.llwallet.interfaces.test.api.test.personal.CashoutApplyTest"/>
  <testcase name="cashoutApply" time="0.138" classname="com.llwallet.interfaces.test.api.test.personal.CashoutApplyTest"/>
  <testcase name="cashoutApply" time="0.150" classname="com.llwallet.interfaces.test.api.test.personal.CashoutApplyTest"/>
  <testcase name="cashoutApply" time="0.144" classname="com.llwallet.interfaces.test.api.test.personal.CashoutApplyTest"/>
  <testcase name="cashoutApply" time="0.159" classname="com.llwallet.interfaces.test.api.test.personal.CashoutApplyTest"/>
  <testcase name="cashoutApply" time="1.043" classname="com.llwallet.interfaces.test.api.test.personal.CashoutApplyTest"/>
  <testcase name="cashoutApply" time="0.164" classname="com.llwallet.interfaces.test.api.test.personal.CashoutApplyTest"/>
  <testcase name="cashoutApply" time="0.140" classname="com.llwallet.interfaces.test.api.test.personal.CashoutApplyTest"/>
</testsuite> <!-- com.llwallet.interfaces.test.api.test.personal.CashoutApplyTest -->
