<?xml version="1.0" encoding="UTF-8"?>
<!-- Generated by org.testng.reporters.JUnitReportReporter -->
<testsuite hostname="LT-jiangxm" name="com.account.interfaces.test.api.test.TraderPaymentTest" tests="1" failures="0" timestamp="26 Dec 2016 03:04:40 GMT" time="1.706" errors="0">
  <testcase name="traderPayment" time="1.706" classname="com.account.interfaces.test.api.test.TraderPaymentTest"/>
</testsuite> <!-- com.account.interfaces.test.api.test.TraderPaymentTest -->
