<?xml version="1.0" encoding="UTF-8"?>
<!-- Generated by org.testng.reporters.JUnitReportReporter -->
<testsuite name="com.llwallet.interfaces.test.api.online.personal.BankCardSharePrepayOnlineTest" tests="1" time="3.044" ignored="0" failures="0" timestamp="22 三月 2017 17:48:56 GMT" skipped="0" hostname="LT-jiangxm" errors="0">
  <testcase name="bankCardSharePrepay" time="3.044" classname="com.llwallet.interfaces.test.api.online.personal.BankCardSharePrepayOnlineTest"/>
</testsuite> <!-- com.llwallet.interfaces.test.api.online.personal.BankCardSharePrepayOnlineTest -->
