<?xml version="1.0" encoding="UTF-8"?>
<!-- Generated by org.testng.reporters.JUnitReportReporter -->
<testsuite hostname="LT-jiangxm" name="com.spay.interfaces.test.api.online.GetTN4spayTest" tests="1" failures="0" timestamp="11 Jan 2017 05:54:01 GMT" time="1.131" errors="0">
  <testcase name="getTN4spay" time="1.131" classname="com.spay.interfaces.test.api.online.GetTN4spayTest"/>
</testsuite> <!-- com.spay.interfaces.test.api.online.GetTN4spayTest -->
