<?xml version="1.0" encoding="UTF-8"?>
<!-- Generated by org.testng.reporters.JUnitReportReporter -->
<testsuite hostname="LT-jiangxm" name="com.llwallet.interfaces.test.api.test.combination.CombinationPayVerifyTest" tests="1" failures="0" timestamp="13 Dec 2017 08:36:50 GMT" time="1.685" errors="0">
  <testcase name="combinationPayVerify" time="1.685" classname="com.llwallet.interfaces.test.api.test.combination.CombinationPayVerifyTest"/>
</testsuite> <!-- com.llwallet.interfaces.test.api.test.combination.CombinationPayVerifyTest -->
