<?xml version="1.0" encoding="UTF-8"?>
<!-- Generated by org.testng.reporters.JUnitReportReporter -->
<testsuite hostname="LT-jiangxm" name="com.llwallet.interfaces.test.api.test.personal.UserPaymentTest" tests="6" failures="0" timestamp="15 Dec 2017 01:48:48 GMT" time="2.466" errors="0">
  <testcase name="userPayment" time="0.292" classname="com.llwallet.interfaces.test.api.test.personal.UserPaymentTest"/>
  <testcase name="userPayment" time="0.063" classname="com.llwallet.interfaces.test.api.test.personal.UserPaymentTest"/>
  <testcase name="userPayment" time="0.152" classname="com.llwallet.interfaces.test.api.test.personal.UserPaymentTest"/>
  <testcase name="userPayment" time="0.194" classname="com.llwallet.interfaces.test.api.test.personal.UserPaymentTest"/>
  <testcase name="userPayment" time="0.075" classname="com.llwallet.interfaces.test.api.test.personal.UserPaymentTest"/>
  <testcase name="userPayment" time="1.690" classname="com.llwallet.interfaces.test.api.test.personal.UserPaymentTest"/>
</testsuite> <!-- com.llwallet.interfaces.test.api.test.personal.UserPaymentTest -->
