<?xml version="1.0" encoding="UTF-8"?>
<!-- Generated by org.testng.reporters.JUnitReportReporter -->
<testsuite hostname="LT-jiangxm" name="com.llwallet.interfaces.test.api.online.enterprise.UploadUnitPhotoOnlineTest" tests="1" failures="0" timestamp="29 Nov 2017 13:51:29 GMT" time="1.502" errors="0">
  <testcase name="uploadUnitPhoto" time="1.502" classname="com.llwallet.interfaces.test.api.online.enterprise.UploadUnitPhotoOnlineTest"/>
</testsuite> <!-- com.llwallet.interfaces.test.api.online.enterprise.UploadUnitPhotoOnlineTest -->
