<?xml version="1.0" encoding="UTF-8"?>
<!-- Generated by org.testng.reporters.JUnitReportReporter -->
<testsuite name="com.llwallet.interfaces.test.api.online.qrcode.CreateQrcodeTest" tests="11" time="1.750" ignored="0" failures="0" timestamp="10 三月 2017 07:43:05 GMT" skipped="0" hostname="LT-jiangxm" errors="0">
  <testcase name="createQrcode" time="0.115" classname="com.llwallet.interfaces.test.api.online.qrcode.CreateQrcodeTest"/>
  <testcase name="createQrcode" time="0.060" classname="com.llwallet.interfaces.test.api.online.qrcode.CreateQrcodeTest"/>
  <testcase name="createQrcode" time="0.099" classname="com.llwallet.interfaces.test.api.online.qrcode.CreateQrcodeTest"/>
  <testcase name="createQrcode" time="0.089" classname="com.llwallet.interfaces.test.api.online.qrcode.CreateQrcodeTest"/>
  <testcase name="createQrcode" time="0.902" classname="com.llwallet.interfaces.test.api.online.qrcode.CreateQrcodeTest"/>
  <testcase name="createQrcode" time="0.102" classname="com.llwallet.interfaces.test.api.online.qrcode.CreateQrcodeTest"/>
  <testcase name="createQrcode" time="0.069" classname="com.llwallet.interfaces.test.api.online.qrcode.CreateQrcodeTest"/>
  <testcase name="createQrcode" time="0.122" classname="com.llwallet.interfaces.test.api.online.qrcode.CreateQrcodeTest"/>
  <testcase name="createQrcode" time="0.062" classname="com.llwallet.interfaces.test.api.online.qrcode.CreateQrcodeTest"/>
  <testcase name="createQrcode" time="0.067" classname="com.llwallet.interfaces.test.api.online.qrcode.CreateQrcodeTest"/>
  <testcase name="createQrcode" time="0.063" classname="com.llwallet.interfaces.test.api.online.qrcode.CreateQrcodeTest"/>
</testsuite> <!-- com.llwallet.interfaces.test.api.online.qrcode.CreateQrcodeTest -->
