<?xml version="1.0" encoding="UTF-8"?>
<!-- Generated by org.testng.reporters.JUnitReportReporter -->
<testsuite hostname="LT-jiangxm" name="com.llwallet.interfaces.test.api.test.personal.CashoutT1ApplyTest" tests="80" failures="0" timestamp="4 Nov 2017 07:53:26 GMT" time="34.365" errors="1">
  <testcase name="cashoutT1Apply" time="0.355" classname="com.llwallet.interfaces.test.api.test.personal.CashoutT1ApplyTest"/>
  <testcase name="cashoutT1Apply" time="0.232" classname="com.llwallet.interfaces.test.api.test.personal.CashoutT1ApplyTest"/>
  <testcase name="cashoutT1Apply" time="0.138" classname="com.llwallet.interfaces.test.api.test.personal.CashoutT1ApplyTest"/>
  <testcase name="cashoutT1Apply" time="0.135" classname="com.llwallet.interfaces.test.api.test.personal.CashoutT1ApplyTest"/>
  <testcase name="cashoutT1Apply" time="0.510" classname="com.llwallet.interfaces.test.api.test.personal.CashoutT1ApplyTest"/>
  <testcase name="cashoutT1Apply" time="0.437" classname="com.llwallet.interfaces.test.api.test.personal.CashoutT1ApplyTest"/>
  <testcase name="cashoutT1Apply" time="0.152" classname="com.llwallet.interfaces.test.api.test.personal.CashoutT1ApplyTest"/>
  <testcase name="cashoutT1Apply" time="0.161" classname="com.llwallet.interfaces.test.api.test.personal.CashoutT1ApplyTest"/>
  <testcase name="cashoutT1Apply" time="0.157" classname="com.llwallet.interfaces.test.api.test.personal.CashoutT1ApplyTest"/>
  <testcase name="cashoutT1Apply" time="0.136" classname="com.llwallet.interfaces.test.api.test.personal.CashoutT1ApplyTest"/>
  <testcase name="cashoutT1Apply" time="0.153" classname="com.llwallet.interfaces.test.api.test.personal.CashoutT1ApplyTest"/>
  <testcase name="cashoutT1Apply" time="0.881" classname="com.llwallet.interfaces.test.api.test.personal.CashoutT1ApplyTest"/>
  <testcase name="cashoutT1Apply" time="0.141" classname="com.llwallet.interfaces.test.api.test.personal.CashoutT1ApplyTest"/>
  <testcase name="cashoutT1Apply" time="0.151" classname="com.llwallet.interfaces.test.api.test.personal.CashoutT1ApplyTest"/>
  <testcase name="cashoutT1Apply" time="1.792" classname="com.llwallet.interfaces.test.api.test.personal.CashoutT1ApplyTest"/>
  <testcase name="cashoutT1Apply" time="0.148" classname="com.llwallet.interfaces.test.api.test.personal.CashoutT1ApplyTest"/>
  <testcase name="cashoutT1Apply" time="0.363" classname="com.llwallet.interfaces.test.api.test.personal.CashoutT1ApplyTest"/>
  <testcase name="cashoutT1Apply" time="0.138" classname="com.llwallet.interfaces.test.api.test.personal.CashoutT1ApplyTest"/>
  <testcase name="cashoutT1Apply" time="0.629" classname="com.llwallet.interfaces.test.api.test.personal.CashoutT1ApplyTest"/>
  <testcase name="cashoutT1Apply" time="0.152" classname="com.llwallet.interfaces.test.api.test.personal.CashoutT1ApplyTest"/>
  <testcase name="cashoutT1Apply" time="0.579" classname="com.llwallet.interfaces.test.api.test.personal.CashoutT1ApplyTest"/>
  <testcase name="cashoutT1Apply" time="0.143" classname="com.llwallet.interfaces.test.api.test.personal.CashoutT1ApplyTest"/>
  <testcase name="cashoutT1Apply" time="0.141" classname="com.llwallet.interfaces.test.api.test.personal.CashoutT1ApplyTest"/>
  <testcase name="cashoutT1Apply" time="0.136" classname="com.llwallet.interfaces.test.api.test.personal.CashoutT1ApplyTest"/>
  <testcase name="cashoutT1Apply" time="0.413" classname="com.llwallet.interfaces.test.api.test.personal.CashoutT1ApplyTest"/>
  <testcase name="cashoutT1Apply" time="0.160" classname="com.llwallet.interfaces.test.api.test.personal.CashoutT1ApplyTest"/>
  <testcase name="cashoutT1Apply" time="0.141" classname="com.llwallet.interfaces.test.api.test.personal.CashoutT1ApplyTest"/>
  <testcase name="cashoutT1Apply" time="0.137" classname="com.llwallet.interfaces.test.api.test.personal.CashoutT1ApplyTest"/>
  <testcase name="cashoutT1Apply" time="0.169" classname="com.llwallet.interfaces.test.api.test.personal.CashoutT1ApplyTest"/>
  <testcase name="cashoutT1Apply" time="0.304" classname="com.llwallet.interfaces.test.api.test.personal.CashoutT1ApplyTest"/>
  <testcase name="cashoutT1Apply" time="0.320" classname="com.llwallet.interfaces.test.api.test.personal.CashoutT1ApplyTest">
    <error type="java.lang.AssertionError">
      <![CDATA[java.lang.AssertionError
	at com.llwallet.interfaces.test.api.test.personal.CashoutT1ApplyTest.cashoutT1Apply(CashoutT1ApplyTest.java:107)
	at sun.reflect.GeneratedMethodAccessor2.invoke(Unknown Source)
	at sun.reflect.DelegatingMethodAccessorImpl.invoke(Unknown Source)
	at java.lang.reflect.Method.invoke(Unknown Source)
	at org.testng.internal.MethodInvocationHelper.invokeMethod(MethodInvocationHelper.java:85)
	at org.testng.internal.InvokeMethodRunnable.runOne(InvokeMethodRunnable.java:46)
	at org.testng.internal.InvokeMethodRunnable.run(InvokeMethodRunnable.java:37)
	at java.util.concurrent.Executors$RunnableAdapter.call(Unknown Source)
	at java.util.concurrent.FutureTask.run(Unknown Source)
	at java.util.concurrent.ThreadPoolExecutor.runWorker(Unknown Source)
	at java.util.concurrent.ThreadPoolExecutor$Worker.run(Unknown Source)
	at java.lang.Thread.run(Unknown Source)
]]>
    </error>
  </testcase> <!-- cashoutT1Apply -->
  <testcase name="cashoutT1Apply" time="0.167" classname="com.llwallet.interfaces.test.api.test.personal.CashoutT1ApplyTest"/>
  <testcase name="cashoutT1Apply" time="0.153" classname="com.llwallet.interfaces.test.api.test.personal.CashoutT1ApplyTest"/>
  <testcase name="cashoutT1Apply" time="0.595" classname="com.llwallet.interfaces.test.api.test.personal.CashoutT1ApplyTest"/>
  <testcase name="cashoutT1Apply" time="2.195" classname="com.llwallet.interfaces.test.api.test.personal.CashoutT1ApplyTest"/>
  <testcase name="cashoutT1Apply" time="0.150" classname="com.llwallet.interfaces.test.api.test.personal.CashoutT1ApplyTest"/>
  <testcase name="cashoutT1Apply" time="0.158" classname="com.llwallet.interfaces.test.api.test.personal.CashoutT1ApplyTest"/>
  <testcase name="cashoutT1Apply" time="0.558" classname="com.llwallet.interfaces.test.api.test.personal.CashoutT1ApplyTest"/>
  <testcase name="cashoutT1Apply" time="2.051" classname="com.llwallet.interfaces.test.api.test.personal.CashoutT1ApplyTest"/>
  <testcase name="cashoutT1Apply" time="1.030" classname="com.llwallet.interfaces.test.api.test.personal.CashoutT1ApplyTest"/>
  <testcase name="cashoutT1Apply" time="0.495" classname="com.llwallet.interfaces.test.api.test.personal.CashoutT1ApplyTest"/>
  <testcase name="cashoutT1Apply" time="0.169" classname="com.llwallet.interfaces.test.api.test.personal.CashoutT1ApplyTest"/>
  <testcase name="cashoutT1Apply" time="0.145" classname="com.llwallet.interfaces.test.api.test.personal.CashoutT1ApplyTest"/>
  <testcase name="cashoutT1Apply" time="3.256" classname="com.llwallet.interfaces.test.api.test.personal.CashoutT1ApplyTest"/>
  <testcase name="cashoutT1Apply" time="0.348" classname="com.llwallet.interfaces.test.api.test.personal.CashoutT1ApplyTest"/>
  <testcase name="cashoutT1Apply" time="0.395" classname="com.llwallet.interfaces.test.api.test.personal.CashoutT1ApplyTest"/>
  <testcase name="cashoutT1Apply" time="1.322" classname="com.llwallet.interfaces.test.api.test.personal.CashoutT1ApplyTest"/>
  <testcase name="cashoutT1Apply" time="0.153" classname="com.llwallet.interfaces.test.api.test.personal.CashoutT1ApplyTest"/>
  <testcase name="cashoutT1Apply" time="1.098" classname="com.llwallet.interfaces.test.api.test.personal.CashoutT1ApplyTest"/>
  <testcase name="cashoutT1Apply" time="0.667" classname="com.llwallet.interfaces.test.api.test.personal.CashoutT1ApplyTest"/>
  <testcase name="cashoutT1Apply" time="0.630" classname="com.llwallet.interfaces.test.api.test.personal.CashoutT1ApplyTest"/>
  <testcase name="cashoutT1Apply" time="0.155" classname="com.llwallet.interfaces.test.api.test.personal.CashoutT1ApplyTest"/>
  <testcase name="cashoutT1Apply" time="0.472" classname="com.llwallet.interfaces.test.api.test.personal.CashoutT1ApplyTest"/>
  <testcase name="cashoutT1Apply" time="0.167" classname="com.llwallet.interfaces.test.api.test.personal.CashoutT1ApplyTest"/>
  <testcase name="cashoutT1Apply" time="0.531" classname="com.llwallet.interfaces.test.api.test.personal.CashoutT1ApplyTest"/>
  <testcase name="cashoutT1Apply" time="0.599" classname="com.llwallet.interfaces.test.api.test.personal.CashoutT1ApplyTest"/>
  <testcase name="cashoutT1Apply" time="0.166" classname="com.llwallet.interfaces.test.api.test.personal.CashoutT1ApplyTest"/>
  <testcase name="cashoutT1Apply" time="0.137" classname="com.llwallet.interfaces.test.api.test.personal.CashoutT1ApplyTest"/>
  <testcase name="cashoutT1Apply" time="0.473" classname="com.llwallet.interfaces.test.api.test.personal.CashoutT1ApplyTest"/>
  <testcase name="cashoutT1Apply" time="0.132" classname="com.llwallet.interfaces.test.api.test.personal.CashoutT1ApplyTest"/>
  <testcase name="cashoutT1Apply" time="0.389" classname="com.llwallet.interfaces.test.api.test.personal.CashoutT1ApplyTest"/>
  <testcase name="cashoutT1Apply" time="0.150" classname="com.llwallet.interfaces.test.api.test.personal.CashoutT1ApplyTest"/>
  <testcase name="cashoutT1Apply" time="0.153" classname="com.llwallet.interfaces.test.api.test.personal.CashoutT1ApplyTest"/>
  <testcase name="cashoutT1Apply" time="0.148" classname="com.llwallet.interfaces.test.api.test.personal.CashoutT1ApplyTest"/>
  <testcase name="cashoutT1Apply" time="0.148" classname="com.llwallet.interfaces.test.api.test.personal.CashoutT1ApplyTest"/>
  <testcase name="cashoutT1Apply" time="1.161" classname="com.llwallet.interfaces.test.api.test.personal.CashoutT1ApplyTest"/>
  <testcase name="cashoutT1Apply" time="0.150" classname="com.llwallet.interfaces.test.api.test.personal.CashoutT1ApplyTest"/>
  <testcase name="cashoutT1Apply" time="0.142" classname="com.llwallet.interfaces.test.api.test.personal.CashoutT1ApplyTest"/>
  <testcase name="cashoutT1Apply" time="0.608" classname="com.llwallet.interfaces.test.api.test.personal.CashoutT1ApplyTest"/>
  <testcase name="cashoutT1Apply" time="0.135" classname="com.llwallet.interfaces.test.api.test.personal.CashoutT1ApplyTest"/>
  <testcase name="cashoutT1Apply" time="0.137" classname="com.llwallet.interfaces.test.api.test.personal.CashoutT1ApplyTest"/>
  <testcase name="cashoutT1Apply" time="0.146" classname="com.llwallet.interfaces.test.api.test.personal.CashoutT1ApplyTest"/>
  <testcase name="cashoutT1Apply" time="0.147" classname="com.llwallet.interfaces.test.api.test.personal.CashoutT1ApplyTest"/>
  <testcase name="cashoutT1Apply" time="0.184" classname="com.llwallet.interfaces.test.api.test.personal.CashoutT1ApplyTest"/>
  <testcase name="cashoutT1Apply" time="0.141" classname="com.llwallet.interfaces.test.api.test.personal.CashoutT1ApplyTest"/>
  <testcase name="cashoutT1Apply" time="0.516" classname="com.llwallet.interfaces.test.api.test.personal.CashoutT1ApplyTest"/>
  <testcase name="cashoutT1Apply" time="0.157" classname="com.llwallet.interfaces.test.api.test.personal.CashoutT1ApplyTest"/>
  <testcase name="cashoutT1Apply" time="0.146" classname="com.llwallet.interfaces.test.api.test.personal.CashoutT1ApplyTest"/>
  <testcase name="cashoutT1Apply" time="1.285" classname="com.llwallet.interfaces.test.api.test.personal.CashoutT1ApplyTest"/>
  <testcase name="cashoutT1Apply" time="0.151" classname="com.llwallet.interfaces.test.api.test.personal.CashoutT1ApplyTest"/>
</testsuite> <!-- com.llwallet.interfaces.test.api.test.personal.CashoutT1ApplyTest -->
