<?xml version="1.0" encoding="UTF-8"?>
<!-- Generated by org.testng.reporters.JUnitReportReporter -->
<testsuite hostname="LT-jiangxm" name="com.llwallet.interfaces.test.api.test.qrcode.CreateQrcodeTest" tests="18" failures="0" timestamp="19 May 2017 11:06:45 GMT" time="1.024" errors="0">
  <testcase name="createQrcode" time="0.019" classname="com.llwallet.interfaces.test.api.test.qrcode.CreateQrcodeTest"/>
  <testcase name="createQrcode" time="0.037" classname="com.llwallet.interfaces.test.api.test.qrcode.CreateQrcodeTest"/>
  <testcase name="createQrcode" time="0.043" classname="com.llwallet.interfaces.test.api.test.qrcode.CreateQrcodeTest"/>
  <testcase name="createQrcode" time="0.021" classname="com.llwallet.interfaces.test.api.test.qrcode.CreateQrcodeTest"/>
  <testcase name="createQrcode" time="0.044" classname="com.llwallet.interfaces.test.api.test.qrcode.CreateQrcodeTest"/>
  <testcase name="createQrcode" time="0.039" classname="com.llwallet.interfaces.test.api.test.qrcode.CreateQrcodeTest"/>
  <testcase name="createQrcode" time="0.044" classname="com.llwallet.interfaces.test.api.test.qrcode.CreateQrcodeTest"/>
  <testcase name="createQrcode" time="0.041" classname="com.llwallet.interfaces.test.api.test.qrcode.CreateQrcodeTest"/>
  <testcase name="createQrcode" time="0.047" classname="com.llwallet.interfaces.test.api.test.qrcode.CreateQrcodeTest"/>
  <testcase name="createQrcode" time="0.033" classname="com.llwallet.interfaces.test.api.test.qrcode.CreateQrcodeTest"/>
  <testcase name="createQrcode" time="0.035" classname="com.llwallet.interfaces.test.api.test.qrcode.CreateQrcodeTest"/>
  <testcase name="createQrcode" time="0.042" classname="com.llwallet.interfaces.test.api.test.qrcode.CreateQrcodeTest"/>
  <testcase name="createQrcode" time="0.414" classname="com.llwallet.interfaces.test.api.test.qrcode.CreateQrcodeTest"/>
  <testcase name="createQrcode" time="0.024" classname="com.llwallet.interfaces.test.api.test.qrcode.CreateQrcodeTest"/>
  <testcase name="createQrcode" time="0.037" classname="com.llwallet.interfaces.test.api.test.qrcode.CreateQrcodeTest"/>
  <testcase name="createQrcode" time="0.040" classname="com.llwallet.interfaces.test.api.test.qrcode.CreateQrcodeTest"/>
  <testcase name="createQrcode" time="0.041" classname="com.llwallet.interfaces.test.api.test.qrcode.CreateQrcodeTest"/>
  <testcase name="createQrcode" time="0.023" classname="com.llwallet.interfaces.test.api.test.qrcode.CreateQrcodeTest"/>
</testsuite> <!-- com.llwallet.interfaces.test.api.test.qrcode.CreateQrcodeTest -->
