<?xml version="1.0" encoding="UTF-8"?>
<!-- Generated by org.testng.reporters.JUnitReportReporter -->
<testsuite hostname="LT-jiangxm" name="com.llwallet.interfaces.test.api.online.custom.QueryVbAccountOnlineTest" tests="1" failures="0" timestamp="15 Dec 2017 14:44:57 GMT" time="1.430" errors="1">
  <testcase name="queryVbAccount" time="1.430" classname="com.llwallet.interfaces.test.api.online.custom.QueryVbAccountOnlineTest">
    <error type="java.io.FileNotFoundException" message="src\main\resources\data\excel\com\llwallet\interfaces\test\api\online\custom\QueryVbAccountOnlineTest.xls (另一个程序正在使用此文件，进程无法访问。)">
      <![CDATA[java.io.FileNotFoundException: src\main\resources\data\excel\com\llwallet\interfaces\test\api\online\custom\QueryVbAccountOnlineTest.xls (另一个程序正在使用此文件，进程无法访问。)
	at java.io.FileOutputStream.open(Native Method)
	at java.io.FileOutputStream.<init>(Unknown Source)
	at java.io.FileOutputStream.<init>(Unknown Source)
	at jxl.Workbook.createWorkbook(Workbook.java:338)
	at jxl.Workbook.createWorkbook(Workbook.java:320)
	at com.tools.utils.ExcelUtil.writeResult2Excel(ExcelUtil.java:35)
	at com.llwallet.interfaces.test.api.online.custom.QueryVbAccountOnlineTest.queryVbAccount(QueryVbAccountOnlineTest.java:49)
	at sun.reflect.NativeMethodAccessorImpl.invoke0(Native Method)
	at sun.reflect.NativeMethodAccessorImpl.invoke(Unknown Source)
	at sun.reflect.DelegatingMethodAccessorImpl.invoke(Unknown Source)
	at java.lang.reflect.Method.invoke(Unknown Source)
	at org.testng.internal.MethodInvocationHelper.invokeMethod(MethodInvocationHelper.java:85)
	at org.testng.internal.InvokeMethodRunnable.runOne(InvokeMethodRunnable.java:54)
	at org.testng.internal.InvokeMethodRunnable.run(InvokeMethodRunnable.java:44)
	at java.util.concurrent.Executors$RunnableAdapter.call(Unknown Source)
	at java.util.concurrent.FutureTask.run(Unknown Source)
	at java.util.concurrent.ThreadPoolExecutor.runWorker(Unknown Source)
	at java.util.concurrent.ThreadPoolExecutor$Worker.run(Unknown Source)
	at java.lang.Thread.run(Unknown Source)
]]>
    </error>
  </testcase> <!-- queryVbAccount -->
</testsuite> <!-- com.llwallet.interfaces.test.api.online.custom.QueryVbAccountOnlineTest -->
