<?xml version="1.0" encoding="UTF-8"?>
<!-- Generated by org.testng.reporters.JUnitReportReporter -->
<testsuite hostname="LT-jiangxm" name="com.account.interfaces.test.dubbo.ChargeUpTest" tests="17" failures="0" timestamp="21 Dec 2016 08:52:58 GMT" time="20.184" errors="0">
  <testcase name="chargeUp" time="1.439" classname="com.account.interfaces.test.dubbo.ChargeUpTest"/>
  <testcase name="chargeUp" time="1.062" classname="com.account.interfaces.test.dubbo.ChargeUpTest"/>
  <testcase name="chargeUp" time="1.129" classname="com.account.interfaces.test.dubbo.ChargeUpTest"/>
  <testcase name="chargeUp" time="1.088" classname="com.account.interfaces.test.dubbo.ChargeUpTest"/>
  <testcase name="chargeUp" time="1.179" classname="com.account.interfaces.test.dubbo.ChargeUpTest"/>
  <testcase name="chargeUp" time="1.104" classname="com.account.interfaces.test.dubbo.ChargeUpTest"/>
  <testcase name="chargeUp" time="1.021" classname="com.account.interfaces.test.dubbo.ChargeUpTest"/>
  <testcase name="chargeUp" time="1.907" classname="com.account.interfaces.test.dubbo.ChargeUpTest"/>
  <testcase name="chargeUp" time="1.359" classname="com.account.interfaces.test.dubbo.ChargeUpTest"/>
  <testcase name="chargeUp" time="1.064" classname="com.account.interfaces.test.dubbo.ChargeUpTest"/>
  <testcase name="chargeUp" time="1.115" classname="com.account.interfaces.test.dubbo.ChargeUpTest"/>
  <testcase name="chargeUp" time="1.026" classname="com.account.interfaces.test.dubbo.ChargeUpTest"/>
  <testcase name="chargeUp" time="1.164" classname="com.account.interfaces.test.dubbo.ChargeUpTest"/>
  <testcase name="chargeUp" time="1.051" classname="com.account.interfaces.test.dubbo.ChargeUpTest"/>
  <testcase name="chargeUp" time="1.147" classname="com.account.interfaces.test.dubbo.ChargeUpTest"/>
  <testcase name="chargeUp" time="1.163" classname="com.account.interfaces.test.dubbo.ChargeUpTest"/>
  <testcase name="chargeUp" time="1.166" classname="com.account.interfaces.test.dubbo.ChargeUpTest"/>
</testsuite> <!-- com.account.interfaces.test.dubbo.ChargeUpTest -->
