<?xml version="1.0" encoding="UTF-8"?>
<!-- Generated by org.testng.reporters.JUnitReportReporter -->
<testsuite hostname="LT-jiangxm" name="com.lianpay.interfaces.test.UnitCashOutTest" tests="2" failures="0" timestamp="26 Sep 2016 03:14:27 GMT" time="0.042" errors="2">
  <testcase name="unitCashOut" time="0.007" classname="com.lianpay.interfaces.test.UnitCashOutTest">
    <error type="java.lang.NumberFormatException" message="For input string: &quot;2016-09-01&quot;">
      <![CDATA[java.lang.NumberFormatException: For input string: "2016-09-01"
	at sun.misc.FloatingDecimal.readJavaFormatString(Unknown Source)
	at sun.misc.FloatingDecimal.parseFloat(Unknown Source)
	at java.lang.Float.parseFloat(Unknown Source)
	at com.lianpay.interfaces.test.UnitCashOutTest.unitCashOut(UnitCashOutTest.java:39)
	at sun.reflect.NativeMethodAccessorImpl.invoke0(Native Method)
	at sun.reflect.NativeMethodAccessorImpl.invoke(Unknown Source)
	at sun.reflect.DelegatingMethodAccessorImpl.invoke(Unknown Source)
	at java.lang.reflect.Method.invoke(Unknown Source)
	at org.testng.internal.MethodInvocationHelper.invokeMethod(MethodInvocationHelper.java:100)
	at org.testng.internal.InvokeMethodRunnable.runOne(InvokeMethodRunnable.java:54)
	at org.testng.internal.InvokeMethodRunnable.run(InvokeMethodRunnable.java:44)
	at java.util.concurrent.Executors$RunnableAdapter.call(Unknown Source)
	at java.util.concurrent.FutureTask.run(Unknown Source)
	at java.util.concurrent.ThreadPoolExecutor.runWorker(Unknown Source)
	at java.util.concurrent.ThreadPoolExecutor$Worker.run(Unknown Source)
	at java.lang.Thread.run(Unknown Source)
]]>
    </error>
  </testcase> <!-- unitCashOut -->
  <testcase name="unitCashOut" time="0.035" classname="com.lianpay.interfaces.test.UnitCashOutTest">
    <error type="java.lang.NumberFormatException" message="For input string: &quot;2016-09-01&quot;">
      <![CDATA[java.lang.NumberFormatException: For input string: "2016-09-01"
	at sun.misc.FloatingDecimal.readJavaFormatString(Unknown Source)
	at sun.misc.FloatingDecimal.parseFloat(Unknown Source)
	at java.lang.Float.parseFloat(Unknown Source)
	at com.lianpay.interfaces.test.UnitCashOutTest.unitCashOut(UnitCashOutTest.java:39)
	at sun.reflect.NativeMethodAccessorImpl.invoke0(Native Method)
	at sun.reflect.NativeMethodAccessorImpl.invoke(Unknown Source)
	at sun.reflect.DelegatingMethodAccessorImpl.invoke(Unknown Source)
	at java.lang.reflect.Method.invoke(Unknown Source)
	at org.testng.internal.MethodInvocationHelper.invokeMethod(MethodInvocationHelper.java:100)
	at org.testng.internal.InvokeMethodRunnable.runOne(InvokeMethodRunnable.java:54)
	at org.testng.internal.InvokeMethodRunnable.run(InvokeMethodRunnable.java:44)
	at java.util.concurrent.Executors$RunnableAdapter.call(Unknown Source)
	at java.util.concurrent.FutureTask.run(Unknown Source)
	at java.util.concurrent.ThreadPoolExecutor.runWorker(Unknown Source)
	at java.util.concurrent.ThreadPoolExecutor$Worker.run(Unknown Source)
	at java.lang.Thread.run(Unknown Source)
]]>
    </error>
  </testcase> <!-- unitCashOut -->
</testsuite> <!-- com.lianpay.interfaces.test.UnitCashOutTest -->
