<?xml version="1.0" encoding="UTF-8"?>
<!-- Generated by org.testng.reporters.JUnitReportReporter -->
<testsuite hostname="LT-jiangxm" name="com.llwallet.interfaces.test.web.test.AggregateWebTest" tests="83" failures="0" timestamp="25 Apr 2017 01:23:26 GMT" time="98.204" errors="0">
  <testcase name="aggregateWeb" time="1.092" classname="com.llwallet.interfaces.test.web.test.AggregateWebTest"/>
  <testcase name="aggregateWeb" time="1.390" classname="com.llwallet.interfaces.test.web.test.AggregateWebTest"/>
  <testcase name="aggregateWeb" time="1.301" classname="com.llwallet.interfaces.test.web.test.AggregateWebTest"/>
  <testcase name="aggregateWeb" time="1.088" classname="com.llwallet.interfaces.test.web.test.AggregateWebTest"/>
  <testcase name="aggregateWeb" time="1.093" classname="com.llwallet.interfaces.test.web.test.AggregateWebTest"/>
  <testcase name="aggregateWeb" time="1.083" classname="com.llwallet.interfaces.test.web.test.AggregateWebTest"/>
  <testcase name="aggregateWeb" time="1.108" classname="com.llwallet.interfaces.test.web.test.AggregateWebTest"/>
  <testcase name="aggregateWeb" time="1.336" classname="com.llwallet.interfaces.test.web.test.AggregateWebTest"/>
  <testcase name="aggregateWeb" time="1.126" classname="com.llwallet.interfaces.test.web.test.AggregateWebTest"/>
  <testcase name="aggregateWeb" time="1.114" classname="com.llwallet.interfaces.test.web.test.AggregateWebTest"/>
  <testcase name="aggregateWeb" time="1.097" classname="com.llwallet.interfaces.test.web.test.AggregateWebTest"/>
  <testcase name="aggregateWeb" time="1.085" classname="com.llwallet.interfaces.test.web.test.AggregateWebTest"/>
  <testcase name="aggregateWeb" time="1.103" classname="com.llwallet.interfaces.test.web.test.AggregateWebTest"/>
  <testcase name="aggregateWeb" time="1.122" classname="com.llwallet.interfaces.test.web.test.AggregateWebTest"/>
  <testcase name="aggregateWeb" time="1.090" classname="com.llwallet.interfaces.test.web.test.AggregateWebTest"/>
  <testcase name="aggregateWeb" time="1.097" classname="com.llwallet.interfaces.test.web.test.AggregateWebTest"/>
  <testcase name="aggregateWeb" time="1.116" classname="com.llwallet.interfaces.test.web.test.AggregateWebTest"/>
  <testcase name="aggregateWeb" time="1.221" classname="com.llwallet.interfaces.test.web.test.AggregateWebTest"/>
  <testcase name="aggregateWeb" time="1.082" classname="com.llwallet.interfaces.test.web.test.AggregateWebTest"/>
  <testcase name="aggregateWeb" time="1.529" classname="com.llwallet.interfaces.test.web.test.AggregateWebTest"/>
  <testcase name="aggregateWeb" time="1.114" classname="com.llwallet.interfaces.test.web.test.AggregateWebTest"/>
  <testcase name="aggregateWeb" time="1.087" classname="com.llwallet.interfaces.test.web.test.AggregateWebTest"/>
  <testcase name="aggregateWeb" time="1.086" classname="com.llwallet.interfaces.test.web.test.AggregateWebTest"/>
  <testcase name="aggregateWeb" time="1.060" classname="com.llwallet.interfaces.test.web.test.AggregateWebTest"/>
  <testcase name="aggregateWeb" time="1.324" classname="com.llwallet.interfaces.test.web.test.AggregateWebTest"/>
  <testcase name="aggregateWeb" time="1.086" classname="com.llwallet.interfaces.test.web.test.AggregateWebTest"/>
  <testcase name="aggregateWeb" time="1.084" classname="com.llwallet.interfaces.test.web.test.AggregateWebTest"/>
  <testcase name="aggregateWeb" time="1.237" classname="com.llwallet.interfaces.test.web.test.AggregateWebTest"/>
  <testcase name="aggregateWeb" time="1.296" classname="com.llwallet.interfaces.test.web.test.AggregateWebTest"/>
  <testcase name="aggregateWeb" time="1.218" classname="com.llwallet.interfaces.test.web.test.AggregateWebTest"/>
  <testcase name="aggregateWeb" time="1.294" classname="com.llwallet.interfaces.test.web.test.AggregateWebTest"/>
  <testcase name="aggregateWeb" time="1.092" classname="com.llwallet.interfaces.test.web.test.AggregateWebTest"/>
  <testcase name="aggregateWeb" time="1.185" classname="com.llwallet.interfaces.test.web.test.AggregateWebTest"/>
  <testcase name="aggregateWeb" time="1.380" classname="com.llwallet.interfaces.test.web.test.AggregateWebTest"/>
  <testcase name="aggregateWeb" time="1.089" classname="com.llwallet.interfaces.test.web.test.AggregateWebTest"/>
  <testcase name="aggregateWeb" time="1.087" classname="com.llwallet.interfaces.test.web.test.AggregateWebTest"/>
  <testcase name="aggregateWeb" time="1.333" classname="com.llwallet.interfaces.test.web.test.AggregateWebTest"/>
  <testcase name="aggregateWeb" time="1.040" classname="com.llwallet.interfaces.test.web.test.AggregateWebTest"/>
  <testcase name="aggregateWeb" time="1.466" classname="com.llwallet.interfaces.test.web.test.AggregateWebTest"/>
  <testcase name="aggregateWeb" time="1.308" classname="com.llwallet.interfaces.test.web.test.AggregateWebTest"/>
  <testcase name="aggregateWeb" time="1.129" classname="com.llwallet.interfaces.test.web.test.AggregateWebTest"/>
  <testcase name="aggregateWeb" time="1.374" classname="com.llwallet.interfaces.test.web.test.AggregateWebTest"/>
  <testcase name="aggregateWeb" time="1.094" classname="com.llwallet.interfaces.test.web.test.AggregateWebTest"/>
  <testcase name="aggregateWeb" time="1.078" classname="com.llwallet.interfaces.test.web.test.AggregateWebTest"/>
  <testcase name="aggregateWeb" time="1.083" classname="com.llwallet.interfaces.test.web.test.AggregateWebTest"/>
  <testcase name="aggregateWeb" time="1.059" classname="com.llwallet.interfaces.test.web.test.AggregateWebTest"/>
  <testcase name="aggregateWeb" time="1.107" classname="com.llwallet.interfaces.test.web.test.AggregateWebTest"/>
  <testcase name="aggregateWeb" time="1.099" classname="com.llwallet.interfaces.test.web.test.AggregateWebTest"/>
  <testcase name="aggregateWeb" time="1.325" classname="com.llwallet.interfaces.test.web.test.AggregateWebTest"/>
  <testcase name="aggregateWeb" time="3.139" classname="com.llwallet.interfaces.test.web.test.AggregateWebTest"/>
  <testcase name="aggregateWeb" time="1.085" classname="com.llwallet.interfaces.test.web.test.AggregateWebTest"/>
  <testcase name="aggregateWeb" time="1.094" classname="com.llwallet.interfaces.test.web.test.AggregateWebTest"/>
  <testcase name="aggregateWeb" time="1.180" classname="com.llwallet.interfaces.test.web.test.AggregateWebTest"/>
  <testcase name="aggregateWeb" time="1.361" classname="com.llwallet.interfaces.test.web.test.AggregateWebTest"/>
  <testcase name="aggregateWeb" time="1.568" classname="com.llwallet.interfaces.test.web.test.AggregateWebTest"/>
  <testcase name="aggregateWeb" time="1.296" classname="com.llwallet.interfaces.test.web.test.AggregateWebTest"/>
  <testcase name="aggregateWeb" time="1.185" classname="com.llwallet.interfaces.test.web.test.AggregateWebTest"/>
  <testcase name="aggregateWeb" time="1.031" classname="com.llwallet.interfaces.test.web.test.AggregateWebTest"/>
  <testcase name="aggregateWeb" time="1.091" classname="com.llwallet.interfaces.test.web.test.AggregateWebTest"/>
  <testcase name="aggregateWeb" time="1.035" classname="com.llwallet.interfaces.test.web.test.AggregateWebTest"/>
  <testcase name="aggregateWeb" time="1.099" classname="com.llwallet.interfaces.test.web.test.AggregateWebTest"/>
  <testcase name="aggregateWeb" time="1.096" classname="com.llwallet.interfaces.test.web.test.AggregateWebTest"/>
  <testcase name="aggregateWeb" time="1.088" classname="com.llwallet.interfaces.test.web.test.AggregateWebTest"/>
  <testcase name="aggregateWeb" time="1.198" classname="com.llwallet.interfaces.test.web.test.AggregateWebTest"/>
  <testcase name="aggregateWeb" time="1.226" classname="com.llwallet.interfaces.test.web.test.AggregateWebTest"/>
  <testcase name="aggregateWeb" time="1.088" classname="com.llwallet.interfaces.test.web.test.AggregateWebTest"/>
  <testcase name="aggregateWeb" time="1.083" classname="com.llwallet.interfaces.test.web.test.AggregateWebTest"/>
  <testcase name="aggregateWeb" time="1.078" classname="com.llwallet.interfaces.test.web.test.AggregateWebTest"/>
  <testcase name="aggregateWeb" time="1.137" classname="com.llwallet.interfaces.test.web.test.AggregateWebTest"/>
  <testcase name="aggregateWeb" time="1.304" classname="com.llwallet.interfaces.test.web.test.AggregateWebTest"/>
  <testcase name="aggregateWeb" time="1.100" classname="com.llwallet.interfaces.test.web.test.AggregateWebTest"/>
  <testcase name="aggregateWeb" time="1.209" classname="com.llwallet.interfaces.test.web.test.AggregateWebTest"/>
  <testcase name="aggregateWeb" time="1.083" classname="com.llwallet.interfaces.test.web.test.AggregateWebTest"/>
  <testcase name="aggregateWeb" time="1.096" classname="com.llwallet.interfaces.test.web.test.AggregateWebTest"/>
  <testcase name="aggregateWeb" time="1.087" classname="com.llwallet.interfaces.test.web.test.AggregateWebTest"/>
  <testcase name="aggregateWeb" time="1.082" classname="com.llwallet.interfaces.test.web.test.AggregateWebTest"/>
  <testcase name="aggregateWeb" time="1.084" classname="com.llwallet.interfaces.test.web.test.AggregateWebTest"/>
  <testcase name="aggregateWeb" time="1.082" classname="com.llwallet.interfaces.test.web.test.AggregateWebTest"/>
  <testcase name="aggregateWeb" time="1.104" classname="com.llwallet.interfaces.test.web.test.AggregateWebTest"/>
  <testcase name="aggregateWeb" time="1.094" classname="com.llwallet.interfaces.test.web.test.AggregateWebTest"/>
  <testcase name="aggregateWeb" time="1.099" classname="com.llwallet.interfaces.test.web.test.AggregateWebTest"/>
  <testcase name="aggregateWeb" time="1.098" classname="com.llwallet.interfaces.test.web.test.AggregateWebTest"/>
  <testcase name="aggregateWeb" time="1.037" classname="com.llwallet.interfaces.test.web.test.AggregateWebTest"/>
</testsuite> <!-- com.llwallet.interfaces.test.web.test.AggregateWebTest -->
