<?xml version="1.0" encoding="UTF-8"?>
<!-- Generated by org.testng.reporters.JUnitReportReporter -->
<testsuite hostname="LT-jiangxm" name="com.llwallet.interfaces.test.DirectOpenUserTest" tests="1" failures="0" timestamp="21 Dec 2016 10:00:59 GMT" time="2.303" errors="0">
  <testcase name="directOpenUser" time="2.303" classname="com.llwallet.interfaces.test.DirectOpenUserTest"/>
</testsuite> <!-- com.llwallet.interfaces.test.DirectOpenUserTest -->
