<?xml version="1.0" encoding="UTF-8"?>
<!-- Generated by org.testng.reporters.JUnitReportReporter -->
<testsuite hostname="LT-jiangxm" name="com.llwallet.interfaces.test.api.test.custom.Balance2OtherPublicBankCardTest" tests="69" failures="0" timestamp="19 Dec 2017 11:45:08 GMT" time="18.551" errors="0">
  <testcase name="test" time="0.220" classname="com.llwallet.interfaces.test.api.test.custom.Balance2OtherPublicBankCardTest"/>
  <testcase name="test" time="0.403" classname="com.llwallet.interfaces.test.api.test.custom.Balance2OtherPublicBankCardTest"/>
  <testcase name="test" time="0.134" classname="com.llwallet.interfaces.test.api.test.custom.Balance2OtherPublicBankCardTest"/>
  <testcase name="test" time="0.424" classname="com.llwallet.interfaces.test.api.test.custom.Balance2OtherPublicBankCardTest"/>
  <testcase name="test" time="0.146" classname="com.llwallet.interfaces.test.api.test.custom.Balance2OtherPublicBankCardTest"/>
  <testcase name="test" time="0.167" classname="com.llwallet.interfaces.test.api.test.custom.Balance2OtherPublicBankCardTest"/>
  <testcase name="test" time="0.474" classname="com.llwallet.interfaces.test.api.test.custom.Balance2OtherPublicBankCardTest"/>
  <testcase name="test" time="0.122" classname="com.llwallet.interfaces.test.api.test.custom.Balance2OtherPublicBankCardTest"/>
  <testcase name="test" time="0.209" classname="com.llwallet.interfaces.test.api.test.custom.Balance2OtherPublicBankCardTest"/>
  <testcase name="test" time="0.394" classname="com.llwallet.interfaces.test.api.test.custom.Balance2OtherPublicBankCardTest"/>
  <testcase name="test" time="0.140" classname="com.llwallet.interfaces.test.api.test.custom.Balance2OtherPublicBankCardTest"/>
  <testcase name="test" time="0.278" classname="com.llwallet.interfaces.test.api.test.custom.Balance2OtherPublicBankCardTest"/>
  <testcase name="test" time="0.151" classname="com.llwallet.interfaces.test.api.test.custom.Balance2OtherPublicBankCardTest"/>
  <testcase name="test" time="0.124" classname="com.llwallet.interfaces.test.api.test.custom.Balance2OtherPublicBankCardTest"/>
  <testcase name="test" time="0.337" classname="com.llwallet.interfaces.test.api.test.custom.Balance2OtherPublicBankCardTest"/>
  <testcase name="test" time="0.135" classname="com.llwallet.interfaces.test.api.test.custom.Balance2OtherPublicBankCardTest"/>
  <testcase name="test" time="0.146" classname="com.llwallet.interfaces.test.api.test.custom.Balance2OtherPublicBankCardTest"/>
  <testcase name="test" time="0.190" classname="com.llwallet.interfaces.test.api.test.custom.Balance2OtherPublicBankCardTest"/>
  <testcase name="test" time="0.155" classname="com.llwallet.interfaces.test.api.test.custom.Balance2OtherPublicBankCardTest"/>
  <testcase name="test" time="0.305" classname="com.llwallet.interfaces.test.api.test.custom.Balance2OtherPublicBankCardTest"/>
  <testcase name="test" time="0.302" classname="com.llwallet.interfaces.test.api.test.custom.Balance2OtherPublicBankCardTest"/>
  <testcase name="test" time="0.139" classname="com.llwallet.interfaces.test.api.test.custom.Balance2OtherPublicBankCardTest"/>
  <testcase name="test" time="0.124" classname="com.llwallet.interfaces.test.api.test.custom.Balance2OtherPublicBankCardTest"/>
  <testcase name="test" time="0.196" classname="com.llwallet.interfaces.test.api.test.custom.Balance2OtherPublicBankCardTest"/>
  <testcase name="test" time="0.528" classname="com.llwallet.interfaces.test.api.test.custom.Balance2OtherPublicBankCardTest"/>
  <testcase name="test" time="0.231" classname="com.llwallet.interfaces.test.api.test.custom.Balance2OtherPublicBankCardTest"/>
  <testcase name="test" time="0.427" classname="com.llwallet.interfaces.test.api.test.custom.Balance2OtherPublicBankCardTest"/>
  <testcase name="test" time="0.131" classname="com.llwallet.interfaces.test.api.test.custom.Balance2OtherPublicBankCardTest"/>
  <testcase name="test" time="0.196" classname="com.llwallet.interfaces.test.api.test.custom.Balance2OtherPublicBankCardTest"/>
  <testcase name="test" time="0.690" classname="com.llwallet.interfaces.test.api.test.custom.Balance2OtherPublicBankCardTest"/>
  <testcase name="test" time="0.822" classname="com.llwallet.interfaces.test.api.test.custom.Balance2OtherPublicBankCardTest"/>
  <testcase name="test" time="0.176" classname="com.llwallet.interfaces.test.api.test.custom.Balance2OtherPublicBankCardTest"/>
  <testcase name="test" time="0.320" classname="com.llwallet.interfaces.test.api.test.custom.Balance2OtherPublicBankCardTest"/>
  <testcase name="test" time="0.201" classname="com.llwallet.interfaces.test.api.test.custom.Balance2OtherPublicBankCardTest"/>
  <testcase name="test" time="0.118" classname="com.llwallet.interfaces.test.api.test.custom.Balance2OtherPublicBankCardTest"/>
  <testcase name="test" time="0.129" classname="com.llwallet.interfaces.test.api.test.custom.Balance2OtherPublicBankCardTest"/>
  <testcase name="test" time="0.414" classname="com.llwallet.interfaces.test.api.test.custom.Balance2OtherPublicBankCardTest"/>
  <testcase name="test" time="0.411" classname="com.llwallet.interfaces.test.api.test.custom.Balance2OtherPublicBankCardTest"/>
  <testcase name="test" time="0.175" classname="com.llwallet.interfaces.test.api.test.custom.Balance2OtherPublicBankCardTest"/>
  <testcase name="test" time="1.532" classname="com.llwallet.interfaces.test.api.test.custom.Balance2OtherPublicBankCardTest"/>
  <testcase name="test" time="0.109" classname="com.llwallet.interfaces.test.api.test.custom.Balance2OtherPublicBankCardTest"/>
  <testcase name="test" time="0.408" classname="com.llwallet.interfaces.test.api.test.custom.Balance2OtherPublicBankCardTest"/>
  <testcase name="test" time="0.137" classname="com.llwallet.interfaces.test.api.test.custom.Balance2OtherPublicBankCardTest"/>
  <testcase name="test" time="0.422" classname="com.llwallet.interfaces.test.api.test.custom.Balance2OtherPublicBankCardTest"/>
  <testcase name="test" time="0.182" classname="com.llwallet.interfaces.test.api.test.custom.Balance2OtherPublicBankCardTest"/>
  <testcase name="test" time="0.166" classname="com.llwallet.interfaces.test.api.test.custom.Balance2OtherPublicBankCardTest"/>
  <testcase name="test" time="0.450" classname="com.llwallet.interfaces.test.api.test.custom.Balance2OtherPublicBankCardTest"/>
  <testcase name="test" time="0.126" classname="com.llwallet.interfaces.test.api.test.custom.Balance2OtherPublicBankCardTest"/>
  <testcase name="test" time="0.200" classname="com.llwallet.interfaces.test.api.test.custom.Balance2OtherPublicBankCardTest"/>
  <testcase name="test" time="0.114" classname="com.llwallet.interfaces.test.api.test.custom.Balance2OtherPublicBankCardTest"/>
  <testcase name="test" time="0.305" classname="com.llwallet.interfaces.test.api.test.custom.Balance2OtherPublicBankCardTest"/>
  <testcase name="test" time="0.428" classname="com.llwallet.interfaces.test.api.test.custom.Balance2OtherPublicBankCardTest"/>
  <testcase name="test" time="0.124" classname="com.llwallet.interfaces.test.api.test.custom.Balance2OtherPublicBankCardTest"/>
  <testcase name="test" time="0.384" classname="com.llwallet.interfaces.test.api.test.custom.Balance2OtherPublicBankCardTest"/>
  <testcase name="test" time="0.157" classname="com.llwallet.interfaces.test.api.test.custom.Balance2OtherPublicBankCardTest"/>
  <testcase name="test" time="0.436" classname="com.llwallet.interfaces.test.api.test.custom.Balance2OtherPublicBankCardTest"/>
  <testcase name="test" time="0.110" classname="com.llwallet.interfaces.test.api.test.custom.Balance2OtherPublicBankCardTest"/>
  <testcase name="test" time="0.193" classname="com.llwallet.interfaces.test.api.test.custom.Balance2OtherPublicBankCardTest"/>
  <testcase name="test" time="0.178" classname="com.llwallet.interfaces.test.api.test.custom.Balance2OtherPublicBankCardTest"/>
  <testcase name="test" time="0.486" classname="com.llwallet.interfaces.test.api.test.custom.Balance2OtherPublicBankCardTest"/>
  <testcase name="test" time="0.157" classname="com.llwallet.interfaces.test.api.test.custom.Balance2OtherPublicBankCardTest"/>
  <testcase name="test" time="0.140" classname="com.llwallet.interfaces.test.api.test.custom.Balance2OtherPublicBankCardTest"/>
  <testcase name="test" time="0.134" classname="com.llwallet.interfaces.test.api.test.custom.Balance2OtherPublicBankCardTest"/>
  <testcase name="test" time="0.135" classname="com.llwallet.interfaces.test.api.test.custom.Balance2OtherPublicBankCardTest"/>
  <testcase name="test" time="0.301" classname="com.llwallet.interfaces.test.api.test.custom.Balance2OtherPublicBankCardTest"/>
  <testcase name="test" time="0.177" classname="com.llwallet.interfaces.test.api.test.custom.Balance2OtherPublicBankCardTest"/>
  <testcase name="test" time="0.142" classname="com.llwallet.interfaces.test.api.test.custom.Balance2OtherPublicBankCardTest"/>
  <testcase name="test" time="0.187" classname="com.llwallet.interfaces.test.api.test.custom.Balance2OtherPublicBankCardTest"/>
  <testcase name="test" time="0.147" classname="com.llwallet.interfaces.test.api.test.custom.Balance2OtherPublicBankCardTest"/>
</testsuite> <!-- com.llwallet.interfaces.test.api.test.custom.Balance2OtherPublicBankCardTest -->
