<?xml version="1.0" encoding="UTF-8"?>
<!-- Generated by org.testng.reporters.JUnitReportReporter -->
<testsuite hostname="LT-jiangxm" name="com.llwallet.interfaces.test.api.test.enterprise.ModifyUnitUserTest" tests="8" failures="0" timestamp="4 Nov 2017 08:34:51 GMT" time="14.651" errors="0">
  <testcase name="modifyUnitUser1" time="2.504" classname="com.llwallet.interfaces.test.api.test.enterprise.ModifyUnitUserTest"/>
  <testcase name="modifyUnitUser" time="2.575" classname="com.llwallet.interfaces.test.api.test.enterprise.ModifyUnitUserTest"/>
  <testcase name="modifyUnitUser" time="1.335" classname="com.llwallet.interfaces.test.api.test.enterprise.ModifyUnitUserTest"/>
  <testcase name="modifyUnitUser" time="1.885" classname="com.llwallet.interfaces.test.api.test.enterprise.ModifyUnitUserTest"/>
  <testcase name="modifyUnitUser" time="1.520" classname="com.llwallet.interfaces.test.api.test.enterprise.ModifyUnitUserTest"/>
  <testcase name="modifyUnitUser" time="1.521" classname="com.llwallet.interfaces.test.api.test.enterprise.ModifyUnitUserTest"/>
  <testcase name="modifyUnitUser1" time="1.479" classname="com.llwallet.interfaces.test.api.test.enterprise.ModifyUnitUserTest"/>
  <testcase name="modifyUnitUser1" time="1.832" classname="com.llwallet.interfaces.test.api.test.enterprise.ModifyUnitUserTest"/>
</testsuite> <!-- com.llwallet.interfaces.test.api.test.enterprise.ModifyUnitUserTest -->
