<?xml version="1.0" encoding="UTF-8"?>
<!-- Generated by org.testng.reporters.JUnitReportReporter -->
<testsuite hostname="LT-jiangxm" name="com.llwallet.interfaces.test.api.test.personal.UserRefundTest" tests="47" failures="0" timestamp="23 May 2017 10:19:53 GMT" time="88.968" errors="0">
  <testcase name="userRefund" time="1.027" classname="com.llwallet.interfaces.test.api.test.personal.UserRefundTest"/>
  <testcase name="userRefund2" time="2.750" classname="com.llwallet.interfaces.test.api.test.personal.UserRefundTest"/>
  <testcase name="userRefund" time="1.041" classname="com.llwallet.interfaces.test.api.test.personal.UserRefundTest"/>
  <testcase name="userRefund" time="1.020" classname="com.llwallet.interfaces.test.api.test.personal.UserRefundTest"/>
  <testcase name="userRefund" time="1.017" classname="com.llwallet.interfaces.test.api.test.personal.UserRefundTest"/>
  <testcase name="userRefund" time="1.512" classname="com.llwallet.interfaces.test.api.test.personal.UserRefundTest"/>
  <testcase name="userRefund2" time="3.018" classname="com.llwallet.interfaces.test.api.test.personal.UserRefundTest"/>
  <testcase name="userRefund" time="1.015" classname="com.llwallet.interfaces.test.api.test.personal.UserRefundTest"/>
  <testcase name="userRefund2" time="2.969" classname="com.llwallet.interfaces.test.api.test.personal.UserRefundTest"/>
  <testcase name="userRefund2" time="3.095" classname="com.llwallet.interfaces.test.api.test.personal.UserRefundTest"/>
  <testcase name="userRefund" time="1.198" classname="com.llwallet.interfaces.test.api.test.personal.UserRefundTest"/>
  <testcase name="userRefund1" time="3.389" classname="com.llwallet.interfaces.test.api.test.personal.UserRefundTest"/>
  <testcase name="userRefund1" time="3.388" classname="com.llwallet.interfaces.test.api.test.personal.UserRefundTest"/>
  <testcase name="userRefund2" time="2.634" classname="com.llwallet.interfaces.test.api.test.personal.UserRefundTest"/>
  <testcase name="userRefund" time="1.145" classname="com.llwallet.interfaces.test.api.test.personal.UserRefundTest"/>
  <testcase name="userRefund1" time="3.588" classname="com.llwallet.interfaces.test.api.test.personal.UserRefundTest"/>
  <testcase name="userRefund" time="1.049" classname="com.llwallet.interfaces.test.api.test.personal.UserRefundTest"/>
  <testcase name="userRefund" time="1.017" classname="com.llwallet.interfaces.test.api.test.personal.UserRefundTest"/>
  <testcase name="userRefund" time="1.013" classname="com.llwallet.interfaces.test.api.test.personal.UserRefundTest"/>
  <testcase name="userRefund" time="1.063" classname="com.llwallet.interfaces.test.api.test.personal.UserRefundTest"/>
  <testcase name="userRefund1" time="2.934" classname="com.llwallet.interfaces.test.api.test.personal.UserRefundTest"/>
  <testcase name="userRefund" time="1.018" classname="com.llwallet.interfaces.test.api.test.personal.UserRefundTest"/>
  <testcase name="userRefund" time="1.016" classname="com.llwallet.interfaces.test.api.test.personal.UserRefundTest"/>
  <testcase name="userRefund" time="1.020" classname="com.llwallet.interfaces.test.api.test.personal.UserRefundTest"/>
  <testcase name="userRefund2" time="2.903" classname="com.llwallet.interfaces.test.api.test.personal.UserRefundTest"/>
  <testcase name="userRefund2" time="3.121" classname="com.llwallet.interfaces.test.api.test.personal.UserRefundTest"/>
  <testcase name="userRefund" time="1.017" classname="com.llwallet.interfaces.test.api.test.personal.UserRefundTest"/>
  <testcase name="userRefund1" time="3.081" classname="com.llwallet.interfaces.test.api.test.personal.UserRefundTest"/>
  <testcase name="userRefund2" time="2.646" classname="com.llwallet.interfaces.test.api.test.personal.UserRefundTest"/>
  <testcase name="userRefund2" time="3.006" classname="com.llwallet.interfaces.test.api.test.personal.UserRefundTest"/>
  <testcase name="userRefund" time="1.047" classname="com.llwallet.interfaces.test.api.test.personal.UserRefundTest"/>
  <testcase name="userRefund" time="1.023" classname="com.llwallet.interfaces.test.api.test.personal.UserRefundTest"/>
  <testcase name="userRefund" time="1.021" classname="com.llwallet.interfaces.test.api.test.personal.UserRefundTest"/>
  <testcase name="userRefund2" time="2.889" classname="com.llwallet.interfaces.test.api.test.personal.UserRefundTest"/>
  <testcase name="userRefund" time="1.025" classname="com.llwallet.interfaces.test.api.test.personal.UserRefundTest"/>
  <testcase name="userRefund2" time="3.127" classname="com.llwallet.interfaces.test.api.test.personal.UserRefundTest"/>
  <testcase name="userRefund" time="1.014" classname="com.llwallet.interfaces.test.api.test.personal.UserRefundTest"/>
  <testcase name="userRefund" time="1.016" classname="com.llwallet.interfaces.test.api.test.personal.UserRefundTest"/>
  <testcase name="userRefund" time="1.018" classname="com.llwallet.interfaces.test.api.test.personal.UserRefundTest"/>
  <testcase name="userRefund2" time="2.607" classname="com.llwallet.interfaces.test.api.test.personal.UserRefundTest"/>
  <testcase name="userRefund" time="1.015" classname="com.llwallet.interfaces.test.api.test.personal.UserRefundTest"/>
  <testcase name="userRefund1" time="3.645" classname="com.llwallet.interfaces.test.api.test.personal.UserRefundTest"/>
  <testcase name="userRefund" time="1.017" classname="com.llwallet.interfaces.test.api.test.personal.UserRefundTest"/>
  <testcase name="userRefund" time="1.014" classname="com.llwallet.interfaces.test.api.test.personal.UserRefundTest"/>
  <testcase name="userRefund" time="1.032" classname="com.llwallet.interfaces.test.api.test.personal.UserRefundTest"/>
  <testcase name="userRefund" time="1.015" classname="com.llwallet.interfaces.test.api.test.personal.UserRefundTest"/>
  <testcase name="userRefund1" time="4.733" classname="com.llwallet.interfaces.test.api.test.personal.UserRefundTest"/>
</testsuite> <!-- com.llwallet.interfaces.test.api.test.personal.UserRefundTest -->
