<?xml version="1.0" encoding="UTF-8"?>
<!-- Generated by org.testng.reporters.JUnitReportReporter -->
<testsuite hostname="LT-jiangxm" name="com.llwallet.interfaces.test.api.online.personal.ThreeFactorsSignVerifyOnlineTest" tests="1" failures="0" timestamp="17 Nov 2017 15:21:54 GMT" time="1.949" errors="0">
  <testcase name="threeFactorsSignVerify" time="1.949" classname="com.llwallet.interfaces.test.api.online.personal.ThreeFactorsSignVerifyOnlineTest"/>
</testsuite> <!-- com.llwallet.interfaces.test.api.online.personal.ThreeFactorsSignVerifyOnlineTest -->
