<?xml version="1.0" encoding="UTF-8"?>
<!-- Generated by org.testng.reporters.JUnitReportReporter -->
<testsuite hostname="LT-jiangxm" name="com.llwallet.interfaces.test.dubbo.rechargebusiservice.QueryRechargeLimitedTest" tests="10" failures="0" timestamp="20 Feb 2017 01:25:39 GMT" time="0.699" errors="0">
  <testcase name="queryRechargeLimited" time="0.098" classname="com.llwallet.interfaces.test.dubbo.rechargebusiservice.QueryRechargeLimitedTest"/>
  <testcase name="queryRechargeLimited" time="0.016" classname="com.llwallet.interfaces.test.dubbo.rechargebusiservice.QueryRechargeLimitedTest"/>
  <testcase name="queryRechargeLimited" time="0.146" classname="com.llwallet.interfaces.test.dubbo.rechargebusiservice.QueryRechargeLimitedTest"/>
  <testcase name="queryRechargeLimited" time="0.094" classname="com.llwallet.interfaces.test.dubbo.rechargebusiservice.QueryRechargeLimitedTest"/>
  <testcase name="queryRechargeLimited" time="0.108" classname="com.llwallet.interfaces.test.dubbo.rechargebusiservice.QueryRechargeLimitedTest"/>
  <testcase name="queryRechargeLimited" time="0.025" classname="com.llwallet.interfaces.test.dubbo.rechargebusiservice.QueryRechargeLimitedTest"/>
  <testcase name="queryRechargeLimited" time="0.048" classname="com.llwallet.interfaces.test.dubbo.rechargebusiservice.QueryRechargeLimitedTest"/>
  <testcase name="queryRechargeLimited" time="0.053" classname="com.llwallet.interfaces.test.dubbo.rechargebusiservice.QueryRechargeLimitedTest"/>
  <testcase name="queryRechargeLimited" time="0.094" classname="com.llwallet.interfaces.test.dubbo.rechargebusiservice.QueryRechargeLimitedTest"/>
  <testcase name="queryRechargeLimited" time="0.017" classname="com.llwallet.interfaces.test.dubbo.rechargebusiservice.QueryRechargeLimitedTest"/>
</testsuite> <!-- com.llwallet.interfaces.test.dubbo.rechargebusiservice.QueryRechargeLimitedTest -->
