<?xml version="1.0" encoding="UTF-8"?>
<!-- Generated by org.testng.reporters.JUnitReportReporter -->
<testsuite hostname="LT-jiangxm" name="com.llwallet.interfaces.test.api.test.personal.BankCardQrPrepayTest" tests="98" failures="1" timestamp="2 Nov 2017 13:27:27 GMT" time="185.729" errors="8">
  <testcase name="bankCardQrPrepay1" time="2.557" classname="com.llwallet.interfaces.test.api.test.personal.BankCardQrPrepayTest"/>
  <testcase name="bankCardQrPrepay2" time="2.630" classname="com.llwallet.interfaces.test.api.test.personal.BankCardQrPrepayTest"/>
  <testcase name="bankCardQrPrepay1" time="2.745" classname="com.llwallet.interfaces.test.api.test.personal.BankCardQrPrepayTest"/>
  <testcase name="bankCardQrPrepay" time="2.588" classname="com.llwallet.interfaces.test.api.test.personal.BankCardQrPrepayTest"/>
  <testcase name="bankCardQrPrepay" time="1.040" classname="com.llwallet.interfaces.test.api.test.personal.BankCardQrPrepayTest"/>
  <testcase name="bankCardQrPrepay1" time="1.052" classname="com.llwallet.interfaces.test.api.test.personal.BankCardQrPrepayTest"/>
  <testcase name="bankCardQrPrepay2" time="1.113" classname="com.llwallet.interfaces.test.api.test.personal.BankCardQrPrepayTest">
    <error type="java.lang.AssertionError">
      <![CDATA[java.lang.AssertionError
	at com.llwallet.interfaces.test.api.test.personal.BankCardQrPrepayTest.bankCardQrPrepay2(BankCardQrPrepayTest.java:229)
	at sun.reflect.GeneratedMethodAccessor8.invoke(Unknown Source)
	at sun.reflect.DelegatingMethodAccessorImpl.invoke(Unknown Source)
	at java.lang.reflect.Method.invoke(Unknown Source)
	at org.testng.internal.MethodInvocationHelper.invokeMethod(MethodInvocationHelper.java:85)
	at org.testng.internal.InvokeMethodRunnable.runOne(InvokeMethodRunnable.java:46)
	at org.testng.internal.InvokeMethodRunnable.run(InvokeMethodRunnable.java:37)
	at java.util.concurrent.Executors$RunnableAdapter.call(Unknown Source)
	at java.util.concurrent.FutureTask.run(Unknown Source)
	at java.util.concurrent.ThreadPoolExecutor.runWorker(Unknown Source)
	at java.util.concurrent.ThreadPoolExecutor$Worker.run(Unknown Source)
	at java.lang.Thread.run(Unknown Source)
]]>
    </error>
  </testcase> <!-- bankCardQrPrepay2 -->
  <testcase name="bankCardQrPrepay" time="4.064" classname="com.llwallet.interfaces.test.api.test.personal.BankCardQrPrepayTest"/>
  <testcase name="bankCardQrPrepay2" time="2.488" classname="com.llwallet.interfaces.test.api.test.personal.BankCardQrPrepayTest"/>
  <testcase name="bankCardQrPrepay" time="2.101" classname="com.llwallet.interfaces.test.api.test.personal.BankCardQrPrepayTest"/>
  <testcase name="bankCardQrPrepay2" time="2.204" classname="com.llwallet.interfaces.test.api.test.personal.BankCardQrPrepayTest">
    <error type="java.lang.AssertionError">
      <![CDATA[java.lang.AssertionError
	at com.llwallet.interfaces.test.api.test.personal.BankCardQrPrepayTest.bankCardQrPrepay2(BankCardQrPrepayTest.java:229)
	at sun.reflect.NativeMethodAccessorImpl.invoke0(Native Method)
	at sun.reflect.NativeMethodAccessorImpl.invoke(Unknown Source)
	at sun.reflect.DelegatingMethodAccessorImpl.invoke(Unknown Source)
	at java.lang.reflect.Method.invoke(Unknown Source)
	at org.testng.internal.MethodInvocationHelper.invokeMethod(MethodInvocationHelper.java:85)
	at org.testng.internal.InvokeMethodRunnable.runOne(InvokeMethodRunnable.java:46)
	at org.testng.internal.InvokeMethodRunnable.run(InvokeMethodRunnable.java:37)
	at java.util.concurrent.Executors$RunnableAdapter.call(Unknown Source)
	at java.util.concurrent.FutureTask.run(Unknown Source)
	at java.util.concurrent.ThreadPoolExecutor.runWorker(Unknown Source)
	at java.util.concurrent.ThreadPoolExecutor$Worker.run(Unknown Source)
	at java.lang.Thread.run(Unknown Source)
]]>
    </error>
  </testcase> <!-- bankCardQrPrepay2 -->
  <testcase name="bankCardQrPrepay" time="2.837" classname="com.llwallet.interfaces.test.api.test.personal.BankCardQrPrepayTest"/>
  <testcase name="bankCardQrPrepay" time="2.026" classname="com.llwallet.interfaces.test.api.test.personal.BankCardQrPrepayTest"/>
  <testcase name="bankCardQrPrepay1" time="2.138" classname="com.llwallet.interfaces.test.api.test.personal.BankCardQrPrepayTest"/>
  <testcase name="bankCardQrPrepay1" time="2.771" classname="com.llwallet.interfaces.test.api.test.personal.BankCardQrPrepayTest"/>
  <testcase name="bankCardQrPrepay" time="2.188" classname="com.llwallet.interfaces.test.api.test.personal.BankCardQrPrepayTest"/>
  <testcase name="bankCardQrPrepay2" time="1.150" classname="com.llwallet.interfaces.test.api.test.personal.BankCardQrPrepayTest">
    <error type="java.lang.AssertionError">
      <![CDATA[java.lang.AssertionError
	at com.llwallet.interfaces.test.api.test.personal.BankCardQrPrepayTest.bankCardQrPrepay2(BankCardQrPrepayTest.java:229)
	at sun.reflect.GeneratedMethodAccessor8.invoke(Unknown Source)
	at sun.reflect.DelegatingMethodAccessorImpl.invoke(Unknown Source)
	at java.lang.reflect.Method.invoke(Unknown Source)
	at org.testng.internal.MethodInvocationHelper.invokeMethod(MethodInvocationHelper.java:85)
	at org.testng.internal.InvokeMethodRunnable.runOne(InvokeMethodRunnable.java:46)
	at org.testng.internal.InvokeMethodRunnable.run(InvokeMethodRunnable.java:37)
	at java.util.concurrent.Executors$RunnableAdapter.call(Unknown Source)
	at java.util.concurrent.FutureTask.run(Unknown Source)
	at java.util.concurrent.ThreadPoolExecutor.runWorker(Unknown Source)
	at java.util.concurrent.ThreadPoolExecutor$Worker.run(Unknown Source)
	at java.lang.Thread.run(Unknown Source)
]]>
    </error>
  </testcase> <!-- bankCardQrPrepay2 -->
  <testcase name="bankCardQrPrepay" time="2.177" classname="com.llwallet.interfaces.test.api.test.personal.BankCardQrPrepayTest"/>
  <testcase name="bankCardQrPrepay1" time="0.531" classname="com.llwallet.interfaces.test.api.test.personal.BankCardQrPrepayTest">
    <failure type="java.lang.NullPointerException">
      <![CDATA[java.lang.NullPointerException
	at com.llwallet.interfaces.test.api.test.personal.BankCardQrPrepayTest.bankCardQrPrepay1(BankCardQrPrepayTest.java:106)
	at sun.reflect.NativeMethodAccessorImpl.invoke0(Native Method)
	at sun.reflect.NativeMethodAccessorImpl.invoke(Unknown Source)
	at sun.reflect.DelegatingMethodAccessorImpl.invoke(Unknown Source)
	at java.lang.reflect.Method.invoke(Unknown Source)
	at org.testng.internal.MethodInvocationHelper.invokeMethod(MethodInvocationHelper.java:85)
	at org.testng.internal.InvokeMethodRunnable.runOne(InvokeMethodRunnable.java:46)
	at org.testng.internal.InvokeMethodRunnable.run(InvokeMethodRunnable.java:37)
	at java.util.concurrent.Executors$RunnableAdapter.call(Unknown Source)
	at java.util.concurrent.FutureTask.run(Unknown Source)
	at java.util.concurrent.ThreadPoolExecutor.runWorker(Unknown Source)
	at java.util.concurrent.ThreadPoolExecutor$Worker.run(Unknown Source)
	at java.lang.Thread.run(Unknown Source)
]]>
    </failure>
  </testcase> <!-- bankCardQrPrepay1 -->
  <testcase name="bankCardQrPrepay2" time="1.158" classname="com.llwallet.interfaces.test.api.test.personal.BankCardQrPrepayTest"/>
  <testcase name="bankCardQrPrepay" time="1.043" classname="com.llwallet.interfaces.test.api.test.personal.BankCardQrPrepayTest"/>
  <testcase name="bankCardQrPrepay2" time="1.188" classname="com.llwallet.interfaces.test.api.test.personal.BankCardQrPrepayTest"/>
  <testcase name="bankCardQrPrepay" time="1.038" classname="com.llwallet.interfaces.test.api.test.personal.BankCardQrPrepayTest"/>
  <testcase name="bankCardQrPrepay2" time="1.236" classname="com.llwallet.interfaces.test.api.test.personal.BankCardQrPrepayTest"/>
  <testcase name="bankCardQrPrepay2" time="1.061" classname="com.llwallet.interfaces.test.api.test.personal.BankCardQrPrepayTest">
    <error type="java.lang.AssertionError">
      <![CDATA[java.lang.AssertionError
	at com.llwallet.interfaces.test.api.test.personal.BankCardQrPrepayTest.bankCardQrPrepay2(BankCardQrPrepayTest.java:229)
	at sun.reflect.NativeMethodAccessorImpl.invoke0(Native Method)
	at sun.reflect.NativeMethodAccessorImpl.invoke(Unknown Source)
	at sun.reflect.DelegatingMethodAccessorImpl.invoke(Unknown Source)
	at java.lang.reflect.Method.invoke(Unknown Source)
	at org.testng.internal.MethodInvocationHelper.invokeMethod(MethodInvocationHelper.java:85)
	at org.testng.internal.InvokeMethodRunnable.runOne(InvokeMethodRunnable.java:46)
	at org.testng.internal.InvokeMethodRunnable.run(InvokeMethodRunnable.java:37)
	at java.util.concurrent.Executors$RunnableAdapter.call(Unknown Source)
	at java.util.concurrent.FutureTask.run(Unknown Source)
	at java.util.concurrent.ThreadPoolExecutor.runWorker(Unknown Source)
	at java.util.concurrent.ThreadPoolExecutor$Worker.run(Unknown Source)
	at java.lang.Thread.run(Unknown Source)
]]>
    </error>
  </testcase> <!-- bankCardQrPrepay2 -->
  <testcase name="bankCardQrPrepay" time="2.744" classname="com.llwallet.interfaces.test.api.test.personal.BankCardQrPrepayTest"/>
  <testcase name="bankCardQrPrepay" time="2.618" classname="com.llwallet.interfaces.test.api.test.personal.BankCardQrPrepayTest"/>
  <testcase name="bankCardQrPrepay2" time="2.561" classname="com.llwallet.interfaces.test.api.test.personal.BankCardQrPrepayTest"/>
  <testcase name="bankCardQrPrepay2" time="1.032" classname="com.llwallet.interfaces.test.api.test.personal.BankCardQrPrepayTest"/>
  <testcase name="bankCardQrPrepay" time="1.989" classname="com.llwallet.interfaces.test.api.test.personal.BankCardQrPrepayTest"/>
  <testcase name="bankCardQrPrepay" time="2.822" classname="com.llwallet.interfaces.test.api.test.personal.BankCardQrPrepayTest"/>
  <testcase name="bankCardQrPrepay" time="4.151" classname="com.llwallet.interfaces.test.api.test.personal.BankCardQrPrepayTest"/>
  <testcase name="bankCardQrPrepay2" time="1.060" classname="com.llwallet.interfaces.test.api.test.personal.BankCardQrPrepayTest"/>
  <testcase name="bankCardQrPrepay" time="2.461" classname="com.llwallet.interfaces.test.api.test.personal.BankCardQrPrepayTest"/>
  <testcase name="bankCardQrPrepay2" time="1.040" classname="com.llwallet.interfaces.test.api.test.personal.BankCardQrPrepayTest"/>
  <testcase name="bankCardQrPrepay1" time="1.119" classname="com.llwallet.interfaces.test.api.test.personal.BankCardQrPrepayTest"/>
  <testcase name="bankCardQrPrepay1" time="2.733" classname="com.llwallet.interfaces.test.api.test.personal.BankCardQrPrepayTest"/>
  <testcase name="bankCardQrPrepay" time="2.338" classname="com.llwallet.interfaces.test.api.test.personal.BankCardQrPrepayTest"/>
  <testcase name="bankCardQrPrepay2" time="1.055" classname="com.llwallet.interfaces.test.api.test.personal.BankCardQrPrepayTest">
    <error type="java.lang.AssertionError">
      <![CDATA[java.lang.AssertionError
	at com.llwallet.interfaces.test.api.test.personal.BankCardQrPrepayTest.bankCardQrPrepay2(BankCardQrPrepayTest.java:229)
	at sun.reflect.GeneratedMethodAccessor8.invoke(Unknown Source)
	at sun.reflect.DelegatingMethodAccessorImpl.invoke(Unknown Source)
	at java.lang.reflect.Method.invoke(Unknown Source)
	at org.testng.internal.MethodInvocationHelper.invokeMethod(MethodInvocationHelper.java:85)
	at org.testng.internal.InvokeMethodRunnable.runOne(InvokeMethodRunnable.java:46)
	at org.testng.internal.InvokeMethodRunnable.run(InvokeMethodRunnable.java:37)
	at java.util.concurrent.Executors$RunnableAdapter.call(Unknown Source)
	at java.util.concurrent.FutureTask.run(Unknown Source)
	at java.util.concurrent.ThreadPoolExecutor.runWorker(Unknown Source)
	at java.util.concurrent.ThreadPoolExecutor$Worker.run(Unknown Source)
	at java.lang.Thread.run(Unknown Source)
]]>
    </error>
  </testcase> <!-- bankCardQrPrepay2 -->
  <testcase name="bankCardQrPrepay2" time="2.773" classname="com.llwallet.interfaces.test.api.test.personal.BankCardQrPrepayTest"/>
  <testcase name="bankCardQrPrepay2" time="1.988" classname="com.llwallet.interfaces.test.api.test.personal.BankCardQrPrepayTest"/>
  <testcase name="bankCardQrPrepay2" time="1.038" classname="com.llwallet.interfaces.test.api.test.personal.BankCardQrPrepayTest"/>
  <testcase name="bankCardQrPrepay1" time="1.052" classname="com.llwallet.interfaces.test.api.test.personal.BankCardQrPrepayTest"/>
  <testcase name="bankCardQrPrepay" time="2.075" classname="com.llwallet.interfaces.test.api.test.personal.BankCardQrPrepayTest"/>
  <testcase name="bankCardQrPrepay2" time="1.056" classname="com.llwallet.interfaces.test.api.test.personal.BankCardQrPrepayTest">
    <error type="java.lang.AssertionError">
      <![CDATA[java.lang.AssertionError
	at com.llwallet.interfaces.test.api.test.personal.BankCardQrPrepayTest.bankCardQrPrepay2(BankCardQrPrepayTest.java:229)
	at sun.reflect.NativeMethodAccessorImpl.invoke0(Native Method)
	at sun.reflect.NativeMethodAccessorImpl.invoke(Unknown Source)
	at sun.reflect.DelegatingMethodAccessorImpl.invoke(Unknown Source)
	at java.lang.reflect.Method.invoke(Unknown Source)
	at org.testng.internal.MethodInvocationHelper.invokeMethod(MethodInvocationHelper.java:85)
	at org.testng.internal.InvokeMethodRunnable.runOne(InvokeMethodRunnable.java:46)
	at org.testng.internal.InvokeMethodRunnable.run(InvokeMethodRunnable.java:37)
	at java.util.concurrent.Executors$RunnableAdapter.call(Unknown Source)
	at java.util.concurrent.FutureTask.run(Unknown Source)
	at java.util.concurrent.ThreadPoolExecutor.runWorker(Unknown Source)
	at java.util.concurrent.ThreadPoolExecutor$Worker.run(Unknown Source)
	at java.lang.Thread.run(Unknown Source)
]]>
    </error>
  </testcase> <!-- bankCardQrPrepay2 -->
  <testcase name="bankCardQrPrepay" time="2.045" classname="com.llwallet.interfaces.test.api.test.personal.BankCardQrPrepayTest"/>
  <testcase name="bankCardQrPrepay2" time="1.046" classname="com.llwallet.interfaces.test.api.test.personal.BankCardQrPrepayTest"/>
  <testcase name="bankCardQrPrepay2" time="1.051" classname="com.llwallet.interfaces.test.api.test.personal.BankCardQrPrepayTest"/>
  <testcase name="bankCardQrPrepay2" time="1.057" classname="com.llwallet.interfaces.test.api.test.personal.BankCardQrPrepayTest"/>
  <testcase name="bankCardQrPrepay2" time="1.042" classname="com.llwallet.interfaces.test.api.test.personal.BankCardQrPrepayTest"/>
  <testcase name="bankCardQrPrepay1" time="1.055" classname="com.llwallet.interfaces.test.api.test.personal.BankCardQrPrepayTest"/>
  <testcase name="bankCardQrPrepay" time="3.490" classname="com.llwallet.interfaces.test.api.test.personal.BankCardQrPrepayTest"/>
  <testcase name="bankCardQrPrepay2" time="1.043" classname="com.llwallet.interfaces.test.api.test.personal.BankCardQrPrepayTest"/>
  <testcase name="bankCardQrPrepay" time="1.059" classname="com.llwallet.interfaces.test.api.test.personal.BankCardQrPrepayTest"/>
  <testcase name="bankCardQrPrepay1" time="1.068" classname="com.llwallet.interfaces.test.api.test.personal.BankCardQrPrepayTest"/>
  <testcase name="bankCardQrPrepay" time="2.131" classname="com.llwallet.interfaces.test.api.test.personal.BankCardQrPrepayTest"/>
  <testcase name="bankCardQrPrepay2" time="1.069" classname="com.llwallet.interfaces.test.api.test.personal.BankCardQrPrepayTest"/>
  <testcase name="bankCardQrPrepay1" time="1.597" classname="com.llwallet.interfaces.test.api.test.personal.BankCardQrPrepayTest"/>
  <testcase name="bankCardQrPrepay1" time="1.238" classname="com.llwallet.interfaces.test.api.test.personal.BankCardQrPrepayTest"/>
  <testcase name="bankCardQrPrepay" time="1.043" classname="com.llwallet.interfaces.test.api.test.personal.BankCardQrPrepayTest"/>
  <testcase name="bankCardQrPrepay" time="2.199" classname="com.llwallet.interfaces.test.api.test.personal.BankCardQrPrepayTest"/>
  <testcase name="bankCardQrPrepay2" time="1.047" classname="com.llwallet.interfaces.test.api.test.personal.BankCardQrPrepayTest"/>
  <testcase name="bankCardQrPrepay2" time="2.359" classname="com.llwallet.interfaces.test.api.test.personal.BankCardQrPrepayTest"/>
  <testcase name="bankCardQrPrepay" time="2.689" classname="com.llwallet.interfaces.test.api.test.personal.BankCardQrPrepayTest"/>
  <testcase name="bankCardQrPrepay2" time="2.289" classname="com.llwallet.interfaces.test.api.test.personal.BankCardQrPrepayTest"/>
  <testcase name="bankCardQrPrepay2" time="1.058" classname="com.llwallet.interfaces.test.api.test.personal.BankCardQrPrepayTest"/>
  <testcase name="bankCardQrPrepay" time="2.212" classname="com.llwallet.interfaces.test.api.test.personal.BankCardQrPrepayTest"/>
  <testcase name="bankCardQrPrepay1" time="2.372" classname="com.llwallet.interfaces.test.api.test.personal.BankCardQrPrepayTest"/>
  <testcase name="bankCardQrPrepay2" time="2.189" classname="com.llwallet.interfaces.test.api.test.personal.BankCardQrPrepayTest"/>
  <testcase name="bankCardQrPrepay2" time="2.236" classname="com.llwallet.interfaces.test.api.test.personal.BankCardQrPrepayTest"/>
  <testcase name="bankCardQrPrepay2" time="1.956" classname="com.llwallet.interfaces.test.api.test.personal.BankCardQrPrepayTest"/>
  <testcase name="bankCardQrPrepay1" time="1.065" classname="com.llwallet.interfaces.test.api.test.personal.BankCardQrPrepayTest"/>
  <testcase name="bankCardQrPrepay2" time="1.125" classname="com.llwallet.interfaces.test.api.test.personal.BankCardQrPrepayTest"/>
  <testcase name="bankCardQrPrepay" time="2.518" classname="com.llwallet.interfaces.test.api.test.personal.BankCardQrPrepayTest"/>
  <testcase name="bankCardQrPrepay" time="2.975" classname="com.llwallet.interfaces.test.api.test.personal.BankCardQrPrepayTest"/>
  <testcase name="bankCardQrPrepay" time="3.102" classname="com.llwallet.interfaces.test.api.test.personal.BankCardQrPrepayTest"/>
  <testcase name="bankCardQrPrepay2" time="1.385" classname="com.llwallet.interfaces.test.api.test.personal.BankCardQrPrepayTest"/>
  <testcase name="bankCardQrPrepay" time="2.582" classname="com.llwallet.interfaces.test.api.test.personal.BankCardQrPrepayTest"/>
  <testcase name="bankCardQrPrepay2" time="2.140" classname="com.llwallet.interfaces.test.api.test.personal.BankCardQrPrepayTest">
    <error type="java.lang.AssertionError">
      <![CDATA[java.lang.AssertionError
	at com.llwallet.interfaces.test.api.test.personal.BankCardQrPrepayTest.bankCardQrPrepay2(BankCardQrPrepayTest.java:229)
	at sun.reflect.GeneratedMethodAccessor8.invoke(Unknown Source)
	at sun.reflect.DelegatingMethodAccessorImpl.invoke(Unknown Source)
	at java.lang.reflect.Method.invoke(Unknown Source)
	at org.testng.internal.MethodInvocationHelper.invokeMethod(MethodInvocationHelper.java:85)
	at org.testng.internal.InvokeMethodRunnable.runOne(InvokeMethodRunnable.java:46)
	at org.testng.internal.InvokeMethodRunnable.run(InvokeMethodRunnable.java:37)
	at java.util.concurrent.Executors$RunnableAdapter.call(Unknown Source)
	at java.util.concurrent.FutureTask.run(Unknown Source)
	at java.util.concurrent.ThreadPoolExecutor.runWorker(Unknown Source)
	at java.util.concurrent.ThreadPoolExecutor$Worker.run(Unknown Source)
	at java.lang.Thread.run(Unknown Source)
]]>
    </error>
  </testcase> <!-- bankCardQrPrepay2 -->
  <testcase name="bankCardQrPrepay" time="2.112" classname="com.llwallet.interfaces.test.api.test.personal.BankCardQrPrepayTest"/>
  <testcase name="bankCardQrPrepay1" time="1.111" classname="com.llwallet.interfaces.test.api.test.personal.BankCardQrPrepayTest"/>
  <testcase name="bankCardQrPrepay2" time="2.763" classname="com.llwallet.interfaces.test.api.test.personal.BankCardQrPrepayTest"/>
  <testcase name="bankCardQrPrepay2" time="1.043" classname="com.llwallet.interfaces.test.api.test.personal.BankCardQrPrepayTest"/>
  <testcase name="bankCardQrPrepay" time="2.244" classname="com.llwallet.interfaces.test.api.test.personal.BankCardQrPrepayTest"/>
  <testcase name="bankCardQrPrepay2" time="2.656" classname="com.llwallet.interfaces.test.api.test.personal.BankCardQrPrepayTest"/>
  <testcase name="bankCardQrPrepay2" time="1.038" classname="com.llwallet.interfaces.test.api.test.personal.BankCardQrPrepayTest"/>
  <testcase name="bankCardQrPrepay1" time="2.324" classname="com.llwallet.interfaces.test.api.test.personal.BankCardQrPrepayTest"/>
  <testcase name="bankCardQrPrepay" time="2.061" classname="com.llwallet.interfaces.test.api.test.personal.BankCardQrPrepayTest"/>
  <testcase name="bankCardQrPrepay2" time="1.343" classname="com.llwallet.interfaces.test.api.test.personal.BankCardQrPrepayTest"/>
  <testcase name="bankCardQrPrepay1" time="3.594" classname="com.llwallet.interfaces.test.api.test.personal.BankCardQrPrepayTest"/>
  <testcase name="bankCardQrPrepay2" time="2.038" classname="com.llwallet.interfaces.test.api.test.personal.BankCardQrPrepayTest">
    <error type="java.lang.AssertionError">
      <![CDATA[java.lang.AssertionError
	at com.llwallet.interfaces.test.api.test.personal.BankCardQrPrepayTest.bankCardQrPrepay2(BankCardQrPrepayTest.java:229)
	at sun.reflect.GeneratedMethodAccessor8.invoke(Unknown Source)
	at sun.reflect.DelegatingMethodAccessorImpl.invoke(Unknown Source)
	at java.lang.reflect.Method.invoke(Unknown Source)
	at org.testng.internal.MethodInvocationHelper.invokeMethod(MethodInvocationHelper.java:85)
	at org.testng.internal.InvokeMethodRunnable.runOne(InvokeMethodRunnable.java:46)
	at org.testng.internal.InvokeMethodRunnable.run(InvokeMethodRunnable.java:37)
	at java.util.concurrent.Executors$RunnableAdapter.call(Unknown Source)
	at java.util.concurrent.FutureTask.run(Unknown Source)
	at java.util.concurrent.ThreadPoolExecutor.runWorker(Unknown Source)
	at java.util.concurrent.ThreadPoolExecutor$Worker.run(Unknown Source)
	at java.lang.Thread.run(Unknown Source)
]]>
    </error>
  </testcase> <!-- bankCardQrPrepay2 -->
  <testcase name="bankCardQrPrepay2" time="1.035" classname="com.llwallet.interfaces.test.api.test.personal.BankCardQrPrepayTest"/>
  <testcase name="bankCardQrPrepay2" time="3.599" classname="com.llwallet.interfaces.test.api.test.personal.BankCardQrPrepayTest"/>
  <testcase name="bankCardQrPrepay" time="1.043" classname="com.llwallet.interfaces.test.api.test.personal.BankCardQrPrepayTest"/>
  <testcase name="bankCardQrPrepay1" time="2.458" classname="com.llwallet.interfaces.test.api.test.personal.BankCardQrPrepayTest"/>
  <testcase name="bankCardQrPrepay" time="2.049" classname="com.llwallet.interfaces.test.api.test.personal.BankCardQrPrepayTest"/>
  <testcase name="bankCardQrPrepay1" time="1.468" classname="com.llwallet.interfaces.test.api.test.personal.BankCardQrPrepayTest"/>
  <testcase name="bankCardQrPrepay" time="2.389" classname="com.llwallet.interfaces.test.api.test.personal.BankCardQrPrepayTest"/>
</testsuite> <!-- com.llwallet.interfaces.test.api.test.personal.BankCardQrPrepayTest -->
