<?xml version="1.0" encoding="UTF-8"?>
<!-- Generated by org.testng.reporters.JUnitReportReporter -->
<testsuite hostname="LT-jiangxm" name="com.llwallet.interfaces.test.api.online.personal.PayPwdVerifyOnlineTest" tests="1" failures="0" timestamp="5 Jul 2017 12:21:57 GMT" time="1.220" errors="0">
  <testcase name="payPwdVerify" time="1.220" classname="com.llwallet.interfaces.test.api.online.personal.PayPwdVerifyOnlineTest"/>
</testsuite> <!-- com.llwallet.interfaces.test.api.online.personal.PayPwdVerifyOnlineTest -->
