<?xml version="1.0" encoding="UTF-8"?>
<!-- Generated by org.testng.reporters.JUnitReportReporter -->
<testsuite hostname="LT-jiangxm" name="com.llwallet.interfaces.test.api.test.personal.TraderUserPaymentTest" tests="66" failures="0" timestamp="2 Nov 2017 13:27:27 GMT" time="100.468" errors="2">
  <testcase name="traderUserPayment" time="1.960" classname="com.llwallet.interfaces.test.api.test.personal.TraderUserPaymentTest"/>
  <testcase name="traderUserPayment1" time="1.505" classname="com.llwallet.interfaces.test.api.test.personal.TraderUserPaymentTest"/>
  <testcase name="traderUserPayment1" time="1.116" classname="com.llwallet.interfaces.test.api.test.personal.TraderUserPaymentTest"/>
  <testcase name="traderUserPayment" time="2.197" classname="com.llwallet.interfaces.test.api.test.personal.TraderUserPaymentTest"/>
  <testcase name="traderUserPayment1" time="1.031" classname="com.llwallet.interfaces.test.api.test.personal.TraderUserPaymentTest"/>
  <testcase name="traderUserPayment" time="1.492" classname="com.llwallet.interfaces.test.api.test.personal.TraderUserPaymentTest"/>
  <testcase name="traderUserPayment" time="1.032" classname="com.llwallet.interfaces.test.api.test.personal.TraderUserPaymentTest"/>
  <testcase name="traderUserPayment1" time="2.569" classname="com.llwallet.interfaces.test.api.test.personal.TraderUserPaymentTest"/>
  <testcase name="traderUserPayment" time="1.881" classname="com.llwallet.interfaces.test.api.test.personal.TraderUserPaymentTest"/>
  <testcase name="traderUserPayment1" time="3.810" classname="com.llwallet.interfaces.test.api.test.personal.TraderUserPaymentTest"/>
  <testcase name="traderUserPayment1" time="1.023" classname="com.llwallet.interfaces.test.api.test.personal.TraderUserPaymentTest"/>
  <testcase name="traderUserPayment1" time="1.049" classname="com.llwallet.interfaces.test.api.test.personal.TraderUserPaymentTest"/>
  <testcase name="traderUserPayment1" time="1.024" classname="com.llwallet.interfaces.test.api.test.personal.TraderUserPaymentTest"/>
  <testcase name="traderUserPayment" time="2.654" classname="com.llwallet.interfaces.test.api.test.personal.TraderUserPaymentTest"/>
  <testcase name="traderUserPayment" time="1.509" classname="com.llwallet.interfaces.test.api.test.personal.TraderUserPaymentTest"/>
  <testcase name="traderUserPayment1" time="1.028" classname="com.llwallet.interfaces.test.api.test.personal.TraderUserPaymentTest"/>
  <testcase name="traderUserPayment1" time="2.331" classname="com.llwallet.interfaces.test.api.test.personal.TraderUserPaymentTest"/>
  <testcase name="traderUserPayment" time="1.028" classname="com.llwallet.interfaces.test.api.test.personal.TraderUserPaymentTest"/>
  <testcase name="traderUserPayment" time="1.931" classname="com.llwallet.interfaces.test.api.test.personal.TraderUserPaymentTest"/>
  <testcase name="traderUserPayment" time="1.713" classname="com.llwallet.interfaces.test.api.test.personal.TraderUserPaymentTest"/>
  <testcase name="traderUserPayment1" time="1.031" classname="com.llwallet.interfaces.test.api.test.personal.TraderUserPaymentTest"/>
  <testcase name="traderUserPayment" time="1.566" classname="com.llwallet.interfaces.test.api.test.personal.TraderUserPaymentTest"/>
  <testcase name="traderUserPayment1" time="1.882" classname="com.llwallet.interfaces.test.api.test.personal.TraderUserPaymentTest"/>
  <testcase name="traderUserPayment1" time="1.040" classname="com.llwallet.interfaces.test.api.test.personal.TraderUserPaymentTest"/>
  <testcase name="traderUserPayment" time="1.041" classname="com.llwallet.interfaces.test.api.test.personal.TraderUserPaymentTest"/>
  <testcase name="traderUserPayment" time="2.068" classname="com.llwallet.interfaces.test.api.test.personal.TraderUserPaymentTest"/>
  <testcase name="traderUserPayment" time="1.677" classname="com.llwallet.interfaces.test.api.test.personal.TraderUserPaymentTest"/>
  <testcase name="traderUserPayment1" time="1.021" classname="com.llwallet.interfaces.test.api.test.personal.TraderUserPaymentTest"/>
  <testcase name="traderUserPayment" time="1.553" classname="com.llwallet.interfaces.test.api.test.personal.TraderUserPaymentTest"/>
  <testcase name="traderUserPayment" time="1.037" classname="com.llwallet.interfaces.test.api.test.personal.TraderUserPaymentTest"/>
  <testcase name="traderUserPayment1" time="1.068" classname="com.llwallet.interfaces.test.api.test.personal.TraderUserPaymentTest"/>
  <testcase name="traderUserPayment" time="1.581" classname="com.llwallet.interfaces.test.api.test.personal.TraderUserPaymentTest"/>
  <testcase name="traderUserPayment" time="1.524" classname="com.llwallet.interfaces.test.api.test.personal.TraderUserPaymentTest"/>
  <testcase name="traderUserPayment" time="1.681" classname="com.llwallet.interfaces.test.api.test.personal.TraderUserPaymentTest"/>
  <testcase name="traderUserPayment1" time="2.362" classname="com.llwallet.interfaces.test.api.test.personal.TraderUserPaymentTest">
    <error type="java.lang.AssertionError">
      <![CDATA[java.lang.AssertionError
	at com.llwallet.interfaces.test.api.test.personal.TraderUserPaymentTest.traderUserPayment1(TraderUserPaymentTest.java:131)
	at sun.reflect.GeneratedMethodAccessor20.invoke(Unknown Source)
	at sun.reflect.DelegatingMethodAccessorImpl.invoke(Unknown Source)
	at java.lang.reflect.Method.invoke(Unknown Source)
	at org.testng.internal.MethodInvocationHelper.invokeMethod(MethodInvocationHelper.java:85)
	at org.testng.internal.InvokeMethodRunnable.runOne(InvokeMethodRunnable.java:46)
	at org.testng.internal.InvokeMethodRunnable.run(InvokeMethodRunnable.java:37)
	at java.util.concurrent.Executors$RunnableAdapter.call(Unknown Source)
	at java.util.concurrent.FutureTask.run(Unknown Source)
	at java.util.concurrent.ThreadPoolExecutor.runWorker(Unknown Source)
	at java.util.concurrent.ThreadPoolExecutor$Worker.run(Unknown Source)
	at java.lang.Thread.run(Unknown Source)
]]>
    </error>
  </testcase> <!-- traderUserPayment1 -->
  <testcase name="traderUserPayment1" time="1.089" classname="com.llwallet.interfaces.test.api.test.personal.TraderUserPaymentTest"/>
  <testcase name="traderUserPayment1" time="1.284" classname="com.llwallet.interfaces.test.api.test.personal.TraderUserPaymentTest"/>
  <testcase name="traderUserPayment1" time="1.028" classname="com.llwallet.interfaces.test.api.test.personal.TraderUserPaymentTest"/>
  <testcase name="traderUserPayment" time="1.560" classname="com.llwallet.interfaces.test.api.test.personal.TraderUserPaymentTest"/>
  <testcase name="traderUserPayment" time="1.031" classname="com.llwallet.interfaces.test.api.test.personal.TraderUserPaymentTest"/>
  <testcase name="traderUserPayment1" time="1.032" classname="com.llwallet.interfaces.test.api.test.personal.TraderUserPaymentTest"/>
  <testcase name="traderUserPayment" time="2.157" classname="com.llwallet.interfaces.test.api.test.personal.TraderUserPaymentTest"/>
  <testcase name="traderUserPayment" time="1.023" classname="com.llwallet.interfaces.test.api.test.personal.TraderUserPaymentTest"/>
  <testcase name="traderUserPayment" time="1.723" classname="com.llwallet.interfaces.test.api.test.personal.TraderUserPaymentTest"/>
  <testcase name="traderUserPayment" time="1.688" classname="com.llwallet.interfaces.test.api.test.personal.TraderUserPaymentTest"/>
  <testcase name="traderUserPayment1" time="1.068" classname="com.llwallet.interfaces.test.api.test.personal.TraderUserPaymentTest"/>
  <testcase name="traderUserPayment1" time="1.653" classname="com.llwallet.interfaces.test.api.test.personal.TraderUserPaymentTest">
    <error type="java.lang.AssertionError">
      <![CDATA[java.lang.AssertionError
	at com.llwallet.interfaces.test.api.test.personal.TraderUserPaymentTest.traderUserPayment1(TraderUserPaymentTest.java:131)
	at sun.reflect.GeneratedMethodAccessor20.invoke(Unknown Source)
	at sun.reflect.DelegatingMethodAccessorImpl.invoke(Unknown Source)
	at java.lang.reflect.Method.invoke(Unknown Source)
	at org.testng.internal.MethodInvocationHelper.invokeMethod(MethodInvocationHelper.java:85)
	at org.testng.internal.InvokeMethodRunnable.runOne(InvokeMethodRunnable.java:46)
	at org.testng.internal.InvokeMethodRunnable.run(InvokeMethodRunnable.java:37)
	at java.util.concurrent.Executors$RunnableAdapter.call(Unknown Source)
	at java.util.concurrent.FutureTask.run(Unknown Source)
	at java.util.concurrent.ThreadPoolExecutor.runWorker(Unknown Source)
	at java.util.concurrent.ThreadPoolExecutor$Worker.run(Unknown Source)
	at java.lang.Thread.run(Unknown Source)
]]>
    </error>
  </testcase> <!-- traderUserPayment1 -->
  <testcase name="traderUserPayment" time="1.645" classname="com.llwallet.interfaces.test.api.test.personal.TraderUserPaymentTest"/>
  <testcase name="traderUserPayment1" time="1.025" classname="com.llwallet.interfaces.test.api.test.personal.TraderUserPaymentTest"/>
  <testcase name="traderUserPayment" time="1.657" classname="com.llwallet.interfaces.test.api.test.personal.TraderUserPaymentTest"/>
  <testcase name="traderUserPayment" time="1.508" classname="com.llwallet.interfaces.test.api.test.personal.TraderUserPaymentTest"/>
  <testcase name="traderUserPayment" time="1.701" classname="com.llwallet.interfaces.test.api.test.personal.TraderUserPaymentTest"/>
  <testcase name="traderUserPayment" time="1.558" classname="com.llwallet.interfaces.test.api.test.personal.TraderUserPaymentTest"/>
  <testcase name="traderUserPayment" time="1.489" classname="com.llwallet.interfaces.test.api.test.personal.TraderUserPaymentTest"/>
  <testcase name="traderUserPayment1" time="1.032" classname="com.llwallet.interfaces.test.api.test.personal.TraderUserPaymentTest"/>
  <testcase name="traderUserPayment" time="1.822" classname="com.llwallet.interfaces.test.api.test.personal.TraderUserPaymentTest"/>
  <testcase name="traderUserPayment1" time="1.072" classname="com.llwallet.interfaces.test.api.test.personal.TraderUserPaymentTest"/>
  <testcase name="traderUserPayment1" time="1.035" classname="com.llwallet.interfaces.test.api.test.personal.TraderUserPaymentTest"/>
  <testcase name="traderUserPayment1" time="1.023" classname="com.llwallet.interfaces.test.api.test.personal.TraderUserPaymentTest"/>
  <testcase name="traderUserPayment" time="1.602" classname="com.llwallet.interfaces.test.api.test.personal.TraderUserPaymentTest"/>
  <testcase name="traderUserPayment" time="1.801" classname="com.llwallet.interfaces.test.api.test.personal.TraderUserPaymentTest"/>
  <testcase name="traderUserPayment" time="1.642" classname="com.llwallet.interfaces.test.api.test.personal.TraderUserPaymentTest"/>
  <testcase name="traderUserPayment" time="2.498" classname="com.llwallet.interfaces.test.api.test.personal.TraderUserPaymentTest"/>
  <testcase name="traderUserPayment1" time="1.030" classname="com.llwallet.interfaces.test.api.test.personal.TraderUserPaymentTest"/>
  <testcase name="traderUserPayment1" time="1.944" classname="com.llwallet.interfaces.test.api.test.personal.TraderUserPaymentTest"/>
  <testcase name="traderUserPayment1" time="1.033" classname="com.llwallet.interfaces.test.api.test.personal.TraderUserPaymentTest"/>
</testsuite> <!-- com.llwallet.interfaces.test.api.test.personal.TraderUserPaymentTest -->
