<?xml version="1.0" encoding="UTF-8"?>
<!-- Generated by org.testng.reporters.JUnitReportReporter -->
<testsuite hostname="LT-jiangxm" name="com.spay.interfaces.test.GetTN4spayTest" tests="34" failures="0" timestamp="20 Dec 2016 09:35:01 GMT" time="7.723" errors="0">
  <testcase name="getTN4spay" time="0.135" classname="com.spay.interfaces.test.GetTN4spayTest"/>
  <testcase name="getTN4spay" time="0.136" classname="com.spay.interfaces.test.GetTN4spayTest"/>
  <testcase name="getTN4spay" time="0.160" classname="com.spay.interfaces.test.GetTN4spayTest"/>
  <testcase name="getTN4spay" time="0.171" classname="com.spay.interfaces.test.GetTN4spayTest"/>
  <testcase name="getTN4spay" time="0.277" classname="com.spay.interfaces.test.GetTN4spayTest"/>
  <testcase name="getTN4spay" time="0.162" classname="com.spay.interfaces.test.GetTN4spayTest"/>
  <testcase name="getTN4spay" time="0.147" classname="com.spay.interfaces.test.GetTN4spayTest"/>
  <testcase name="getTN4spay" time="0.495" classname="com.spay.interfaces.test.GetTN4spayTest"/>
  <testcase name="getTN4spay" time="0.194" classname="com.spay.interfaces.test.GetTN4spayTest"/>
  <testcase name="getTN4spay" time="0.308" classname="com.spay.interfaces.test.GetTN4spayTest"/>
  <testcase name="getTN4spay" time="0.315" classname="com.spay.interfaces.test.GetTN4spayTest"/>
  <testcase name="getTN4spay" time="0.203" classname="com.spay.interfaces.test.GetTN4spayTest"/>
  <testcase name="getTN4spay" time="0.161" classname="com.spay.interfaces.test.GetTN4spayTest"/>
  <testcase name="getTN4spay" time="0.174" classname="com.spay.interfaces.test.GetTN4spayTest"/>
  <testcase name="getTN4spay" time="0.259" classname="com.spay.interfaces.test.GetTN4spayTest"/>
  <testcase name="getTN4spay" time="0.175" classname="com.spay.interfaces.test.GetTN4spayTest"/>
  <testcase name="getTN4spay" time="0.284" classname="com.spay.interfaces.test.GetTN4spayTest"/>
  <testcase name="getTN4spay" time="0.148" classname="com.spay.interfaces.test.GetTN4spayTest"/>
  <testcase name="getTN4spay" time="0.140" classname="com.spay.interfaces.test.GetTN4spayTest"/>
  <testcase name="getTN4spay" time="0.143" classname="com.spay.interfaces.test.GetTN4spayTest"/>
  <testcase name="getTN4spay" time="0.160" classname="com.spay.interfaces.test.GetTN4spayTest"/>
  <testcase name="getTN4spay" time="0.151" classname="com.spay.interfaces.test.GetTN4spayTest"/>
  <testcase name="getTN4spay" time="0.193" classname="com.spay.interfaces.test.GetTN4spayTest"/>
  <testcase name="getTN4spay" time="0.276" classname="com.spay.interfaces.test.GetTN4spayTest"/>
  <testcase name="getTN4spay" time="0.171" classname="com.spay.interfaces.test.GetTN4spayTest"/>
  <testcase name="getTN4spay" time="0.174" classname="com.spay.interfaces.test.GetTN4spayTest"/>
  <testcase name="getTN4spay" time="0.256" classname="com.spay.interfaces.test.GetTN4spayTest"/>
  <testcase name="getTN4spay" time="0.232" classname="com.spay.interfaces.test.GetTN4spayTest"/>
  <testcase name="getTN4spay" time="1.038" classname="com.spay.interfaces.test.GetTN4spayTest"/>
  <testcase name="getTN4spay" time="0.173" classname="com.spay.interfaces.test.GetTN4spayTest"/>
  <testcase name="getTN4spay" time="0.221" classname="com.spay.interfaces.test.GetTN4spayTest"/>
  <testcase name="getTN4spay" time="0.158" classname="com.spay.interfaces.test.GetTN4spayTest"/>
  <testcase name="getTN4spay" time="0.187" classname="com.spay.interfaces.test.GetTN4spayTest"/>
  <testcase name="getTN4spay" time="0.146" classname="com.spay.interfaces.test.GetTN4spayTest"/>
</testsuite> <!-- com.spay.interfaces.test.GetTN4spayTest -->
