<?xml version="1.0" encoding="UTF-8"?>
<!-- Generated by org.testng.reporters.JUnitReportReporter -->
<testsuite name="com.llwallet.interfaces.test.api.online.enterprise.UnitCashoutNowApplyOnlineTest" tests="1" time="2.460" ignored="0" failures="0" timestamp="05 四月 2017 11:21:39 GMT" skipped="0" hostname="LT-jiangxm" errors="0">
  <testcase name="unitCashoutNowApply" time="2.460" classname="com.llwallet.interfaces.test.api.online.enterprise.UnitCashoutNowApplyOnlineTest"/>
</testsuite> <!-- com.llwallet.interfaces.test.api.online.enterprise.UnitCashoutNowApplyOnlineTest -->
