<?xml version="1.0" encoding="UTF-8"?>
<!-- Generated by org.testng.reporters.JUnitReportReporter -->
<testsuite hostname="LT-jiangxm" name="com.llwallet.interfaces.test.api.test.custom.CashOutCardBindThreeElementTest" tests="1" failures="0" timestamp="21 Nov 2017 01:41:58 GMT" time="1.571" errors="0">
  <testcase name="cashOutCardBindThreeElement" time="1.571" classname="com.llwallet.interfaces.test.api.test.custom.CashOutCardBindThreeElementTest"/>
</testsuite> <!-- com.llwallet.interfaces.test.api.test.custom.CashOutCardBindThreeElementTest -->
