<?xml version="1.0" encoding="UTF-8"?>
<!-- Generated by org.testng.reporters.JUnitReportReporter -->
<testsuite hostname="LT-jiangxm" name="com.llwallet.interfaces.test.api.test.custom.AccountCancellationTest" tests="2" failures="0" timestamp="20 Dec 2017 12:51:39 GMT" time="6.707" errors="1">
  <testcase name="test1" time="0.023" classname="com.llwallet.interfaces.test.api.test.custom.AccountCancellationTest">
    <error type="java.lang.IndexOutOfBoundsException" message="Index: 110, Size: 18">
      <![CDATA[java.lang.IndexOutOfBoundsException: Index: 110, Size: 18
	at java.util.LinkedList.checkElementIndex(Unknown Source)
	at java.util.LinkedList.get(Unknown Source)
	at com.tools.dataprovider.ExcelProvider2.next(ExcelProvider2.java:87)
	at com.tools.dataprovider.ExcelProvider2.next(ExcelProvider2.java:1)
	at org.testng.internal.Invoker.invokeTestMethods(Invoker.java:1118)
	at org.testng.internal.TestMethodWorker.invokeTestMethods(TestMethodWorker.java:125)
	at org.testng.internal.TestMethodWorker.run(TestMethodWorker.java:108)
	at org.testng.TestRunner.privateRun(TestRunner.java:774)
	at org.testng.TestRunner.run(TestRunner.java:624)
	at org.testng.SuiteRunner.runTest(SuiteRunner.java:359)
	at org.testng.SuiteRunner.runSequentially(SuiteRunner.java:354)
	at org.testng.SuiteRunner.privateRun(SuiteRunner.java:312)
	at org.testng.SuiteRunner.run(SuiteRunner.java:261)
	at org.testng.SuiteRunnerWorker.runSuite(SuiteRunnerWorker.java:52)
	at org.testng.SuiteRunnerWorker.run(SuiteRunnerWorker.java:86)
	at org.testng.TestNG.runSuitesSequentially(TestNG.java:1191)
	at org.testng.TestNG.runSuitesLocally(TestNG.java:1116)
	at org.testng.TestNG.run(TestNG.java:1024)
	at org.testng.remote.RemoteTestNG.run(RemoteTestNG.java:112)
	at org.testng.remote.RemoteTestNG.initAndRun(RemoteTestNG.java:205)
	at org.testng.remote.RemoteTestNG.main(RemoteTestNG.java:176)
]]>
    </error>
  </testcase> <!-- test1 -->
  <testcase name="test" time="6.684" classname="com.llwallet.interfaces.test.api.test.custom.AccountCancellationTest"/>
</testsuite> <!-- com.llwallet.interfaces.test.api.test.custom.AccountCancellationTest -->
