<?xml version="1.0" encoding="UTF-8"?>
<!-- Generated by org.testng.reporters.JUnitReportReporter -->
<testsuite name="com.llwallet.interfaces.test.api.online.personal.UserRefundTest" tests="1" time="2.023" ignored="0" failures="0" timestamp="01 三月 2017 19:54:13 GMT" skipped="0" hostname="LT-jiangxm" errors="0">
  <testcase name="userRefund" time="2.023" classname="com.llwallet.interfaces.test.api.online.personal.UserRefundTest"/>
</testsuite> <!-- com.llwallet.interfaces.test.api.online.personal.UserRefundTest -->
