<?xml version="1.0" encoding="UTF-8"?>
<!-- Generated by org.testng.reporters.JUnitReportReporter -->
<testsuite hostname="LT-jiangxm" name="com.llwallet.interfaces.test.api.online.personal.OpenUnactivedUserTest" tests="1" failures="0" timestamp="15 Feb 2017 16:14:27 GMT" time="2.594" errors="0">
  <testcase name="openUnactivedUser" time="2.594" classname="com.llwallet.interfaces.test.api.online.personal.OpenUnactivedUserTest"/>
</testsuite> <!-- com.llwallet.interfaces.test.api.online.personal.OpenUnactivedUserTest -->
