<?xml version="1.0" encoding="UTF-8"?>
<!-- Generated by org.testng.reporters.JUnitReportReporter -->
<testsuite hostname="LT-jiangxm" name="com.llwallet.interfaces.test.api.online.personal.BalancePwdPayOnlineTest" tests="1" failures="0" timestamp="6 Nov 2017 14:06:47 GMT" time="2.491" errors="0">
  <testcase name="balancePwdPay" time="2.491" classname="com.llwallet.interfaces.test.api.online.personal.BalancePwdPayOnlineTest"/>
</testsuite> <!-- com.llwallet.interfaces.test.api.online.personal.BalancePwdPayOnlineTest -->
