<?xml version="1.0" encoding="UTF-8"?>
<!-- Generated by org.testng.reporters.JUnitReportReporter -->
<testsuite hostname="LT-jiangxm" name="com.llwallet.interfaces.test.api.test.personal.OpenUnactivedUserTest" tests="2" failures="1" timestamp="2 Nov 2017 13:27:27 GMT" time="2.048" errors="0">
  <testcase name="openUnactivedUser" time="2.045" classname="com.llwallet.interfaces.test.api.test.personal.OpenUnactivedUserTest"/>
  <testcase name="openUnactivedUser1" time="0.003" classname="com.llwallet.interfaces.test.api.test.personal.OpenUnactivedUserTest">
    <failure type="java.lang.NullPointerException">
      <![CDATA[java.lang.NullPointerException
]]>
    </failure>
  </testcase> <!-- openUnactivedUser1 -->
</testsuite> <!-- com.llwallet.interfaces.test.api.test.personal.OpenUnactivedUserTest -->
