<?xml version="1.0" encoding="UTF-8"?>
<!-- Generated by org.testng.reporters.JUnitReportReporter -->
<testsuite hostname="LT-jiangxm" name="com.spay.interfaces.test.SpayInitTest" tests="45" failures="0" timestamp="20 Dec 2016 09:35:01 GMT" time="3.029" errors="0">
  <testcase name="spayInit" time="0.021" classname="com.spay.interfaces.test.SpayInitTest"/>
  <testcase name="spayInit" time="0.055" classname="com.spay.interfaces.test.SpayInitTest"/>
  <testcase name="spayInit" time="0.052" classname="com.spay.interfaces.test.SpayInitTest"/>
  <testcase name="spayInit" time="0.035" classname="com.spay.interfaces.test.SpayInitTest"/>
  <testcase name="spayInit" time="0.027" classname="com.spay.interfaces.test.SpayInitTest"/>
  <testcase name="spayInit" time="0.019" classname="com.spay.interfaces.test.SpayInitTest"/>
  <testcase name="spayInit" time="0.106" classname="com.spay.interfaces.test.SpayInitTest"/>
  <testcase name="spayInit" time="0.194" classname="com.spay.interfaces.test.SpayInitTest"/>
  <testcase name="spayInit" time="0.062" classname="com.spay.interfaces.test.SpayInitTest"/>
  <testcase name="spayInit" time="0.026" classname="com.spay.interfaces.test.SpayInitTest"/>
  <testcase name="spayInit" time="0.045" classname="com.spay.interfaces.test.SpayInitTest"/>
  <testcase name="spayInit" time="0.030" classname="com.spay.interfaces.test.SpayInitTest"/>
  <testcase name="spayInit" time="0.125" classname="com.spay.interfaces.test.SpayInitTest"/>
  <testcase name="spayInit" time="0.024" classname="com.spay.interfaces.test.SpayInitTest"/>
  <testcase name="spayInit" time="0.042" classname="com.spay.interfaces.test.SpayInitTest"/>
  <testcase name="spayInit" time="0.028" classname="com.spay.interfaces.test.SpayInitTest"/>
  <testcase name="spayInit" time="0.028" classname="com.spay.interfaces.test.SpayInitTest"/>
  <testcase name="spayInit" time="0.036" classname="com.spay.interfaces.test.SpayInitTest"/>
  <testcase name="spayInit" time="0.027" classname="com.spay.interfaces.test.SpayInitTest"/>
  <testcase name="spayInit" time="0.183" classname="com.spay.interfaces.test.SpayInitTest"/>
  <testcase name="spayInit" time="0.183" classname="com.spay.interfaces.test.SpayInitTest"/>
  <testcase name="spayInit" time="0.184" classname="com.spay.interfaces.test.SpayInitTest"/>
  <testcase name="spayInit" time="0.073" classname="com.spay.interfaces.test.SpayInitTest"/>
  <testcase name="spayInit" time="0.019" classname="com.spay.interfaces.test.SpayInitTest"/>
  <testcase name="spayInit" time="0.034" classname="com.spay.interfaces.test.SpayInitTest"/>
  <testcase name="spayInit" time="0.025" classname="com.spay.interfaces.test.SpayInitTest"/>
  <testcase name="spayInit" time="0.140" classname="com.spay.interfaces.test.SpayInitTest"/>
  <testcase name="spayInit" time="0.121" classname="com.spay.interfaces.test.SpayInitTest"/>
  <testcase name="spayInit" time="0.028" classname="com.spay.interfaces.test.SpayInitTest"/>
  <testcase name="spayInit" time="0.015" classname="com.spay.interfaces.test.SpayInitTest"/>
  <testcase name="spayInit" time="0.043" classname="com.spay.interfaces.test.SpayInitTest"/>
  <testcase name="spayInit" time="0.029" classname="com.spay.interfaces.test.SpayInitTest"/>
  <testcase name="spayInit" time="0.027" classname="com.spay.interfaces.test.SpayInitTest"/>
  <testcase name="spayInit" time="0.040" classname="com.spay.interfaces.test.SpayInitTest"/>
  <testcase name="spayInit" time="0.190" classname="com.spay.interfaces.test.SpayInitTest"/>
  <testcase name="spayInit" time="0.034" classname="com.spay.interfaces.test.SpayInitTest"/>
  <testcase name="spayInit" time="0.174" classname="com.spay.interfaces.test.SpayInitTest"/>
  <testcase name="spayInit" time="0.047" classname="com.spay.interfaces.test.SpayInitTest"/>
  <testcase name="spayInit" time="0.039" classname="com.spay.interfaces.test.SpayInitTest"/>
  <testcase name="spayInit" time="0.239" classname="com.spay.interfaces.test.SpayInitTest"/>
  <testcase name="spayInit" time="0.033" classname="com.spay.interfaces.test.SpayInitTest"/>
  <testcase name="spayInit" time="0.030" classname="com.spay.interfaces.test.SpayInitTest"/>
  <testcase name="spayInit" time="0.015" classname="com.spay.interfaces.test.SpayInitTest"/>
  <testcase name="spayInit" time="0.072" classname="com.spay.interfaces.test.SpayInitTest"/>
  <testcase name="spayInit" time="0.030" classname="com.spay.interfaces.test.SpayInitTest"/>
</testsuite> <!-- com.spay.interfaces.test.SpayInitTest -->
