<?xml version="1.0" encoding="UTF-8"?>
<!-- Generated by org.testng.reporters.JUnitReportReporter -->
<testsuite hostname="LT-jiangxm" name="com.llwallet.interfaces.test.api.test.enterprise.OpenUnitUserTest" tests="150" failures="0" timestamp="7 Jun 2017 09:25:16 GMT" time="171.522" errors="0">
  <testcase name="openUnitUser" time="1.046" classname="com.llwallet.interfaces.test.api.test.enterprise.OpenUnitUserTest"/>
  <testcase name="openUnitUser" time="1.027" classname="com.llwallet.interfaces.test.api.test.enterprise.OpenUnitUserTest"/>
  <testcase name="openUnitUser" time="1.269" classname="com.llwallet.interfaces.test.api.test.enterprise.OpenUnitUserTest"/>
  <testcase name="openUnitUser1" time="2.188" classname="com.llwallet.interfaces.test.api.test.enterprise.OpenUnitUserTest"/>
  <testcase name="openUnitUser" time="1.045" classname="com.llwallet.interfaces.test.api.test.enterprise.OpenUnitUserTest"/>
  <testcase name="openUnitUser" time="1.049" classname="com.llwallet.interfaces.test.api.test.enterprise.OpenUnitUserTest"/>
  <testcase name="openUnitUser" time="1.041" classname="com.llwallet.interfaces.test.api.test.enterprise.OpenUnitUserTest"/>
  <testcase name="openUnitUser" time="1.256" classname="com.llwallet.interfaces.test.api.test.enterprise.OpenUnitUserTest"/>
  <testcase name="openUnitUser" time="1.310" classname="com.llwallet.interfaces.test.api.test.enterprise.OpenUnitUserTest"/>
  <testcase name="openUnitUser" time="1.045" classname="com.llwallet.interfaces.test.api.test.enterprise.OpenUnitUserTest"/>
  <testcase name="openUnitUser" time="1.032" classname="com.llwallet.interfaces.test.api.test.enterprise.OpenUnitUserTest"/>
  <testcase name="openUnitUser1" time="1.499" classname="com.llwallet.interfaces.test.api.test.enterprise.OpenUnitUserTest"/>
  <testcase name="openUnitUser" time="1.067" classname="com.llwallet.interfaces.test.api.test.enterprise.OpenUnitUserTest"/>
  <testcase name="openUnitUser" time="1.064" classname="com.llwallet.interfaces.test.api.test.enterprise.OpenUnitUserTest"/>
  <testcase name="openUnitUser" time="1.026" classname="com.llwallet.interfaces.test.api.test.enterprise.OpenUnitUserTest"/>
  <testcase name="openUnitUser" time="1.377" classname="com.llwallet.interfaces.test.api.test.enterprise.OpenUnitUserTest"/>
  <testcase name="openUnitUser" time="1.295" classname="com.llwallet.interfaces.test.api.test.enterprise.OpenUnitUserTest"/>
  <testcase name="openUnitUser" time="1.044" classname="com.llwallet.interfaces.test.api.test.enterprise.OpenUnitUserTest"/>
  <testcase name="openUnitUser" time="1.031" classname="com.llwallet.interfaces.test.api.test.enterprise.OpenUnitUserTest"/>
  <testcase name="openUnitUser" time="1.038" classname="com.llwallet.interfaces.test.api.test.enterprise.OpenUnitUserTest"/>
  <testcase name="openUnitUser" time="1.366" classname="com.llwallet.interfaces.test.api.test.enterprise.OpenUnitUserTest"/>
  <testcase name="openUnitUser" time="1.022" classname="com.llwallet.interfaces.test.api.test.enterprise.OpenUnitUserTest"/>
  <testcase name="openUnitUser" time="1.262" classname="com.llwallet.interfaces.test.api.test.enterprise.OpenUnitUserTest"/>
  <testcase name="openUnitUser" time="1.220" classname="com.llwallet.interfaces.test.api.test.enterprise.OpenUnitUserTest"/>
  <testcase name="openUnitUser" time="1.060" classname="com.llwallet.interfaces.test.api.test.enterprise.OpenUnitUserTest"/>
  <testcase name="openUnitUser" time="1.062" classname="com.llwallet.interfaces.test.api.test.enterprise.OpenUnitUserTest"/>
  <testcase name="openUnitUser" time="1.315" classname="com.llwallet.interfaces.test.api.test.enterprise.OpenUnitUserTest"/>
  <testcase name="openUnitUser" time="1.044" classname="com.llwallet.interfaces.test.api.test.enterprise.OpenUnitUserTest"/>
  <testcase name="openUnitUser" time="1.282" classname="com.llwallet.interfaces.test.api.test.enterprise.OpenUnitUserTest"/>
  <testcase name="openUnitUser" time="1.053" classname="com.llwallet.interfaces.test.api.test.enterprise.OpenUnitUserTest"/>
  <testcase name="openUnitUser" time="1.055" classname="com.llwallet.interfaces.test.api.test.enterprise.OpenUnitUserTest"/>
  <testcase name="openUnitUser" time="1.033" classname="com.llwallet.interfaces.test.api.test.enterprise.OpenUnitUserTest"/>
  <testcase name="openUnitUser" time="1.049" classname="com.llwallet.interfaces.test.api.test.enterprise.OpenUnitUserTest"/>
  <testcase name="openUnitUser" time="1.024" classname="com.llwallet.interfaces.test.api.test.enterprise.OpenUnitUserTest"/>
  <testcase name="openUnitUser" time="1.389" classname="com.llwallet.interfaces.test.api.test.enterprise.OpenUnitUserTest"/>
  <testcase name="openUnitUser" time="1.101" classname="com.llwallet.interfaces.test.api.test.enterprise.OpenUnitUserTest"/>
  <testcase name="openUnitUser" time="1.048" classname="com.llwallet.interfaces.test.api.test.enterprise.OpenUnitUserTest"/>
  <testcase name="openUnitUser" time="1.057" classname="com.llwallet.interfaces.test.api.test.enterprise.OpenUnitUserTest"/>
  <testcase name="openUnitUser" time="1.030" classname="com.llwallet.interfaces.test.api.test.enterprise.OpenUnitUserTest"/>
  <testcase name="openUnitUser" time="1.026" classname="com.llwallet.interfaces.test.api.test.enterprise.OpenUnitUserTest"/>
  <testcase name="openUnitUser1" time="1.498" classname="com.llwallet.interfaces.test.api.test.enterprise.OpenUnitUserTest"/>
  <testcase name="openUnitUser1" time="1.618" classname="com.llwallet.interfaces.test.api.test.enterprise.OpenUnitUserTest"/>
  <testcase name="openUnitUser" time="1.296" classname="com.llwallet.interfaces.test.api.test.enterprise.OpenUnitUserTest"/>
  <testcase name="openUnitUser" time="1.263" classname="com.llwallet.interfaces.test.api.test.enterprise.OpenUnitUserTest"/>
  <testcase name="openUnitUser" time="1.030" classname="com.llwallet.interfaces.test.api.test.enterprise.OpenUnitUserTest"/>
  <testcase name="openUnitUser" time="1.026" classname="com.llwallet.interfaces.test.api.test.enterprise.OpenUnitUserTest"/>
  <testcase name="openUnitUser" time="1.332" classname="com.llwallet.interfaces.test.api.test.enterprise.OpenUnitUserTest"/>
  <testcase name="openUnitUser" time="1.073" classname="com.llwallet.interfaces.test.api.test.enterprise.OpenUnitUserTest"/>
  <testcase name="openUnitUser" time="1.239" classname="com.llwallet.interfaces.test.api.test.enterprise.OpenUnitUserTest"/>
  <testcase name="openUnitUser" time="1.026" classname="com.llwallet.interfaces.test.api.test.enterprise.OpenUnitUserTest"/>
  <testcase name="openUnitUser" time="1.037" classname="com.llwallet.interfaces.test.api.test.enterprise.OpenUnitUserTest"/>
  <testcase name="openUnitUser" time="1.174" classname="com.llwallet.interfaces.test.api.test.enterprise.OpenUnitUserTest"/>
  <testcase name="openUnitUser" time="1.183" classname="com.llwallet.interfaces.test.api.test.enterprise.OpenUnitUserTest"/>
  <testcase name="openUnitUser" time="1.037" classname="com.llwallet.interfaces.test.api.test.enterprise.OpenUnitUserTest"/>
  <testcase name="openUnitUser" time="1.259" classname="com.llwallet.interfaces.test.api.test.enterprise.OpenUnitUserTest"/>
  <testcase name="openUnitUser" time="1.326" classname="com.llwallet.interfaces.test.api.test.enterprise.OpenUnitUserTest"/>
  <testcase name="openUnitUser" time="1.031" classname="com.llwallet.interfaces.test.api.test.enterprise.OpenUnitUserTest"/>
  <testcase name="openUnitUser" time="1.025" classname="com.llwallet.interfaces.test.api.test.enterprise.OpenUnitUserTest"/>
  <testcase name="openUnitUser" time="1.391" classname="com.llwallet.interfaces.test.api.test.enterprise.OpenUnitUserTest"/>
  <testcase name="openUnitUser" time="1.036" classname="com.llwallet.interfaces.test.api.test.enterprise.OpenUnitUserTest"/>
  <testcase name="openUnitUser" time="1.045" classname="com.llwallet.interfaces.test.api.test.enterprise.OpenUnitUserTest"/>
  <testcase name="openUnitUser" time="1.332" classname="com.llwallet.interfaces.test.api.test.enterprise.OpenUnitUserTest"/>
  <testcase name="openUnitUser" time="1.022" classname="com.llwallet.interfaces.test.api.test.enterprise.OpenUnitUserTest"/>
  <testcase name="openUnitUser" time="1.047" classname="com.llwallet.interfaces.test.api.test.enterprise.OpenUnitUserTest"/>
  <testcase name="openUnitUser" time="1.049" classname="com.llwallet.interfaces.test.api.test.enterprise.OpenUnitUserTest"/>
  <testcase name="openUnitUser" time="1.046" classname="com.llwallet.interfaces.test.api.test.enterprise.OpenUnitUserTest"/>
  <testcase name="openUnitUser" time="1.039" classname="com.llwallet.interfaces.test.api.test.enterprise.OpenUnitUserTest"/>
  <testcase name="openUnitUser" time="1.070" classname="com.llwallet.interfaces.test.api.test.enterprise.OpenUnitUserTest"/>
  <testcase name="openUnitUser" time="1.257" classname="com.llwallet.interfaces.test.api.test.enterprise.OpenUnitUserTest"/>
  <testcase name="openUnitUser" time="1.044" classname="com.llwallet.interfaces.test.api.test.enterprise.OpenUnitUserTest"/>
  <testcase name="openUnitUser" time="1.023" classname="com.llwallet.interfaces.test.api.test.enterprise.OpenUnitUserTest"/>
  <testcase name="openUnitUser" time="1.072" classname="com.llwallet.interfaces.test.api.test.enterprise.OpenUnitUserTest"/>
  <testcase name="openUnitUser" time="1.021" classname="com.llwallet.interfaces.test.api.test.enterprise.OpenUnitUserTest"/>
  <testcase name="openUnitUser" time="1.338" classname="com.llwallet.interfaces.test.api.test.enterprise.OpenUnitUserTest"/>
  <testcase name="openUnitUser" time="1.030" classname="com.llwallet.interfaces.test.api.test.enterprise.OpenUnitUserTest"/>
  <testcase name="openUnitUser" time="1.017" classname="com.llwallet.interfaces.test.api.test.enterprise.OpenUnitUserTest"/>
  <testcase name="openUnitUser" time="1.067" classname="com.llwallet.interfaces.test.api.test.enterprise.OpenUnitUserTest"/>
  <testcase name="openUnitUser" time="1.039" classname="com.llwallet.interfaces.test.api.test.enterprise.OpenUnitUserTest"/>
  <testcase name="openUnitUser" time="1.486" classname="com.llwallet.interfaces.test.api.test.enterprise.OpenUnitUserTest"/>
  <testcase name="openUnitUser" time="1.028" classname="com.llwallet.interfaces.test.api.test.enterprise.OpenUnitUserTest"/>
  <testcase name="openUnitUser" time="1.034" classname="com.llwallet.interfaces.test.api.test.enterprise.OpenUnitUserTest"/>
  <testcase name="openUnitUser" time="1.075" classname="com.llwallet.interfaces.test.api.test.enterprise.OpenUnitUserTest"/>
  <testcase name="openUnitUser" time="1.056" classname="com.llwallet.interfaces.test.api.test.enterprise.OpenUnitUserTest"/>
  <testcase name="openUnitUser" time="1.297" classname="com.llwallet.interfaces.test.api.test.enterprise.OpenUnitUserTest"/>
  <testcase name="openUnitUser" time="1.034" classname="com.llwallet.interfaces.test.api.test.enterprise.OpenUnitUserTest"/>
  <testcase name="openUnitUser" time="1.156" classname="com.llwallet.interfaces.test.api.test.enterprise.OpenUnitUserTest"/>
  <testcase name="openUnitUser" time="1.028" classname="com.llwallet.interfaces.test.api.test.enterprise.OpenUnitUserTest"/>
  <testcase name="openUnitUser" time="1.024" classname="com.llwallet.interfaces.test.api.test.enterprise.OpenUnitUserTest"/>
  <testcase name="openUnitUser" time="1.020" classname="com.llwallet.interfaces.test.api.test.enterprise.OpenUnitUserTest"/>
  <testcase name="openUnitUser" time="1.028" classname="com.llwallet.interfaces.test.api.test.enterprise.OpenUnitUserTest"/>
  <testcase name="openUnitUser" time="1.026" classname="com.llwallet.interfaces.test.api.test.enterprise.OpenUnitUserTest"/>
  <testcase name="openUnitUser1" time="1.516" classname="com.llwallet.interfaces.test.api.test.enterprise.OpenUnitUserTest"/>
  <testcase name="openUnitUser" time="1.043" classname="com.llwallet.interfaces.test.api.test.enterprise.OpenUnitUserTest"/>
  <testcase name="openUnitUser" time="1.251" classname="com.llwallet.interfaces.test.api.test.enterprise.OpenUnitUserTest"/>
  <testcase name="openUnitUser" time="1.027" classname="com.llwallet.interfaces.test.api.test.enterprise.OpenUnitUserTest"/>
  <testcase name="openUnitUser" time="1.430" classname="com.llwallet.interfaces.test.api.test.enterprise.OpenUnitUserTest"/>
  <testcase name="openUnitUser" time="1.043" classname="com.llwallet.interfaces.test.api.test.enterprise.OpenUnitUserTest"/>
  <testcase name="openUnitUser" time="1.043" classname="com.llwallet.interfaces.test.api.test.enterprise.OpenUnitUserTest"/>
  <testcase name="openUnitUser" time="1.035" classname="com.llwallet.interfaces.test.api.test.enterprise.OpenUnitUserTest"/>
  <testcase name="openUnitUser" time="1.026" classname="com.llwallet.interfaces.test.api.test.enterprise.OpenUnitUserTest"/>
  <testcase name="openUnitUser" time="1.023" classname="com.llwallet.interfaces.test.api.test.enterprise.OpenUnitUserTest"/>
  <testcase name="openUnitUser" time="1.040" classname="com.llwallet.interfaces.test.api.test.enterprise.OpenUnitUserTest"/>
  <testcase name="openUnitUser" time="1.016" classname="com.llwallet.interfaces.test.api.test.enterprise.OpenUnitUserTest"/>
  <testcase name="openUnitUser" time="1.338" classname="com.llwallet.interfaces.test.api.test.enterprise.OpenUnitUserTest"/>
  <testcase name="openUnitUser" time="1.026" classname="com.llwallet.interfaces.test.api.test.enterprise.OpenUnitUserTest"/>
  <testcase name="openUnitUser" time="1.315" classname="com.llwallet.interfaces.test.api.test.enterprise.OpenUnitUserTest"/>
  <testcase name="openUnitUser" time="1.033" classname="com.llwallet.interfaces.test.api.test.enterprise.OpenUnitUserTest"/>
  <testcase name="openUnitUser" time="1.025" classname="com.llwallet.interfaces.test.api.test.enterprise.OpenUnitUserTest"/>
  <testcase name="openUnitUser" time="1.372" classname="com.llwallet.interfaces.test.api.test.enterprise.OpenUnitUserTest"/>
  <testcase name="openUnitUser" time="2.126" classname="com.llwallet.interfaces.test.api.test.enterprise.OpenUnitUserTest"/>
  <testcase name="openUnitUser" time="1.347" classname="com.llwallet.interfaces.test.api.test.enterprise.OpenUnitUserTest"/>
  <testcase name="openUnitUser" time="1.041" classname="com.llwallet.interfaces.test.api.test.enterprise.OpenUnitUserTest"/>
  <testcase name="openUnitUser" time="1.030" classname="com.llwallet.interfaces.test.api.test.enterprise.OpenUnitUserTest"/>
  <testcase name="openUnitUser" time="1.028" classname="com.llwallet.interfaces.test.api.test.enterprise.OpenUnitUserTest"/>
  <testcase name="openUnitUser" time="1.026" classname="com.llwallet.interfaces.test.api.test.enterprise.OpenUnitUserTest"/>
  <testcase name="openUnitUser" time="1.048" classname="com.llwallet.interfaces.test.api.test.enterprise.OpenUnitUserTest"/>
  <testcase name="openUnitUser" time="1.053" classname="com.llwallet.interfaces.test.api.test.enterprise.OpenUnitUserTest"/>
  <testcase name="openUnitUser" time="1.023" classname="com.llwallet.interfaces.test.api.test.enterprise.OpenUnitUserTest"/>
  <testcase name="openUnitUser" time="1.033" classname="com.llwallet.interfaces.test.api.test.enterprise.OpenUnitUserTest"/>
  <testcase name="openUnitUser" time="1.056" classname="com.llwallet.interfaces.test.api.test.enterprise.OpenUnitUserTest"/>
  <testcase name="openUnitUser" time="1.029" classname="com.llwallet.interfaces.test.api.test.enterprise.OpenUnitUserTest"/>
  <testcase name="openUnitUser" time="1.348" classname="com.llwallet.interfaces.test.api.test.enterprise.OpenUnitUserTest"/>
  <testcase name="openUnitUser" time="1.039" classname="com.llwallet.interfaces.test.api.test.enterprise.OpenUnitUserTest"/>
  <testcase name="openUnitUser" time="1.036" classname="com.llwallet.interfaces.test.api.test.enterprise.OpenUnitUserTest"/>
  <testcase name="openUnitUser" time="1.036" classname="com.llwallet.interfaces.test.api.test.enterprise.OpenUnitUserTest"/>
  <testcase name="openUnitUser" time="1.026" classname="com.llwallet.interfaces.test.api.test.enterprise.OpenUnitUserTest"/>
  <testcase name="openUnitUser" time="1.017" classname="com.llwallet.interfaces.test.api.test.enterprise.OpenUnitUserTest"/>
  <testcase name="openUnitUser" time="1.614" classname="com.llwallet.interfaces.test.api.test.enterprise.OpenUnitUserTest"/>
  <testcase name="openUnitUser" time="1.038" classname="com.llwallet.interfaces.test.api.test.enterprise.OpenUnitUserTest"/>
  <testcase name="openUnitUser" time="1.028" classname="com.llwallet.interfaces.test.api.test.enterprise.OpenUnitUserTest"/>
  <testcase name="openUnitUser" time="1.349" classname="com.llwallet.interfaces.test.api.test.enterprise.OpenUnitUserTest"/>
  <testcase name="openUnitUser" time="1.274" classname="com.llwallet.interfaces.test.api.test.enterprise.OpenUnitUserTest"/>
  <testcase name="openUnitUser" time="1.024" classname="com.llwallet.interfaces.test.api.test.enterprise.OpenUnitUserTest"/>
  <testcase name="openUnitUser" time="1.059" classname="com.llwallet.interfaces.test.api.test.enterprise.OpenUnitUserTest"/>
  <testcase name="openUnitUser" time="1.038" classname="com.llwallet.interfaces.test.api.test.enterprise.OpenUnitUserTest"/>
  <testcase name="openUnitUser" time="1.266" classname="com.llwallet.interfaces.test.api.test.enterprise.OpenUnitUserTest"/>
  <testcase name="openUnitUser" time="1.210" classname="com.llwallet.interfaces.test.api.test.enterprise.OpenUnitUserTest"/>
  <testcase name="openUnitUser" time="1.025" classname="com.llwallet.interfaces.test.api.test.enterprise.OpenUnitUserTest"/>
  <testcase name="openUnitUser" time="1.028" classname="com.llwallet.interfaces.test.api.test.enterprise.OpenUnitUserTest"/>
  <testcase name="openUnitUser" time="1.088" classname="com.llwallet.interfaces.test.api.test.enterprise.OpenUnitUserTest"/>
  <testcase name="openUnitUser" time="1.263" classname="com.llwallet.interfaces.test.api.test.enterprise.OpenUnitUserTest"/>
  <testcase name="openUnitUser" time="1.040" classname="com.llwallet.interfaces.test.api.test.enterprise.OpenUnitUserTest"/>
  <testcase name="openUnitUser" time="1.039" classname="com.llwallet.interfaces.test.api.test.enterprise.OpenUnitUserTest"/>
  <testcase name="openUnitUser" time="1.047" classname="com.llwallet.interfaces.test.api.test.enterprise.OpenUnitUserTest"/>
  <testcase name="openUnitUser" time="1.285" classname="com.llwallet.interfaces.test.api.test.enterprise.OpenUnitUserTest"/>
  <testcase name="openUnitUser" time="1.022" classname="com.llwallet.interfaces.test.api.test.enterprise.OpenUnitUserTest"/>
  <testcase name="openUnitUser" time="1.336" classname="com.llwallet.interfaces.test.api.test.enterprise.OpenUnitUserTest"/>
  <testcase name="openUnitUser" time="1.047" classname="com.llwallet.interfaces.test.api.test.enterprise.OpenUnitUserTest"/>
  <testcase name="openUnitUser" time="1.434" classname="com.llwallet.interfaces.test.api.test.enterprise.OpenUnitUserTest"/>
  <testcase name="openUnitUser" time="1.027" classname="com.llwallet.interfaces.test.api.test.enterprise.OpenUnitUserTest"/>
</testsuite> <!-- com.llwallet.interfaces.test.api.test.enterprise.OpenUnitUserTest -->
