<?xml version="1.0" encoding="UTF-8"?>
<!-- Generated by org.testng.reporters.JUnitReportReporter -->
<testsuite hostname="LT-jiangxm" name="com.llwallet.interfaces.test.api.online.personal.SingleUserQueryTest" tests="1" failures="0" timestamp="22 Feb 2017 11:48:10 GMT" time="2.248" errors="0">
  <testcase name="singleUserQuery" time="2.248" classname="com.llwallet.interfaces.test.api.online.personal.SingleUserQueryTest"/>
</testsuite> <!-- com.llwallet.interfaces.test.api.online.personal.SingleUserQueryTest -->
