<?xml version="1.0" encoding="UTF-8"?>
<!-- Generated by org.testng.reporters.JUnitReportReporter -->
<testsuite hostname="LT-jiangxm" name="com.account.interfaces.test.api.test.FeePayTest" tests="31" failures="0" timestamp="22 Dec 2016 01:44:29 GMT" time="33.878" errors="0">
  <testcase name="feePay" time="1.093" classname="com.account.interfaces.test.api.test.FeePayTest"/>
  <testcase name="feePay" time="1.093" classname="com.account.interfaces.test.api.test.FeePayTest"/>
  <testcase name="feePay" time="1.085" classname="com.account.interfaces.test.api.test.FeePayTest"/>
  <testcase name="feePay" time="1.062" classname="com.account.interfaces.test.api.test.FeePayTest"/>
  <testcase name="feePay" time="1.250" classname="com.account.interfaces.test.api.test.FeePayTest"/>
  <testcase name="feePay" time="1.156" classname="com.account.interfaces.test.api.test.FeePayTest"/>
  <testcase name="feePay" time="1.063" classname="com.account.interfaces.test.api.test.FeePayTest"/>
  <testcase name="feePay" time="1.110" classname="com.account.interfaces.test.api.test.FeePayTest"/>
  <testcase name="feePay" time="1.314" classname="com.account.interfaces.test.api.test.FeePayTest"/>
  <testcase name="feePay" time="1.156" classname="com.account.interfaces.test.api.test.FeePayTest"/>
  <testcase name="feePay" time="1.062" classname="com.account.interfaces.test.api.test.FeePayTest"/>
  <testcase name="feePay" time="1.062" classname="com.account.interfaces.test.api.test.FeePayTest"/>
  <testcase name="feePay" time="1.119" classname="com.account.interfaces.test.api.test.FeePayTest"/>
  <testcase name="feePay" time="1.106" classname="com.account.interfaces.test.api.test.FeePayTest"/>
  <testcase name="feePay" time="1.060" classname="com.account.interfaces.test.api.test.FeePayTest"/>
  <testcase name="feePay" time="1.062" classname="com.account.interfaces.test.api.test.FeePayTest"/>
  <testcase name="feePay" time="1.063" classname="com.account.interfaces.test.api.test.FeePayTest"/>
  <testcase name="feePay" time="1.047" classname="com.account.interfaces.test.api.test.FeePayTest"/>
  <testcase name="feePay" time="1.094" classname="com.account.interfaces.test.api.test.FeePayTest"/>
  <testcase name="feePay" time="1.047" classname="com.account.interfaces.test.api.test.FeePayTest"/>
  <testcase name="feePay" time="1.063" classname="com.account.interfaces.test.api.test.FeePayTest"/>
  <testcase name="feePay" time="1.116" classname="com.account.interfaces.test.api.test.FeePayTest"/>
  <testcase name="feePay" time="1.094" classname="com.account.interfaces.test.api.test.FeePayTest"/>
  <testcase name="feePay" time="1.061" classname="com.account.interfaces.test.api.test.FeePayTest"/>
  <testcase name="feePay" time="1.046" classname="com.account.interfaces.test.api.test.FeePayTest"/>
  <testcase name="feePay" time="1.061" classname="com.account.interfaces.test.api.test.FeePayTest"/>
  <testcase name="feePay" time="1.062" classname="com.account.interfaces.test.api.test.FeePayTest"/>
  <testcase name="feePay" time="1.047" classname="com.account.interfaces.test.api.test.FeePayTest"/>
  <testcase name="feePay" time="1.046" classname="com.account.interfaces.test.api.test.FeePayTest"/>
  <testcase name="feePay" time="1.108" classname="com.account.interfaces.test.api.test.FeePayTest"/>
  <testcase name="feePay" time="1.070" classname="com.account.interfaces.test.api.test.FeePayTest"/>
</testsuite> <!-- com.account.interfaces.test.api.test.FeePayTest -->
