<?xml version="1.0" encoding="UTF-8"?>
<!-- Generated by org.testng.reporters.JUnitReportReporter -->
<testsuite hostname="LT-jiangxm" name="com.llwallet.interfaces.test.api.test.personal.OpenUserTest" tests="1" failures="0" timestamp="7 Dec 2017 11:52:20 GMT" time="6.347" errors="0">
  <testcase name="openUser" time="6.347" classname="com.llwallet.interfaces.test.api.test.personal.OpenUserTest"/>
</testsuite> <!-- com.llwallet.interfaces.test.api.test.personal.OpenUserTest -->
