<?xml version="1.0" encoding="UTF-8"?>
<!-- Generated by org.testng.reporters.JUnitReportReporter -->
<testsuite name="com.llwallet.interfaces.test.api.online.personal.BankCardPrepayTest" tests="1" time="1.481" ignored="0" failures="0" timestamp="10 三月 2017 07:56:58 GMT" skipped="0" hostname="LT-jiangxm" errors="0">
  <testcase name="bankCardPrepay" time="1.481" classname="com.llwallet.interfaces.test.api.online.personal.BankCardPrepayTest"/>
</testsuite> <!-- com.llwallet.interfaces.test.api.online.personal.BankCardPrepayTest -->
