<?xml version="1.0" encoding="UTF-8"?>
<!-- Generated by org.testng.reporters.JUnitReportReporter -->
<testsuite hostname="LT-jiangxm" name="com.llwallet.interfaces.test.api.test.personal.CashOutCardBind1Test" tests="1" failures="0" timestamp="21 Nov 2017 01:26:09 GMT" time="6.598" errors="0">
  <testcase name="cashOutCardBind" time="6.598" classname="com.llwallet.interfaces.test.api.test.personal.CashOutCardBind1Test"/>
</testsuite> <!-- com.llwallet.interfaces.test.api.test.personal.CashOutCardBind1Test -->
