<?xml version="1.0" encoding="UTF-8"?>
<!-- Generated by org.testng.reporters.JUnitReportReporter -->
<testsuite hostname="LT-jiangxm" name="com.llwallet.interfaces.test.api.test.personal.CashOutCardUnBindTest" tests="24" failures="23" timestamp="2 Nov 2017 13:27:28 GMT" time="8.951" errors="1">
  <testcase name="cashOutCardUnBind1" time="0.017" classname="com.llwallet.interfaces.test.api.test.personal.CashOutCardUnBindTest">
    <failure type="java.lang.IllegalArgumentException" message="host parameter is null">
      <![CDATA[java.lang.IllegalArgumentException: host parameter is null
	at org.apache.commons.httpclient.HttpConnection.<init>(Unknown Source)
	at org.apache.commons.httpclient.HttpConnection.<init>(Unknown Source)
	at org.apache.commons.httpclient.SimpleHttpConnectionManager.getConnectionWithTimeout(Unknown Source)
	at org.apache.commons.httpclient.HttpMethodDirector.executeMethod(Unknown Source)
	at org.apache.commons.httpclient.HttpClient.executeMethod(Unknown Source)
	at org.apache.commons.httpclient.HttpClient.executeMethod(Unknown Source)
	at com.tools.http.HttpFixture.Post(HttpFixture.java:277)
	at com.llwallet.interfaces.test.api.test.personal.CashOutCardUnBindTest.cashOutCardUnBind1(CashOutCardUnBindTest.java:166)
	at sun.reflect.NativeMethodAccessorImpl.invoke0(Native Method)
	at sun.reflect.NativeMethodAccessorImpl.invoke(Unknown Source)
	at sun.reflect.DelegatingMethodAccessorImpl.invoke(Unknown Source)
	at java.lang.reflect.Method.invoke(Unknown Source)
	at org.testng.internal.MethodInvocationHelper.invokeMethod(MethodInvocationHelper.java:85)
	at org.testng.internal.InvokeMethodRunnable.runOne(InvokeMethodRunnable.java:46)
	at org.testng.internal.InvokeMethodRunnable.run(InvokeMethodRunnable.java:37)
	at java.util.concurrent.Executors$RunnableAdapter.call(Unknown Source)
	at java.util.concurrent.FutureTask.run(Unknown Source)
	at java.util.concurrent.ThreadPoolExecutor.runWorker(Unknown Source)
	at java.util.concurrent.ThreadPoolExecutor$Worker.run(Unknown Source)
	at java.lang.Thread.run(Unknown Source)
]]>
    </failure>
  </testcase> <!-- cashOutCardUnBind1 -->
  <testcase name="cashOutCardUnBind2" time="1.884" classname="com.llwallet.interfaces.test.api.test.personal.CashOutCardUnBindTest">
    <failure type="java.lang.IllegalArgumentException" message="host parameter is null">
      <![CDATA[java.lang.IllegalArgumentException: host parameter is null
	at org.apache.commons.httpclient.HttpConnection.setHost(Unknown Source)
	at org.apache.commons.httpclient.SimpleHttpConnectionManager.getConnectionWithTimeout(Unknown Source)
	at org.apache.commons.httpclient.HttpMethodDirector.executeMethod(Unknown Source)
	at org.apache.commons.httpclient.HttpClient.executeMethod(Unknown Source)
	at org.apache.commons.httpclient.HttpClient.executeMethod(Unknown Source)
	at com.tools.http.HttpFixture.Post(HttpFixture.java:277)
	at com.llwallet.interfaces.test.api.test.personal.CashOutCardUnBindTest.cashOutCardUnBind2(CashOutCardUnBindTest.java:321)
	at sun.reflect.NativeMethodAccessorImpl.invoke0(Native Method)
	at sun.reflect.NativeMethodAccessorImpl.invoke(Unknown Source)
	at sun.reflect.DelegatingMethodAccessorImpl.invoke(Unknown Source)
	at java.lang.reflect.Method.invoke(Unknown Source)
	at org.testng.internal.MethodInvocationHelper.invokeMethod(MethodInvocationHelper.java:85)
	at org.testng.internal.InvokeMethodRunnable.runOne(InvokeMethodRunnable.java:46)
	at org.testng.internal.InvokeMethodRunnable.run(InvokeMethodRunnable.java:37)
	at java.util.concurrent.Executors$RunnableAdapter.call(Unknown Source)
	at java.util.concurrent.FutureTask.run(Unknown Source)
	at java.util.concurrent.ThreadPoolExecutor.runWorker(Unknown Source)
	at java.util.concurrent.ThreadPoolExecutor$Worker.run(Unknown Source)
	at java.lang.Thread.run(Unknown Source)
]]>
    </failure>
  </testcase> <!-- cashOutCardUnBind2 -->
  <testcase name="cashOutCardUnBind1" time="0.025" classname="com.llwallet.interfaces.test.api.test.personal.CashOutCardUnBindTest">
    <failure type="java.lang.IllegalArgumentException" message="host parameter is null">
      <![CDATA[java.lang.IllegalArgumentException: host parameter is null
	at org.apache.commons.httpclient.HttpConnection.<init>(Unknown Source)
	at org.apache.commons.httpclient.HttpConnection.<init>(Unknown Source)
	at org.apache.commons.httpclient.SimpleHttpConnectionManager.getConnectionWithTimeout(Unknown Source)
	at org.apache.commons.httpclient.HttpMethodDirector.executeMethod(Unknown Source)
	at org.apache.commons.httpclient.HttpClient.executeMethod(Unknown Source)
	at org.apache.commons.httpclient.HttpClient.executeMethod(Unknown Source)
	at com.tools.http.HttpFixture.Post(HttpFixture.java:277)
	at com.llwallet.interfaces.test.api.test.personal.CashOutCardUnBindTest.cashOutCardUnBind1(CashOutCardUnBindTest.java:166)
	at sun.reflect.NativeMethodAccessorImpl.invoke0(Native Method)
	at sun.reflect.NativeMethodAccessorImpl.invoke(Unknown Source)
	at sun.reflect.DelegatingMethodAccessorImpl.invoke(Unknown Source)
	at java.lang.reflect.Method.invoke(Unknown Source)
	at org.testng.internal.MethodInvocationHelper.invokeMethod(MethodInvocationHelper.java:85)
	at org.testng.internal.InvokeMethodRunnable.runOne(InvokeMethodRunnable.java:46)
	at org.testng.internal.InvokeMethodRunnable.run(InvokeMethodRunnable.java:37)
	at java.util.concurrent.Executors$RunnableAdapter.call(Unknown Source)
	at java.util.concurrent.FutureTask.run(Unknown Source)
	at java.util.concurrent.ThreadPoolExecutor.runWorker(Unknown Source)
	at java.util.concurrent.ThreadPoolExecutor$Worker.run(Unknown Source)
	at java.lang.Thread.run(Unknown Source)
]]>
    </failure>
  </testcase> <!-- cashOutCardUnBind1 -->
  <testcase name="cashOutCardUnBind1" time="0.098" classname="com.llwallet.interfaces.test.api.test.personal.CashOutCardUnBindTest">
    <failure type="java.lang.IllegalArgumentException" message="host parameter is null">
      <![CDATA[java.lang.IllegalArgumentException: host parameter is null
	at org.apache.commons.httpclient.HttpConnection.<init>(Unknown Source)
	at org.apache.commons.httpclient.HttpConnection.<init>(Unknown Source)
	at org.apache.commons.httpclient.SimpleHttpConnectionManager.getConnectionWithTimeout(Unknown Source)
	at org.apache.commons.httpclient.HttpMethodDirector.executeMethod(Unknown Source)
	at org.apache.commons.httpclient.HttpClient.executeMethod(Unknown Source)
	at org.apache.commons.httpclient.HttpClient.executeMethod(Unknown Source)
	at com.tools.http.HttpFixture.Post(HttpFixture.java:277)
	at com.llwallet.interfaces.test.api.test.personal.CashOutCardUnBindTest.cashOutCardUnBind1(CashOutCardUnBindTest.java:166)
	at sun.reflect.NativeMethodAccessorImpl.invoke0(Native Method)
	at sun.reflect.NativeMethodAccessorImpl.invoke(Unknown Source)
	at sun.reflect.DelegatingMethodAccessorImpl.invoke(Unknown Source)
	at java.lang.reflect.Method.invoke(Unknown Source)
	at org.testng.internal.MethodInvocationHelper.invokeMethod(MethodInvocationHelper.java:85)
	at org.testng.internal.InvokeMethodRunnable.runOne(InvokeMethodRunnable.java:46)
	at org.testng.internal.InvokeMethodRunnable.run(InvokeMethodRunnable.java:37)
	at java.util.concurrent.Executors$RunnableAdapter.call(Unknown Source)
	at java.util.concurrent.FutureTask.run(Unknown Source)
	at java.util.concurrent.ThreadPoolExecutor.runWorker(Unknown Source)
	at java.util.concurrent.ThreadPoolExecutor$Worker.run(Unknown Source)
	at java.lang.Thread.run(Unknown Source)
]]>
    </failure>
  </testcase> <!-- cashOutCardUnBind1 -->
  <testcase name="cashOutCardUnBind" time="0.685" classname="com.llwallet.interfaces.test.api.test.personal.CashOutCardUnBindTest">
    <failure type="java.lang.IllegalArgumentException" message="host parameter is null">
      <![CDATA[java.lang.IllegalArgumentException: host parameter is null
	at org.apache.commons.httpclient.HttpConnection.setHost(Unknown Source)
	at org.apache.commons.httpclient.SimpleHttpConnectionManager.getConnectionWithTimeout(Unknown Source)
	at org.apache.commons.httpclient.HttpMethodDirector.executeMethod(Unknown Source)
	at org.apache.commons.httpclient.HttpClient.executeMethod(Unknown Source)
	at org.apache.commons.httpclient.HttpClient.executeMethod(Unknown Source)
	at com.tools.http.HttpFixture.Post(HttpFixture.java:277)
	at com.llwallet.interfaces.test.api.test.personal.CashOutCardUnBindTest.cashOutCardUnBind(CashOutCardUnBindTest.java:97)
	at sun.reflect.NativeMethodAccessorImpl.invoke0(Native Method)
	at sun.reflect.NativeMethodAccessorImpl.invoke(Unknown Source)
	at sun.reflect.DelegatingMethodAccessorImpl.invoke(Unknown Source)
	at java.lang.reflect.Method.invoke(Unknown Source)
	at org.testng.internal.MethodInvocationHelper.invokeMethod(MethodInvocationHelper.java:85)
	at org.testng.internal.InvokeMethodRunnable.runOne(InvokeMethodRunnable.java:46)
	at org.testng.internal.InvokeMethodRunnable.run(InvokeMethodRunnable.java:37)
	at java.util.concurrent.Executors$RunnableAdapter.call(Unknown Source)
	at java.util.concurrent.FutureTask.run(Unknown Source)
	at java.util.concurrent.ThreadPoolExecutor.runWorker(Unknown Source)
	at java.util.concurrent.ThreadPoolExecutor$Worker.run(Unknown Source)
	at java.lang.Thread.run(Unknown Source)
]]>
    </failure>
  </testcase> <!-- cashOutCardUnBind -->
  <testcase name="cashOutCardUnBind1" time="0.017" classname="com.llwallet.interfaces.test.api.test.personal.CashOutCardUnBindTest">
    <failure type="java.lang.IllegalArgumentException" message="host parameter is null">
      <![CDATA[java.lang.IllegalArgumentException: host parameter is null
	at org.apache.commons.httpclient.HttpConnection.<init>(Unknown Source)
	at org.apache.commons.httpclient.HttpConnection.<init>(Unknown Source)
	at org.apache.commons.httpclient.SimpleHttpConnectionManager.getConnectionWithTimeout(Unknown Source)
	at org.apache.commons.httpclient.HttpMethodDirector.executeMethod(Unknown Source)
	at org.apache.commons.httpclient.HttpClient.executeMethod(Unknown Source)
	at org.apache.commons.httpclient.HttpClient.executeMethod(Unknown Source)
	at com.tools.http.HttpFixture.Post(HttpFixture.java:277)
	at com.llwallet.interfaces.test.api.test.personal.CashOutCardUnBindTest.cashOutCardUnBind1(CashOutCardUnBindTest.java:166)
	at sun.reflect.NativeMethodAccessorImpl.invoke0(Native Method)
	at sun.reflect.NativeMethodAccessorImpl.invoke(Unknown Source)
	at sun.reflect.DelegatingMethodAccessorImpl.invoke(Unknown Source)
	at java.lang.reflect.Method.invoke(Unknown Source)
	at org.testng.internal.MethodInvocationHelper.invokeMethod(MethodInvocationHelper.java:85)
	at org.testng.internal.InvokeMethodRunnable.runOne(InvokeMethodRunnable.java:46)
	at org.testng.internal.InvokeMethodRunnable.run(InvokeMethodRunnable.java:37)
	at java.util.concurrent.Executors$RunnableAdapter.call(Unknown Source)
	at java.util.concurrent.FutureTask.run(Unknown Source)
	at java.util.concurrent.ThreadPoolExecutor.runWorker(Unknown Source)
	at java.util.concurrent.ThreadPoolExecutor$Worker.run(Unknown Source)
	at java.lang.Thread.run(Unknown Source)
]]>
    </failure>
  </testcase> <!-- cashOutCardUnBind1 -->
  <testcase name="cashOutCardUnBind1" time="0.020" classname="com.llwallet.interfaces.test.api.test.personal.CashOutCardUnBindTest">
    <failure type="java.lang.IllegalArgumentException" message="host parameter is null">
      <![CDATA[java.lang.IllegalArgumentException: host parameter is null
	at org.apache.commons.httpclient.HttpConnection.<init>(Unknown Source)
	at org.apache.commons.httpclient.HttpConnection.<init>(Unknown Source)
	at org.apache.commons.httpclient.SimpleHttpConnectionManager.getConnectionWithTimeout(Unknown Source)
	at org.apache.commons.httpclient.HttpMethodDirector.executeMethod(Unknown Source)
	at org.apache.commons.httpclient.HttpClient.executeMethod(Unknown Source)
	at org.apache.commons.httpclient.HttpClient.executeMethod(Unknown Source)
	at com.tools.http.HttpFixture.Post(HttpFixture.java:277)
	at com.llwallet.interfaces.test.api.test.personal.CashOutCardUnBindTest.cashOutCardUnBind1(CashOutCardUnBindTest.java:166)
	at sun.reflect.NativeMethodAccessorImpl.invoke0(Native Method)
	at sun.reflect.NativeMethodAccessorImpl.invoke(Unknown Source)
	at sun.reflect.DelegatingMethodAccessorImpl.invoke(Unknown Source)
	at java.lang.reflect.Method.invoke(Unknown Source)
	at org.testng.internal.MethodInvocationHelper.invokeMethod(MethodInvocationHelper.java:85)
	at org.testng.internal.InvokeMethodRunnable.runOne(InvokeMethodRunnable.java:46)
	at org.testng.internal.InvokeMethodRunnable.run(InvokeMethodRunnable.java:37)
	at java.util.concurrent.Executors$RunnableAdapter.call(Unknown Source)
	at java.util.concurrent.FutureTask.run(Unknown Source)
	at java.util.concurrent.ThreadPoolExecutor.runWorker(Unknown Source)
	at java.util.concurrent.ThreadPoolExecutor$Worker.run(Unknown Source)
	at java.lang.Thread.run(Unknown Source)
]]>
    </failure>
  </testcase> <!-- cashOutCardUnBind1 -->
  <testcase name="cashOutCardUnBind1" time="0.016" classname="com.llwallet.interfaces.test.api.test.personal.CashOutCardUnBindTest">
    <failure type="java.lang.IllegalArgumentException" message="host parameter is null">
      <![CDATA[java.lang.IllegalArgumentException: host parameter is null
	at org.apache.commons.httpclient.HttpConnection.<init>(Unknown Source)
	at org.apache.commons.httpclient.HttpConnection.<init>(Unknown Source)
	at org.apache.commons.httpclient.SimpleHttpConnectionManager.getConnectionWithTimeout(Unknown Source)
	at org.apache.commons.httpclient.HttpMethodDirector.executeMethod(Unknown Source)
	at org.apache.commons.httpclient.HttpClient.executeMethod(Unknown Source)
	at org.apache.commons.httpclient.HttpClient.executeMethod(Unknown Source)
	at com.tools.http.HttpFixture.Post(HttpFixture.java:277)
	at com.llwallet.interfaces.test.api.test.personal.CashOutCardUnBindTest.cashOutCardUnBind1(CashOutCardUnBindTest.java:166)
	at sun.reflect.NativeMethodAccessorImpl.invoke0(Native Method)
	at sun.reflect.NativeMethodAccessorImpl.invoke(Unknown Source)
	at sun.reflect.DelegatingMethodAccessorImpl.invoke(Unknown Source)
	at java.lang.reflect.Method.invoke(Unknown Source)
	at org.testng.internal.MethodInvocationHelper.invokeMethod(MethodInvocationHelper.java:85)
	at org.testng.internal.InvokeMethodRunnable.runOne(InvokeMethodRunnable.java:46)
	at org.testng.internal.InvokeMethodRunnable.run(InvokeMethodRunnable.java:37)
	at java.util.concurrent.Executors$RunnableAdapter.call(Unknown Source)
	at java.util.concurrent.FutureTask.run(Unknown Source)
	at java.util.concurrent.ThreadPoolExecutor.runWorker(Unknown Source)
	at java.util.concurrent.ThreadPoolExecutor$Worker.run(Unknown Source)
	at java.lang.Thread.run(Unknown Source)
]]>
    </failure>
  </testcase> <!-- cashOutCardUnBind1 -->
  <testcase name="cashOutCardUnBind2" time="1.557" classname="com.llwallet.interfaces.test.api.test.personal.CashOutCardUnBindTest">
    <error type="java.lang.AssertionError">
      <![CDATA[java.lang.AssertionError
	at com.llwallet.interfaces.test.api.test.personal.CashOutCardUnBindTest.cashOutCardUnBind2(CashOutCardUnBindTest.java:295)
	at sun.reflect.NativeMethodAccessorImpl.invoke0(Native Method)
	at sun.reflect.NativeMethodAccessorImpl.invoke(Unknown Source)
	at sun.reflect.DelegatingMethodAccessorImpl.invoke(Unknown Source)
	at java.lang.reflect.Method.invoke(Unknown Source)
	at org.testng.internal.MethodInvocationHelper.invokeMethod(MethodInvocationHelper.java:85)
	at org.testng.internal.InvokeMethodRunnable.runOne(InvokeMethodRunnable.java:46)
	at org.testng.internal.InvokeMethodRunnable.run(InvokeMethodRunnable.java:37)
	at java.util.concurrent.Executors$RunnableAdapter.call(Unknown Source)
	at java.util.concurrent.FutureTask.run(Unknown Source)
	at java.util.concurrent.ThreadPoolExecutor.runWorker(Unknown Source)
	at java.util.concurrent.ThreadPoolExecutor$Worker.run(Unknown Source)
	at java.lang.Thread.run(Unknown Source)
]]>
    </error>
  </testcase> <!-- cashOutCardUnBind2 -->
  <testcase name="cashOutCardUnBind1" time="0.016" classname="com.llwallet.interfaces.test.api.test.personal.CashOutCardUnBindTest">
    <failure type="java.lang.IllegalArgumentException" message="host parameter is null">
      <![CDATA[java.lang.IllegalArgumentException: host parameter is null
	at org.apache.commons.httpclient.HttpConnection.<init>(Unknown Source)
	at org.apache.commons.httpclient.HttpConnection.<init>(Unknown Source)
	at org.apache.commons.httpclient.SimpleHttpConnectionManager.getConnectionWithTimeout(Unknown Source)
	at org.apache.commons.httpclient.HttpMethodDirector.executeMethod(Unknown Source)
	at org.apache.commons.httpclient.HttpClient.executeMethod(Unknown Source)
	at org.apache.commons.httpclient.HttpClient.executeMethod(Unknown Source)
	at com.tools.http.HttpFixture.Post(HttpFixture.java:277)
	at com.llwallet.interfaces.test.api.test.personal.CashOutCardUnBindTest.cashOutCardUnBind1(CashOutCardUnBindTest.java:166)
	at sun.reflect.NativeMethodAccessorImpl.invoke0(Native Method)
	at sun.reflect.NativeMethodAccessorImpl.invoke(Unknown Source)
	at sun.reflect.DelegatingMethodAccessorImpl.invoke(Unknown Source)
	at java.lang.reflect.Method.invoke(Unknown Source)
	at org.testng.internal.MethodInvocationHelper.invokeMethod(MethodInvocationHelper.java:85)
	at org.testng.internal.InvokeMethodRunnable.runOne(InvokeMethodRunnable.java:46)
	at org.testng.internal.InvokeMethodRunnable.run(InvokeMethodRunnable.java:37)
	at java.util.concurrent.Executors$RunnableAdapter.call(Unknown Source)
	at java.util.concurrent.FutureTask.run(Unknown Source)
	at java.util.concurrent.ThreadPoolExecutor.runWorker(Unknown Source)
	at java.util.concurrent.ThreadPoolExecutor$Worker.run(Unknown Source)
	at java.lang.Thread.run(Unknown Source)
]]>
    </failure>
  </testcase> <!-- cashOutCardUnBind1 -->
  <testcase name="cashOutCardUnBind1" time="0.021" classname="com.llwallet.interfaces.test.api.test.personal.CashOutCardUnBindTest">
    <failure type="java.lang.IllegalArgumentException" message="host parameter is null">
      <![CDATA[java.lang.IllegalArgumentException: host parameter is null
	at org.apache.commons.httpclient.HttpConnection.<init>(Unknown Source)
	at org.apache.commons.httpclient.HttpConnection.<init>(Unknown Source)
	at org.apache.commons.httpclient.SimpleHttpConnectionManager.getConnectionWithTimeout(Unknown Source)
	at org.apache.commons.httpclient.HttpMethodDirector.executeMethod(Unknown Source)
	at org.apache.commons.httpclient.HttpClient.executeMethod(Unknown Source)
	at org.apache.commons.httpclient.HttpClient.executeMethod(Unknown Source)
	at com.tools.http.HttpFixture.Post(HttpFixture.java:277)
	at com.llwallet.interfaces.test.api.test.personal.CashOutCardUnBindTest.cashOutCardUnBind1(CashOutCardUnBindTest.java:166)
	at sun.reflect.NativeMethodAccessorImpl.invoke0(Native Method)
	at sun.reflect.NativeMethodAccessorImpl.invoke(Unknown Source)
	at sun.reflect.DelegatingMethodAccessorImpl.invoke(Unknown Source)
	at java.lang.reflect.Method.invoke(Unknown Source)
	at org.testng.internal.MethodInvocationHelper.invokeMethod(MethodInvocationHelper.java:85)
	at org.testng.internal.InvokeMethodRunnable.runOne(InvokeMethodRunnable.java:46)
	at org.testng.internal.InvokeMethodRunnable.run(InvokeMethodRunnable.java:37)
	at java.util.concurrent.Executors$RunnableAdapter.call(Unknown Source)
	at java.util.concurrent.FutureTask.run(Unknown Source)
	at java.util.concurrent.ThreadPoolExecutor.runWorker(Unknown Source)
	at java.util.concurrent.ThreadPoolExecutor$Worker.run(Unknown Source)
	at java.lang.Thread.run(Unknown Source)
]]>
    </failure>
  </testcase> <!-- cashOutCardUnBind1 -->
  <testcase name="cashOutCardUnBind1" time="0.015" classname="com.llwallet.interfaces.test.api.test.personal.CashOutCardUnBindTest">
    <failure type="java.lang.IllegalArgumentException" message="host parameter is null">
      <![CDATA[java.lang.IllegalArgumentException: host parameter is null
	at org.apache.commons.httpclient.HttpConnection.<init>(Unknown Source)
	at org.apache.commons.httpclient.HttpConnection.<init>(Unknown Source)
	at org.apache.commons.httpclient.SimpleHttpConnectionManager.getConnectionWithTimeout(Unknown Source)
	at org.apache.commons.httpclient.HttpMethodDirector.executeMethod(Unknown Source)
	at org.apache.commons.httpclient.HttpClient.executeMethod(Unknown Source)
	at org.apache.commons.httpclient.HttpClient.executeMethod(Unknown Source)
	at com.tools.http.HttpFixture.Post(HttpFixture.java:277)
	at com.llwallet.interfaces.test.api.test.personal.CashOutCardUnBindTest.cashOutCardUnBind1(CashOutCardUnBindTest.java:166)
	at sun.reflect.NativeMethodAccessorImpl.invoke0(Native Method)
	at sun.reflect.NativeMethodAccessorImpl.invoke(Unknown Source)
	at sun.reflect.DelegatingMethodAccessorImpl.invoke(Unknown Source)
	at java.lang.reflect.Method.invoke(Unknown Source)
	at org.testng.internal.MethodInvocationHelper.invokeMethod(MethodInvocationHelper.java:85)
	at org.testng.internal.InvokeMethodRunnable.runOne(InvokeMethodRunnable.java:46)
	at org.testng.internal.InvokeMethodRunnable.run(InvokeMethodRunnable.java:37)
	at java.util.concurrent.Executors$RunnableAdapter.call(Unknown Source)
	at java.util.concurrent.FutureTask.run(Unknown Source)
	at java.util.concurrent.ThreadPoolExecutor.runWorker(Unknown Source)
	at java.util.concurrent.ThreadPoolExecutor$Worker.run(Unknown Source)
	at java.lang.Thread.run(Unknown Source)
]]>
    </failure>
  </testcase> <!-- cashOutCardUnBind1 -->
  <testcase name="cashOutCardUnBind1" time="0.037" classname="com.llwallet.interfaces.test.api.test.personal.CashOutCardUnBindTest">
    <failure type="java.lang.IllegalArgumentException" message="host parameter is null">
      <![CDATA[java.lang.IllegalArgumentException: host parameter is null
	at org.apache.commons.httpclient.HttpConnection.<init>(Unknown Source)
	at org.apache.commons.httpclient.HttpConnection.<init>(Unknown Source)
	at org.apache.commons.httpclient.SimpleHttpConnectionManager.getConnectionWithTimeout(Unknown Source)
	at org.apache.commons.httpclient.HttpMethodDirector.executeMethod(Unknown Source)
	at org.apache.commons.httpclient.HttpClient.executeMethod(Unknown Source)
	at org.apache.commons.httpclient.HttpClient.executeMethod(Unknown Source)
	at com.tools.http.HttpFixture.Post(HttpFixture.java:277)
	at com.llwallet.interfaces.test.api.test.personal.CashOutCardUnBindTest.cashOutCardUnBind1(CashOutCardUnBindTest.java:166)
	at sun.reflect.NativeMethodAccessorImpl.invoke0(Native Method)
	at sun.reflect.NativeMethodAccessorImpl.invoke(Unknown Source)
	at sun.reflect.DelegatingMethodAccessorImpl.invoke(Unknown Source)
	at java.lang.reflect.Method.invoke(Unknown Source)
	at org.testng.internal.MethodInvocationHelper.invokeMethod(MethodInvocationHelper.java:85)
	at org.testng.internal.InvokeMethodRunnable.runOne(InvokeMethodRunnable.java:46)
	at org.testng.internal.InvokeMethodRunnable.run(InvokeMethodRunnable.java:37)
	at java.util.concurrent.Executors$RunnableAdapter.call(Unknown Source)
	at java.util.concurrent.FutureTask.run(Unknown Source)
	at java.util.concurrent.ThreadPoolExecutor.runWorker(Unknown Source)
	at java.util.concurrent.ThreadPoolExecutor$Worker.run(Unknown Source)
	at java.lang.Thread.run(Unknown Source)
]]>
    </failure>
  </testcase> <!-- cashOutCardUnBind1 -->
  <testcase name="cashOutCardUnBind1" time="0.018" classname="com.llwallet.interfaces.test.api.test.personal.CashOutCardUnBindTest">
    <failure type="java.lang.IllegalArgumentException" message="host parameter is null">
      <![CDATA[java.lang.IllegalArgumentException: host parameter is null
	at org.apache.commons.httpclient.HttpConnection.<init>(Unknown Source)
	at org.apache.commons.httpclient.HttpConnection.<init>(Unknown Source)
	at org.apache.commons.httpclient.SimpleHttpConnectionManager.getConnectionWithTimeout(Unknown Source)
	at org.apache.commons.httpclient.HttpMethodDirector.executeMethod(Unknown Source)
	at org.apache.commons.httpclient.HttpClient.executeMethod(Unknown Source)
	at org.apache.commons.httpclient.HttpClient.executeMethod(Unknown Source)
	at com.tools.http.HttpFixture.Post(HttpFixture.java:277)
	at com.llwallet.interfaces.test.api.test.personal.CashOutCardUnBindTest.cashOutCardUnBind1(CashOutCardUnBindTest.java:166)
	at sun.reflect.GeneratedMethodAccessor33.invoke(Unknown Source)
	at sun.reflect.DelegatingMethodAccessorImpl.invoke(Unknown Source)
	at java.lang.reflect.Method.invoke(Unknown Source)
	at org.testng.internal.MethodInvocationHelper.invokeMethod(MethodInvocationHelper.java:85)
	at org.testng.internal.InvokeMethodRunnable.runOne(InvokeMethodRunnable.java:46)
	at org.testng.internal.InvokeMethodRunnable.run(InvokeMethodRunnable.java:37)
	at java.util.concurrent.Executors$RunnableAdapter.call(Unknown Source)
	at java.util.concurrent.FutureTask.run(Unknown Source)
	at java.util.concurrent.ThreadPoolExecutor.runWorker(Unknown Source)
	at java.util.concurrent.ThreadPoolExecutor$Worker.run(Unknown Source)
	at java.lang.Thread.run(Unknown Source)
]]>
    </failure>
  </testcase> <!-- cashOutCardUnBind1 -->
  <testcase name="cashOutCardUnBind1" time="0.017" classname="com.llwallet.interfaces.test.api.test.personal.CashOutCardUnBindTest">
    <failure type="java.lang.IllegalArgumentException" message="host parameter is null">
      <![CDATA[java.lang.IllegalArgumentException: host parameter is null
	at org.apache.commons.httpclient.HttpConnection.<init>(Unknown Source)
	at org.apache.commons.httpclient.HttpConnection.<init>(Unknown Source)
	at org.apache.commons.httpclient.SimpleHttpConnectionManager.getConnectionWithTimeout(Unknown Source)
	at org.apache.commons.httpclient.HttpMethodDirector.executeMethod(Unknown Source)
	at org.apache.commons.httpclient.HttpClient.executeMethod(Unknown Source)
	at org.apache.commons.httpclient.HttpClient.executeMethod(Unknown Source)
	at com.tools.http.HttpFixture.Post(HttpFixture.java:277)
	at com.llwallet.interfaces.test.api.test.personal.CashOutCardUnBindTest.cashOutCardUnBind1(CashOutCardUnBindTest.java:166)
	at sun.reflect.GeneratedMethodAccessor33.invoke(Unknown Source)
	at sun.reflect.DelegatingMethodAccessorImpl.invoke(Unknown Source)
	at java.lang.reflect.Method.invoke(Unknown Source)
	at org.testng.internal.MethodInvocationHelper.invokeMethod(MethodInvocationHelper.java:85)
	at org.testng.internal.InvokeMethodRunnable.runOne(InvokeMethodRunnable.java:46)
	at org.testng.internal.InvokeMethodRunnable.run(InvokeMethodRunnable.java:37)
	at java.util.concurrent.Executors$RunnableAdapter.call(Unknown Source)
	at java.util.concurrent.FutureTask.run(Unknown Source)
	at java.util.concurrent.ThreadPoolExecutor.runWorker(Unknown Source)
	at java.util.concurrent.ThreadPoolExecutor$Worker.run(Unknown Source)
	at java.lang.Thread.run(Unknown Source)
]]>
    </failure>
  </testcase> <!-- cashOutCardUnBind1 -->
  <testcase name="cashOutCardUnBind1" time="0.016" classname="com.llwallet.interfaces.test.api.test.personal.CashOutCardUnBindTest">
    <failure type="java.lang.IllegalArgumentException" message="host parameter is null">
      <![CDATA[java.lang.IllegalArgumentException: host parameter is null
	at org.apache.commons.httpclient.HttpConnection.<init>(Unknown Source)
	at org.apache.commons.httpclient.HttpConnection.<init>(Unknown Source)
	at org.apache.commons.httpclient.SimpleHttpConnectionManager.getConnectionWithTimeout(Unknown Source)
	at org.apache.commons.httpclient.HttpMethodDirector.executeMethod(Unknown Source)
	at org.apache.commons.httpclient.HttpClient.executeMethod(Unknown Source)
	at org.apache.commons.httpclient.HttpClient.executeMethod(Unknown Source)
	at com.tools.http.HttpFixture.Post(HttpFixture.java:277)
	at com.llwallet.interfaces.test.api.test.personal.CashOutCardUnBindTest.cashOutCardUnBind1(CashOutCardUnBindTest.java:166)
	at sun.reflect.NativeMethodAccessorImpl.invoke0(Native Method)
	at sun.reflect.NativeMethodAccessorImpl.invoke(Unknown Source)
	at sun.reflect.DelegatingMethodAccessorImpl.invoke(Unknown Source)
	at java.lang.reflect.Method.invoke(Unknown Source)
	at org.testng.internal.MethodInvocationHelper.invokeMethod(MethodInvocationHelper.java:85)
	at org.testng.internal.InvokeMethodRunnable.runOne(InvokeMethodRunnable.java:46)
	at org.testng.internal.InvokeMethodRunnable.run(InvokeMethodRunnable.java:37)
	at java.util.concurrent.Executors$RunnableAdapter.call(Unknown Source)
	at java.util.concurrent.FutureTask.run(Unknown Source)
	at java.util.concurrent.ThreadPoolExecutor.runWorker(Unknown Source)
	at java.util.concurrent.ThreadPoolExecutor$Worker.run(Unknown Source)
	at java.lang.Thread.run(Unknown Source)
]]>
    </failure>
  </testcase> <!-- cashOutCardUnBind1 -->
  <testcase name="cashOutCardUnBind1" time="0.017" classname="com.llwallet.interfaces.test.api.test.personal.CashOutCardUnBindTest">
    <failure type="java.lang.IllegalArgumentException" message="host parameter is null">
      <![CDATA[java.lang.IllegalArgumentException: host parameter is null
	at org.apache.commons.httpclient.HttpConnection.<init>(Unknown Source)
	at org.apache.commons.httpclient.HttpConnection.<init>(Unknown Source)
	at org.apache.commons.httpclient.SimpleHttpConnectionManager.getConnectionWithTimeout(Unknown Source)
	at org.apache.commons.httpclient.HttpMethodDirector.executeMethod(Unknown Source)
	at org.apache.commons.httpclient.HttpClient.executeMethod(Unknown Source)
	at org.apache.commons.httpclient.HttpClient.executeMethod(Unknown Source)
	at com.tools.http.HttpFixture.Post(HttpFixture.java:277)
	at com.llwallet.interfaces.test.api.test.personal.CashOutCardUnBindTest.cashOutCardUnBind1(CashOutCardUnBindTest.java:166)
	at sun.reflect.NativeMethodAccessorImpl.invoke0(Native Method)
	at sun.reflect.NativeMethodAccessorImpl.invoke(Unknown Source)
	at sun.reflect.DelegatingMethodAccessorImpl.invoke(Unknown Source)
	at java.lang.reflect.Method.invoke(Unknown Source)
	at org.testng.internal.MethodInvocationHelper.invokeMethod(MethodInvocationHelper.java:85)
	at org.testng.internal.InvokeMethodRunnable.runOne(InvokeMethodRunnable.java:46)
	at org.testng.internal.InvokeMethodRunnable.run(InvokeMethodRunnable.java:37)
	at java.util.concurrent.Executors$RunnableAdapter.call(Unknown Source)
	at java.util.concurrent.FutureTask.run(Unknown Source)
	at java.util.concurrent.ThreadPoolExecutor.runWorker(Unknown Source)
	at java.util.concurrent.ThreadPoolExecutor$Worker.run(Unknown Source)
	at java.lang.Thread.run(Unknown Source)
]]>
    </failure>
  </testcase> <!-- cashOutCardUnBind1 -->
  <testcase name="cashOutCardUnBind1" time="0.162" classname="com.llwallet.interfaces.test.api.test.personal.CashOutCardUnBindTest">
    <failure type="java.lang.IllegalArgumentException" message="host parameter is null">
      <![CDATA[java.lang.IllegalArgumentException: host parameter is null
	at org.apache.commons.httpclient.HttpConnection.<init>(Unknown Source)
	at org.apache.commons.httpclient.HttpConnection.<init>(Unknown Source)
	at org.apache.commons.httpclient.SimpleHttpConnectionManager.getConnectionWithTimeout(Unknown Source)
	at org.apache.commons.httpclient.HttpMethodDirector.executeMethod(Unknown Source)
	at org.apache.commons.httpclient.HttpClient.executeMethod(Unknown Source)
	at org.apache.commons.httpclient.HttpClient.executeMethod(Unknown Source)
	at com.tools.http.HttpFixture.Post(HttpFixture.java:277)
	at com.llwallet.interfaces.test.api.test.personal.CashOutCardUnBindTest.cashOutCardUnBind1(CashOutCardUnBindTest.java:166)
	at sun.reflect.NativeMethodAccessorImpl.invoke0(Native Method)
	at sun.reflect.NativeMethodAccessorImpl.invoke(Unknown Source)
	at sun.reflect.DelegatingMethodAccessorImpl.invoke(Unknown Source)
	at java.lang.reflect.Method.invoke(Unknown Source)
	at org.testng.internal.MethodInvocationHelper.invokeMethod(MethodInvocationHelper.java:85)
	at org.testng.internal.InvokeMethodRunnable.runOne(InvokeMethodRunnable.java:46)
	at org.testng.internal.InvokeMethodRunnable.run(InvokeMethodRunnable.java:37)
	at java.util.concurrent.Executors$RunnableAdapter.call(Unknown Source)
	at java.util.concurrent.FutureTask.run(Unknown Source)
	at java.util.concurrent.ThreadPoolExecutor.runWorker(Unknown Source)
	at java.util.concurrent.ThreadPoolExecutor$Worker.run(Unknown Source)
	at java.lang.Thread.run(Unknown Source)
]]>
    </failure>
  </testcase> <!-- cashOutCardUnBind1 -->
  <testcase name="cashOutCardUnBind" time="0.261" classname="com.llwallet.interfaces.test.api.test.personal.CashOutCardUnBindTest">
    <failure type="java.lang.IllegalArgumentException" message="host parameter is null">
      <![CDATA[java.lang.IllegalArgumentException: host parameter is null
	at org.apache.commons.httpclient.HttpConnection.setHost(Unknown Source)
	at org.apache.commons.httpclient.SimpleHttpConnectionManager.getConnectionWithTimeout(Unknown Source)
	at org.apache.commons.httpclient.HttpMethodDirector.executeMethod(Unknown Source)
	at org.apache.commons.httpclient.HttpClient.executeMethod(Unknown Source)
	at org.apache.commons.httpclient.HttpClient.executeMethod(Unknown Source)
	at com.tools.http.HttpFixture.Post(HttpFixture.java:277)
	at com.llwallet.interfaces.test.api.test.personal.CashOutCardUnBindTest.cashOutCardUnBind(CashOutCardUnBindTest.java:97)
	at sun.reflect.NativeMethodAccessorImpl.invoke0(Native Method)
	at sun.reflect.NativeMethodAccessorImpl.invoke(Unknown Source)
	at sun.reflect.DelegatingMethodAccessorImpl.invoke(Unknown Source)
	at java.lang.reflect.Method.invoke(Unknown Source)
	at org.testng.internal.MethodInvocationHelper.invokeMethod(MethodInvocationHelper.java:85)
	at org.testng.internal.InvokeMethodRunnable.runOne(InvokeMethodRunnable.java:46)
	at org.testng.internal.InvokeMethodRunnable.run(InvokeMethodRunnable.java:37)
	at java.util.concurrent.Executors$RunnableAdapter.call(Unknown Source)
	at java.util.concurrent.FutureTask.run(Unknown Source)
	at java.util.concurrent.ThreadPoolExecutor.runWorker(Unknown Source)
	at java.util.concurrent.ThreadPoolExecutor$Worker.run(Unknown Source)
	at java.lang.Thread.run(Unknown Source)
]]>
    </failure>
  </testcase> <!-- cashOutCardUnBind -->
  <testcase name="cashOutCardUnBind2" time="3.351" classname="com.llwallet.interfaces.test.api.test.personal.CashOutCardUnBindTest">
    <failure type="java.lang.IllegalArgumentException" message="host parameter is null">
      <![CDATA[java.lang.IllegalArgumentException: host parameter is null
	at org.apache.commons.httpclient.HttpConnection.setHost(Unknown Source)
	at org.apache.commons.httpclient.SimpleHttpConnectionManager.getConnectionWithTimeout(Unknown Source)
	at org.apache.commons.httpclient.HttpMethodDirector.executeMethod(Unknown Source)
	at org.apache.commons.httpclient.HttpClient.executeMethod(Unknown Source)
	at org.apache.commons.httpclient.HttpClient.executeMethod(Unknown Source)
	at com.tools.http.HttpFixture.Post(HttpFixture.java:277)
	at com.llwallet.interfaces.test.api.test.personal.CashOutCardUnBindTest.cashOutCardUnBind2(CashOutCardUnBindTest.java:321)
	at sun.reflect.NativeMethodAccessorImpl.invoke0(Native Method)
	at sun.reflect.NativeMethodAccessorImpl.invoke(Unknown Source)
	at sun.reflect.DelegatingMethodAccessorImpl.invoke(Unknown Source)
	at java.lang.reflect.Method.invoke(Unknown Source)
	at org.testng.internal.MethodInvocationHelper.invokeMethod(MethodInvocationHelper.java:85)
	at org.testng.internal.InvokeMethodRunnable.runOne(InvokeMethodRunnable.java:46)
	at org.testng.internal.InvokeMethodRunnable.run(InvokeMethodRunnable.java:37)
	at java.util.concurrent.Executors$RunnableAdapter.call(Unknown Source)
	at java.util.concurrent.FutureTask.run(Unknown Source)
	at java.util.concurrent.ThreadPoolExecutor.runWorker(Unknown Source)
	at java.util.concurrent.ThreadPoolExecutor$Worker.run(Unknown Source)
	at java.lang.Thread.run(Unknown Source)
]]>
    </failure>
  </testcase> <!-- cashOutCardUnBind2 -->
  <testcase name="cashOutCardUnBind1" time="0.021" classname="com.llwallet.interfaces.test.api.test.personal.CashOutCardUnBindTest">
    <failure type="java.lang.IllegalArgumentException" message="host parameter is null">
      <![CDATA[java.lang.IllegalArgumentException: host parameter is null
	at org.apache.commons.httpclient.HttpConnection.<init>(Unknown Source)
	at org.apache.commons.httpclient.HttpConnection.<init>(Unknown Source)
	at org.apache.commons.httpclient.SimpleHttpConnectionManager.getConnectionWithTimeout(Unknown Source)
	at org.apache.commons.httpclient.HttpMethodDirector.executeMethod(Unknown Source)
	at org.apache.commons.httpclient.HttpClient.executeMethod(Unknown Source)
	at org.apache.commons.httpclient.HttpClient.executeMethod(Unknown Source)
	at com.tools.http.HttpFixture.Post(HttpFixture.java:277)
	at com.llwallet.interfaces.test.api.test.personal.CashOutCardUnBindTest.cashOutCardUnBind1(CashOutCardUnBindTest.java:166)
	at sun.reflect.NativeMethodAccessorImpl.invoke0(Native Method)
	at sun.reflect.NativeMethodAccessorImpl.invoke(Unknown Source)
	at sun.reflect.DelegatingMethodAccessorImpl.invoke(Unknown Source)
	at java.lang.reflect.Method.invoke(Unknown Source)
	at org.testng.internal.MethodInvocationHelper.invokeMethod(MethodInvocationHelper.java:85)
	at org.testng.internal.InvokeMethodRunnable.runOne(InvokeMethodRunnable.java:46)
	at org.testng.internal.InvokeMethodRunnable.run(InvokeMethodRunnable.java:37)
	at java.util.concurrent.Executors$RunnableAdapter.call(Unknown Source)
	at java.util.concurrent.FutureTask.run(Unknown Source)
	at java.util.concurrent.ThreadPoolExecutor.runWorker(Unknown Source)
	at java.util.concurrent.ThreadPoolExecutor$Worker.run(Unknown Source)
	at java.lang.Thread.run(Unknown Source)
]]>
    </failure>
  </testcase> <!-- cashOutCardUnBind1 -->
  <testcase name="cashOutCardUnBind1" time="0.017" classname="com.llwallet.interfaces.test.api.test.personal.CashOutCardUnBindTest">
    <failure type="java.lang.IllegalArgumentException" message="host parameter is null">
      <![CDATA[java.lang.IllegalArgumentException: host parameter is null
	at org.apache.commons.httpclient.HttpConnection.<init>(Unknown Source)
	at org.apache.commons.httpclient.HttpConnection.<init>(Unknown Source)
	at org.apache.commons.httpclient.SimpleHttpConnectionManager.getConnectionWithTimeout(Unknown Source)
	at org.apache.commons.httpclient.HttpMethodDirector.executeMethod(Unknown Source)
	at org.apache.commons.httpclient.HttpClient.executeMethod(Unknown Source)
	at org.apache.commons.httpclient.HttpClient.executeMethod(Unknown Source)
	at com.tools.http.HttpFixture.Post(HttpFixture.java:277)
	at com.llwallet.interfaces.test.api.test.personal.CashOutCardUnBindTest.cashOutCardUnBind1(CashOutCardUnBindTest.java:166)
	at sun.reflect.NativeMethodAccessorImpl.invoke0(Native Method)
	at sun.reflect.NativeMethodAccessorImpl.invoke(Unknown Source)
	at sun.reflect.DelegatingMethodAccessorImpl.invoke(Unknown Source)
	at java.lang.reflect.Method.invoke(Unknown Source)
	at org.testng.internal.MethodInvocationHelper.invokeMethod(MethodInvocationHelper.java:85)
	at org.testng.internal.InvokeMethodRunnable.runOne(InvokeMethodRunnable.java:46)
	at org.testng.internal.InvokeMethodRunnable.run(InvokeMethodRunnable.java:37)
	at java.util.concurrent.Executors$RunnableAdapter.call(Unknown Source)
	at java.util.concurrent.FutureTask.run(Unknown Source)
	at java.util.concurrent.ThreadPoolExecutor.runWorker(Unknown Source)
	at java.util.concurrent.ThreadPoolExecutor$Worker.run(Unknown Source)
	at java.lang.Thread.run(Unknown Source)
]]>
    </failure>
  </testcase> <!-- cashOutCardUnBind1 -->
  <testcase name="cashOutCardUnBind" time="0.644" classname="com.llwallet.interfaces.test.api.test.personal.CashOutCardUnBindTest">
    <failure type="java.lang.IllegalArgumentException" message="host parameter is null">
      <![CDATA[java.lang.IllegalArgumentException: host parameter is null
	at org.apache.commons.httpclient.HttpConnection.setHost(Unknown Source)
	at org.apache.commons.httpclient.SimpleHttpConnectionManager.getConnectionWithTimeout(Unknown Source)
	at org.apache.commons.httpclient.HttpMethodDirector.executeMethod(Unknown Source)
	at org.apache.commons.httpclient.HttpClient.executeMethod(Unknown Source)
	at org.apache.commons.httpclient.HttpClient.executeMethod(Unknown Source)
	at com.tools.http.HttpFixture.Post(HttpFixture.java:277)
	at com.llwallet.interfaces.test.api.test.personal.CashOutCardUnBindTest.cashOutCardUnBind(CashOutCardUnBindTest.java:97)
	at sun.reflect.NativeMethodAccessorImpl.invoke0(Native Method)
	at sun.reflect.NativeMethodAccessorImpl.invoke(Unknown Source)
	at sun.reflect.DelegatingMethodAccessorImpl.invoke(Unknown Source)
	at java.lang.reflect.Method.invoke(Unknown Source)
	at org.testng.internal.MethodInvocationHelper.invokeMethod(MethodInvocationHelper.java:85)
	at org.testng.internal.InvokeMethodRunnable.runOne(InvokeMethodRunnable.java:46)
	at org.testng.internal.InvokeMethodRunnable.run(InvokeMethodRunnable.java:37)
	at java.util.concurrent.Executors$RunnableAdapter.call(Unknown Source)
	at java.util.concurrent.FutureTask.run(Unknown Source)
	at java.util.concurrent.ThreadPoolExecutor.runWorker(Unknown Source)
	at java.util.concurrent.ThreadPoolExecutor$Worker.run(Unknown Source)
	at java.lang.Thread.run(Unknown Source)
]]>
    </failure>
  </testcase> <!-- cashOutCardUnBind -->
  <testcase name="cashOutCardUnBind1" time="0.019" classname="com.llwallet.interfaces.test.api.test.personal.CashOutCardUnBindTest">
    <failure type="java.lang.IllegalArgumentException" message="host parameter is null">
      <![CDATA[java.lang.IllegalArgumentException: host parameter is null
	at org.apache.commons.httpclient.HttpConnection.<init>(Unknown Source)
	at org.apache.commons.httpclient.HttpConnection.<init>(Unknown Source)
	at org.apache.commons.httpclient.SimpleHttpConnectionManager.getConnectionWithTimeout(Unknown Source)
	at org.apache.commons.httpclient.HttpMethodDirector.executeMethod(Unknown Source)
	at org.apache.commons.httpclient.HttpClient.executeMethod(Unknown Source)
	at org.apache.commons.httpclient.HttpClient.executeMethod(Unknown Source)
	at com.tools.http.HttpFixture.Post(HttpFixture.java:277)
	at com.llwallet.interfaces.test.api.test.personal.CashOutCardUnBindTest.cashOutCardUnBind1(CashOutCardUnBindTest.java:166)
	at sun.reflect.NativeMethodAccessorImpl.invoke0(Native Method)
	at sun.reflect.NativeMethodAccessorImpl.invoke(Unknown Source)
	at sun.reflect.DelegatingMethodAccessorImpl.invoke(Unknown Source)
	at java.lang.reflect.Method.invoke(Unknown Source)
	at org.testng.internal.MethodInvocationHelper.invokeMethod(MethodInvocationHelper.java:85)
	at org.testng.internal.InvokeMethodRunnable.runOne(InvokeMethodRunnable.java:46)
	at org.testng.internal.InvokeMethodRunnable.run(InvokeMethodRunnable.java:37)
	at java.util.concurrent.Executors$RunnableAdapter.call(Unknown Source)
	at java.util.concurrent.FutureTask.run(Unknown Source)
	at java.util.concurrent.ThreadPoolExecutor.runWorker(Unknown Source)
	at java.util.concurrent.ThreadPoolExecutor$Worker.run(Unknown Source)
	at java.lang.Thread.run(Unknown Source)
]]>
    </failure>
  </testcase> <!-- cashOutCardUnBind1 -->
</testsuite> <!-- com.llwallet.interfaces.test.api.test.personal.CashOutCardUnBindTest -->
