<?xml version="1.0" encoding="UTF-8"?>
<!-- Generated by org.testng.reporters.JUnitReportReporter -->
<testsuite hostname="LT-jiangxm" name="com.llwallet.interfaces.test.api.online.other.CombinePayOnlineTest" tests="1" failures="0" timestamp="5 Dec 2017 12:56:16 GMT" time="1.639" errors="0">
  <testcase name="combinePay" time="1.639" classname="com.llwallet.interfaces.test.api.online.other.CombinePayOnlineTest"/>
</testsuite> <!-- com.llwallet.interfaces.test.api.online.other.CombinePayOnlineTest -->
