<?xml version="1.0" encoding="UTF-8"?>
<!-- Generated by org.testng.reporters.JUnitReportReporter -->
<testsuite hostname="LT-jiangxm" name="com.llwallet.interfaces.test.api.test.personal.CombinePay1Test" tests="1" failures="0" timestamp="29 Nov 2017 09:40:43 GMT" time="3.488" errors="0">
  <testcase name="combinePay" time="3.488" classname="com.llwallet.interfaces.test.api.test.personal.CombinePay1Test"/>
</testsuite> <!-- com.llwallet.interfaces.test.api.test.personal.CombinePay1Test -->
