<?xml version="1.0" encoding="UTF-8"?>
<!-- Generated by org.testng.reporters.JUnitReportReporter -->
<testsuite hostname="LT-jiangxm" name="com.llwallet.interfaces.test.api.test.personal.TraderPaymentTest" tests="73" failures="1" timestamp="4 Nov 2017 08:23:14 GMT" time="95.848" errors="0">
  <testcase name="traderPayment" time="1.384" classname="com.llwallet.interfaces.test.api.test.personal.TraderPaymentTest"/>
  <testcase name="traderPayment" time="1.498" classname="com.llwallet.interfaces.test.api.test.personal.TraderPaymentTest"/>
  <testcase name="traderPayment" time="1.508" classname="com.llwallet.interfaces.test.api.test.personal.TraderPaymentTest"/>
  <testcase name="traderPayment" time="2.509" classname="com.llwallet.interfaces.test.api.test.personal.TraderPaymentTest"/>
  <testcase name="traderPayment" time="1.460" classname="com.llwallet.interfaces.test.api.test.personal.TraderPaymentTest"/>
  <testcase name="traderPayment1" time="1.026" classname="com.llwallet.interfaces.test.api.test.personal.TraderPaymentTest"/>
  <testcase name="traderPayment" time="1.985" classname="com.llwallet.interfaces.test.api.test.personal.TraderPaymentTest"/>
  <testcase name="traderPayment1" time="1.440" classname="com.llwallet.interfaces.test.api.test.personal.TraderPaymentTest"/>
  <testcase name="traderPayment" time="1.025" classname="com.llwallet.interfaces.test.api.test.personal.TraderPaymentTest"/>
  <testcase name="traderPayment" time="1.032" classname="com.llwallet.interfaces.test.api.test.personal.TraderPaymentTest"/>
  <testcase name="traderPayment" time="1.038" classname="com.llwallet.interfaces.test.api.test.personal.TraderPaymentTest"/>
  <testcase name="traderPayment1" time="1.371" classname="com.llwallet.interfaces.test.api.test.personal.TraderPaymentTest"/>
  <testcase name="traderPayment" time="1.481" classname="com.llwallet.interfaces.test.api.test.personal.TraderPaymentTest"/>
  <testcase name="traderPayment" time="1.832" classname="com.llwallet.interfaces.test.api.test.personal.TraderPaymentTest"/>
  <testcase name="traderPayment" time="1.848" classname="com.llwallet.interfaces.test.api.test.personal.TraderPaymentTest"/>
  <testcase name="traderPayment" time="1.416" classname="com.llwallet.interfaces.test.api.test.personal.TraderPaymentTest"/>
  <testcase name="traderPayment" time="1.462" classname="com.llwallet.interfaces.test.api.test.personal.TraderPaymentTest"/>
  <testcase name="traderPayment" time="1.031" classname="com.llwallet.interfaces.test.api.test.personal.TraderPaymentTest"/>
  <testcase name="traderPayment1" time="1.031" classname="com.llwallet.interfaces.test.api.test.personal.TraderPaymentTest"/>
  <testcase name="traderPayment1" time="1.027" classname="com.llwallet.interfaces.test.api.test.personal.TraderPaymentTest"/>
  <testcase name="traderPayment1" time="1.507" classname="com.llwallet.interfaces.test.api.test.personal.TraderPaymentTest"/>
  <testcase name="traderPayment1" time="1.033" classname="com.llwallet.interfaces.test.api.test.personal.TraderPaymentTest"/>
  <testcase name="traderPayment1" time="1.025" classname="com.llwallet.interfaces.test.api.test.personal.TraderPaymentTest"/>
  <testcase name="traderPayment1" time="1.117" classname="com.llwallet.interfaces.test.api.test.personal.TraderPaymentTest"/>
  <testcase name="traderPayment1" time="1.025" classname="com.llwallet.interfaces.test.api.test.personal.TraderPaymentTest"/>
  <testcase name="traderPayment1" time="1.020" classname="com.llwallet.interfaces.test.api.test.personal.TraderPaymentTest"/>
  <testcase name="traderPayment1" time="1.062" classname="com.llwallet.interfaces.test.api.test.personal.TraderPaymentTest"/>
  <testcase name="traderPayment1" time="1.049" classname="com.llwallet.interfaces.test.api.test.personal.TraderPaymentTest"/>
  <testcase name="traderPayment" time="1.588" classname="com.llwallet.interfaces.test.api.test.personal.TraderPaymentTest"/>
  <testcase name="traderPayment1" time="1.378" classname="com.llwallet.interfaces.test.api.test.personal.TraderPaymentTest"/>
  <testcase name="traderPayment1" time="1.026" classname="com.llwallet.interfaces.test.api.test.personal.TraderPaymentTest"/>
  <testcase name="traderPayment" time="1.520" classname="com.llwallet.interfaces.test.api.test.personal.TraderPaymentTest"/>
  <testcase name="traderPayment" time="1.516" classname="com.llwallet.interfaces.test.api.test.personal.TraderPaymentTest"/>
  <testcase name="traderPayment" time="1.467" classname="com.llwallet.interfaces.test.api.test.personal.TraderPaymentTest"/>
  <testcase name="traderPayment" time="1.472" classname="com.llwallet.interfaces.test.api.test.personal.TraderPaymentTest"/>
  <testcase name="traderPayment1" time="1.034" classname="com.llwallet.interfaces.test.api.test.personal.TraderPaymentTest"/>
  <testcase name="traderPayment" time="1.579" classname="com.llwallet.interfaces.test.api.test.personal.TraderPaymentTest"/>
  <testcase name="traderPayment1" time="1.046" classname="com.llwallet.interfaces.test.api.test.personal.TraderPaymentTest"/>
  <testcase name="traderPayment1" time="1.431" classname="com.llwallet.interfaces.test.api.test.personal.TraderPaymentTest"/>
  <testcase name="traderPayment" time="1.568" classname="com.llwallet.interfaces.test.api.test.personal.TraderPaymentTest"/>
  <testcase name="traderPayment1" time="1.019" classname="com.llwallet.interfaces.test.api.test.personal.TraderPaymentTest"/>
  <testcase name="traderPayment1" time="1.043" classname="com.llwallet.interfaces.test.api.test.personal.TraderPaymentTest"/>
  <testcase name="traderPayment" time="1.479" classname="com.llwallet.interfaces.test.api.test.personal.TraderPaymentTest"/>
  <testcase name="traderPayment" time="1.477" classname="com.llwallet.interfaces.test.api.test.personal.TraderPaymentTest"/>
  <testcase name="traderPayment" time="1.819" classname="com.llwallet.interfaces.test.api.test.personal.TraderPaymentTest"/>
  <testcase name="traderPayment1" time="1.036" classname="com.llwallet.interfaces.test.api.test.personal.TraderPaymentTest"/>
  <testcase name="traderPayment1" time="1.135" classname="com.llwallet.interfaces.test.api.test.personal.TraderPaymentTest"/>
  <testcase name="traderPayment1" time="1.540" classname="com.llwallet.interfaces.test.api.test.personal.TraderPaymentTest"/>
  <testcase name="traderPayment" time="1.524" classname="com.llwallet.interfaces.test.api.test.personal.TraderPaymentTest"/>
  <testcase name="traderPayment1" time="1.027" classname="com.llwallet.interfaces.test.api.test.personal.TraderPaymentTest"/>
  <testcase name="traderPayment1" time="1.083" classname="com.llwallet.interfaces.test.api.test.personal.TraderPaymentTest"/>
  <testcase name="traderPayment1" time="1.024" classname="com.llwallet.interfaces.test.api.test.personal.TraderPaymentTest"/>
  <testcase name="traderPayment" time="1.446" classname="com.llwallet.interfaces.test.api.test.personal.TraderPaymentTest"/>
  <testcase name="pt" time="0.408" classname="com.llwallet.interfaces.test.api.test.personal.TraderPaymentTest">
    <failure type="java.lang.NullPointerException">
      <![CDATA[java.lang.NullPointerException
	at com.tools.dataprovider.ExcelProvider.next(ExcelProvider.java:218)
	at com.tools.dataprovider.ExcelProvider.next(ExcelProvider.java:1)
	at org.testng.internal.Invoker.invokeTestMethods(Invoker.java:1183)
	at org.testng.internal.TestMethodWorker.invokeTestMethods(TestMethodWorker.java:124)
	at org.testng.internal.TestMethodWorker.run(TestMethodWorker.java:108)
	at org.testng.TestRunner.privateRun(TestRunner.java:767)
	at org.testng.TestRunner.run(TestRunner.java:617)
	at org.testng.SuiteRunner.runTest(SuiteRunner.java:348)
	at org.testng.SuiteRunner.runSequentially(SuiteRunner.java:343)
	at org.testng.SuiteRunner.privateRun(SuiteRunner.java:305)
	at org.testng.SuiteRunner.run(SuiteRunner.java:254)
	at org.testng.SuiteRunnerWorker.runSuite(SuiteRunnerWorker.java:52)
	at org.testng.SuiteRunnerWorker.run(SuiteRunnerWorker.java:86)
	at org.testng.TestNG.runSuitesSequentially(TestNG.java:1224)
	at org.testng.TestNG.runSuitesLocally(TestNG.java:1149)
	at org.testng.TestNG.run(TestNG.java:1057)
	at org.testng.remote.RemoteTestNG.run(RemoteTestNG.java:111)
	at org.testng.remote.RemoteTestNG.initAndRun(RemoteTestNG.java:204)
	at org.testng.remote.RemoteTestNG.main(RemoteTestNG.java:175)
]]>
    </failure>
  </testcase> <!-- pt -->
  <testcase name="traderPayment" time="1.875" classname="com.llwallet.interfaces.test.api.test.personal.TraderPaymentTest"/>
  <testcase name="traderPayment1" time="1.244" classname="com.llwallet.interfaces.test.api.test.personal.TraderPaymentTest"/>
  <testcase name="traderPayment" time="1.485" classname="com.llwallet.interfaces.test.api.test.personal.TraderPaymentTest"/>
  <testcase name="traderPayment1" time="1.019" classname="com.llwallet.interfaces.test.api.test.personal.TraderPaymentTest"/>
  <testcase name="traderPayment1" time="1.073" classname="com.llwallet.interfaces.test.api.test.personal.TraderPaymentTest"/>
  <testcase name="traderPayment1" time="1.029" classname="com.llwallet.interfaces.test.api.test.personal.TraderPaymentTest"/>
  <testcase name="traderPayment1" time="1.038" classname="com.llwallet.interfaces.test.api.test.personal.TraderPaymentTest"/>
  <testcase name="traderPayment" time="1.033" classname="com.llwallet.interfaces.test.api.test.personal.TraderPaymentTest"/>
  <testcase name="traderPayment" time="1.491" classname="com.llwallet.interfaces.test.api.test.personal.TraderPaymentTest"/>
  <testcase name="traderPayment1" time="1.047" classname="com.llwallet.interfaces.test.api.test.personal.TraderPaymentTest"/>
  <testcase name="traderPayment" time="1.788" classname="com.llwallet.interfaces.test.api.test.personal.TraderPaymentTest"/>
  <testcase name="traderPayment" time="2.384" classname="com.llwallet.interfaces.test.api.test.personal.TraderPaymentTest"/>
  <testcase name="traderPayment" time="1.335" classname="com.llwallet.interfaces.test.api.test.personal.TraderPaymentTest"/>
  <testcase name="traderPayment1" time="1.404" classname="com.llwallet.interfaces.test.api.test.personal.TraderPaymentTest"/>
  <testcase name="traderPayment" time="1.029" classname="com.llwallet.interfaces.test.api.test.personal.TraderPaymentTest"/>
  <testcase name="traderPayment1" time="1.021" classname="com.llwallet.interfaces.test.api.test.personal.TraderPaymentTest"/>
  <testcase name="traderPayment1" time="1.060" classname="com.llwallet.interfaces.test.api.test.personal.TraderPaymentTest"/>
  <testcase name="traderPayment" time="1.523" classname="com.llwallet.interfaces.test.api.test.personal.TraderPaymentTest"/>
  <testcase name="traderPayment1" time="1.043" classname="com.llwallet.interfaces.test.api.test.personal.TraderPaymentTest"/>
</testsuite> <!-- com.llwallet.interfaces.test.api.test.personal.TraderPaymentTest -->
