<?xml version="1.0" encoding="UTF-8"?>
<!-- Generated by org.testng.reporters.JUnitReportReporter -->
<testsuite hostname="LT-jiangxm" name="com.llwallet.interfaces.test.api.test.qrcode.CreateOrderInitTest" tests="1" failures="0" timestamp="22 Jun 2017 07:33:12 GMT" time="3.094" errors="0">
  <testcase name="createOrderInit" time="3.094" classname="com.llwallet.interfaces.test.api.test.qrcode.CreateOrderInitTest"/>
</testsuite> <!-- com.llwallet.interfaces.test.api.test.qrcode.CreateOrderInitTest -->
