<?xml version="1.0" encoding="UTF-8"?>
<!-- Generated by org.testng.reporters.JUnitReportReporter -->
<testsuite hostname="LT-jiangxm" name="com.llwallet.interfaces.test.api.online.enterprise.OpenUnitUserOnlineTest" tests="1" failures="0" timestamp="27 Nov 2017 10:23:51 GMT" time="2.890" errors="0">
  <testcase name="openUnitUser" time="2.890" classname="com.llwallet.interfaces.test.api.online.enterprise.OpenUnitUserOnlineTest"/>
</testsuite> <!-- com.llwallet.interfaces.test.api.online.enterprise.OpenUnitUserOnlineTest -->
