<?xml version="1.0" encoding="UTF-8"?>
<!-- Generated by org.testng.reporters.JUnitReportReporter -->
<testsuite hostname="LT-jiangxm" name="com.llwallet.interfaces.test.api.online.personal.AuthUserTest" tests="1" failures="0" timestamp="22 Feb 2017 11:19:36 GMT" time="1.811" errors="0">
  <testcase name="authUser" time="1.811" classname="com.llwallet.interfaces.test.api.online.personal.AuthUserTest"/>
</testsuite> <!-- com.llwallet.interfaces.test.api.online.personal.AuthUserTest -->
