<?xml version="1.0" encoding="UTF-8"?>
<!-- Generated by org.testng.reporters.JUnitReportReporter -->
<testsuite hostname="LT-jiangxm" name="com.llwallet.interfaces.test.dubbo.rechargebusiservice.UpdateOnlineBankRechargeLimitedTest" tests="10" failures="0" timestamp="20 Feb 2017 01:25:39 GMT" time="0.758" errors="0">
  <testcase name="updateOnlineBankRechargeLimited" time="0.049" classname="com.llwallet.interfaces.test.dubbo.rechargebusiservice.UpdateOnlineBankRechargeLimitedTest"/>
  <testcase name="updateOnlineBankRechargeLimited" time="0.018" classname="com.llwallet.interfaces.test.dubbo.rechargebusiservice.UpdateOnlineBankRechargeLimitedTest"/>
  <testcase name="updateOnlineBankRechargeLimited" time="0.056" classname="com.llwallet.interfaces.test.dubbo.rechargebusiservice.UpdateOnlineBankRechargeLimitedTest"/>
  <testcase name="updateOnlineBankRechargeLimited" time="0.029" classname="com.llwallet.interfaces.test.dubbo.rechargebusiservice.UpdateOnlineBankRechargeLimitedTest"/>
  <testcase name="updateOnlineBankRechargeLimited" time="0.099" classname="com.llwallet.interfaces.test.dubbo.rechargebusiservice.UpdateOnlineBankRechargeLimitedTest"/>
  <testcase name="updateOnlineBankRechargeLimited" time="0.123" classname="com.llwallet.interfaces.test.dubbo.rechargebusiservice.UpdateOnlineBankRechargeLimitedTest"/>
  <testcase name="updateOnlineBankRechargeLimited" time="0.020" classname="com.llwallet.interfaces.test.dubbo.rechargebusiservice.UpdateOnlineBankRechargeLimitedTest"/>
  <testcase name="updateOnlineBankRechargeLimited" time="0.147" classname="com.llwallet.interfaces.test.dubbo.rechargebusiservice.UpdateOnlineBankRechargeLimitedTest"/>
  <testcase name="updateOnlineBankRechargeLimited" time="0.102" classname="com.llwallet.interfaces.test.dubbo.rechargebusiservice.UpdateOnlineBankRechargeLimitedTest"/>
  <testcase name="updateOnlineBankRechargeLimited" time="0.115" classname="com.llwallet.interfaces.test.dubbo.rechargebusiservice.UpdateOnlineBankRechargeLimitedTest"/>
</testsuite> <!-- com.llwallet.interfaces.test.dubbo.rechargebusiservice.UpdateOnlineBankRechargeLimitedTest -->
