<?xml version="1.0" encoding="UTF-8"?>
<!-- Generated by org.testng.reporters.JUnitReportReporter -->
<testsuite hostname="LT-jiangxm" name="com.llwallet.interfaces.test.api.online.custom.OpenUnactivedAcctOnlineTest" tests="1" failures="0" timestamp="17 Nov 2017 14:26:04 GMT" time="2.628" errors="0">
  <testcase name="openUnactivedAcct" time="2.628" classname="com.llwallet.interfaces.test.api.online.custom.OpenUnactivedAcctOnlineTest"/>
</testsuite> <!-- com.llwallet.interfaces.test.api.online.custom.OpenUnactivedAcctOnlineTest -->
