<?xml version="1.0" encoding="UTF-8"?>
<!-- Generated by org.testng.reporters.JUnitReportReporter -->
<testsuite hostname="LT-jiangxm" name="com.llwallet.interfaces.test.api.test.personal.BankCardPayTest" tests="82" failures="0" timestamp="4 Nov 2017 06:12:50 GMT" time="182.106" errors="1">
  <testcase name="bankCardPay" time="3.049" classname="com.llwallet.interfaces.test.api.test.personal.BankCardPayTest"/>
  <testcase name="bankCardPay1" time="1.493" classname="com.llwallet.interfaces.test.api.test.personal.BankCardPayTest"/>
  <testcase name="bankCardPay" time="5.252" classname="com.llwallet.interfaces.test.api.test.personal.BankCardPayTest"/>
  <testcase name="bankCardPay" time="5.083" classname="com.llwallet.interfaces.test.api.test.personal.BankCardPayTest"/>
  <testcase name="bankCardPay1" time="2.066" classname="com.llwallet.interfaces.test.api.test.personal.BankCardPayTest"/>
  <testcase name="bankCardPay" time="1.667" classname="com.llwallet.interfaces.test.api.test.personal.BankCardPayTest"/>
  <testcase name="bankCardPay" time="2.777" classname="com.llwallet.interfaces.test.api.test.personal.BankCardPayTest"/>
  <testcase name="bankCardPay" time="0.934" classname="com.llwallet.interfaces.test.api.test.personal.BankCardPayTest">
    <error type="java.lang.AssertionError">
      <![CDATA[java.lang.AssertionError
	at com.llwallet.interfaces.test.api.test.personal.BankCardPayTest.bankCardPay(BankCardPayTest.java:153)
	at sun.reflect.GeneratedMethodAccessor2.invoke(Unknown Source)
	at sun.reflect.DelegatingMethodAccessorImpl.invoke(Unknown Source)
	at java.lang.reflect.Method.invoke(Unknown Source)
	at org.testng.internal.MethodInvocationHelper.invokeMethod(MethodInvocationHelper.java:85)
	at org.testng.internal.InvokeMethodRunnable.runOne(InvokeMethodRunnable.java:46)
	at org.testng.internal.InvokeMethodRunnable.run(InvokeMethodRunnable.java:37)
	at java.util.concurrent.Executors$RunnableAdapter.call(Unknown Source)
	at java.util.concurrent.FutureTask.run(Unknown Source)
	at java.util.concurrent.ThreadPoolExecutor.runWorker(Unknown Source)
	at java.util.concurrent.ThreadPoolExecutor$Worker.run(Unknown Source)
	at java.lang.Thread.run(Unknown Source)
]]>
    </error>
  </testcase> <!-- bankCardPay -->
  <testcase name="bankCardPay1" time="1.406" classname="com.llwallet.interfaces.test.api.test.personal.BankCardPayTest"/>
  <testcase name="bankCardPay" time="2.861" classname="com.llwallet.interfaces.test.api.test.personal.BankCardPayTest"/>
  <testcase name="bankCardPay" time="2.056" classname="com.llwallet.interfaces.test.api.test.personal.BankCardPayTest"/>
  <testcase name="bankCardPay" time="2.560" classname="com.llwallet.interfaces.test.api.test.personal.BankCardPayTest"/>
  <testcase name="bankCardPay1" time="1.377" classname="com.llwallet.interfaces.test.api.test.personal.BankCardPayTest"/>
  <testcase name="bankCardPay1" time="1.411" classname="com.llwallet.interfaces.test.api.test.personal.BankCardPayTest"/>
  <testcase name="bankCardPay" time="3.830" classname="com.llwallet.interfaces.test.api.test.personal.BankCardPayTest"/>
  <testcase name="bankCardPay" time="3.246" classname="com.llwallet.interfaces.test.api.test.personal.BankCardPayTest"/>
  <testcase name="bankCardPay1" time="1.537" classname="com.llwallet.interfaces.test.api.test.personal.BankCardPayTest"/>
  <testcase name="bankCardPay1" time="2.825" classname="com.llwallet.interfaces.test.api.test.personal.BankCardPayTest"/>
  <testcase name="bankCardPay1" time="1.773" classname="com.llwallet.interfaces.test.api.test.personal.BankCardPayTest"/>
  <testcase name="bankCardPay1" time="1.586" classname="com.llwallet.interfaces.test.api.test.personal.BankCardPayTest"/>
  <testcase name="bankCardPay1" time="1.687" classname="com.llwallet.interfaces.test.api.test.personal.BankCardPayTest"/>
  <testcase name="bankCardPay" time="1.959" classname="com.llwallet.interfaces.test.api.test.personal.BankCardPayTest"/>
  <testcase name="bankCardPay" time="2.427" classname="com.llwallet.interfaces.test.api.test.personal.BankCardPayTest"/>
  <testcase name="bankCardPay1" time="1.403" classname="com.llwallet.interfaces.test.api.test.personal.BankCardPayTest"/>
  <testcase name="bankCardPay" time="2.577" classname="com.llwallet.interfaces.test.api.test.personal.BankCardPayTest"/>
  <testcase name="bankCardPay" time="3.235" classname="com.llwallet.interfaces.test.api.test.personal.BankCardPayTest"/>
  <testcase name="bankCardPay1" time="1.599" classname="com.llwallet.interfaces.test.api.test.personal.BankCardPayTest"/>
  <testcase name="bankCardPay" time="3.927" classname="com.llwallet.interfaces.test.api.test.personal.BankCardPayTest"/>
  <testcase name="bankCardPay1" time="1.448" classname="com.llwallet.interfaces.test.api.test.personal.BankCardPayTest"/>
  <testcase name="bankCardPay" time="2.576" classname="com.llwallet.interfaces.test.api.test.personal.BankCardPayTest"/>
  <testcase name="bankCardPay" time="3.152" classname="com.llwallet.interfaces.test.api.test.personal.BankCardPayTest"/>
  <testcase name="bankCardPay" time="3.400" classname="com.llwallet.interfaces.test.api.test.personal.BankCardPayTest"/>
  <testcase name="bankCardPay" time="2.043" classname="com.llwallet.interfaces.test.api.test.personal.BankCardPayTest"/>
  <testcase name="bankCardPay1" time="1.484" classname="com.llwallet.interfaces.test.api.test.personal.BankCardPayTest"/>
  <testcase name="bankCardPay" time="3.162" classname="com.llwallet.interfaces.test.api.test.personal.BankCardPayTest"/>
  <testcase name="bankCardPay1" time="1.349" classname="com.llwallet.interfaces.test.api.test.personal.BankCardPayTest"/>
  <testcase name="bankCardPay" time="1.457" classname="com.llwallet.interfaces.test.api.test.personal.BankCardPayTest"/>
  <testcase name="bankCardPay1" time="1.277" classname="com.llwallet.interfaces.test.api.test.personal.BankCardPayTest"/>
  <testcase name="bankCardPay" time="1.616" classname="com.llwallet.interfaces.test.api.test.personal.BankCardPayTest"/>
  <testcase name="bankCardPay" time="3.469" classname="com.llwallet.interfaces.test.api.test.personal.BankCardPayTest"/>
  <testcase name="bankCardPay1" time="1.473" classname="com.llwallet.interfaces.test.api.test.personal.BankCardPayTest"/>
  <testcase name="bankCardPay1" time="1.262" classname="com.llwallet.interfaces.test.api.test.personal.BankCardPayTest"/>
  <testcase name="bankCardPay" time="1.952" classname="com.llwallet.interfaces.test.api.test.personal.BankCardPayTest"/>
  <testcase name="bankCardPay" time="1.568" classname="com.llwallet.interfaces.test.api.test.personal.BankCardPayTest"/>
  <testcase name="bankCardPay" time="3.474" classname="com.llwallet.interfaces.test.api.test.personal.BankCardPayTest"/>
  <testcase name="bankCardPay" time="2.858" classname="com.llwallet.interfaces.test.api.test.personal.BankCardPayTest"/>
  <testcase name="bankCardPay" time="2.724" classname="com.llwallet.interfaces.test.api.test.personal.BankCardPayTest"/>
  <testcase name="bankCardPay1" time="2.197" classname="com.llwallet.interfaces.test.api.test.personal.BankCardPayTest"/>
  <testcase name="bankCardPay1" time="1.241" classname="com.llwallet.interfaces.test.api.test.personal.BankCardPayTest"/>
  <testcase name="bankCardPay1" time="1.595" classname="com.llwallet.interfaces.test.api.test.personal.BankCardPayTest"/>
  <testcase name="bankCardPay" time="2.397" classname="com.llwallet.interfaces.test.api.test.personal.BankCardPayTest"/>
  <testcase name="bankCardPay" time="2.854" classname="com.llwallet.interfaces.test.api.test.personal.BankCardPayTest"/>
  <testcase name="bankCardPay" time="2.810" classname="com.llwallet.interfaces.test.api.test.personal.BankCardPayTest"/>
  <testcase name="bankCardPay1" time="1.502" classname="com.llwallet.interfaces.test.api.test.personal.BankCardPayTest"/>
  <testcase name="bankCardPay" time="1.703" classname="com.llwallet.interfaces.test.api.test.personal.BankCardPayTest"/>
  <testcase name="bankCardPay1" time="1.872" classname="com.llwallet.interfaces.test.api.test.personal.BankCardPayTest"/>
  <testcase name="bankCardPay1" time="1.726" classname="com.llwallet.interfaces.test.api.test.personal.BankCardPayTest"/>
  <testcase name="bankCardPay1" time="1.343" classname="com.llwallet.interfaces.test.api.test.personal.BankCardPayTest"/>
  <testcase name="bankCardPay" time="3.061" classname="com.llwallet.interfaces.test.api.test.personal.BankCardPayTest"/>
  <testcase name="bankCardPay1" time="1.552" classname="com.llwallet.interfaces.test.api.test.personal.BankCardPayTest"/>
  <testcase name="bankCardPay" time="2.493" classname="com.llwallet.interfaces.test.api.test.personal.BankCardPayTest"/>
  <testcase name="bankCardPay1" time="1.564" classname="com.llwallet.interfaces.test.api.test.personal.BankCardPayTest"/>
  <testcase name="bankCardPay1" time="2.835" classname="com.llwallet.interfaces.test.api.test.personal.BankCardPayTest"/>
  <testcase name="bankCardPay" time="3.407" classname="com.llwallet.interfaces.test.api.test.personal.BankCardPayTest"/>
  <testcase name="bankCardPay" time="3.433" classname="com.llwallet.interfaces.test.api.test.personal.BankCardPayTest"/>
  <testcase name="bankCardPay1" time="1.245" classname="com.llwallet.interfaces.test.api.test.personal.BankCardPayTest"/>
  <testcase name="bankCardPay" time="2.022" classname="com.llwallet.interfaces.test.api.test.personal.BankCardPayTest"/>
  <testcase name="bankCardPay" time="2.686" classname="com.llwallet.interfaces.test.api.test.personal.BankCardPayTest"/>
  <testcase name="bankCardPay1" time="1.726" classname="com.llwallet.interfaces.test.api.test.personal.BankCardPayTest"/>
  <testcase name="bankCardPay" time="3.409" classname="com.llwallet.interfaces.test.api.test.personal.BankCardPayTest"/>
  <testcase name="bankCardPay1" time="1.397" classname="com.llwallet.interfaces.test.api.test.personal.BankCardPayTest"/>
  <testcase name="bankCardPay" time="2.879" classname="com.llwallet.interfaces.test.api.test.personal.BankCardPayTest"/>
  <testcase name="bankCardPay1" time="1.384" classname="com.llwallet.interfaces.test.api.test.personal.BankCardPayTest"/>
  <testcase name="bankCardPay1" time="1.514" classname="com.llwallet.interfaces.test.api.test.personal.BankCardPayTest"/>
  <testcase name="bankCardPay" time="1.529" classname="com.llwallet.interfaces.test.api.test.personal.BankCardPayTest"/>
  <testcase name="bankCardPay" time="1.925" classname="com.llwallet.interfaces.test.api.test.personal.BankCardPayTest"/>
  <testcase name="bankCardPay" time="2.476" classname="com.llwallet.interfaces.test.api.test.personal.BankCardPayTest"/>
  <testcase name="bankCardPay" time="2.823" classname="com.llwallet.interfaces.test.api.test.personal.BankCardPayTest"/>
  <testcase name="bankCardPay" time="1.578" classname="com.llwallet.interfaces.test.api.test.personal.BankCardPayTest"/>
  <testcase name="bankCardPay" time="1.562" classname="com.llwallet.interfaces.test.api.test.personal.BankCardPayTest"/>
  <testcase name="bankCardPay" time="1.231" classname="com.llwallet.interfaces.test.api.test.personal.BankCardPayTest"/>
  <testcase name="bankCardPay1" time="1.788" classname="com.llwallet.interfaces.test.api.test.personal.BankCardPayTest"/>
</testsuite> <!-- com.llwallet.interfaces.test.api.test.personal.BankCardPayTest -->
