<?xml version="1.0" encoding="UTF-8"?>
<!-- Generated by org.testng.reporters.JUnitReportReporter -->
<testsuite hostname="LT-jiangxm" name="com.llwallet.interfaces.test.api.online.custom.Balance2OtherBankCardOnlineTest" tests="1" failures="0" timestamp="20 Dec 2017 14:40:14 GMT" time="1.956" errors="0">
  <testcase name="test" time="1.956" classname="com.llwallet.interfaces.test.api.online.custom.Balance2OtherBankCardOnlineTest"/>
</testsuite> <!-- com.llwallet.interfaces.test.api.online.custom.Balance2OtherBankCardOnlineTest -->
