<?xml version="1.0" encoding="UTF-8"?>
<!-- Generated by org.testng.reporters.JUnitReportReporter -->
<testsuite hostname="LT-jiangxm" name="com.llwallet.interfaces.test.api.online.personal.UploadCardPhotoTest" tests="1" failures="0" timestamp="15 Feb 2017 15:44:21 GMT" time="1.391" errors="0">
  <testcase name="uploadCardPhoto" time="1.391" classname="com.llwallet.interfaces.test.api.online.personal.UploadCardPhotoTest"/>
</testsuite> <!-- com.llwallet.interfaces.test.api.online.personal.UploadCardPhotoTest -->
