<?xml version="1.0" encoding="UTF-8"?>
<!-- Generated by org.testng.reporters.JUnitReportReporter -->
<testsuite hostname="LT-jiangxm" name="com.llwallet.interfaces.test.api.test.personal.BankCardSharePrepayTest" tests="33" failures="2" timestamp="2 Nov 2017 13:27:27 GMT" time="81.159" errors="0">
  <testcase name="bankCardSharePrepay2" time="0.004" classname="com.llwallet.interfaces.test.api.test.personal.BankCardSharePrepayTest">
    <failure type="java.lang.NullPointerException">
      <![CDATA[java.lang.NullPointerException
	at com.tools.dataprovider.ExcelProvider.next(ExcelProvider.java:218)
	at com.tools.dataprovider.ExcelProvider.next(ExcelProvider.java:1)
	at org.testng.internal.Invoker.invokeTestMethods(Invoker.java:1183)
	at org.testng.internal.TestMethodWorker.invokeTestMethods(TestMethodWorker.java:124)
	at org.testng.internal.TestMethodWorker.run(TestMethodWorker.java:108)
	at org.testng.TestRunner.privateRun(TestRunner.java:767)
	at org.testng.TestRunner.run(TestRunner.java:617)
	at org.testng.SuiteRunner.runTest(SuiteRunner.java:348)
	at org.testng.SuiteRunner.runSequentially(SuiteRunner.java:343)
	at org.testng.SuiteRunner.privateRun(SuiteRunner.java:305)
	at org.testng.SuiteRunner.run(SuiteRunner.java:254)
	at org.testng.SuiteRunnerWorker.runSuite(SuiteRunnerWorker.java:52)
	at org.testng.SuiteRunnerWorker.run(SuiteRunnerWorker.java:86)
	at org.testng.TestNG.runSuitesSequentially(TestNG.java:1224)
	at org.testng.TestNG.runSuitesLocally(TestNG.java:1149)
	at org.testng.TestNG.run(TestNG.java:1057)
	at org.testng.remote.RemoteTestNG.run(RemoteTestNG.java:111)
	at org.testng.remote.RemoteTestNG.initAndRun(RemoteTestNG.java:204)
	at org.testng.remote.RemoteTestNG.main(RemoteTestNG.java:175)
]]>
    </failure>
  </testcase> <!-- bankCardSharePrepay2 -->
  <testcase name="bankCardSharePrepay" time="2.180" classname="com.llwallet.interfaces.test.api.test.personal.BankCardSharePrepayTest"/>
  <testcase name="bankCardSharePrepay" time="2.096" classname="com.llwallet.interfaces.test.api.test.personal.BankCardSharePrepayTest"/>
  <testcase name="bankCardSharePrepay" time="2.554" classname="com.llwallet.interfaces.test.api.test.personal.BankCardSharePrepayTest"/>
  <testcase name="bankCardSharePrepay" time="1.995" classname="com.llwallet.interfaces.test.api.test.personal.BankCardSharePrepayTest"/>
  <testcase name="bankCardSharePrepay" time="2.080" classname="com.llwallet.interfaces.test.api.test.personal.BankCardSharePrepayTest"/>
  <testcase name="bankCardSharePrepay" time="3.372" classname="com.llwallet.interfaces.test.api.test.personal.BankCardSharePrepayTest"/>
  <testcase name="bankCardSharePrepay" time="2.562" classname="com.llwallet.interfaces.test.api.test.personal.BankCardSharePrepayTest"/>
  <testcase name="bankCardSharePrepay" time="2.779" classname="com.llwallet.interfaces.test.api.test.personal.BankCardSharePrepayTest"/>
  <testcase name="bankCardSharePrepay" time="2.703" classname="com.llwallet.interfaces.test.api.test.personal.BankCardSharePrepayTest"/>
  <testcase name="bankCardSharePrepay" time="2.585" classname="com.llwallet.interfaces.test.api.test.personal.BankCardSharePrepayTest"/>
  <testcase name="bankCardSharePrepay" time="2.337" classname="com.llwallet.interfaces.test.api.test.personal.BankCardSharePrepayTest"/>
  <testcase name="bankCardSharePrepay1" time="0.017" classname="com.llwallet.interfaces.test.api.test.personal.BankCardSharePrepayTest">
    <failure type="java.lang.NullPointerException">
      <![CDATA[java.lang.NullPointerException
	at com.tools.dataprovider.ExcelProvider.next(ExcelProvider.java:218)
	at com.tools.dataprovider.ExcelProvider.next(ExcelProvider.java:1)
	at org.testng.internal.Invoker.invokeTestMethods(Invoker.java:1183)
	at org.testng.internal.TestMethodWorker.invokeTestMethods(TestMethodWorker.java:124)
	at org.testng.internal.TestMethodWorker.run(TestMethodWorker.java:108)
	at org.testng.TestRunner.privateRun(TestRunner.java:767)
	at org.testng.TestRunner.run(TestRunner.java:617)
	at org.testng.SuiteRunner.runTest(SuiteRunner.java:348)
	at org.testng.SuiteRunner.runSequentially(SuiteRunner.java:343)
	at org.testng.SuiteRunner.privateRun(SuiteRunner.java:305)
	at org.testng.SuiteRunner.run(SuiteRunner.java:254)
	at org.testng.SuiteRunnerWorker.runSuite(SuiteRunnerWorker.java:52)
	at org.testng.SuiteRunnerWorker.run(SuiteRunnerWorker.java:86)
	at org.testng.TestNG.runSuitesSequentially(TestNG.java:1224)
	at org.testng.TestNG.runSuitesLocally(TestNG.java:1149)
	at org.testng.TestNG.run(TestNG.java:1057)
	at org.testng.remote.RemoteTestNG.run(RemoteTestNG.java:111)
	at org.testng.remote.RemoteTestNG.initAndRun(RemoteTestNG.java:204)
	at org.testng.remote.RemoteTestNG.main(RemoteTestNG.java:175)
]]>
    </failure>
  </testcase> <!-- bankCardSharePrepay1 -->
  <testcase name="bankCardSharePrepay" time="2.679" classname="com.llwallet.interfaces.test.api.test.personal.BankCardSharePrepayTest"/>
  <testcase name="bankCardSharePrepay" time="2.652" classname="com.llwallet.interfaces.test.api.test.personal.BankCardSharePrepayTest"/>
  <testcase name="bankCardSharePrepay" time="2.381" classname="com.llwallet.interfaces.test.api.test.personal.BankCardSharePrepayTest"/>
  <testcase name="bankCardSharePrepay" time="2.579" classname="com.llwallet.interfaces.test.api.test.personal.BankCardSharePrepayTest"/>
  <testcase name="bankCardSharePrepay" time="3.514" classname="com.llwallet.interfaces.test.api.test.personal.BankCardSharePrepayTest"/>
  <testcase name="bankCardSharePrepay" time="2.284" classname="com.llwallet.interfaces.test.api.test.personal.BankCardSharePrepayTest"/>
  <testcase name="bankCardSharePrepay" time="2.724" classname="com.llwallet.interfaces.test.api.test.personal.BankCardSharePrepayTest"/>
  <testcase name="bankCardSharePrepay" time="2.433" classname="com.llwallet.interfaces.test.api.test.personal.BankCardSharePrepayTest"/>
  <testcase name="bankCardSharePrepay" time="2.382" classname="com.llwallet.interfaces.test.api.test.personal.BankCardSharePrepayTest"/>
  <testcase name="bankCardSharePrepay" time="2.065" classname="com.llwallet.interfaces.test.api.test.personal.BankCardSharePrepayTest"/>
  <testcase name="bankCardSharePrepay" time="3.054" classname="com.llwallet.interfaces.test.api.test.personal.BankCardSharePrepayTest"/>
  <testcase name="bankCardSharePrepay" time="3.785" classname="com.llwallet.interfaces.test.api.test.personal.BankCardSharePrepayTest"/>
  <testcase name="bankCardSharePrepay" time="3.531" classname="com.llwallet.interfaces.test.api.test.personal.BankCardSharePrepayTest"/>
  <testcase name="bankCardSharePrepay" time="2.721" classname="com.llwallet.interfaces.test.api.test.personal.BankCardSharePrepayTest"/>
  <testcase name="bankCardSharePrepay" time="2.340" classname="com.llwallet.interfaces.test.api.test.personal.BankCardSharePrepayTest"/>
  <testcase name="bankCardSharePrepay" time="3.154" classname="com.llwallet.interfaces.test.api.test.personal.BankCardSharePrepayTest"/>
  <testcase name="bankCardSharePrepay" time="2.576" classname="com.llwallet.interfaces.test.api.test.personal.BankCardSharePrepayTest"/>
  <testcase name="bankCardSharePrepay" time="2.673" classname="com.llwallet.interfaces.test.api.test.personal.BankCardSharePrepayTest"/>
  <testcase name="bankCardSharePrepay" time="2.405" classname="com.llwallet.interfaces.test.api.test.personal.BankCardSharePrepayTest"/>
  <testcase name="bankCardSharePrepay" time="1.963" classname="com.llwallet.interfaces.test.api.test.personal.BankCardSharePrepayTest"/>
</testsuite> <!-- com.llwallet.interfaces.test.api.test.personal.BankCardSharePrepayTest -->
