<?xml version="1.0" encoding="UTF-8"?>
<!-- Generated by org.testng.reporters.JUnitReportReporter -->
<testsuite hostname="LT-jiangxm" name="com.llwalletactive.interfaces.test.api.test.SaveActiveDetailInfoTest" tests="1" failures="0" timestamp="7 Dec 2017 12:00:11 GMT" time="1.262" errors="0">
  <testcase name="saveActiveDetailInfo" time="1.262" classname="com.llwalletactive.interfaces.test.api.test.SaveActiveDetailInfoTest"/>
</testsuite> <!-- com.llwalletactive.interfaces.test.api.test.SaveActiveDetailInfoTest -->
