<?xml version="1.0" encoding="UTF-8"?>
<!-- Generated by org.testng.reporters.JUnitReportReporter -->
<testsuite name="com.llwallet.interfaces.test.api.online.qrcode.CreateQrcodeOnlineTest" tests="11" time="1.985" ignored="0" failures="0" timestamp="22 三月 2017 17:50:51 GMT" skipped="0" hostname="LT-jiangxm" errors="0">
  <testcase name="createQrcode" time="0.100" classname="com.llwallet.interfaces.test.api.online.qrcode.CreateQrcodeOnlineTest"/>
  <testcase name="createQrcode" time="0.115" classname="com.llwallet.interfaces.test.api.online.qrcode.CreateQrcodeOnlineTest"/>
  <testcase name="createQrcode" time="0.122" classname="com.llwallet.interfaces.test.api.online.qrcode.CreateQrcodeOnlineTest"/>
  <testcase name="createQrcode" time="0.895" classname="com.llwallet.interfaces.test.api.online.qrcode.CreateQrcodeOnlineTest"/>
  <testcase name="createQrcode" time="0.087" classname="com.llwallet.interfaces.test.api.online.qrcode.CreateQrcodeOnlineTest"/>
  <testcase name="createQrcode" time="0.132" classname="com.llwallet.interfaces.test.api.online.qrcode.CreateQrcodeOnlineTest"/>
  <testcase name="createQrcode" time="0.092" classname="com.llwallet.interfaces.test.api.online.qrcode.CreateQrcodeOnlineTest"/>
  <testcase name="createQrcode" time="0.126" classname="com.llwallet.interfaces.test.api.online.qrcode.CreateQrcodeOnlineTest"/>
  <testcase name="createQrcode" time="0.091" classname="com.llwallet.interfaces.test.api.online.qrcode.CreateQrcodeOnlineTest"/>
  <testcase name="createQrcode" time="0.094" classname="com.llwallet.interfaces.test.api.online.qrcode.CreateQrcodeOnlineTest"/>
  <testcase name="createQrcode" time="0.131" classname="com.llwallet.interfaces.test.api.online.qrcode.CreateQrcodeOnlineTest"/>
</testsuite> <!-- com.llwallet.interfaces.test.api.online.qrcode.CreateQrcodeOnlineTest -->
