<?xml version="1.0" encoding="UTF-8"?>
<!-- Generated by org.testng.reporters.JUnitReportReporter -->
<testsuite hostname="LT-jiangxm" name="com.llwallet.interfaces.test.dubbo.userbusiqueryservice.QueryUserBusiAmtTest" tests="9" failures="0" timestamp="19 Jun 2017 11:37:54 GMT" time="0.790" errors="0">
  <testcase name="queryUserBusiAmt" time="0.034" classname="com.llwallet.interfaces.test.dubbo.userbusiqueryservice.QueryUserBusiAmtTest"/>
  <testcase name="queryUserBusiAmt" time="0.070" classname="com.llwallet.interfaces.test.dubbo.userbusiqueryservice.QueryUserBusiAmtTest"/>
  <testcase name="queryUserBusiAmt" time="0.025" classname="com.llwallet.interfaces.test.dubbo.userbusiqueryservice.QueryUserBusiAmtTest"/>
  <testcase name="queryUserBusiAmt" time="0.069" classname="com.llwallet.interfaces.test.dubbo.userbusiqueryservice.QueryUserBusiAmtTest"/>
  <testcase name="queryUserBusiAmt" time="0.021" classname="com.llwallet.interfaces.test.dubbo.userbusiqueryservice.QueryUserBusiAmtTest"/>
  <testcase name="queryUserBusiAmt" time="0.420" classname="com.llwallet.interfaces.test.dubbo.userbusiqueryservice.QueryUserBusiAmtTest"/>
  <testcase name="queryUserBusiAmt" time="0.097" classname="com.llwallet.interfaces.test.dubbo.userbusiqueryservice.QueryUserBusiAmtTest"/>
  <testcase name="queryUserBusiAmt" time="0.030" classname="com.llwallet.interfaces.test.dubbo.userbusiqueryservice.QueryUserBusiAmtTest"/>
  <testcase name="queryUserBusiAmt" time="0.024" classname="com.llwallet.interfaces.test.dubbo.userbusiqueryservice.QueryUserBusiAmtTest"/>
</testsuite> <!-- com.llwallet.interfaces.test.dubbo.userbusiqueryservice.QueryUserBusiAmtTest -->
