<?xml version="1.0" encoding="UTF-8"?>
<!-- Generated by org.testng.reporters.JUnitReportReporter -->
<testsuite hostname="LT-jiangxm" name="com.yintong.llwallet.accounts.service.ChargeUpTest" tests="1" failures="0" timestamp="20 Dec 2016 08:02:00 GMT" time="30.862" errors="1">
  <testcase name="chargeUp" time="30.862" classname="com.yintong.llwallet.accounts.service.ChargeUpTest">
    <error type="java.lang.IllegalStateException" message="Failed to subscribe consumer://10.20.41.24/com.alibaba.dubbo.registry.RegistryService?application=llwallet_accounts_consumer&amp;callbacks=10000&amp;connect.timeout=10000&amp;dubbo=2.5.3&amp;interface=com.alibaba.dubbo.registry.RegistryService&amp;lazy=true&amp;methods=lookup,subscribe,unsubscribe,unregister,register&amp;pid=14852&amp;reconnect=false&amp;sticky=true&amp;subscribe.1.callback=true&amp;timeout=10000&amp;timestamp=1482220889884&amp;unsubscribe.1.callback=false, cause: Failed to invoke the method subscribe in the service com.alibaba.dubbo.registry.RegistryService. Tried 3 times of the providers [192.168.110.22:2181] (1/1) from the registry 192.168.110.22:2181 on the consumer 10.20.41.24 using the dubbo version 2.5.3. Last error is: Invoke remote method timeout. method: subscribe, provider: dubbo://192.168.110.22:2181/com.alibaba.dubbo.registry.RegistryService?application=llwallet_accounts_consumer&amp;callbacks=10000&amp;check=false&amp;connect.timeout=10000&amp;dubbo=2.5.3&amp;interface=com.alibaba.dubbo.registry.RegistryService&amp;lazy=true&amp;methods=lookup,subscribe,unsubscribe,unregister,register&amp;pid=14852&amp;reconnect=false&amp;sticky=true&amp;subscribe.1.callback=true&amp;timeout=10000&amp;timestamp=1482220889884&amp;unsubscribe.1.callback=false, cause: Waiting server-side response timeout by scan timer. start time: 2016-12-20 16:01:50.390, end time: 2016-12-20 16:02:00.392, client elapsed: 17 ms, server elapsed: 9985 ms, timeout: 10000 ms, request: Request [id=4, version=2.0.0, twoway=true, event=false, broken=false, data=RpcInvocation [methodName=subscribe, parameterTypes=[class com.alibaba.dubbo.common.URL, interface com.alibaba.dubbo.registry.NotifyListener], arguments=[consumer://10.20.41.24/com.alibaba.dubbo.registry.RegistryService?application=llwallet_accounts_consumer&amp;callbacks=10000&amp;connect.timeout=10000&amp;dubbo=2.5.3&amp;interface=com.alibaba.dubbo.registry.RegistryService&amp;lazy=true&amp;methods=lookup,subscribe,unsubscribe,unregister,register&amp;pid=14852&amp;reconnect=false&amp;sticky=true&amp;subscribe.1.callback=true&amp;timeout=10000&amp;timestamp=1482220889884&amp;unsubscribe.1.callback=false, com.alibaba.dubbo.registry.integration.RegistryDirectory@5e6c9d22], attachments={path=com.alibaba.dubbo.registry.RegistryService, sys_callback_arg-1=1584176418, interface=com.alibaba.dubbo.registry.RegistryService, version=0.0.0, timeout=10000}]], channel: 10.20.41.24:0 -&gt; /192.168.110.22:2181">
      <![CDATA[java.lang.IllegalStateException: Failed to subscribe consumer://10.20.41.24/com.alibaba.dubbo.registry.RegistryService?application=llwallet_accounts_consumer&callbacks=10000&connect.timeout=10000&dubbo=2.5.3&interface=com.alibaba.dubbo.registry.RegistryService&lazy=true&methods=lookup,subscribe,unsubscribe,unregister,register&pid=14852&reconnect=false&sticky=true&subscribe.1.callback=true&timeout=10000&timestamp=1482220889884&unsubscribe.1.callback=false, cause: Failed to invoke the method subscribe in the service com.alibaba.dubbo.registry.RegistryService. Tried 3 times of the providers [192.168.110.22:2181] (1/1) from the registry 192.168.110.22:2181 on the consumer 10.20.41.24 using the dubbo version 2.5.3. Last error is: Invoke remote method timeout. method: subscribe, provider: dubbo://192.168.110.22:2181/com.alibaba.dubbo.registry.RegistryService?application=llwallet_accounts_consumer&callbacks=10000&check=false&connect.timeout=10000&dubbo=2.5.3&interface=com.alibaba.dubbo.registry.RegistryService&lazy=true&methods=lookup,subscribe,unsubscribe,unregister,register&pid=14852&reconnect=false&sticky=true&subscribe.1.callback=true&timeout=10000&timestamp=1482220889884&unsubscribe.1.callback=false, cause: Waiting server-side response timeout by scan timer. start time: 2016-12-20 16:01:50.390, end time: 2016-12-20 16:02:00.392, client elapsed: 17 ms, server elapsed: 9985 ms, timeout: 10000 ms, request: Request [id=4, version=2.0.0, twoway=true, event=false, broken=false, data=RpcInvocation [methodName=subscribe, parameterTypes=[class com.alibaba.dubbo.common.URL, interface com.alibaba.dubbo.registry.NotifyListener], arguments=[consumer://10.20.41.24/com.alibaba.dubbo.registry.RegistryService?application=llwallet_accounts_consumer&callbacks=10000&connect.timeout=10000&dubbo=2.5.3&interface=com.alibaba.dubbo.registry.RegistryService&lazy=true&methods=lookup,subscribe,unsubscribe,unregister,register&pid=14852&reconnect=false&sticky=true&subscribe.1.callback=true&timeout=10000&timestamp=1482220889884&unsubscribe.1.callback=false, com.alibaba.dubbo.registry.integration.RegistryDirectory@5e6c9d22], attachments={path=com.alibaba.dubbo.registry.RegistryService, sys_callback_arg-1=1584176418, interface=com.alibaba.dubbo.registry.RegistryService, version=0.0.0, timeout=10000}]], channel: 10.20.41.24:0 -> /192.168.110.22:2181
	at com.alibaba.dubbo.registry.support.FailbackRegistry.subscribe(FailbackRegistry.java:206)
	at com.alibaba.dubbo.registry.integration.RegistryDirectory.subscribe(RegistryDirectory.java:133)
	at com.alibaba.dubbo.registry.dubbo.DubboRegistryFactory.createRegistry(DubboRegistryFactory.java:80)
	at com.alibaba.dubbo.registry.support.AbstractRegistryFactory.getRegistry(AbstractRegistryFactory.java:94)
	at com.alibaba.dubbo.registry.RegistryFactory$Adpative.getRegistry(RegistryFactory$Adpative.java)
	at com.alibaba.dubbo.registry.integration.RegistryProtocol.refer(RegistryProtocol.java:240)
	at com.alibaba.dubbo.rpc.protocol.ProtocolFilterWrapper.refer(ProtocolFilterWrapper.java:60)
	at com.alibaba.dubbo.rpc.protocol.ProtocolListenerWrapper.refer(ProtocolListenerWrapper.java:63)
	at com.alibaba.dubbo.rpc.Protocol$Adpative.refer(Protocol$Adpative.java)
	at com.alibaba.dubbo.config.ReferenceConfig.createProxy(ReferenceConfig.java:392)
	at com.alibaba.dubbo.config.ReferenceConfig.init(ReferenceConfig.java:300)
	at com.alibaba.dubbo.config.ReferenceConfig.get(ReferenceConfig.java:138)
	at com.yintong.llwallet.accounts.service.ChargeUpTest.chargeUp(ChargeUpTest.java:69)
	at sun.reflect.NativeMethodAccessorImpl.invoke0(Native Method)
	at sun.reflect.NativeMethodAccessorImpl.invoke(Unknown Source)
	at sun.reflect.DelegatingMethodAccessorImpl.invoke(Unknown Source)
	at java.lang.reflect.Method.invoke(Unknown Source)
	at org.testng.internal.MethodInvocationHelper.invokeMethod(MethodInvocationHelper.java:100)
	at org.testng.internal.InvokeMethodRunnable.runOne(InvokeMethodRunnable.java:54)
	at org.testng.internal.InvokeMethodRunnable.run(InvokeMethodRunnable.java:44)
	at java.util.concurrent.Executors$RunnableAdapter.call(Unknown Source)
	at java.util.concurrent.FutureTask.run(Unknown Source)
	at java.util.concurrent.ThreadPoolExecutor.runWorker(Unknown Source)
	at java.util.concurrent.ThreadPoolExecutor$Worker.run(Unknown Source)
	at java.lang.Thread.run(Unknown Source)
Caused by: com.alibaba.dubbo.rpc.RpcException: Failed to invoke the method subscribe in the service com.alibaba.dubbo.registry.RegistryService. Tried 3 times of the providers [192.168.110.22:2181] (1/1) from the registry 192.168.110.22:2181 on the consumer 10.20.41.24 using the dubbo version 2.5.3. Last error is: Invoke remote method timeout. method: subscribe, provider: dubbo://192.168.110.22:2181/com.alibaba.dubbo.registry.RegistryService?application=llwallet_accounts_consumer&callbacks=10000&check=false&connect.timeout=10000&dubbo=2.5.3&interface=com.alibaba.dubbo.registry.RegistryService&lazy=true&methods=lookup,subscribe,unsubscribe,unregister,register&pid=14852&reconnect=false&sticky=true&subscribe.1.callback=true&timeout=10000&timestamp=1482220889884&unsubscribe.1.callback=false, cause: Waiting server-side response timeout by scan timer. start time: 2016-12-20 16:01:50.390, end time: 2016-12-20 16:02:00.392, client elapsed: 17 ms, server elapsed: 9985 ms, timeout: 10000 ms, request: Request [id=4, version=2.0.0, twoway=true, event=false, broken=false, data=RpcInvocation [methodName=subscribe, parameterTypes=[class com.alibaba.dubbo.common.URL, interface com.alibaba.dubbo.registry.NotifyListener], arguments=[consumer://10.20.41.24/com.alibaba.dubbo.registry.RegistryService?application=llwallet_accounts_consumer&callbacks=10000&connect.timeout=10000&dubbo=2.5.3&interface=com.alibaba.dubbo.registry.RegistryService&lazy=true&methods=lookup,subscribe,unsubscribe,unregister,register&pid=14852&reconnect=false&sticky=true&subscribe.1.callback=true&timeout=10000&timestamp=1482220889884&unsubscribe.1.callback=false, com.alibaba.dubbo.registry.integration.RegistryDirectory@5e6c9d22], attachments={path=com.alibaba.dubbo.registry.RegistryService, sys_callback_arg-1=1584176418, interface=com.alibaba.dubbo.registry.RegistryService, version=0.0.0, timeout=10000}]], channel: 10.20.41.24:0 -> /192.168.110.22:2181
	at com.alibaba.dubbo.rpc.cluster.support.FailoverClusterInvoker.doInvoke(FailoverClusterInvoker.java:101)
	at com.alibaba.dubbo.rpc.cluster.support.AbstractClusterInvoker.invoke(AbstractClusterInvoker.java:227)
	at com.alibaba.dubbo.rpc.cluster.support.wrapper.MockClusterInvoker.invoke(MockClusterInvoker.java:72)
	at com.alibaba.dubbo.rpc.proxy.InvokerInvocationHandler.invoke(InvokerInvocationHandler.java:52)
	at com.alibaba.dubbo.common.bytecode.proxy0.subscribe(proxy0.java)
	at com.alibaba.dubbo.registry.dubbo.DubboRegistry.doSubscribe(DubboRegistry.java:138)
	at com.alibaba.dubbo.registry.support.FailbackRegistry.subscribe(FailbackRegistry.java:189)
	... 24 more
Caused by: com.alibaba.dubbo.remoting.TimeoutException: Waiting server-side response timeout by scan timer. start time: 2016-12-20 16:01:50.390, end time: 2016-12-20 16:02:00.392, client elapsed: 17 ms, server elapsed: 9985 ms, timeout: 10000 ms, request: Request [id=4, version=2.0.0, twoway=true, event=false, broken=false, data=RpcInvocation [methodName=subscribe, parameterTypes=[class com.alibaba.dubbo.common.URL, interface com.alibaba.dubbo.registry.NotifyListener], arguments=[consumer://10.20.41.24/com.alibaba.dubbo.registry.RegistryService?application=llwallet_accounts_consumer&callbacks=10000&connect.timeout=10000&dubbo=2.5.3&interface=com.alibaba.dubbo.registry.RegistryService&lazy=true&methods=lookup,subscribe,unsubscribe,unregister,register&pid=14852&reconnect=false&sticky=true&subscribe.1.callback=true&timeout=10000&timestamp=1482220889884&unsubscribe.1.callback=false, com.alibaba.dubbo.registry.integration.RegistryDirectory@5e6c9d22], attachments={path=com.alibaba.dubbo.registry.RegistryService, sys_callback_arg-1=1584176418, interface=com.alibaba.dubbo.registry.RegistryService, version=0.0.0, timeout=10000}]], channel: 10.20.41.24:0 -> /192.168.110.22:2181
	at com.alibaba.dubbo.remoting.exchange.support.DefaultFuture.returnFromResponse(DefaultFuture.java:188)
	at com.alibaba.dubbo.remoting.exchange.support.DefaultFuture.get(DefaultFuture.java:110)
	at com.alibaba.dubbo.remoting.exchange.support.DefaultFuture.get(DefaultFuture.java:84)
	at com.alibaba.dubbo.rpc.protocol.dubbo.DubboInvoker.doInvoke(DubboInvoker.java:96)
	at com.alibaba.dubbo.rpc.protocol.AbstractInvoker.invoke(AbstractInvoker.java:144)
	at com.alibaba.dubbo.monitor.support.MonitorFilter.invoke(MonitorFilter.java:75)
	at com.alibaba.dubbo.rpc.protocol.ProtocolFilterWrapper$1.invoke(ProtocolFilterWrapper.java:91)
	at com.alibaba.dubbo.rpc.protocol.dubbo.filter.FutureFilter.invoke(FutureFilter.java:53)
	at com.alibaba.dubbo.rpc.protocol.ProtocolFilterWrapper$1.invoke(ProtocolFilterWrapper.java:91)
	at com.alibaba.dubbo.rpc.filter.ConsumerContextFilter.invoke(ConsumerContextFilter.java:48)
	at com.alibaba.dubbo.rpc.protocol.ProtocolFilterWrapper$1.invoke(ProtocolFilterWrapper.java:91)
	at com.alibaba.dubbo.rpc.listener.ListenerInvokerWrapper.invoke(ListenerInvokerWrapper.java:74)
	at com.alibaba.dubbo.rpc.protocol.InvokerWrapper.invoke(InvokerWrapper.java:53)
	at com.alibaba.dubbo.rpc.cluster.support.FailoverClusterInvoker.doInvoke(FailoverClusterInvoker.java:77)
	... 30 more
]]>
    </error>
  </testcase> <!-- chargeUp -->
</testsuite> <!-- com.yintong.llwallet.accounts.service.ChargeUpTest -->
