<?xml version="1.0" encoding="UTF-8"?>
<!-- Generated by org.testng.reporters.JUnitReportReporter -->
<testsuite hostname="LT-jiangxm" name="com.llwallet.interfaces.test.api.test.personal.OpenUnactivedAcctTest" tests="1" failures="0" timestamp="17 Nov 2017 07:21:31 GMT" time="4.746" errors="0">
  <testcase name="openUnactivedAcct" time="4.746" classname="com.llwallet.interfaces.test.api.test.personal.OpenUnactivedAcctTest"/>
</testsuite> <!-- com.llwallet.interfaces.test.api.test.personal.OpenUnactivedAcctTest -->
