<?xml version="1.0" encoding="UTF-8"?>
<!-- Generated by org.testng.reporters.JUnitReportReporter -->
<testsuite hostname="LT-jiangxm" name="com.llwallet.interfaces.test.dubbo.transferaccountbusiservice.UpdateTransferAccountsLimitTest" tests="10" failures="0" timestamp="20 Feb 2017 01:25:39 GMT" time="0.792" errors="0">
  <testcase name="updateTransferAccountsLimit" time="0.030" classname="com.llwallet.interfaces.test.dubbo.transferaccountbusiservice.UpdateTransferAccountsLimitTest"/>
  <testcase name="updateTransferAccountsLimit" time="0.112" classname="com.llwallet.interfaces.test.dubbo.transferaccountbusiservice.UpdateTransferAccountsLimitTest"/>
  <testcase name="updateTransferAccountsLimit" time="0.134" classname="com.llwallet.interfaces.test.dubbo.transferaccountbusiservice.UpdateTransferAccountsLimitTest"/>
  <testcase name="updateTransferAccountsLimit" time="0.056" classname="com.llwallet.interfaces.test.dubbo.transferaccountbusiservice.UpdateTransferAccountsLimitTest"/>
  <testcase name="updateTransferAccountsLimit" time="0.127" classname="com.llwallet.interfaces.test.dubbo.transferaccountbusiservice.UpdateTransferAccountsLimitTest"/>
  <testcase name="updateTransferAccountsLimit" time="0.052" classname="com.llwallet.interfaces.test.dubbo.transferaccountbusiservice.UpdateTransferAccountsLimitTest"/>
  <testcase name="updateTransferAccountsLimit" time="0.146" classname="com.llwallet.interfaces.test.dubbo.transferaccountbusiservice.UpdateTransferAccountsLimitTest"/>
  <testcase name="updateTransferAccountsLimit" time="0.011" classname="com.llwallet.interfaces.test.dubbo.transferaccountbusiservice.UpdateTransferAccountsLimitTest"/>
  <testcase name="updateTransferAccountsLimit" time="0.100" classname="com.llwallet.interfaces.test.dubbo.transferaccountbusiservice.UpdateTransferAccountsLimitTest"/>
  <testcase name="updateTransferAccountsLimit" time="0.024" classname="com.llwallet.interfaces.test.dubbo.transferaccountbusiservice.UpdateTransferAccountsLimitTest"/>
</testsuite> <!-- com.llwallet.interfaces.test.dubbo.transferaccountbusiservice.UpdateTransferAccountsLimitTest -->
