<?xml version="1.0" encoding="UTF-8"?>
<!-- Generated by org.testng.reporters.JUnitReportReporter -->
<testsuite hostname="LT-jiangxm" name="com.llwallet.interfaces.test.api.online.personal.ModifyBaseUserInfoOnlineTest" tests="1" failures="0" timestamp="20 Sep 2017 14:50:14 GMT" time="0.858" errors="0">
  <testcase name="modifyBaseUserInfo" time="0.858" classname="com.llwallet.interfaces.test.api.online.personal.ModifyBaseUserInfoOnlineTest"/>
</testsuite> <!-- com.llwallet.interfaces.test.api.online.personal.ModifyBaseUserInfoOnlineTest -->
