<?xml version="1.0" encoding="UTF-8"?>
<!-- Generated by org.testng.reporters.JUnitReportReporter -->
<testsuite name="com.llwallet.interfaces.test.api.online.personal.CashoutApplyOnlineTest" tests="1" time="3.004" ignored="0" failures="0" timestamp="05 四月 2017 11:15:57 GMT" skipped="0" hostname="LT-jiangxm" errors="0">
  <testcase name="cashoutApply" time="3.004" classname="com.llwallet.interfaces.test.api.online.personal.CashoutApplyOnlineTest"/>
</testsuite> <!-- com.llwallet.interfaces.test.api.online.personal.CashoutApplyOnlineTest -->
