<?xml version="1.0" encoding="UTF-8"?>
<!-- Generated by org.testng.reporters.JUnitReportReporter -->
<testsuite hostname="LT-jiangxm" name="com.llwallet.interfaces.test.dubbo.QueryKYC" tests="1" failures="0" timestamp="6 Dec 2017 03:41:32 GMT" time="0.659" errors="0">
  <testcase name="test" time="0.659" classname="com.llwallet.interfaces.test.dubbo.QueryKYC"/>
</testsuite> <!-- com.llwallet.interfaces.test.dubbo.QueryKYC -->
