<?xml version="1.0" encoding="UTF-8"?>
<!-- Generated by org.testng.reporters.JUnitReportReporter -->
<testsuite hostname="LT-jiangxm" name="com.llwallet.interfaces.test.api.test.personal.UserBankCardTest" tests="1" failures="0" timestamp="15 Dec 2017 09:02:00 GMT" time="0.986" errors="0">
  <testcase name="userBankCard" time="0.986" classname="com.llwallet.interfaces.test.api.test.personal.UserBankCardTest"/>
</testsuite> <!-- com.llwallet.interfaces.test.api.test.personal.UserBankCardTest -->
