<?xml version="1.0" encoding="UTF-8"?>
<!-- Generated by org.testng.reporters.JUnitReportReporter -->
<testsuite name="com.llwallet.interfaces.test.api.online.personal.BankCardAuthVerfyTest" tests="1" time="30.887" ignored="0" failures="0" timestamp="07 三月 2017 09:50:48 GMT" skipped="0" hostname="LT-jiangxm" errors="0">
  <testcase name="bankCardAuthVerfy" time="30.887" classname="com.llwallet.interfaces.test.api.online.personal.BankCardAuthVerfyTest"/>
</testsuite> <!-- com.llwallet.interfaces.test.api.online.personal.BankCardAuthVerfyTest -->
