<?xml version="1.0" encoding="UTF-8"?>
<!-- Generated by org.testng.reporters.JUnitReportReporter -->
<testsuite hostname="LT-jiangxm" name="com.account.interfaces.test.AccountBillQueryTest" tests="1" failures="0" timestamp="21 Dec 2016 02:22:40 GMT" time="0.565" errors="0">
  <testcase name="accountBillQuery" time="0.565" classname="com.account.interfaces.test.AccountBillQueryTest"/>
</testsuite> <!-- com.account.interfaces.test.AccountBillQueryTest -->
