<?xml version="1.0" encoding="UTF-8"?>
<!-- Generated by org.testng.reporters.JUnitReportReporter -->
<testsuite hostname="LT-jiangxm" name="com.llwallet.interfaces.test.api.online.personal.SecuredPayConfirmOnlineTest" tests="1" failures="0" timestamp="15 Dec 2017 15:11:43 GMT" time="1.709" errors="0">
  <testcase name="test" time="1.709" classname="com.llwallet.interfaces.test.api.online.personal.SecuredPayConfirmOnlineTest"/>
</testsuite> <!-- com.llwallet.interfaces.test.api.online.personal.SecuredPayConfirmOnlineTest -->
