<?xml version="1.0" encoding="UTF-8"?>
<!-- Generated by org.testng.reporters.JUnitReportReporter -->
<testsuite hostname="LT-jiangxm" name="com.account.interfaces.test.api.test.BalanceQueryTest" tests="16" failures="0" timestamp="22 Dec 2016 01:44:28 GMT" time="1.000" errors="0">
  <testcase name="balanceQuery" time="0.031" classname="com.account.interfaces.test.api.test.BalanceQueryTest"/>
  <testcase name="balanceQuery" time="0.032" classname="com.account.interfaces.test.api.test.BalanceQueryTest"/>
  <testcase name="balanceQuery" time="0.046" classname="com.account.interfaces.test.api.test.BalanceQueryTest"/>
  <testcase name="balanceQuery" time="0.047" classname="com.account.interfaces.test.api.test.BalanceQueryTest"/>
  <testcase name="balanceQuery" time="0.032" classname="com.account.interfaces.test.api.test.BalanceQueryTest"/>
  <testcase name="balanceQuery" time="0.062" classname="com.account.interfaces.test.api.test.BalanceQueryTest"/>
  <testcase name="balanceQuery" time="0.031" classname="com.account.interfaces.test.api.test.BalanceQueryTest"/>
  <testcase name="balanceQuery" time="0.046" classname="com.account.interfaces.test.api.test.BalanceQueryTest"/>
  <testcase name="balanceQuery" time="0.062" classname="com.account.interfaces.test.api.test.BalanceQueryTest"/>
  <testcase name="balanceQuery" time="0.031" classname="com.account.interfaces.test.api.test.BalanceQueryTest"/>
  <testcase name="balanceQuery" time="0.047" classname="com.account.interfaces.test.api.test.BalanceQueryTest"/>
  <testcase name="balanceQuery" time="0.062" classname="com.account.interfaces.test.api.test.BalanceQueryTest"/>
  <testcase name="balanceQuery" time="0.095" classname="com.account.interfaces.test.api.test.BalanceQueryTest"/>
  <testcase name="balanceQuery" time="0.047" classname="com.account.interfaces.test.api.test.BalanceQueryTest"/>
  <testcase name="balanceQuery" time="0.047" classname="com.account.interfaces.test.api.test.BalanceQueryTest"/>
  <testcase name="balanceQuery" time="0.282" classname="com.account.interfaces.test.api.test.BalanceQueryTest"/>
</testsuite> <!-- com.account.interfaces.test.api.test.BalanceQueryTest -->
