<?xml version="1.0" encoding="UTF-8"?>
<!-- Generated by org.testng.reporters.JUnitReportReporter -->
<testsuite hostname="LT-jiangxm" name="com.llwallet.interfaces.test.api.online.personal.UserAuthQueryTest" tests="1" failures="0" timestamp="22 Feb 2017 11:46:19 GMT" time="0.813" errors="0">
  <testcase name="userAuthQuery" time="0.813" classname="com.llwallet.interfaces.test.api.online.personal.UserAuthQueryTest"/>
</testsuite> <!-- com.llwallet.interfaces.test.api.online.personal.UserAuthQueryTest -->
