<?xml version="1.0" encoding="UTF-8"?>
<!-- Generated by org.testng.reporters.JUnitReportReporter -->
<testsuite name="com.llwallet.interfaces.test.api.online.personal.UserTransAcctTest" tests="1" time="2.447" ignored="0" failures="0" timestamp="10 三月 2017 08:05:06 GMT" skipped="0" hostname="LT-jiangxm" errors="0">
  <testcase name="userTransAcct" time="2.447" classname="com.llwallet.interfaces.test.api.online.personal.UserTransAcctTest"/>
</testsuite> <!-- com.llwallet.interfaces.test.api.online.personal.UserTransAcctTest -->
