<?xml version="1.0" encoding="UTF-8"?>
<!-- Generated by org.testng.reporters.JUnitReportReporter -->
<testsuite hostname="LT-jiangxm" name="com.llwallet.interfaces.test.api.online.combination.CombinationPayVerifyOnlineTest" tests="1" failures="0" timestamp="22 Nov 2017 16:11:58 GMT" time="1.699" errors="0">
  <testcase name="combinationPayVerify" time="1.699" classname="com.llwallet.interfaces.test.api.online.combination.CombinationPayVerifyOnlineTest"/>
</testsuite> <!-- com.llwallet.interfaces.test.api.online.combination.CombinationPayVerifyOnlineTest -->
