<?xml version="1.0" encoding="UTF-8"?>
<!-- Generated by org.testng.reporters.JUnitReportReporter -->
<testsuite hostname="LT-jiangxm" name="com.llwallet.interfaces.test.api.online.personal.BankCardOpenAuthOnlineTest" tests="1" failures="0" timestamp="25 Oct 2017 15:22:15 GMT" time="2.517" errors="0">
  <testcase name="bankCardOpenAuth" time="2.517" classname="com.llwallet.interfaces.test.api.online.personal.BankCardOpenAuthOnlineTest"/>
</testsuite> <!-- com.llwallet.interfaces.test.api.online.personal.BankCardOpenAuthOnlineTest -->
