<?xml version="1.0" encoding="UTF-8"?>
<!-- Generated by org.testng.reporters.JUnitReportReporter -->
<testsuite hostname="LT-jiangxm" name="com.llwallet.interfaces.test.api.online.personal.ModifyUserMobOnlineTest" tests="1" failures="0" timestamp="5 Jul 2017 12:01:12 GMT" time="0.726" errors="0">
  <testcase name="modifyUserMob" time="0.726" classname="com.llwallet.interfaces.test.api.online.personal.ModifyUserMobOnlineTest"/>
</testsuite> <!-- com.llwallet.interfaces.test.api.online.personal.ModifyUserMobOnlineTest -->
