<?xml version="1.0" encoding="UTF-8"?>
<!-- Generated by org.testng.reporters.JUnitReportReporter -->
<testsuite hostname="LT-jiangxm" name="com.llwallet.interfaces.test.api.test.personal.SecpayRefundTest" tests="24" failures="2" timestamp="2 Nov 2017 13:27:28 GMT" time="61.464" errors="0">
  <testcase name="secpayRefund" time="0.067" classname="com.llwallet.interfaces.test.api.test.personal.SecpayRefundTest">
    <failure type="java.lang.NullPointerException">
      <![CDATA[java.lang.NullPointerException
]]>
    </failure>
  </testcase> <!-- secpayRefund -->
  <testcase name="secpayRefund1" time="2.531" classname="com.llwallet.interfaces.test.api.test.personal.SecpayRefundTest"/>
  <testcase name="secpayRefund1" time="2.781" classname="com.llwallet.interfaces.test.api.test.personal.SecpayRefundTest"/>
  <testcase name="secpayRefund1" time="3.287" classname="com.llwallet.interfaces.test.api.test.personal.SecpayRefundTest"/>
  <testcase name="secpayRefund1" time="2.181" classname="com.llwallet.interfaces.test.api.test.personal.SecpayRefundTest"/>
  <testcase name="secpayRefund1" time="2.388" classname="com.llwallet.interfaces.test.api.test.personal.SecpayRefundTest"/>
  <testcase name="secpayRefund1" time="1.835" classname="com.llwallet.interfaces.test.api.test.personal.SecpayRefundTest"/>
  <testcase name="secpayRefund1" time="1.887" classname="com.llwallet.interfaces.test.api.test.personal.SecpayRefundTest"/>
  <testcase name="secpayRefund1" time="3.765" classname="com.llwallet.interfaces.test.api.test.personal.SecpayRefundTest"/>
  <testcase name="secpayRefund1" time="3.364" classname="com.llwallet.interfaces.test.api.test.personal.SecpayRefundTest"/>
  <testcase name="secpayRefund1" time="2.563" classname="com.llwallet.interfaces.test.api.test.personal.SecpayRefundTest"/>
  <testcase name="secpayRefund1" time="1.778" classname="com.llwallet.interfaces.test.api.test.personal.SecpayRefundTest"/>
  <testcase name="secpayRefund1" time="2.038" classname="com.llwallet.interfaces.test.api.test.personal.SecpayRefundTest"/>
  <testcase name="secpayRefund1" time="4.142" classname="com.llwallet.interfaces.test.api.test.personal.SecpayRefundTest"/>
  <testcase name="secpayRefund1" time="2.627" classname="com.llwallet.interfaces.test.api.test.personal.SecpayRefundTest"/>
  <testcase name="secpayRefund1" time="3.071" classname="com.llwallet.interfaces.test.api.test.personal.SecpayRefundTest"/>
  <testcase name="secpayRefund1" time="2.868" classname="com.llwallet.interfaces.test.api.test.personal.SecpayRefundTest"/>
  <testcase name="secpayRefund2" time="0.004" classname="com.llwallet.interfaces.test.api.test.personal.SecpayRefundTest">
    <failure type="java.lang.NullPointerException">
      <![CDATA[java.lang.NullPointerException
]]>
    </failure>
  </testcase> <!-- secpayRefund2 -->
  <testcase name="secpayRefund1" time="3.667" classname="com.llwallet.interfaces.test.api.test.personal.SecpayRefundTest"/>
  <testcase name="secpayRefund1" time="2.707" classname="com.llwallet.interfaces.test.api.test.personal.SecpayRefundTest"/>
  <testcase name="secpayRefund1" time="2.902" classname="com.llwallet.interfaces.test.api.test.personal.SecpayRefundTest"/>
  <testcase name="secpayRefund1" time="2.824" classname="com.llwallet.interfaces.test.api.test.personal.SecpayRefundTest"/>
  <testcase name="secpayRefund1" time="3.988" classname="com.llwallet.interfaces.test.api.test.personal.SecpayRefundTest"/>
  <testcase name="secpayRefund1" time="2.199" classname="com.llwallet.interfaces.test.api.test.personal.SecpayRefundTest"/>
</testsuite> <!-- com.llwallet.interfaces.test.api.test.personal.SecpayRefundTest -->
