<?xml version="1.0" encoding="UTF-8"?>
<!-- Generated by org.testng.reporters.JUnitReportReporter -->
<testsuite hostname="LT-jiangxm" name="com.llwallet.interfaces.test.api.test.UserTransAcctTest" tests="1" failures="0" timestamp="26 Dec 2016 04:32:04 GMT" time="1.302" errors="0">
  <testcase name="userTransAcct" time="1.302" classname="com.llwallet.interfaces.test.api.test.UserTransAcctTest"/>
</testsuite> <!-- com.llwallet.interfaces.test.api.test.UserTransAcctTest -->
