<?xml version="1.0" encoding="UTF-8"?>
<!-- Generated by org.testng.reporters.JUnitReportReporter -->
<testsuite hostname="LT-LIAORF" name="com.llwallet.interfaces.test.api.test.pt.BalancePwdPayTest" tests="1" failures="0" timestamp="6 Jul 2017 07:40:30 GMT" time="1.707" errors="0">
  <testcase name="balancePwdPay" time="1.707" classname="com.llwallet.interfaces.test.api.test.pt.BalancePwdPayTest"/>
</testsuite> <!-- com.llwallet.interfaces.test.api.test.pt.BalancePwdPayTest -->
