<?xml version="1.0" encoding="UTF-8"?>
<!-- Generated by org.testng.reporters.JUnitReportReporter -->
<testsuite hostname="LT-jiangxm" name="com.llwallet.interfaces.test.api.test.personal.QueryVbAccountTest" tests="1" failures="0" timestamp="27 Nov 2017 05:42:39 GMT" time="1.779" errors="0">
  <testcase name="queryVbAccount" time="1.779" classname="com.llwallet.interfaces.test.api.test.personal.QueryVbAccountTest"/>
</testsuite> <!-- com.llwallet.interfaces.test.api.test.personal.QueryVbAccountTest -->
