<?xml version="1.0" encoding="UTF-8"?>
<!-- Generated by org.testng.reporters.JUnitReportReporter -->
<testsuite hostname="LT-jiangxm" name="com.llwallet.interfaces.test.api.test.personal.CashoutNowApplyTest" tests="80" failures="0" timestamp="4 Nov 2017 07:53:26 GMT" time="27.224" errors="1">
  <testcase name="cashoutNowApply" time="0.173" classname="com.llwallet.interfaces.test.api.test.personal.CashoutNowApplyTest"/>
  <testcase name="cashoutNowApply" time="0.175" classname="com.llwallet.interfaces.test.api.test.personal.CashoutNowApplyTest"/>
  <testcase name="cashoutNowApply" time="0.583" classname="com.llwallet.interfaces.test.api.test.personal.CashoutNowApplyTest"/>
  <testcase name="cashoutNowApply" time="0.148" classname="com.llwallet.interfaces.test.api.test.personal.CashoutNowApplyTest"/>
  <testcase name="cashoutNowApply" time="1.317" classname="com.llwallet.interfaces.test.api.test.personal.CashoutNowApplyTest"/>
  <testcase name="cashoutNowApply" time="1.150" classname="com.llwallet.interfaces.test.api.test.personal.CashoutNowApplyTest"/>
  <testcase name="cashoutNowApply" time="0.145" classname="com.llwallet.interfaces.test.api.test.personal.CashoutNowApplyTest"/>
  <testcase name="cashoutNowApply" time="0.319" classname="com.llwallet.interfaces.test.api.test.personal.CashoutNowApplyTest"/>
  <testcase name="cashoutNowApply" time="0.134" classname="com.llwallet.interfaces.test.api.test.personal.CashoutNowApplyTest"/>
  <testcase name="cashoutNowApply" time="1.387" classname="com.llwallet.interfaces.test.api.test.personal.CashoutNowApplyTest"/>
  <testcase name="cashoutNowApply" time="0.158" classname="com.llwallet.interfaces.test.api.test.personal.CashoutNowApplyTest"/>
  <testcase name="cashoutNowApply" time="0.135" classname="com.llwallet.interfaces.test.api.test.personal.CashoutNowApplyTest"/>
  <testcase name="cashoutNowApply" time="0.143" classname="com.llwallet.interfaces.test.api.test.personal.CashoutNowApplyTest"/>
  <testcase name="cashoutNowApply" time="0.496" classname="com.llwallet.interfaces.test.api.test.personal.CashoutNowApplyTest"/>
  <testcase name="cashoutNowApply" time="0.331" classname="com.llwallet.interfaces.test.api.test.personal.CashoutNowApplyTest">
    <error type="java.lang.AssertionError">
      <![CDATA[java.lang.AssertionError
	at com.llwallet.interfaces.test.api.test.personal.CashoutNowApplyTest.cashoutNowApply(CashoutNowApplyTest.java:107)
	at sun.reflect.GeneratedMethodAccessor7.invoke(Unknown Source)
	at sun.reflect.DelegatingMethodAccessorImpl.invoke(Unknown Source)
	at java.lang.reflect.Method.invoke(Unknown Source)
	at org.testng.internal.MethodInvocationHelper.invokeMethod(MethodInvocationHelper.java:85)
	at org.testng.internal.InvokeMethodRunnable.runOne(InvokeMethodRunnable.java:46)
	at org.testng.internal.InvokeMethodRunnable.run(InvokeMethodRunnable.java:37)
	at java.util.concurrent.Executors$RunnableAdapter.call(Unknown Source)
	at java.util.concurrent.FutureTask.run(Unknown Source)
	at java.util.concurrent.ThreadPoolExecutor.runWorker(Unknown Source)
	at java.util.concurrent.ThreadPoolExecutor$Worker.run(Unknown Source)
	at java.lang.Thread.run(Unknown Source)
]]>
    </error>
  </testcase> <!-- cashoutNowApply -->
  <testcase name="cashoutNowApply" time="0.148" classname="com.llwallet.interfaces.test.api.test.personal.CashoutNowApplyTest"/>
  <testcase name="cashoutNowApply" time="0.164" classname="com.llwallet.interfaces.test.api.test.personal.CashoutNowApplyTest"/>
  <testcase name="cashoutNowApply" time="0.151" classname="com.llwallet.interfaces.test.api.test.personal.CashoutNowApplyTest"/>
  <testcase name="cashoutNowApply" time="0.575" classname="com.llwallet.interfaces.test.api.test.personal.CashoutNowApplyTest"/>
  <testcase name="cashoutNowApply" time="1.042" classname="com.llwallet.interfaces.test.api.test.personal.CashoutNowApplyTest"/>
  <testcase name="cashoutNowApply" time="0.138" classname="com.llwallet.interfaces.test.api.test.personal.CashoutNowApplyTest"/>
  <testcase name="cashoutNowApply" time="0.625" classname="com.llwallet.interfaces.test.api.test.personal.CashoutNowApplyTest"/>
  <testcase name="cashoutNowApply" time="0.152" classname="com.llwallet.interfaces.test.api.test.personal.CashoutNowApplyTest"/>
  <testcase name="cashoutNowApply" time="0.315" classname="com.llwallet.interfaces.test.api.test.personal.CashoutNowApplyTest"/>
  <testcase name="cashoutNowApply" time="0.153" classname="com.llwallet.interfaces.test.api.test.personal.CashoutNowApplyTest"/>
  <testcase name="cashoutNowApply" time="1.227" classname="com.llwallet.interfaces.test.api.test.personal.CashoutNowApplyTest"/>
  <testcase name="cashoutNowApply" time="0.138" classname="com.llwallet.interfaces.test.api.test.personal.CashoutNowApplyTest"/>
  <testcase name="cashoutNowApply" time="0.377" classname="com.llwallet.interfaces.test.api.test.personal.CashoutNowApplyTest"/>
  <testcase name="cashoutNowApply" time="0.147" classname="com.llwallet.interfaces.test.api.test.personal.CashoutNowApplyTest"/>
  <testcase name="cashoutNowApply" time="0.147" classname="com.llwallet.interfaces.test.api.test.personal.CashoutNowApplyTest"/>
  <testcase name="cashoutNowApply" time="0.500" classname="com.llwallet.interfaces.test.api.test.personal.CashoutNowApplyTest"/>
  <testcase name="cashoutNowApply" time="0.910" classname="com.llwallet.interfaces.test.api.test.personal.CashoutNowApplyTest"/>
  <testcase name="cashoutNowApply" time="0.132" classname="com.llwallet.interfaces.test.api.test.personal.CashoutNowApplyTest"/>
  <testcase name="cashoutNowApply" time="0.139" classname="com.llwallet.interfaces.test.api.test.personal.CashoutNowApplyTest"/>
  <testcase name="cashoutNowApply" time="0.163" classname="com.llwallet.interfaces.test.api.test.personal.CashoutNowApplyTest"/>
  <testcase name="cashoutNowApply" time="0.435" classname="com.llwallet.interfaces.test.api.test.personal.CashoutNowApplyTest"/>
  <testcase name="cashoutNowApply" time="0.155" classname="com.llwallet.interfaces.test.api.test.personal.CashoutNowApplyTest"/>
  <testcase name="cashoutNowApply" time="0.135" classname="com.llwallet.interfaces.test.api.test.personal.CashoutNowApplyTest"/>
  <testcase name="cashoutNowApply" time="0.144" classname="com.llwallet.interfaces.test.api.test.personal.CashoutNowApplyTest"/>
  <testcase name="cashoutNowApply" time="0.152" classname="com.llwallet.interfaces.test.api.test.personal.CashoutNowApplyTest"/>
  <testcase name="cashoutNowApply" time="0.140" classname="com.llwallet.interfaces.test.api.test.personal.CashoutNowApplyTest"/>
  <testcase name="cashoutNowApply" time="0.138" classname="com.llwallet.interfaces.test.api.test.personal.CashoutNowApplyTest"/>
  <testcase name="cashoutNowApply" time="0.483" classname="com.llwallet.interfaces.test.api.test.personal.CashoutNowApplyTest"/>
  <testcase name="cashoutNowApply" time="0.148" classname="com.llwallet.interfaces.test.api.test.personal.CashoutNowApplyTest"/>
  <testcase name="cashoutNowApply" time="0.142" classname="com.llwallet.interfaces.test.api.test.personal.CashoutNowApplyTest"/>
  <testcase name="cashoutNowApply" time="0.143" classname="com.llwallet.interfaces.test.api.test.personal.CashoutNowApplyTest"/>
  <testcase name="cashoutNowApply" time="0.144" classname="com.llwallet.interfaces.test.api.test.personal.CashoutNowApplyTest"/>
  <testcase name="cashoutNowApply" time="0.148" classname="com.llwallet.interfaces.test.api.test.personal.CashoutNowApplyTest"/>
  <testcase name="cashoutNowApply" time="0.135" classname="com.llwallet.interfaces.test.api.test.personal.CashoutNowApplyTest"/>
  <testcase name="cashoutNowApply" time="0.540" classname="com.llwallet.interfaces.test.api.test.personal.CashoutNowApplyTest"/>
  <testcase name="cashoutNowApply" time="0.771" classname="com.llwallet.interfaces.test.api.test.personal.CashoutNowApplyTest"/>
  <testcase name="cashoutNowApply" time="0.327" classname="com.llwallet.interfaces.test.api.test.personal.CashoutNowApplyTest"/>
  <testcase name="cashoutNowApply" time="0.450" classname="com.llwallet.interfaces.test.api.test.personal.CashoutNowApplyTest"/>
  <testcase name="cashoutNowApply" time="0.983" classname="com.llwallet.interfaces.test.api.test.personal.CashoutNowApplyTest"/>
  <testcase name="cashoutNowApply" time="0.155" classname="com.llwallet.interfaces.test.api.test.personal.CashoutNowApplyTest"/>
  <testcase name="cashoutNowApply" time="0.151" classname="com.llwallet.interfaces.test.api.test.personal.CashoutNowApplyTest"/>
  <testcase name="cashoutNowApply" time="0.309" classname="com.llwallet.interfaces.test.api.test.personal.CashoutNowApplyTest"/>
  <testcase name="cashoutNowApply" time="0.365" classname="com.llwallet.interfaces.test.api.test.personal.CashoutNowApplyTest"/>
  <testcase name="cashoutNowApply" time="0.138" classname="com.llwallet.interfaces.test.api.test.personal.CashoutNowApplyTest"/>
  <testcase name="cashoutNowApply" time="0.137" classname="com.llwallet.interfaces.test.api.test.personal.CashoutNowApplyTest"/>
  <testcase name="cashoutNowApply" time="0.151" classname="com.llwallet.interfaces.test.api.test.personal.CashoutNowApplyTest"/>
  <testcase name="cashoutNowApply" time="0.148" classname="com.llwallet.interfaces.test.api.test.personal.CashoutNowApplyTest"/>
  <testcase name="cashoutNowApply" time="0.521" classname="com.llwallet.interfaces.test.api.test.personal.CashoutNowApplyTest"/>
  <testcase name="cashoutNowApply" time="0.171" classname="com.llwallet.interfaces.test.api.test.personal.CashoutNowApplyTest"/>
  <testcase name="cashoutNowApply" time="0.166" classname="com.llwallet.interfaces.test.api.test.personal.CashoutNowApplyTest"/>
  <testcase name="cashoutNowApply" time="0.468" classname="com.llwallet.interfaces.test.api.test.personal.CashoutNowApplyTest"/>
  <testcase name="cashoutNowApply" time="0.504" classname="com.llwallet.interfaces.test.api.test.personal.CashoutNowApplyTest"/>
  <testcase name="cashoutNowApply" time="0.134" classname="com.llwallet.interfaces.test.api.test.personal.CashoutNowApplyTest"/>
  <testcase name="cashoutNowApply" time="0.140" classname="com.llwallet.interfaces.test.api.test.personal.CashoutNowApplyTest"/>
  <testcase name="cashoutNowApply" time="0.137" classname="com.llwallet.interfaces.test.api.test.personal.CashoutNowApplyTest"/>
  <testcase name="cashoutNowApply" time="0.149" classname="com.llwallet.interfaces.test.api.test.personal.CashoutNowApplyTest"/>
  <testcase name="cashoutNowApply" time="0.522" classname="com.llwallet.interfaces.test.api.test.personal.CashoutNowApplyTest"/>
  <testcase name="cashoutNowApply" time="0.148" classname="com.llwallet.interfaces.test.api.test.personal.CashoutNowApplyTest"/>
  <testcase name="cashoutNowApply" time="1.051" classname="com.llwallet.interfaces.test.api.test.personal.CashoutNowApplyTest"/>
  <testcase name="cashoutNowApply" time="0.143" classname="com.llwallet.interfaces.test.api.test.personal.CashoutNowApplyTest"/>
  <testcase name="cashoutNowApply" time="0.339" classname="com.llwallet.interfaces.test.api.test.personal.CashoutNowApplyTest"/>
  <testcase name="cashoutNowApply" time="0.452" classname="com.llwallet.interfaces.test.api.test.personal.CashoutNowApplyTest"/>
  <testcase name="cashoutNowApply" time="0.146" classname="com.llwallet.interfaces.test.api.test.personal.CashoutNowApplyTest"/>
  <testcase name="cashoutNowApply" time="0.486" classname="com.llwallet.interfaces.test.api.test.personal.CashoutNowApplyTest"/>
  <testcase name="cashoutNowApply" time="0.143" classname="com.llwallet.interfaces.test.api.test.personal.CashoutNowApplyTest"/>
</testsuite> <!-- com.llwallet.interfaces.test.api.test.personal.CashoutNowApplyTest -->
