<?xml version="1.0" encoding="UTF-8"?>
<!-- Generated by org.testng.reporters.JUnitReportReporter -->
<testsuite hostname="LT-jiangxm" name="com.llwallet.interfaces.test.api.online.combination.CombinationPayOnlineTest" tests="1" failures="0" timestamp="20 Dec 2017 13:57:30 GMT" time="5.915" errors="0">
  <testcase name="combinationPay" time="5.915" classname="com.llwallet.interfaces.test.api.online.combination.CombinationPayOnlineTest"/>
</testsuite> <!-- com.llwallet.interfaces.test.api.online.combination.CombinationPayOnlineTest -->
