<?xml version="1.0" encoding="UTF-8"?>
<!-- Generated by org.testng.reporters.JUnitReportReporter -->
<testsuite hostname="LT-jiangxm" name="com.llwallet.interfaces.test.api.test.enterprise.SingleUserQueryTest" tests="1" failures="0" timestamp="1 Jun 2017 03:23:45 GMT" time="1.056" errors="0">
  <testcase name="singleUserQuery" time="1.056" classname="com.llwallet.interfaces.test.api.test.enterprise.SingleUserQueryTest"/>
</testsuite> <!-- com.llwallet.interfaces.test.api.test.enterprise.SingleUserQueryTest -->
